<?xml version="1.0" encoding="UTF-8"?>
<coverage generated="1666851202231" clover="3.2.0">
  <project timestamp="1666851202232" name="All files">
    <metrics statements="16316" coveredstatements="14398" conditionals="9273" coveredconditionals="6698" methods="1698" coveredmethods="1573" elements="27287" coveredelements="22669" complexity="0" loc="16316" ncloc="16316" packages="137" files="298" classes="298"/>
    <package name="rudder-transformer">
      <metrics statements="127" coveredstatements="60" conditionals="60" coveredconditionals="15" methods="17" coveredmethods="9"/>
      <file name="routerUtils.js" path="/Users/ruchiramoitra/Desktop/RudderWorkspace/rudder-transformer/routerUtils.js">
        <metrics statements="25" coveredstatements="7" conditionals="14" coveredconditionals="0" methods="3" coveredmethods="0"/>
        <line num="3" count="1" type="stmt"/>
        <line num="4" count="1" type="stmt"/>
        <line num="5" count="1" type="stmt"/>
        <line num="7" count="1" type="stmt"/>
        <line num="8" count="1" type="stmt"/>
        <line num="9" count="0" type="cond" truecount="0" falsecount="2"/>
        <line num="10" count="0" type="cond" truecount="0" falsecount="2"/>
        <line num="12" count="0" type="stmt"/>
        <line num="15" count="1" type="stmt"/>
        <line num="16" count="0" type="cond" truecount="0" falsecount="2"/>
        <line num="17" count="0" type="stmt"/>
        <line num="19" count="0" type="stmt"/>
        <line num="24" count="0" type="stmt"/>
        <line num="25" count="0" type="stmt"/>
        <line num="27" count="0" type="cond" truecount="0" falsecount="2"/>
        <line num="28" count="0" type="stmt"/>
        <line num="29" count="0" type="stmt"/>
        <line num="34" count="0" type="stmt"/>
        <line num="37" count="0" type="stmt"/>
        <line num="39" count="0" type="cond" truecount="0" falsecount="4"/>
        <line num="40" count="0" type="stmt"/>
        <line num="41" count="0" type="stmt"/>
        <line num="48" count="0" type="stmt"/>
        <line num="55" count="0" type="stmt"/>
        <line num="58" count="1" type="stmt"/>
      </file>
      <file name="testRouter.js" path="/Users/ruchiramoitra/Desktop/RudderWorkspace/rudder-transformer/testRouter.js">
        <metrics statements="102" coveredstatements="53" conditionals="46" coveredconditionals="15" methods="14" coveredmethods="9"/>
        <line num="5" count="1" type="stmt"/>
        <line num="6" count="1" type="stmt"/>
        <line num="7" count="1" type="stmt"/>
        <line num="8" count="1" type="stmt"/>
        <line num="10" count="1" type="stmt"/>
        <line num="11" count="1" type="stmt"/>
        <line num="13" count="1" type="stmt"/>
        <line num="14" count="0" type="stmt"/>
        <line num="15" count="0" type="stmt"/>
        <line num="20" count="0" type="cond" truecount="0" falsecount="2"/>
        <line num="21" count="0" type="stmt"/>
        <line num="22" count="0" type="cond" truecount="0" falsecount="2"/>
        <line num="23" count="0" type="stmt"/>
        <line num="24" count="0" type="stmt"/>
        <line num="26" count="0" type="stmt"/>
        <line num="29" count="0" type="stmt"/>
        <line num="32" count="1" type="stmt"/>
        <line num="34" count="1" type="stmt"/>
        <line num="35" count="2" type="stmt"/>
        <line num="38" count="1" type="stmt"/>
        <line num="39" count="1" type="stmt"/>
        <line num="42" count="1" type="stmt"/>
        <line num="44" count="40" type="cond" truecount="2" falsecount="0"/>
        <line num="48" count="2" type="stmt"/>
        <line num="49" count="2" type="stmt"/>
        <line num="50" count="2" type="stmt"/>
        <line num="51" count="22" type="stmt"/>
        <line num="54" count="2" type="stmt"/>
        <line num="55" count="2" type="stmt"/>
        <line num="56" count="18" type="stmt"/>
        <line num="58" count="2" type="stmt"/>
        <line num="59" count="2" type="stmt"/>
        <line num="62" count="1" type="stmt"/>
        <line num="63" count="3" type="stmt"/>
        <line num="64" count="3" type="stmt"/>
        <line num="65" count="3" type="cond" truecount="4" falsecount="0"/>
        <line num="66" count="1" type="stmt"/>
        <line num="68" count="2" type="stmt"/>
        <line num="69" count="2" type="stmt"/>
        <line num="70" count="2" type="stmt"/>
        <line num="72" count="2" type="stmt"/>
        <line num="73" count="2" type="stmt"/>
        <line num="79" count="2" type="stmt"/>
        <line num="80" count="2" type="stmt"/>
        <line num="82" count="2" type="cond" truecount="1" falsecount="1"/>
        <line num="83" count="0" type="stmt"/>
        <line num="84" count="0" type="cond" truecount="0" falsecount="2"/>
        <line num="85" count="0" type="stmt"/>
        <line num="86" count="0" type="stmt"/>
        <line num="90" count="0" type="cond" truecount="0" falsecount="4"/>
        <line num="95" count="0" type="cond" truecount="0" falsecount="2"/>
        <line num="96" count="0" type="stmt"/>
        <line num="97" count="0" type="stmt"/>
        <line num="102" count="0" type="stmt"/>
        <line num="103" count="0" type="cond" truecount="0" falsecount="2"/>
        <line num="104" count="0" type="stmt"/>
        <line num="107" count="0" type="stmt"/>
        <line num="109" count="0" type="stmt"/>
        <line num="111" count="0" type="stmt"/>
        <line num="112" count="0" type="stmt"/>
        <line num="117" count="0" type="stmt"/>
        <line num="123" count="2" type="cond" truecount="1" falsecount="1"/>
        <line num="124" count="2" type="cond" truecount="1" falsecount="1"/>
        <line num="125" count="2" type="stmt"/>
        <line num="126" count="2" type="stmt"/>
        <line num="127" count="2" type="stmt"/>
        <line num="128" count="2" type="cond" truecount="2" falsecount="0"/>
        <line num="129" count="1" type="stmt"/>
        <line num="131" count="1" type="stmt"/>
        <line num="134" count="0" type="stmt"/>
        <line num="135" count="0" type="stmt"/>
        <line num="140" count="0" type="stmt"/>
        <line num="146" count="2" type="cond" truecount="3" falsecount="1"/>
        <line num="148" count="0" type="cond" truecount="0" falsecount="2"/>
        <line num="149" count="0" type="stmt"/>
        <line num="150" count="0" type="stmt"/>
        <line num="152" count="0" type="stmt"/>
        <line num="154" count="0" type="stmt"/>
        <line num="156" count="0" type="stmt"/>
        <line num="158" count="0" type="stmt"/>
        <line num="159" count="0" type="stmt"/>
        <line num="160" count="0" type="cond" truecount="0" falsecount="2"/>
        <line num="161" count="0" type="stmt"/>
        <line num="162" count="0" type="cond" truecount="0" falsecount="2"/>
        <line num="163" count="0" type="stmt"/>
        <line num="165" count="0" type="cond" truecount="0" falsecount="2"/>
        <line num="166" count="0" type="stmt"/>
        <line num="169" count="0" type="stmt"/>
        <line num="170" count="0" type="stmt"/>
        <line num="186" count="0" type="stmt"/>
        <line num="192" count="0" type="stmt"/>
        <line num="197" count="2" type="stmt"/>
        <line num="200" count="2" type="stmt"/>
        <line num="203" count="1" type="stmt"/>
        <line num="206" count="1" type="stmt"/>
        <line num="210" count="1" type="stmt"/>
        <line num="211" count="119" type="stmt"/>
        <line num="212" count="0" type="stmt"/>
        <line num="213" count="0" type="stmt"/>
        <line num="217" count="1" type="stmt"/>
        <line num="218" count="0" type="stmt"/>
        <line num="221" count="1" type="stmt"/>
      </file>
    </package>
    <package name="rudder-transformer.adapters">
      <metrics statements="86" coveredstatements="44" conditionals="18" coveredconditionals="9" methods="14" coveredmethods="7"/>
      <file name="network.js" path="/Users/ruchiramoitra/Desktop/RudderWorkspace/rudder-transformer/adapters/network.js">
        <metrics statements="86" coveredstatements="44" conditionals="18" coveredconditionals="9" methods="14" coveredmethods="7"/>
        <line num="4" count="21" type="stmt"/>
        <line num="5" count="21" type="stmt"/>
        <line num="6" count="21" type="stmt"/>
        <line num="7" count="21" type="stmt"/>
        <line num="8" count="21" type="stmt"/>
        <line num="9" count="21" type="stmt"/>
        <line num="12" count="21" type="cond" truecount="2" falsecount="0"/>
        <line num="13" count="21" type="cond" truecount="2" falsecount="0"/>
        <line num="15" count="21" type="stmt"/>
        <line num="49" count="21" type="stmt"/>
        <line num="52" count="0" type="stmt"/>
        <line num="58" count="0" type="stmt"/>
        <line num="59" count="0" type="stmt"/>
        <line num="60" count="0" type="stmt"/>
        <line num="62" count="0" type="stmt"/>
        <line num="64" count="0" type="stmt"/>
        <line num="75" count="21" type="stmt"/>
        <line num="77" count="119" type="stmt"/>
        <line num="78" count="119" type="stmt"/>
        <line num="79" count="112" type="stmt"/>
        <line num="81" count="7" type="stmt"/>
        <line num="83" count="119" type="stmt"/>
        <line num="94" count="21" type="stmt"/>
        <line num="96" count="0" type="stmt"/>
        <line num="97" count="0" type="stmt"/>
        <line num="98" count="0" type="stmt"/>
        <line num="100" count="0" type="stmt"/>
        <line num="102" count="0" type="stmt"/>
        <line num="114" count="21" type="stmt"/>
        <line num="116" count="91" type="stmt"/>
        <line num="117" count="91" type="stmt"/>
        <line num="118" count="89" type="stmt"/>
        <line num="120" count="2" type="stmt"/>
        <line num="122" count="91" type="stmt"/>
        <line num="134" count="21" type="stmt"/>
        <line num="136" count="2" type="stmt"/>
        <line num="137" count="2" type="stmt"/>
        <line num="138" count="2" type="stmt"/>
        <line num="140" count="0" type="stmt"/>
        <line num="142" count="2" type="stmt"/>
        <line num="154" count="21" type="stmt"/>
        <line num="156" count="0" type="stmt"/>
        <line num="157" count="0" type="stmt"/>
        <line num="158" count="0" type="stmt"/>
        <line num="160" count="0" type="stmt"/>
        <line num="162" count="0" type="stmt"/>
        <line num="165" count="21" type="stmt"/>
        <line num="168" count="0" type="stmt"/>
        <line num="169" count="0" type="cond" truecount="0" falsecount="2"/>
        <line num="170" count="0" type="stmt"/>
        <line num="171" count="0" type="stmt"/>
        <line num="174" count="0" type="stmt"/>
        <line num="186" count="6" type="stmt"/>
        <line num="187" count="6" type="cond" truecount="2" falsecount="0"/>
        <line num="188" count="1" type="stmt"/>
        <line num="189" count="1" type="stmt"/>
        <line num="191" count="5" type="cond" truecount="3" falsecount="1"/>
        <line num="193" count="0" type="stmt"/>
        <line num="195" count="5" type="stmt"/>
        <line num="205" count="5" type="stmt"/>
        <line num="206" count="5" type="stmt"/>
        <line num="207" count="5" type="stmt"/>
        <line num="208" count="5" type="stmt"/>
        <line num="210" count="5" type="stmt"/>
        <line num="218" count="21" type="stmt"/>
        <line num="219" count="0" type="stmt"/>
        <line num="220" count="0" type="stmt"/>
        <line num="223" count="0" type="cond" truecount="0" falsecount="6"/>
        <line num="225" count="0" type="stmt"/>
        <line num="227" count="0" type="stmt"/>
        <line num="229" count="0" type="stmt"/>
        <line num="230" count="0" type="stmt"/>
        <line num="232" count="0" type="stmt"/>
        <line num="233" count="0" type="stmt"/>
        <line num="235" count="0" type="stmt"/>
        <line num="236" count="0" type="stmt"/>
        <line num="239" count="0" type="stmt"/>
        <line num="241" count="0" type="stmt"/>
        <line num="244" count="0" type="stmt"/>
        <line num="245" count="0" type="stmt"/>
        <line num="254" count="21" type="stmt"/>
        <line num="255" count="0" type="stmt"/>
        <line num="258" count="0" type="stmt"/>
        <line num="265" count="0" type="stmt"/>
        <line num="266" count="0" type="stmt"/>
        <line num="269" count="21" type="stmt"/>
      </file>
    </package>
    <package name="rudder-transformer.adapters.utils">
      <metrics statements="38" coveredstatements="21" conditionals="35" coveredconditionals="13" methods="4" coveredmethods="2"/>
      <file name="networkUtils.js" path="/Users/ruchiramoitra/Desktop/RudderWorkspace/rudder-transformer/adapters/utils/networkUtils.js">
        <metrics statements="38" coveredstatements="21" conditionals="35" coveredconditionals="13" methods="4" coveredmethods="2"/>
        <line num="2" count="18" type="stmt"/>
        <line num="3" count="18" type="stmt"/>
        <line num="9" count="18" type="stmt"/>
        <line num="10" count="18" type="stmt"/>
        <line num="11" count="18" type="stmt"/>
        <line num="13" count="18" type="stmt"/>
        <line num="14" count="0" type="stmt"/>
        <line num="72" count="0" type="cond" truecount="0" falsecount="2"/>
        <line num="76" count="18" type="stmt"/>
        <line num="77" count="1" type="cond" truecount="1" falsecount="1"/>
        <line num="78" count="0" type="stmt"/>
        <line num="80" count="1" type="cond" truecount="1" falsecount="1"/>
        <line num="82" count="0" type="stmt"/>
        <line num="84" count="1" type="stmt"/>
        <line num="88" count="18" type="cond" truecount="0" falsecount="1"/>
        <line num="89" count="0" type="stmt"/>
        <line num="95" count="0" type="cond" truecount="0" falsecount="2"/>
        <line num="99" count="0" type="stmt"/>
        <line num="108" count="0" type="stmt"/>
        <line num="110" count="0" type="cond" truecount="0" falsecount="2"/>
        <line num="116" count="0" type="stmt"/>
        <line num="126" count="0" type="stmt"/>
        <line num="127" count="0" type="stmt"/>
        <line num="129" count="0" type="cond" truecount="0" falsecount="2"/>
        <line num="131" count="0" type="stmt"/>
        <line num="139" count="18" type="stmt"/>
        <line num="140" count="163" type="cond" truecount="2" falsecount="0"/>
        <line num="141" count="4" type="stmt"/>
        <line num="143" count="4" type="cond" truecount="2" falsecount="2"/>
        <line num="144" count="0" type="stmt"/>
        <line num="145" count="0" type="stmt"/>
        <line num="151" count="4" type="cond" truecount="1" falsecount="1"/>
        <line num="152" count="4" type="stmt"/>
        <line num="153" count="4" type="stmt"/>
        <line num="159" count="0" type="stmt"/>
        <line num="165" count="159" type="stmt"/>
        <line num="166" count="159" type="stmt"/>
        <line num="172" count="18" type="stmt"/>
      </file>
    </package>
    <package name="rudder-transformer.cdk.autopilot">
      <metrics statements="20" coveredstatements="20" conditionals="7" coveredconditionals="6" methods="3" coveredmethods="3"/>
      <file name="transform.js" path="/Users/ruchiramoitra/Desktop/RudderWorkspace/rudder-transformer/cdk/autopilot/transform.js">
        <metrics statements="20" coveredstatements="20" conditionals="7" coveredconditionals="6" methods="3" coveredmethods="3"/>
        <line num="1" count="2" type="stmt"/>
        <line num="2" count="2" type="stmt"/>
        <line num="3" count="2" type="stmt"/>
        <line num="6" count="5" type="stmt"/>
        <line num="7" count="5" type="stmt"/>
        <line num="10" count="5" type="stmt"/>
        <line num="23" count="5" type="cond" truecount="2" falsecount="1"/>
        <line num="24" count="5" type="stmt"/>
        <line num="25" count="45" type="stmt"/>
        <line num="27" count="5" type="cond" truecount="2" falsecount="0"/>
        <line num="28" count="2" type="stmt"/>
        <line num="32" count="3" type="stmt"/>
        <line num="36" count="5" type="stmt"/>
        <line num="40" count="3" type="stmt"/>
        <line num="42" count="3" type="stmt"/>
        <line num="43" count="3" type="cond" truecount="2" falsecount="0"/>
        <line num="44" count="2" type="stmt"/>
        <line num="54" count="1" type="stmt"/>
        <line num="70" count="2" type="stmt"/>
        <line num="73" count="2" type="stmt"/>
      </file>
    </package>
    <package name="rudder-transformer.cdk.dcm_floodlight">
      <metrics statements="94" coveredstatements="90" conditionals="62" coveredconditionals="54" methods="9" coveredmethods="9"/>
      <file name="config.js" path="/Users/ruchiramoitra/Desktop/RudderWorkspace/rudder-transformer/cdk/dcm_floodlight/config.js">
        <metrics statements="3" coveredstatements="3" conditionals="0" coveredconditionals="0" methods="0" coveredmethods="0"/>
        <line num="1" count="2" type="stmt"/>
        <line num="3" count="2" type="stmt"/>
        <line num="5" count="2" type="stmt"/>
      </file>
      <file name="transform.js" path="/Users/ruchiramoitra/Desktop/RudderWorkspace/rudder-transformer/cdk/dcm_floodlight/transform.js">
        <metrics statements="91" coveredstatements="87" conditionals="62" coveredconditionals="54" methods="9" coveredmethods="9"/>
        <line num="2" count="2" type="stmt"/>
        <line num="3" count="2" type="stmt"/>
        <line num="7" count="2" type="stmt"/>
        <line num="15" count="2" type="stmt"/>
        <line num="19" count="2" type="stmt"/>
        <line num="20" count="2" type="stmt"/>
        <line num="24" count="2" type="stmt"/>
        <line num="25" count="30" type="stmt"/>
        <line num="26" count="30" type="stmt"/>
        <line num="28" count="208" type="stmt"/>
        <line num="32" count="30" type="stmt"/>
        <line num="38" count="2" type="stmt"/>
        <line num="39" count="24" type="stmt"/>
        <line num="40" count="24" type="stmt"/>
        <line num="47" count="24" type="stmt"/>
        <line num="50" count="35" type="stmt"/>
        <line num="55" count="35" type="cond" truecount="2" falsecount="0"/>
        <line num="61" count="80" type="stmt"/>
        <line num="66" count="23" type="stmt"/>
        <line num="72" count="24" type="stmt"/>
        <line num="76" count="2" type="stmt"/>
        <line num="77" count="81" type="cond" truecount="2" falsecount="0"/>
        <line num="78" count="58" type="stmt"/>
        <line num="80" count="23" type="cond" truecount="2" falsecount="0"/>
        <line num="81" count="19" type="stmt"/>
        <line num="84" count="4" type="stmt"/>
        <line num="98" count="2" type="stmt"/>
        <line num="99" count="27" type="stmt"/>
        <line num="100" count="27" type="stmt"/>
        <line num="101" count="27" type="stmt"/>
        <line num="107" count="27" type="cond" truecount="2" falsecount="0"/>
        <line num="108" count="3" type="stmt"/>
        <line num="109" count="3" type="cond" truecount="1" falsecount="1"/>
        <line num="111" count="3" type="cond" truecount="2" falsecount="2"/>
        <line num="112" count="0" type="stmt"/>
        <line num="113" count="3" type="cond" truecount="1" falsecount="1"/>
        <line num="115" count="0" type="stmt"/>
        <line num="116" count="3" type="cond" truecount="2" falsecount="0"/>
        <line num="118" count="1" type="stmt"/>
        <line num="120" count="2" type="stmt"/>
        <line num="124" count="27" type="stmt"/>
        <line num="126" count="27" type="cond" truecount="1" falsecount="1"/>
        <line num="127" count="0" type="stmt"/>
        <line num="133" count="27" type="stmt"/>
        <line num="134" count="27" type="cond" truecount="2" falsecount="0"/>
        <line num="135" count="1" type="stmt"/>
        <line num="140" count="26" type="stmt"/>
        <line num="144" count="26" type="stmt"/>
        <line num="145" count="26" type="stmt"/>
        <line num="146" count="64" type="cond" truecount="2" falsecount="0"/>
        <line num="151" count="24" type="cond" truecount="2" falsecount="0"/>
        <line num="155" count="19" type="stmt"/>
        <line num="156" count="19" type="stmt"/>
        <line num="158" count="24" type="stmt"/>
        <line num="159" count="24" type="cond" truecount="2" falsecount="0"/>
        <line num="160" count="24" type="stmt"/>
        <line num="162" count="40" type="stmt"/>
        <line num="165" count="26" type="cond" truecount="2" falsecount="0"/>
        <line num="166" count="2" type="stmt"/>
        <line num="173" count="24" type="stmt"/>
        <line num="177" count="24" type="stmt"/>
        <line num="184" count="24" type="cond" truecount="2" falsecount="0"/>
        <line num="186" count="7" type="stmt"/>
        <line num="187" count="7" type="cond" truecount="4" falsecount="0"/>
        <line num="188" count="4" type="stmt"/>
        <line num="189" count="7" type="cond" truecount="1" falsecount="1"/>
        <line num="190" count="7" type="stmt"/>
        <line num="192" count="0" type="stmt"/>
        <line num="194" count="4" type="cond" truecount="1" falsecount="1"/>
        <line num="195" count="4" type="stmt"/>
        <line num="200" count="17" type="stmt"/>
        <line num="201" count="17" type="stmt"/>
        <line num="202" count="17" type="stmt"/>
        <line num="207" count="24" type="stmt"/>
        <line num="208" count="24" type="cond" truecount="2" falsecount="0"/>
        <line num="209" count="22" type="cond" truecount="2" falsecount="0"/>
        <line num="210" count="21" type="stmt"/>
        <line num="216" count="21" type="cond" truecount="2" falsecount="0"/>
        <line num="217" count="20" type="stmt"/>
        <line num="220" count="20" type="cond" truecount="2" falsecount="0"/>
        <line num="221" count="19" type="stmt"/>
        <line num="225" count="21" type="cond" truecount="1" falsecount="1"/>
        <line num="226" count="21" type="stmt"/>
        <line num="229" count="20" type="stmt"/>
        <line num="230" count="20" type="stmt"/>
        <line num="234" count="20" type="stmt"/>
        <line num="235" count="20" type="cond" truecount="2" falsecount="0"/>
        <line num="236" count="10" type="stmt"/>
        <line num="241" count="20" type="stmt"/>
        <line num="243" count="20" type="stmt"/>
        <line num="246" count="2" type="stmt"/>
      </file>
    </package>
    <package name="rudder-transformer.cdk.heap">
      <metrics statements="7" coveredstatements="7" conditionals="4" coveredconditionals="4" methods="1" coveredmethods="1"/>
      <file name="transform.js" path="/Users/ruchiramoitra/Desktop/RudderWorkspace/rudder-transformer/cdk/heap/transform.js">
        <metrics statements="7" coveredstatements="7" conditionals="4" coveredconditionals="4" methods="1" coveredmethods="1"/>
        <line num="2" count="8" type="stmt"/>
        <line num="3" count="8" type="stmt"/>
        <line num="4" count="8" type="cond" truecount="4" falsecount="0"/>
        <line num="5" count="4" type="stmt"/>
        <line num="7" count="8" type="stmt"/>
        <line num="12" count="8" type="stmt"/>
        <line num="15" count="2" type="stmt"/>
      </file>
    </package>
    <package name="rudder-transformer.cdk.kochava">
      <metrics statements="21" coveredstatements="21" conditionals="50" coveredconditionals="47" methods="1" coveredmethods="1"/>
      <file name="transform.js" path="/Users/ruchiramoitra/Desktop/RudderWorkspace/rudder-transformer/cdk/kochava/transform.js">
        <metrics statements="21" coveredstatements="21" conditionals="50" coveredconditionals="47" methods="1" coveredmethods="1"/>
        <line num="1" count="2" type="stmt"/>
        <line num="3" count="2" type="stmt"/>
        <line num="13" count="14" type="stmt"/>
        <line num="14" count="14" type="stmt"/>
        <line num="15" count="14" type="cond" truecount="2" falsecount="0"/>
        <line num="16" count="14" type="cond" truecount="2" falsecount="0"/>
        <line num="18" count="11" type="stmt"/>
        <line num="19" count="11" type="cond" truecount="4" falsecount="0"/>
        <line num="20" count="6" type="stmt"/>
        <line num="22" count="11" type="stmt"/>
        <line num="24" count="3" type="cond" truecount="1" falsecount="1"/>
        <line num="25" count="3" type="stmt"/>
        <line num="26" count="3" type="cond" truecount="2" falsecount="0"/>
        <line num="27" count="1" type="stmt"/>
        <line num="30" count="3" type="stmt"/>
        <line num="33" count="14" type="stmt"/>
        <line num="65" count="14" type="stmt"/>
        <line num="67" count="14" type="cond" truecount="2" falsecount="0"/>
        <line num="68" count="7" type="stmt"/>
        <line num="70" count="14" type="stmt"/>
        <line num="73" count="2" type="stmt"/>
      </file>
    </package>
    <package name="rudder-transformer.cdk.lytics">
      <metrics statements="12" coveredstatements="12" conditionals="4" coveredconditionals="4" methods="3" coveredmethods="3"/>
      <file name="transform.js" path="/Users/ruchiramoitra/Desktop/RudderWorkspace/rudder-transformer/cdk/lytics/transform.js">
        <metrics statements="12" coveredstatements="12" conditionals="4" coveredconditionals="4" methods="3" coveredmethods="3"/>
        <line num="1" count="2" type="stmt"/>
        <line num="3" count="2" type="stmt"/>
        <line num="4" count="2" type="stmt"/>
        <line num="9" count="11" type="stmt"/>
        <line num="10" count="11" type="stmt"/>
        <line num="11" count="22" type="cond" truecount="2" falsecount="0"/>
        <line num="12" count="2" type="stmt"/>
        <line num="15" count="11" type="stmt"/>
        <line num="16" count="22" type="cond" truecount="2" falsecount="0"/>
        <line num="17" count="2" type="stmt"/>
        <line num="20" count="11" type="stmt"/>
        <line num="23" count="2" type="stmt"/>
      </file>
    </package>
    <package name="rudder-transformer.cdk.new_relic">
      <metrics statements="42" coveredstatements="38" conditionals="25" coveredconditionals="22" methods="2" coveredmethods="2"/>
      <file name="transform.js" path="/Users/ruchiramoitra/Desktop/RudderWorkspace/rudder-transformer/cdk/new_relic/transform.js">
        <metrics statements="42" coveredstatements="38" conditionals="25" coveredconditionals="22" methods="2" coveredmethods="2"/>
        <line num="3" count="2" type="stmt"/>
        <line num="4" count="2" type="stmt"/>
        <line num="5" count="2" type="stmt"/>
        <line num="8" count="11" type="stmt"/>
        <line num="9" count="11" type="stmt"/>
        <line num="10" count="11" type="stmt"/>
        <line num="11" count="11" type="stmt"/>
        <line num="52" count="11" type="stmt"/>
        <line num="54" count="11" type="stmt"/>
        <line num="55" count="66" type="cond" truecount="4" falsecount="0"/>
        <line num="56" count="4" type="stmt"/>
        <line num="57" count="4" type="stmt"/>
        <line num="58" count="4" type="stmt"/>
        <line num="59" count="62" type="cond" truecount="1" falsecount="1"/>
        <line num="60" count="0" type="stmt"/>
        <line num="61" count="0" type="stmt"/>
        <line num="62" count="0" type="stmt"/>
        <line num="63" count="62" type="cond" truecount="2" falsecount="0"/>
        <line num="64" count="4" type="stmt"/>
        <line num="65" count="58" type="cond" truecount="1" falsecount="1"/>
        <line num="66" count="0" type="stmt"/>
        <line num="71" count="11" type="cond" truecount="2" falsecount="0"/>
        <line num="72" count="4" type="stmt"/>
        <line num="75" count="7" type="stmt"/>
        <line num="79" count="11" type="cond" truecount="2" falsecount="0"/>
        <line num="80" count="7" type="cond" truecount="5" falsecount="0"/>
        <line num="81" count="6" type="stmt"/>
        <line num="83" count="7" type="cond" truecount="1" falsecount="1"/>
        <line num="84" count="7" type="stmt"/>
        <line num="89" count="11" type="cond" truecount="2" falsecount="0"/>
        <line num="91" count="3" type="stmt"/>
        <line num="92" count="3" type="stmt"/>
        <line num="94" count="8" type="stmt"/>
        <line num="95" count="8" type="stmt"/>
        <line num="98" count="11" type="stmt"/>
        <line num="101" count="11" type="stmt"/>
        <line num="103" count="11" type="cond" truecount="2" falsecount="0"/>
        <line num="104" count="4" type="stmt"/>
        <line num="105" count="4" type="stmt"/>
        <line num="110" count="7" type="stmt"/>
        <line num="115" count="11" type="stmt"/>
        <line num="118" count="2" type="stmt"/>
      </file>
    </package>
    <package name="rudder-transformer.cdk.zapier">
      <metrics statements="18" coveredstatements="18" conditionals="10" coveredconditionals="9" methods="1" coveredmethods="1"/>
      <file name="transform.js" path="/Users/ruchiramoitra/Desktop/RudderWorkspace/rudder-transformer/cdk/zapier/transform.js">
        <metrics statements="18" coveredstatements="18" conditionals="10" coveredconditionals="9" methods="1" coveredmethods="1"/>
        <line num="1" count="2" type="stmt"/>
        <line num="4" count="6" type="stmt"/>
        <line num="5" count="6" type="stmt"/>
        <line num="7" count="6" type="stmt"/>
        <line num="9" count="6" type="stmt"/>
        <line num="10" count="6" type="stmt"/>
        <line num="13" count="6" type="stmt"/>
        <line num="16" count="6" type="cond" truecount="2" falsecount="0"/>
        <line num="17" count="4" type="stmt"/>
        <line num="19" count="4" type="cond" truecount="2" falsecount="0"/>
        <line num="21" count="2" type="stmt"/>
        <line num="26" count="6" type="cond" truecount="4" falsecount="0"/>
        <line num="27" count="2" type="stmt"/>
        <line num="29" count="2" type="cond" truecount="1" falsecount="1"/>
        <line num="31" count="2" type="stmt"/>
        <line num="35" count="6" type="stmt"/>
        <line num="39" count="6" type="stmt"/>
        <line num="42" count="2" type="stmt"/>
      </file>
    </package>
    <package name="rudder-transformer.constants">
      <metrics statements="12" coveredstatements="12" conditionals="0" coveredconditionals="0" methods="0" coveredmethods="0"/>
      <file name="destinationCanonicalNames.js" path="/Users/ruchiramoitra/Desktop/RudderWorkspace/rudder-transformer/constants/destinationCanonicalNames.js">
        <metrics statements="3" coveredstatements="3" conditionals="0" coveredconditionals="0" methods="0" coveredmethods="0"/>
        <line num="1" count="118" type="stmt"/>
        <line num="5" count="118" type="stmt"/>
        <line num="76" count="118" type="stmt"/>
      </file>
      <file name="index.js" path="/Users/ruchiramoitra/Desktop/RudderWorkspace/rudder-transformer/constants/index.js">
        <metrics statements="9" coveredstatements="9" conditionals="0" coveredconditionals="0" methods="0" coveredmethods="0"/>
        <line num="1" count="88" type="stmt"/>
        <line num="12" count="88" type="stmt"/>
        <line num="20" count="88" type="stmt"/>
        <line num="24" count="88" type="stmt"/>
        <line num="26" count="88" type="stmt"/>
        <line num="49" count="88" type="stmt"/>
        <line num="51" count="88" type="stmt"/>
        <line num="52" count="88" type="stmt"/>
        <line num="54" count="88" type="stmt"/>
      </file>
    </package>
    <package name="rudder-transformer.util">
      <metrics statements="537" coveredstatements="460" conditionals="199" coveredconditionals="146" methods="66" coveredmethods="55"/>
      <file name="customTransformer-v1.js" path="/Users/ruchiramoitra/Desktop/RudderWorkspace/rudder-transformer/util/customTransformer-v1.js">
        <metrics statements="42" coveredstatements="41" conditionals="7" coveredconditionals="4" methods="5" coveredmethods="5"/>
        <line num="1" count="1" type="stmt"/>
        <line num="2" count="1" type="stmt"/>
        <line num="4" count="1" type="stmt"/>
        <line num="5" count="1" type="stmt"/>
        <line num="6" count="1" type="stmt"/>
        <line num="9" count="46" type="stmt"/>
        <line num="10" count="46" type="stmt"/>
        <line num="11" count="46" type="stmt"/>
        <line num="12" count="46" type="stmt"/>
        <line num="13" count="46" type="stmt"/>
        <line num="18" count="46" type="stmt"/>
        <line num="19" count="46" type="stmt"/>
        <line num="30" count="2" type="stmt"/>
        <line num="33" count="46" type="stmt"/>
        <line num="34" count="2" type="stmt"/>
        <line num="39" count="180" type="stmt"/>
        <line num="52" count="46" type="cond" truecount="1" falsecount="1"/>
        <line num="53" count="46" type="cond" truecount="3" falsecount="1"/>
        <line num="54" count="46" type="stmt"/>
        <line num="60" count="46" type="stmt"/>
        <line num="61" count="46" type="stmt"/>
        <line num="67" count="46" type="stmt"/>
        <line num="68" count="46" type="stmt"/>
        <line num="71" count="46" type="stmt"/>
        <line num="72" count="46" type="stmt"/>
        <line num="75" count="46" type="stmt"/>
        <line num="81" count="46" type="stmt"/>
        <line num="82" count="46" type="stmt"/>
        <line num="84" count="2" type="stmt"/>
        <line num="87" count="2" type="stmt"/>
        <line num="88" count="2" type="stmt"/>
        <line num="90" count="44" type="stmt"/>
        <line num="91" count="44" type="stmt"/>
        <line num="94" count="44" type="stmt"/>
        <line num="95" count="44" type="stmt"/>
        <line num="100" count="44" type="stmt"/>
        <line num="107" count="44" type="stmt"/>
        <line num="108" count="44" type="stmt"/>
        <line num="109" count="44" type="stmt"/>
        <line num="111" count="44" type="stmt"/>
        <line num="115" count="0" type="stmt"/>
        <line num="118" count="1" type="stmt"/>
      </file>
      <file name="customTransformer.js" path="/Users/ruchiramoitra/Desktop/RudderWorkspace/rudder-transformer/util/customTransformer.js">
        <metrics statements="91" coveredstatements="82" conditionals="27" coveredconditionals="20" methods="15" coveredmethods="14"/>
        <line num="1" count="1" type="stmt"/>
        <line num="2" count="1" type="stmt"/>
        <line num="3" count="1" type="stmt"/>
        <line num="4" count="1" type="stmt"/>
        <line num="5" count="1" type="stmt"/>
        <line num="14" count="21" type="stmt"/>
        <line num="19" count="21" type="stmt"/>
        <line num="20" count="21" type="stmt"/>
        <line num="21" count="21" type="stmt"/>
        <line num="22" count="21" type="stmt"/>
        <line num="25" count="21" type="stmt"/>
        <line num="29" count="21" type="stmt"/>
        <line num="30" count="21" type="stmt"/>
        <line num="33" count="0" type="stmt"/>
        <line num="34" count="0" type="stmt"/>
        <line num="35" count="0" type="stmt"/>
        <line num="36" count="0" type="stmt"/>
        <line num="37" count="0" type="stmt"/>
        <line num="38" count="0" type="stmt"/>
        <line num="42" count="0" type="stmt"/>
        <line num="49" count="21" type="stmt"/>
        <line num="52" count="12" type="stmt"/>
        <line num="53" count="12" type="stmt"/>
        <line num="54" count="12" type="stmt"/>
        <line num="55" count="8" type="stmt"/>
        <line num="56" count="8" type="stmt"/>
        <line num="57" count="16" type="stmt"/>
        <line num="59" count="8" type="stmt"/>
        <line num="66" count="8" type="stmt"/>
        <line num="67" count="8" type="stmt"/>
        <line num="70" count="8" type="stmt"/>
        <line num="71" count="8" type="stmt"/>
        <line num="75" count="4" type="stmt"/>
        <line num="78" count="4" type="stmt"/>
        <line num="85" count="21" type="stmt"/>
        <line num="86" count="12" type="cond" truecount="1" falsecount="1"/>
        <line num="87" count="12" type="stmt"/>
        <line num="88" count="12" type="stmt"/>
        <line num="89" count="12" type="stmt"/>
        <line num="93" count="12" type="stmt"/>
        <line num="97" count="21" type="stmt"/>
        <line num="98" count="4" type="cond" truecount="1" falsecount="1"/>
        <line num="99" count="4" type="stmt"/>
        <line num="102" count="21" type="stmt"/>
        <line num="165" count="21" type="stmt"/>
        <line num="167" count="21" type="stmt"/>
        <line num="168" count="21" type="stmt"/>
        <line num="169" count="21" type="stmt"/>
        <line num="171" count="21" type="stmt"/>
        <line num="174" count="21" type="stmt"/>
        <line num="175" count="21" type="stmt"/>
        <line num="178" count="21" type="stmt"/>
        <line num="179" count="21" type="stmt"/>
        <line num="185" count="1" type="stmt"/>
        <line num="189" count="21" type="stmt"/>
        <line num="190" count="21" type="stmt"/>
        <line num="191" count="21" type="stmt"/>
        <line num="192" count="6" type="stmt"/>
        <line num="193" count="6" type="stmt"/>
        <line num="196" count="21" type="stmt"/>
        <line num="197" count="21" type="cond" truecount="2" falsecount="0"/>
        <line num="198" count="1" type="stmt"/>
        <line num="201" count="1" type="stmt"/>
        <line num="204" count="21" type="stmt"/>
        <line num="205" count="21" type="stmt"/>
        <line num="206" count="21" type="stmt"/>
        <line num="207" count="21" type="stmt"/>
        <line num="208" count="21" type="stmt"/>
        <line num="211" count="20" type="stmt"/>
        <line num="224" count="67" type="cond" truecount="1" falsecount="1"/>
        <line num="225" count="67" type="cond" truecount="2" falsecount="0"/>
        <line num="226" count="67" type="cond" truecount="1" falsecount="1"/>
        <line num="229" count="211" type="stmt"/>
        <line num="230" count="67" type="stmt"/>
        <line num="231" count="67" type="stmt"/>
        <line num="232" count="211" type="stmt"/>
        <line num="235" count="67" type="stmt"/>
        <line num="236" count="67" type="cond" truecount="4" falsecount="0"/>
        <line num="237" count="46" type="stmt"/>
        <line num="244" count="44" type="stmt"/>
        <line num="245" count="44" type="cond" truecount="2" falsecount="0"/>
        <line num="246" count="4" type="stmt"/>
        <line num="248" count="12" type="cond" truecount="1" falsecount="1"/>
        <line num="249" count="0" type="stmt"/>
        <line num="251" count="12" type="stmt"/>
        <line num="257" count="21" type="stmt"/>
        <line num="265" count="20" type="cond" truecount="2" falsecount="0"/>
        <line num="267" count="40" type="stmt"/>
        <line num="272" count="64" type="stmt"/>
        <line num="275" count="0" type="stmt"/>
        <line num="278" count="1" type="stmt"/>
      </file>
      <file name="customTransforrmationsStore-v1.js" path="/Users/ruchiramoitra/Desktop/RudderWorkspace/rudder-transformer/util/customTransforrmationsStore-v1.js">
        <metrics statements="42" coveredstatements="23" conditionals="6" coveredconditionals="3" methods="2" coveredmethods="1"/>
        <line num="1" count="1" type="stmt"/>
        <line num="2" count="1" type="stmt"/>
        <line num="3" count="1" type="stmt"/>
        <line num="4" count="1" type="stmt"/>
        <line num="6" count="1" type="stmt"/>
        <line num="7" count="1" type="stmt"/>
        <line num="11" count="1" type="cond" truecount="2" falsecount="0"/>
        <line num="12" count="1" type="stmt"/>
        <line num="13" count="1" type="stmt"/>
        <line num="19" count="0" type="stmt"/>
        <line num="20" count="0" type="cond" truecount="0" falsecount="2"/>
        <line num="21" count="0" type="stmt"/>
        <line num="25" count="0" type="stmt"/>
        <line num="26" count="0" type="stmt"/>
        <line num="27" count="0" type="stmt"/>
        <line num="28" count="0" type="stmt"/>
        <line num="30" count="0" type="stmt"/>
        <line num="31" count="0" type="stmt"/>
        <line num="32" count="0" type="stmt"/>
        <line num="33" count="0" type="stmt"/>
        <line num="34" count="0" type="stmt"/>
        <line num="35" count="0" type="stmt"/>
        <line num="37" count="0" type="stmt"/>
        <line num="38" count="0" type="stmt"/>
        <line num="39" count="0" type="stmt"/>
        <line num="44" count="40" type="stmt"/>
        <line num="45" count="40" type="cond" truecount="1" falsecount="1"/>
        <line num="46" count="40" type="stmt"/>
        <line num="50" count="40" type="stmt"/>
        <line num="51" count="40" type="stmt"/>
        <line num="52" count="40" type="stmt"/>
        <line num="53" count="40" type="stmt"/>
        <line num="55" count="40" type="stmt"/>
        <line num="61" count="40" type="stmt"/>
        <line num="62" count="40" type="stmt"/>
        <line num="63" count="40" type="stmt"/>
        <line num="64" count="40" type="stmt"/>
        <line num="65" count="40" type="stmt"/>
        <line num="67" count="0" type="stmt"/>
        <line num="68" count="0" type="stmt"/>
        <line num="69" count="0" type="stmt"/>
        <line num="73" count="1" type="stmt"/>
      </file>
      <file name="customTransforrmationsStore.js" path="/Users/ruchiramoitra/Desktop/RudderWorkspace/rudder-transformer/util/customTransforrmationsStore.js">
        <metrics statements="25" coveredstatements="22" conditionals="4" coveredconditionals="3" methods="1" coveredmethods="1"/>
        <line num="1" count="1" type="stmt"/>
        <line num="2" count="1" type="stmt"/>
        <line num="3" count="1" type="stmt"/>
        <line num="4" count="1" type="stmt"/>
        <line num="5" count="1" type="stmt"/>
        <line num="7" count="1" type="stmt"/>
        <line num="11" count="1" type="cond" truecount="2" falsecount="0"/>
        <line num="12" count="1" type="stmt"/>
        <line num="18" count="59" type="stmt"/>
        <line num="19" count="59" type="cond" truecount="1" falsecount="1"/>
        <line num="20" count="59" type="stmt"/>
        <line num="21" count="59" type="stmt"/>
        <line num="22" count="59" type="stmt"/>
        <line num="23" count="59" type="stmt"/>
        <line num="25" count="59" type="stmt"/>
        <line num="26" count="59" type="stmt"/>
        <line num="27" count="59" type="stmt"/>
        <line num="28" count="59" type="stmt"/>
        <line num="29" count="59" type="stmt"/>
        <line num="30" count="59" type="stmt"/>
        <line num="32" count="0" type="stmt"/>
        <line num="33" count="0" type="stmt"/>
        <line num="34" count="0" type="stmt"/>
        <line num="38" count="1" type="stmt"/>
        <line num="39" count="1" type="stmt"/>
      </file>
      <file name="eventValidation.js" path="/Users/ruchiramoitra/Desktop/RudderWorkspace/rudder-transformer/util/eventValidation.js">
        <metrics statements="129" coveredstatements="120" conditionals="87" coveredconditionals="74" methods="8" coveredmethods="8"/>
        <line num="2" count="2" type="stmt"/>
        <line num="3" count="2" type="stmt"/>
        <line num="4" count="2" type="stmt"/>
        <line num="5" count="2" type="stmt"/>
        <line num="7" count="2" type="stmt"/>
        <line num="8" count="2" type="stmt"/>
        <line num="9" count="2" type="stmt"/>
        <line num="10" count="2" type="stmt"/>
        <line num="12" count="2" type="stmt"/>
        <line num="13" count="2" type="stmt"/>
        <line num="14" count="2" type="stmt"/>
        <line num="15" count="2" type="stmt"/>
        <line num="17" count="2" type="stmt"/>
        <line num="25" count="2" type="stmt"/>
        <line num="33" count="2" type="stmt"/>
        <line num="43" count="2" type="stmt"/>
        <line num="45" count="2" type="stmt"/>
        <line num="46" count="2" type="stmt"/>
        <line num="47" count="2" type="stmt"/>
        <line num="57" count="3" type="cond" truecount="2" falsecount="0"/>
        <line num="58" count="1" type="stmt"/>
        <line num="60" count="2" type="stmt"/>
        <line num="61" count="2" type="stmt"/>
        <line num="62" count="2" type="stmt"/>
        <line num="63" count="2" type="stmt"/>
        <line num="73" count="63" type="cond" truecount="3" falsecount="1"/>
        <line num="74" count="0" type="stmt"/>
        <line num="86" count="29" type="cond" truecount="2" falsecount="0"/>
        <line num="87" count="3" type="stmt"/>
        <line num="89" count="26" type="stmt"/>
        <line num="103" count="13" type="cond" truecount="2" falsecount="0"/>
        <line num="113" count="21" type="stmt"/>
        <line num="114" count="21" type="stmt"/>
        <line num="115" count="21" type="stmt"/>
        <line num="116" count="21" type="stmt"/>
        <line num="118" count="21" type="stmt"/>
        <line num="119" count="21" type="stmt"/>
        <line num="129" count="21" type="cond" truecount="4" falsecount="0"/>
        <line num="130" count="8" type="cond" truecount="2" falsecount="0"/>
        <line num="131" count="2" type="stmt"/>
        <line num="133" count="6" type="stmt"/>
        <line num="138" count="6" type="stmt"/>
        <line num="141" count="13" type="stmt"/>
        <line num="142" count="13" type="cond" truecount="4" falsecount="0"/>
        <line num="143" count="1" type="stmt"/>
        <line num="147" count="13" type="stmt"/>
        <line num="149" count="13" type="stmt"/>
        <line num="156" count="13" type="cond" truecount="2" falsecount="0"/>
        <line num="157" count="13" type="cond" truecount="3" falsecount="0"/>
        <line num="158" count="13" type="stmt"/>
        <line num="164" count="13" type="cond" truecount="2" falsecount="0"/>
        <line num="165" count="13" type="cond" truecount="2" falsecount="0"/>
        <line num="166" count="13" type="cond" truecount="1" falsecount="1"/>
        <line num="167" count="13" type="stmt"/>
        <line num="168" count="13" type="stmt"/>
        <line num="169" count="13" type="cond" truecount="2" falsecount="0"/>
        <line num="170" count="3" type="stmt"/>
        <line num="171" count="3" type="stmt"/>
        <line num="175" count="13" type="stmt"/>
        <line num="176" count="13" type="cond" truecount="2" falsecount="0"/>
        <line num="177" count="5" type="stmt"/>
        <line num="178" count="5" type="stmt"/>
        <line num="181" count="13" type="stmt"/>
        <line num="182" count="13" type="cond" truecount="2" falsecount="0"/>
        <line num="183" count="2" type="stmt"/>
        <line num="186" count="11" type="stmt"/>
        <line num="188" count="13" type="cond" truecount="4" falsecount="0"/>
        <line num="190" count="2" type="stmt"/>
        <line num="199" count="2" type="stmt"/>
        <line num="201" count="4" type="stmt"/>
        <line num="209" count="4" type="stmt"/>
        <line num="211" count="2" type="stmt"/>
        <line num="219" count="2" type="stmt"/>
        <line num="221" count="5" type="stmt"/>
        <line num="230" count="13" type="stmt"/>
        <line num="232" count="11" type="stmt"/>
        <line num="234" count="0" type="stmt"/>
        <line num="245" count="23" type="stmt"/>
        <line num="246" count="23" type="stmt"/>
        <line num="248" count="23" type="stmt"/>
        <line num="249" count="23" type="stmt"/>
        <line num="250" count="23" type="stmt"/>
        <line num="252" count="23" type="cond" truecount="4" falsecount="0"/>
        <line num="253" count="3" type="stmt"/>
        <line num="261" count="20" type="cond" truecount="2" falsecount="0"/>
        <line num="262" count="3" type="stmt"/>
        <line num="269" count="17" type="stmt"/>
        <line num="270" count="17" type="cond" truecount="2" falsecount="0"/>
        <line num="271" count="3" type="stmt"/>
        <line num="278" count="14" type="stmt"/>
        <line num="279" count="14" type="stmt"/>
        <line num="282" count="28" type="stmt"/>
        <line num="283" count="28" type="cond" truecount="3" falsecount="1"/>
        <line num="285" count="6" type="stmt"/>
        <line num="286" count="6" type="cond" truecount="4" falsecount="0"/>
        <line num="287" count="3" type="stmt"/>
        <line num="288" count="3" type="stmt"/>
        <line num="289" count="3" type="stmt"/>
        <line num="291" count="3" type="cond" truecount="2" falsecount="2"/>
        <line num="292" count="0" type="stmt"/>
        <line num="294" count="3" type="stmt"/>
        <line num="297" count="2" type="stmt"/>
        <line num="298" count="2" type="cond" truecount="4" falsecount="0"/>
        <line num="299" count="1" type="stmt"/>
        <line num="300" count="1" type="stmt"/>
        <line num="301" count="1" type="stmt"/>
        <line num="303" count="1" type="cond" truecount="2" falsecount="2"/>
        <line num="304" count="0" type="stmt"/>
        <line num="306" count="1" type="stmt"/>
        <line num="309" count="6" type="stmt"/>
        <line num="310" count="6" type="stmt"/>
        <line num="311" count="6" type="stmt"/>
        <line num="312" count="6" type="cond" truecount="6" falsecount="0"/>
        <line num="313" count="3" type="cond" truecount="2" falsecount="0"/>
        <line num="314" count="1" type="stmt"/>
        <line num="315" count="2" type="cond" truecount="2" falsecount="0"/>
        <line num="316" count="1" type="stmt"/>
        <line num="318" count="1" type="stmt"/>
        <line num="320" count="3" type="stmt"/>
        <line num="321" count="3" type="stmt"/>
        <line num="323" count="3" type="cond" truecount="2" falsecount="2"/>
        <line num="324" count="0" type="stmt"/>
        <line num="326" count="3" type="stmt"/>
        <line num="329" count="0" type="cond" truecount="0" falsecount="2"/>
        <line num="330" count="0" type="stmt"/>
        <line num="332" count="0" type="stmt"/>
        <line num="337" count="14" type="stmt"/>
        <line num="343" count="0" type="stmt"/>
        <line num="347" count="2" type="stmt"/>
      </file>
      <file name="fetch.js" path="/Users/ruchiramoitra/Desktop/RudderWorkspace/rudder-transformer/util/fetch.js">
        <metrics statements="14" coveredstatements="11" conditionals="7" coveredconditionals="5" methods="1" coveredmethods="1"/>
        <line num="1" count="3" type="stmt"/>
        <line num="2" count="3" type="stmt"/>
        <line num="3" count="3" type="stmt"/>
        <line num="4" count="3" type="stmt"/>
        <line num="6" count="3" type="cond" truecount="1" falsecount="0"/>
        <line num="7" count="101" type="stmt"/>
        <line num="8" count="101" type="stmt"/>
        <line num="12" count="101" type="cond" truecount="3" falsecount="1"/>
        <line num="13" count="0" type="stmt"/>
        <line num="16" count="101" type="cond" truecount="1" falsecount="1"/>
        <line num="17" count="101" type="stmt"/>
        <line num="19" count="0" type="stmt"/>
        <line num="22" count="0" type="stmt"/>
        <line num="26" count="3" type="stmt"/>
      </file>
      <file name="ivmFactory.js" path="/Users/ruchiramoitra/Desktop/RudderWorkspace/rudder-transformer/util/ivmFactory.js">
        <metrics statements="99" coveredstatements="82" conditionals="18" coveredconditionals="12" methods="19" coveredmethods="14"/>
        <line num="1" count="1" type="stmt"/>
        <line num="2" count="1" type="stmt"/>
        <line num="3" count="1" type="stmt"/>
        <line num="5" count="1" type="stmt"/>
        <line num="6" count="1" type="stmt"/>
        <line num="7" count="1" type="stmt"/>
        <line num="8" count="1" type="stmt"/>
        <line num="10" count="1" type="stmt"/>
        <line num="12" count="0" type="stmt"/>
        <line num="13" count="0" type="stmt"/>
        <line num="14" count="0" type="stmt"/>
        <line num="15" count="0" type="stmt"/>
        <line num="19" count="40" type="stmt"/>
        <line num="20" count="40" type="stmt"/>
        <line num="21" count="40" type="stmt"/>
        <line num="25" count="46" type="stmt"/>
        <line num="26" count="46" type="stmt"/>
        <line num="27" count="46" type="stmt"/>
        <line num="29" count="40" type="stmt"/>
        <line num="32" count="46" type="stmt"/>
        <line num="33" count="46" type="cond" truecount="3" falsecount="1"/>
        <line num="34" count="46" type="stmt"/>
        <line num="36" count="46" type="stmt"/>
        <line num="37" count="40" type="stmt"/>
        <line num="38" count="40" type="cond" truecount="1" falsecount="1"/>
        <line num="39" count="40" type="stmt"/>
        <line num="46" count="46" type="stmt"/>
        <line num="116" count="46" type="stmt"/>
        <line num="117" count="46" type="stmt"/>
        <line num="118" count="46" type="stmt"/>
        <line num="119" count="46" type="stmt"/>
        <line num="121" count="46" type="stmt"/>
        <line num="123" count="46" type="stmt"/>
        <line num="125" count="40" type="stmt"/>
        <line num="133" count="46" type="stmt"/>
        <line num="137" count="46" type="stmt"/>
        <line num="141" count="46" type="stmt"/>
        <line num="142" count="46" type="stmt"/>
        <line num="145" count="0" type="stmt"/>
        <line num="146" count="0" type="stmt"/>
        <line num="147" count="0" type="stmt"/>
        <line num="148" count="0" type="stmt"/>
        <line num="149" count="0" type="stmt"/>
        <line num="150" count="0" type="stmt"/>
        <line num="154" count="0" type="stmt"/>
        <line num="161" count="46" type="stmt"/>
        <line num="164" count="12" type="stmt"/>
        <line num="165" count="12" type="stmt"/>
        <line num="166" count="12" type="stmt"/>
        <line num="167" count="8" type="stmt"/>
        <line num="168" count="8" type="stmt"/>
        <line num="169" count="16" type="stmt"/>
        <line num="171" count="8" type="stmt"/>
        <line num="178" count="8" type="stmt"/>
        <line num="179" count="8" type="stmt"/>
        <line num="182" count="8" type="stmt"/>
        <line num="183" count="8" type="stmt"/>
        <line num="187" count="4" type="stmt"/>
        <line num="190" count="4" type="stmt"/>
        <line num="195" count="46" type="stmt"/>
        <line num="196" count="12" type="cond" truecount="1" falsecount="1"/>
        <line num="197" count="12" type="stmt"/>
        <line num="198" count="12" type="stmt"/>
        <line num="199" count="12" type="stmt"/>
        <line num="203" count="12" type="stmt"/>
        <line num="207" count="46" type="stmt"/>
        <line num="271" count="46" type="stmt"/>
        <line num="273" count="46" type="stmt"/>
        <line num="274" count="46" type="stmt"/>
        <line num="275" count="40" type="cond" truecount="1" falsecount="1"/>
        <line num="276" count="40" type="stmt"/>
        <line num="278" count="0" type="stmt"/>
        <line num="279" count="0" type="stmt"/>
        <line num="281" count="46" type="stmt"/>
        <line num="283" count="46" type="stmt"/>
        <line num="284" count="46" type="stmt"/>
        <line num="286" count="46" type="stmt"/>
        <line num="288" count="92" type="stmt"/>
        <line num="291" count="92" type="cond" truecount="4" falsecount="0"/>
        <line num="292" count="46" type="stmt"/>
        <line num="297" count="46" type="stmt"/>
        <line num="298" count="46" type="cond" truecount="1" falsecount="1"/>
        <line num="299" count="0" type="stmt"/>
        <line num="306" count="46" type="stmt"/>
        <line num="309" count="46" type="stmt"/>
        <line num="310" count="46" type="stmt"/>
        <line num="314" count="46" type="stmt"/>
        <line num="330" count="0" type="stmt"/>
        <line num="331" count="0" type="stmt"/>
        <line num="332" count="0" type="stmt"/>
        <line num="336" count="46" type="stmt"/>
        <line num="338" count="46" type="stmt"/>
        <line num="341" count="46" type="stmt"/>
        <line num="342" count="46" type="stmt"/>
        <line num="343" count="46" type="stmt"/>
        <line num="344" count="46" type="stmt"/>
        <line num="345" count="46" type="stmt"/>
        <line num="349" count="46" type="stmt"/>
        <line num="352" count="1" type="stmt"/>
      </file>
      <file name="jwtTokenGenerator.js" path="/Users/ruchiramoitra/Desktop/RudderWorkspace/rudder-transformer/util/jwtTokenGenerator.js">
        <metrics statements="14" coveredstatements="14" conditionals="0" coveredconditionals="0" methods="2" coveredmethods="2"/>
        <line num="1" count="1" type="stmt"/>
        <line num="5" count="3" type="stmt"/>
        <line num="8" count="3" type="stmt"/>
        <line num="11" count="3" type="stmt"/>
        <line num="12" count="3" type="stmt"/>
        <line num="14" count="3" type="stmt"/>
        <line num="26" count="1" type="stmt"/>
        <line num="27" count="1" type="stmt"/>
        <line num="28" count="1" type="stmt"/>
        <line num="29" count="1" type="stmt"/>
        <line num="30" count="1" type="stmt"/>
        <line num="31" count="1" type="stmt"/>
        <line num="32" count="1" type="stmt"/>
        <line num="34" count="1" type="stmt"/>
      </file>
      <file name="parser.js" path="/Users/ruchiramoitra/Desktop/RudderWorkspace/rudder-transformer/util/parser.js">
        <metrics statements="13" coveredstatements="13" conditionals="4" coveredconditionals="3" methods="3" coveredmethods="3"/>
        <line num="1" count="1" type="stmt"/>
        <line num="4" count="50" type="stmt"/>
        <line num="5" count="50" type="stmt"/>
        <line num="7" count="50" type="stmt"/>
        <line num="8" count="72" type="stmt"/>
        <line num="9" count="72" type="cond" truecount="1" falsecount="1"/>
        <line num="10" count="72" type="stmt"/>
        <line num="12" count="72" type="cond" truecount="2" falsecount="0"/>
        <line num="13" count="44" type="stmt"/>
        <line num="16" count="72" type="stmt"/>
        <line num="17" count="40" type="stmt"/>
        <line num="21" count="50" type="stmt"/>
        <line num="24" count="1" type="stmt"/>
      </file>
      <file name="stats.js" path="/Users/ruchiramoitra/Desktop/RudderWorkspace/rudder-transformer/util/stats.js">
        <metrics statements="21" coveredstatements="17" conditionals="21" coveredconditionals="10" methods="5" coveredmethods="3"/>
        <line num="1" count="118" type="stmt"/>
        <line num="3" count="118" type="stmt"/>
        <line num="4" count="118" type="cond" truecount="2" falsecount="0"/>
        <line num="5" count="118" type="cond" truecount="2" falsecount="0"/>
        <line num="7" count="118" type="stmt"/>
        <line num="15" count="118" type="cond" truecount="1" falsecount="0"/>
        <line num="16" count="251" type="cond" truecount="1" falsecount="1"/>
        <line num="17" count="251" type="stmt"/>
        <line num="21" count="118" type="cond" truecount="2" falsecount="0"/>
        <line num="22" count="118" type="cond" truecount="1" falsecount="1"/>
        <line num="23" count="118" type="stmt"/>
        <line num="27" count="118" type="cond" truecount="0" falsecount="2"/>
        <line num="28" count="0" type="cond" truecount="0" falsecount="2"/>
        <line num="29" count="0" type="stmt"/>
        <line num="33" count="118" type="cond" truecount="0" falsecount="1"/>
        <line num="34" count="67" type="cond" truecount="1" falsecount="1"/>
        <line num="35" count="67" type="stmt"/>
        <line num="39" count="118" type="cond" truecount="0" falsecount="1"/>
        <line num="40" count="0" type="cond" truecount="0" falsecount="2"/>
        <line num="41" count="0" type="stmt"/>
        <line num="45" count="118" type="stmt"/>
      </file>
      <file name="trackingPlan.js" path="/Users/ruchiramoitra/Desktop/RudderWorkspace/rudder-transformer/util/trackingPlan.js">
        <metrics statements="38" coveredstatements="31" conditionals="12" coveredconditionals="10" methods="2" coveredmethods="2"/>
        <line num="1" count="2" type="stmt"/>
        <line num="2" count="2" type="stmt"/>
        <line num="3" count="2" type="stmt"/>
        <line num="4" count="2" type="stmt"/>
        <line num="5" count="2" type="stmt"/>
        <line num="7" count="2" type="stmt"/>
        <line num="8" count="2" type="cond" truecount="2" falsecount="0"/>
        <line num="9" count="2" type="stmt"/>
        <line num="23" count="30" type="stmt"/>
        <line num="24" count="30" type="cond" truecount="2" falsecount="0"/>
        <line num="25" count="2" type="stmt"/>
        <line num="26" count="2" type="stmt"/>
        <line num="27" count="2" type="stmt"/>
        <line num="28" count="2" type="stmt"/>
        <line num="30" count="2" type="stmt"/>
        <line num="31" count="2" type="stmt"/>
        <line num="32" count="2" type="stmt"/>
        <line num="33" count="2" type="stmt"/>
        <line num="34" count="2" type="stmt"/>
        <line num="36" count="0" type="stmt"/>
        <line num="37" count="0" type="stmt"/>
        <line num="38" count="0" type="stmt"/>
        <line num="54" count="28" type="stmt"/>
        <line num="55" count="28" type="stmt"/>
        <line num="57" count="28" type="cond" truecount="2" falsecount="0"/>
        <line num="58" count="7" type="cond" truecount="1" falsecount="1"/>
        <line num="59" count="0" type="stmt"/>
        <line num="61" count="21" type="cond" truecount="1" falsecount="1"/>
        <line num="62" count="21" type="stmt"/>
        <line num="63" count="21" type="stmt"/>
        <line num="65" count="35" type="cond" truecount="2" falsecount="0"/>
        <line num="66" count="14" type="stmt"/>
        <line num="67" count="14" type="stmt"/>
        <line num="71" count="28" type="stmt"/>
        <line num="73" count="0" type="stmt"/>
        <line num="74" count="0" type="stmt"/>
        <line num="75" count="0" type="stmt"/>
        <line num="79" count="2" type="stmt"/>
      </file>
      <file name="utils.js" path="/Users/ruchiramoitra/Desktop/RudderWorkspace/rudder-transformer/util/utils.js">
        <metrics statements="9" coveredstatements="4" conditionals="6" coveredconditionals="2" methods="3" coveredmethods="1"/>
        <line num="4" count="0" type="stmt"/>
        <line num="5" count="0" type="cond" truecount="0" falsecount="2"/>
        <line num="12" count="0" type="stmt"/>
        <line num="16" count="3" type="stmt"/>
        <line num="17" count="101" type="cond" truecount="1" falsecount="1"/>
        <line num="18" count="0" type="stmt"/>
        <line num="21" count="101" type="cond" truecount="1" falsecount="1"/>
        <line num="22" count="0" type="stmt"/>
        <line num="26" count="3" type="stmt"/>
      </file>
    </package>
    <package name="rudder-transformer.v0.destinations.active_campaign">
      <metrics statements="253" coveredstatements="204" conditionals="110" coveredconditionals="55" methods="31" coveredmethods="27"/>
      <file name="config.js" path="/Users/ruchiramoitra/Desktop/RudderWorkspace/rudder-transformer/v0/destinations/active_campaign/config.js">
        <metrics statements="4" coveredstatements="4" conditionals="0" coveredconditionals="0" methods="0" coveredmethods="0"/>
        <line num="1" count="1" type="stmt"/>
        <line num="23" count="1" type="stmt"/>
        <line num="50" count="1" type="stmt"/>
        <line num="52" count="1" type="stmt"/>
      </file>
      <file name="transform.js" path="/Users/ruchiramoitra/Desktop/RudderWorkspace/rudder-transformer/v0/destinations/active_campaign/transform.js">
        <metrics statements="241" coveredstatements="196" conditionals="106" coveredconditionals="55" methods="30" coveredmethods="27"/>
        <line num="3" count="1" type="stmt"/>
        <line num="4" count="1" type="stmt"/>
        <line num="5" count="1" type="stmt"/>
        <line num="13" count="1" type="stmt"/>
        <line num="14" count="1" type="stmt"/>
        <line num="15" count="1" type="stmt"/>
        <line num="19" count="1" type="stmt"/>
        <line num="20" count="9" type="cond" truecount="1" falsecount="1"/>
        <line num="21" count="9" type="stmt"/>
        <line num="22" count="9" type="cond" truecount="4" falsecount="1"/>
        <line num="25" count="7" type="stmt"/>
        <line num="26" count="7" type="stmt"/>
        <line num="27" count="7" type="stmt"/>
        <line num="31" count="7" type="stmt"/>
        <line num="32" count="7" type="stmt"/>
        <line num="35" count="2" type="stmt"/>
        <line num="36" count="2" type="stmt"/>
        <line num="37" count="2" type="stmt"/>
        <line num="41" count="2" type="stmt"/>
        <line num="42" count="2" type="stmt"/>
        <line num="44" count="0" type="stmt"/>
        <line num="46" count="9" type="stmt"/>
        <line num="49" count="0" type="stmt"/>
        <line num="52" count="1" type="stmt"/>
        <line num="53" count="3" type="stmt"/>
        <line num="54" count="3" type="stmt"/>
        <line num="57" count="3" type="stmt"/>
        <line num="63" count="3" type="stmt"/>
        <line num="64" count="3" type="cond" truecount="1" falsecount="1"/>
        <line num="65" count="0" type="stmt"/>
        <line num="67" count="3" type="stmt"/>
        <line num="68" count="3" type="cond" truecount="1" falsecount="1"/>
        <line num="69" count="0" type="stmt"/>
        <line num="71" count="3" type="stmt"/>
        <line num="74" count="1" type="stmt"/>
        <line num="80" count="3" type="stmt"/>
        <line num="81" count="3" type="stmt"/>
        <line num="88" count="3" type="cond" truecount="2" falsecount="0"/>
        <line num="91" count="3" type="cond" truecount="2" falsecount="2"/>
        <line num="92" count="0" type="stmt"/>
        <line num="98" count="3" type="stmt"/>
        <line num="101" count="3" type="stmt"/>
        <line num="107" count="3" type="stmt"/>
        <line num="108" count="3" type="cond" truecount="1" falsecount="1"/>
        <line num="109" count="0" type="stmt"/>
        <line num="112" count="3" type="stmt"/>
        <line num="113" count="3" type="cond" truecount="1" falsecount="1"/>
        <line num="117" count="3" type="stmt"/>
        <line num="118" count="15" type="stmt"/>
        <line num="124" count="3" type="stmt"/>
        <line num="125" count="3" type="cond" truecount="1" falsecount="1"/>
        <line num="126" count="0" type="stmt"/>
        <line num="129" count="0" type="stmt"/>
        <line num="130" count="0" type="stmt"/>
        <line num="133" count="0" type="stmt"/>
        <line num="139" count="0" type="stmt"/>
        <line num="140" count="0" type="stmt"/>
        <line num="142" count="0" type="stmt"/>
        <line num="143" count="0" type="stmt"/>
        <line num="144" count="0" type="cond" truecount="0" falsecount="4"/>
        <line num="145" count="0" type="stmt"/>
        <line num="146" count="0" type="stmt"/>
        <line num="155" count="3" type="stmt"/>
        <line num="156" count="9" type="cond" truecount="2" falsecount="0"/>
        <line num="157" count="3" type="stmt"/>
        <line num="164" count="3" type="cond" truecount="1" falsecount="1"/>
        <line num="165" count="3" type="stmt"/>
        <line num="167" count="6" type="stmt"/>
        <line num="168" count="6" type="stmt"/>
        <line num="175" count="6" type="stmt"/>
        <line num="181" count="6" type="stmt"/>
        <line num="182" count="6" type="cond" truecount="1" falsecount="1"/>
        <line num="183" count="0" type="stmt"/>
        <line num="186" count="6" type="cond" truecount="1" falsecount="1"/>
        <line num="194" count="3" type="stmt"/>
        <line num="196" count="9" type="stmt"/>
        <line num="197" count="9" type="stmt"/>
        <line num="203" count="9" type="stmt"/>
        <line num="209" count="9" type="stmt"/>
        <line num="210" count="9" type="stmt"/>
        <line num="213" count="3" type="stmt"/>
        <line num="214" count="9" type="cond" truecount="1" falsecount="1"/>
        <line num="215" count="0" type="stmt"/>
        <line num="222" count="1" type="stmt"/>
        <line num="223" count="3" type="stmt"/>
        <line num="227" count="3" type="cond" truecount="2" falsecount="0"/>
        <line num="231" count="3" type="cond" truecount="1" falsecount="1"/>
        <line num="232" count="0" type="stmt"/>
        <line num="234" count="3" type="stmt"/>
        <line num="238" count="3" type="stmt"/>
        <line num="241" count="3" type="stmt"/>
        <line num="246" count="3" type="stmt"/>
        <line num="247" count="3" type="cond" truecount="1" falsecount="1"/>
        <line num="248" count="0" type="stmt"/>
        <line num="250" count="3" type="stmt"/>
        <line num="254" count="3" type="stmt"/>
        <line num="255" count="3" type="stmt"/>
        <line num="258" count="3" type="cond" truecount="1" falsecount="1"/>
        <line num="259" count="0" type="stmt"/>
        <line num="260" count="0" type="stmt"/>
        <line num="263" count="0" type="stmt"/>
        <line num="268" count="0" type="stmt"/>
        <line num="269" count="0" type="stmt"/>
        <line num="271" count="0" type="stmt"/>
        <line num="272" count="0" type="stmt"/>
        <line num="273" count="0" type="cond" truecount="0" falsecount="4"/>
        <line num="274" count="0" type="stmt"/>
        <line num="276" count="0" type="stmt"/>
        <line num="283" count="3" type="stmt"/>
        <line num="285" count="3" type="stmt"/>
        <line num="286" count="3" type="stmt"/>
        <line num="287" count="15" type="stmt"/>
        <line num="291" count="3" type="stmt"/>
        <line num="292" count="3" type="stmt"/>
        <line num="293" count="3" type="stmt"/>
        <line num="295" count="12" type="cond" truecount="1" falsecount="1"/>
        <line num="296" count="12" type="stmt"/>
        <line num="306" count="3" type="stmt"/>
        <line num="307" count="3" type="stmt"/>
        <line num="309" count="12" type="cond" truecount="2" falsecount="0"/>
        <line num="310" count="3" type="stmt"/>
        <line num="311" count="3" type="stmt"/>
        <line num="312" count="6" type="stmt"/>
        <line num="315" count="9" type="stmt"/>
        <line num="317" count="12" type="stmt"/>
        <line num="323" count="3" type="stmt"/>
        <line num="326" count="1" type="stmt"/>
        <line num="333" count="3" type="cond" truecount="1" falsecount="1"/>
        <line num="336" count="3" type="cond" truecount="1" falsecount="1"/>
        <line num="337" count="0" type="stmt"/>
        <line num="340" count="3" type="stmt"/>
        <line num="341" count="3" type="cond" truecount="1" falsecount="1"/>
        <line num="342" count="3" type="stmt"/>
        <line num="343" count="9" type="stmt"/>
        <line num="346" count="0" type="stmt"/>
        <line num="351" count="3" type="stmt"/>
        <line num="352" count="3" type="stmt"/>
        <line num="353" count="9" type="cond" truecount="4" falsecount="0"/>
        <line num="354" count="6" type="stmt"/>
        <line num="355" count="6" type="stmt"/>
        <line num="362" count="6" type="stmt"/>
        <line num="368" count="6" type="stmt"/>
        <line num="369" count="6" type="stmt"/>
        <line num="372" count="3" type="stmt"/>
        <line num="373" count="3" type="stmt"/>
        <line num="374" count="6" type="cond" truecount="1" falsecount="1"/>
        <line num="375" count="0" type="stmt"/>
        <line num="386" count="1" type="stmt"/>
        <line num="388" count="3" type="stmt"/>
        <line num="389" count="3" type="stmt"/>
        <line num="391" count="3" type="stmt"/>
        <line num="393" count="3" type="stmt"/>
        <line num="395" count="3" type="stmt"/>
        <line num="397" count="3" type="stmt"/>
        <line num="402" count="3" type="stmt"/>
        <line num="403" count="3" type="stmt"/>
        <line num="404" count="3" type="stmt"/>
        <line num="408" count="3" type="stmt"/>
        <line num="413" count="1" type="stmt"/>
        <line num="414" count="4" type="stmt"/>
        <line num="417" count="4" type="stmt"/>
        <line num="420" count="1" type="stmt"/>
        <line num="425" count="1" type="stmt"/>
        <line num="426" count="1" type="stmt"/>
        <line num="432" count="1" type="stmt"/>
        <line num="433" count="1" type="cond" truecount="1" falsecount="1"/>
        <line num="434" count="0" type="stmt"/>
        <line num="437" count="1" type="cond" truecount="1" falsecount="1"/>
        <line num="438" count="0" type="cond" truecount="0" falsecount="2"/>
        <line num="440" count="1" type="stmt"/>
        <line num="441" count="1" type="stmt"/>
        <line num="442" count="1" type="stmt"/>
        <line num="443" count="2" type="stmt"/>
        <line num="447" count="1" type="cond" truecount="1" falsecount="1"/>
        <line num="449" count="1" type="stmt"/>
        <line num="450" count="1" type="stmt"/>
        <line num="455" count="1" type="stmt"/>
        <line num="461" count="1" type="stmt"/>
        <line num="462" count="1" type="cond" truecount="1" falsecount="1"/>
        <line num="463" count="0" type="stmt"/>
        <line num="466" count="1" type="cond" truecount="1" falsecount="1"/>
        <line num="467" count="0" type="stmt"/>
        <line num="477" count="1" type="stmt"/>
        <line num="478" count="1" type="stmt"/>
        <line num="479" count="1" type="stmt"/>
        <line num="480" count="1" type="cond" truecount="1" falsecount="1"/>
        <line num="481" count="0" type="stmt"/>
        <line num="483" count="1" type="stmt"/>
        <line num="484" count="1" type="stmt"/>
        <line num="487" count="1" type="stmt"/>
        <line num="491" count="1" type="stmt"/>
        <line num="492" count="1" type="stmt"/>
        <line num="497" count="1" type="stmt"/>
        <line num="499" count="1" type="cond" truecount="1" falsecount="1"/>
        <line num="500" count="0" type="stmt"/>
        <line num="503" count="1" type="cond" truecount="1" falsecount="1"/>
        <line num="504" count="0" type="stmt"/>
        <line num="509" count="1" type="stmt"/>
        <line num="510" count="1" type="stmt"/>
        <line num="511" count="1" type="stmt"/>
        <line num="512" count="2" type="stmt"/>
        <line num="516" count="1" type="cond" truecount="1" falsecount="1"/>
        <line num="518" count="1" type="stmt"/>
        <line num="519" count="1" type="stmt"/>
        <line num="524" count="1" type="stmt"/>
        <line num="530" count="1" type="stmt"/>
        <line num="531" count="1" type="cond" truecount="1" falsecount="1"/>
        <line num="532" count="0" type="stmt"/>
        <line num="543" count="1" type="stmt"/>
        <line num="544" count="1" type="stmt"/>
        <line num="545" count="1" type="stmt"/>
        <line num="546" count="1" type="cond" truecount="1" falsecount="1"/>
        <line num="547" count="0" type="stmt"/>
        <line num="549" count="1" type="stmt"/>
        <line num="551" count="1" type="stmt"/>
        <line num="557" count="1" type="stmt"/>
        <line num="558" count="9" type="cond" truecount="1" falsecount="1"/>
        <line num="559" count="0" type="stmt"/>
        <line num="564" count="9" type="stmt"/>
        <line num="567" count="9" type="cond" truecount="4" falsecount="1"/>
        <line num="569" count="3" type="stmt"/>
        <line num="570" count="3" type="stmt"/>
        <line num="571" count="3" type="stmt"/>
        <line num="573" count="4" type="stmt"/>
        <line num="574" count="4" type="stmt"/>
        <line num="575" count="4" type="stmt"/>
        <line num="577" count="1" type="stmt"/>
        <line num="578" count="1" type="stmt"/>
        <line num="579" count="1" type="stmt"/>
        <line num="581" count="1" type="stmt"/>
        <line num="582" count="1" type="stmt"/>
        <line num="583" count="1" type="stmt"/>
        <line num="585" count="0" type="stmt"/>
        <line num="587" count="9" type="stmt"/>
        <line num="590" count="1" type="stmt"/>
        <line num="591" count="9" type="stmt"/>
        <line num="592" count="9" type="stmt"/>
        <line num="595" count="1" type="stmt"/>
        <line num="596" count="1" type="stmt"/>
        <line num="601" count="1" type="stmt"/>
        <line num="604" count="1" type="stmt"/>
      </file>
      <file name="util.js" path="/Users/ruchiramoitra/Desktop/RudderWorkspace/rudder-transformer/v0/destinations/active_campaign/util.js">
        <metrics statements="8" coveredstatements="4" conditionals="4" coveredconditionals="0" methods="1" coveredmethods="0"/>
        <line num="3" count="1" type="stmt"/>
        <line num="4" count="1" type="stmt"/>
        <line num="6" count="1" type="stmt"/>
        <line num="7" count="0" type="cond" truecount="0" falsecount="2"/>
        <line num="8" count="0" type="stmt"/>
        <line num="15" count="0" type="stmt"/>
        <line num="16" count="0" type="stmt"/>
        <line num="20" count="1" type="stmt"/>
      </file>
    </package>
    <package name="rudder-transformer.v0.destinations.adj">
      <metrics statements="75" coveredstatements="70" conditionals="48" coveredconditionals="38" methods="7" coveredmethods="7"/>
      <file name="config.js" path="/Users/ruchiramoitra/Desktop/RudderWorkspace/rudder-transformer/v0/destinations/adj/config.js">
        <metrics statements="5" coveredstatements="5" conditionals="0" coveredconditionals="0" methods="0" coveredmethods="0"/>
        <line num="1" count="1" type="stmt"/>
        <line num="3" count="1" type="stmt"/>
        <line num="5" count="1" type="stmt"/>
        <line num="8" count="1" type="stmt"/>
        <line num="10" count="1" type="stmt"/>
      </file>
      <file name="transform.js" path="/Users/ruchiramoitra/Desktop/RudderWorkspace/rudder-transformer/v0/destinations/adj/transform.js">
        <metrics statements="70" coveredstatements="65" conditionals="48" coveredconditionals="38" methods="7" coveredmethods="7"/>
        <line num="1" count="1" type="stmt"/>
        <line num="2" count="1" type="stmt"/>
        <line num="14" count="1" type="stmt"/>
        <line num="16" count="1" type="stmt"/>
        <line num="19" count="18" type="stmt"/>
        <line num="20" count="17" type="stmt"/>
        <line num="21" count="17" type="stmt"/>
        <line num="22" count="17" type="cond" truecount="2" falsecount="0"/>
        <line num="27" count="1" type="stmt"/>
        <line num="29" count="16" type="cond" truecount="2" falsecount="0"/>
        <line num="30" count="9" type="stmt"/>
        <line num="31" count="9" type="stmt"/>
        <line num="32" count="7" type="cond" truecount="2" falsecount="0"/>
        <line num="33" count="6" type="stmt"/>
        <line num="34" count="6" type="stmt"/>
        <line num="36" count="1" type="stmt"/>
        <line num="38" count="15" type="cond" truecount="2" falsecount="0"/>
        <line num="39" count="12" type="cond" truecount="2" falsecount="0"/>
        <line num="41" count="15" type="stmt"/>
        <line num="42" count="15" type="cond" truecount="5" falsecount="0"/>
        <line num="43" count="14" type="stmt"/>
        <line num="44" count="14" type="stmt"/>
        <line num="48" count="14" type="stmt"/>
        <line num="51" count="14" type="cond" truecount="1" falsecount="1"/>
        <line num="52" count="14" type="stmt"/>
        <line num="53" count="14" type="stmt"/>
[...]
        <line num="538" count="991" type="cond" truecount="1" falsecount="1"/>
        <line num="539" count="0" type="stmt"/>
        <line num="541" count="991" type="cond" truecount="2" falsecount="0"/>
        <line num="542" count="943" type="stmt"/>
        <line num="544" count="48" type="cond" truecount="1" falsecount="1"/>
        <line num="545" count="48" type="stmt"/>
        <line num="546" count="48" type="stmt"/>
        <line num="547" count="48" type="stmt"/>
        <line num="548" count="48" type="stmt"/>
        <line num="550" count="48" type="stmt"/>
        <line num="554" count="991" type="stmt"/>
        <line num="555" count="991" type="stmt"/>
        <line num="569" count="991" type="stmt"/>
        <line num="573" count="991" type="stmt"/>
        <line num="574" count="991" type="stmt"/>
        <line num="575" count="991" type="cond" truecount="2" falsecount="0"/>
        <line num="577" count="991" type="cond" truecount="2" falsecount="0"/>
        <line num="579" count="991" type="stmt"/>
        <line num="581" count="991" type="cond" truecount="2" falsecount="0"/>
        <line num="582" count="6" type="stmt"/>
        <line num="583" count="6" type="stmt"/>
        <line num="587" count="991" type="stmt"/>
        <line num="589" count="991" type="cond" truecount="4" falsecount="0"/>
        <line num="590" count="6" type="stmt"/>
        <line num="597" count="991" type="cond" truecount="6" falsecount="2"/>
        <line num="600" count="319" type="stmt"/>
        <line num="601" count="319" type="stmt"/>
        <line num="603" count="319" type="stmt"/>
        <line num="612" count="319" type="stmt"/>
        <line num="620" count="319" type="stmt"/>
        <line num="630" count="319" type="stmt"/>
        <line num="631" count="319" type="stmt"/>
        <line num="635" count="319" type="stmt"/>
        <line num="638" count="319" type="cond" truecount="2" falsecount="0"/>
        <line num="639" count="317" type="stmt"/>
        <line num="641" count="317" type="stmt"/>
        <line num="643" count="317" type="stmt"/>
        <line num="651" count="309" type="stmt"/>
        <line num="658" count="309" type="stmt"/>
        <line num="666" count="309" type="stmt"/>
        <line num="677" count="311" type="cond" truecount="2" falsecount="0"/>
        <line num="678" count="24" type="stmt"/>
        <line num="680" count="287" type="stmt"/>
        <line num="681" count="287" type="stmt"/>
        <line num="683" count="287" type="stmt"/>
        <line num="691" count="287" type="stmt"/>
        <line num="699" count="287" type="stmt"/>
        <line num="709" count="287" type="stmt"/>
        <line num="713" count="287" type="stmt"/>
        <line num="727" count="280" type="stmt"/>
        <line num="733" count="280" type="stmt"/>
        <line num="734" count="280" type="cond" truecount="1" falsecount="1"/>
        <line num="735" count="0" type="stmt"/>
        <line num="739" count="280" type="stmt"/>
        <line num="743" count="144" type="stmt"/>
        <line num="744" count="144" type="stmt"/>
        <line num="745" count="144" type="stmt"/>
        <line num="753" count="144" type="stmt"/>
        <line num="761" count="144" type="stmt"/>
        <line num="772" count="144" type="stmt"/>
        <line num="783" count="144" type="stmt"/>
        <line num="784" count="144" type="cond" truecount="1" falsecount="1"/>
        <line num="785" count="0" type="stmt"/>
        <line num="786" count="0" type="stmt"/>
        <line num="787" count="0" type="stmt"/>
        <line num="788" count="0" type="stmt"/>
        <line num="789" count="0" type="stmt"/>
        <line num="793" count="144" type="stmt"/>
        <line num="794" count="144" type="stmt"/>
        <line num="795" count="144" type="stmt"/>
        <line num="803" count="144" type="stmt"/>
        <line num="810" count="144" type="stmt"/>
        <line num="818" count="144" type="stmt"/>
        <line num="825" count="144" type="stmt"/>
        <line num="826" count="144" type="cond" truecount="1" falsecount="1"/>
        <line num="827" count="0" type="stmt"/>
        <line num="833" count="144" type="cond" truecount="1" falsecount="1"/>
        <line num="834" count="0" type="stmt"/>
        <line num="836" count="144" type="stmt"/>
        <line num="837" count="144" type="stmt"/>
        <line num="838" count="144" type="stmt"/>
        <line num="847" count="144" type="stmt"/>
        <line num="848" count="144" type="stmt"/>
        <line num="854" count="144" type="stmt"/>
        <line num="859" count="144" type="stmt"/>
        <line num="862" count="144" type="stmt"/>
        <line num="870" count="144" type="stmt"/>
        <line num="875" count="144" type="stmt"/>
        <line num="879" count="280" type="stmt"/>
        <line num="880" count="280" type="stmt"/>
        <line num="881" count="280" type="stmt"/>
        <line num="890" count="280" type="stmt"/>
        <line num="899" count="280" type="stmt"/>
        <line num="907" count="280" type="stmt"/>
        <line num="909" count="280" type="cond" truecount="2" falsecount="0"/>
        <line num="910" count="144" type="stmt"/>
        <line num="918" count="136" type="cond" truecount="1" falsecount="1"/>
        <line num="919" count="136" type="stmt"/>
        <line num="929" count="280" type="stmt"/>
        <line num="934" count="280" type="stmt"/>
        <line num="937" count="280" type="stmt"/>
        <line num="938" count="280" type="cond" truecount="1" falsecount="1"/>
        <line num="939" count="0" type="stmt"/>
        <line num="943" count="280" type="stmt"/>
        <line num="946" count="120" type="stmt"/>
        <line num="947" count="120" type="stmt"/>
        <line num="948" count="120" type="stmt"/>
        <line num="956" count="120" type="stmt"/>
        <line num="965" count="120" type="stmt"/>
        <line num="973" count="120" type="stmt"/>
        <line num="981" count="120" type="stmt"/>
        <line num="983" count="120" type="stmt"/>
        <line num="988" count="120" type="stmt"/>
        <line num="991" count="120" type="stmt"/>
        <line num="992" count="120" type="cond" truecount="1" falsecount="1"/>
        <line num="993" count="0" type="stmt"/>
        <line num="997" count="120" type="stmt"/>
        <line num="1000" count="128" type="stmt"/>
        <line num="1001" count="128" type="stmt"/>
        <line num="1002" count="128" type="stmt"/>
        <line num="1010" count="128" type="stmt"/>
        <line num="1019" count="128" type="stmt"/>
        <line num="1027" count="128" type="stmt"/>
        <line num="1035" count="128" type="stmt"/>
        <line num="1037" count="128" type="stmt"/>
        <line num="1042" count="128" type="stmt"/>
        <line num="1045" count="128" type="stmt"/>
        <line num="1046" count="128" type="cond" truecount="1" falsecount="1"/>
        <line num="1047" count="0" type="stmt"/>
        <line num="1051" count="128" type="stmt"/>
        <line num="1054" count="0" type="stmt"/>
        <line num="1055" count="0" type="cond" truecount="0" falsecount="2"/>
        <line num="1056" count="0" type="stmt"/>
        <line num="1058" count="0" type="stmt"/>
        <line num="1061" count="0" type="stmt"/>
        <line num="1063" count="976" type="stmt"/>
        <line num="1066" count="11" type="stmt"/>
      </file>
      <file name="util.js" path="/Users/ruchiramoitra/Desktop/RudderWorkspace/rudder-transformer/warehouse/util.js">
        <metrics statements="40" coveredstatements="38" conditionals="28" coveredconditionals="24" methods="9" coveredmethods="9"/>
        <line num="1" count="11" type="stmt"/>
        <line num="2" count="11" type="stmt"/>
        <line num="4" count="11" type="stmt"/>
        <line num="5" count="11" type="stmt"/>
        <line num="7" count="11" type="stmt"/>
        <line num="8" count="11" type="stmt"/>
        <line num="10" count="11" type="stmt"/>
        <line num="12" count="11" type="stmt"/>
        <line num="13" count="54808" type="stmt"/>
        <line num="14" count="54808" type="stmt"/>
        <line num="21" count="11" type="cond" truecount="1" falsecount="0"/>
        <line num="22" count="45377" type="cond" truecount="2" falsecount="0"/>
        <line num="25" count="11" type="stmt"/>
        <line num="26" count="54815" type="stmt"/>
        <line num="32" count="11" type="stmt"/>
        <line num="33" count="991" type="stmt"/>
        <line num="34" count="991" type="stmt"/>
        <line num="35" count="8" type="cond" truecount="1" falsecount="1"/>
        <line num="36" count="8" type="stmt"/>
        <line num="37" count="8" type="stmt"/>
        <line num="40" count="991" type="stmt"/>
        <line num="46" count="11" type="stmt"/>
        <line num="52" count="28364" type="cond" truecount="2" falsecount="0"/>
        <line num="54" count="4859" type="stmt"/>
        <line num="55" count="4859" type="cond" truecount="3" falsecount="1"/>
        <line num="56" count="4859" type="stmt"/>
        <line num="59" count="23505" type="stmt"/>
        <line num="63" count="992" type="cond" truecount="1" falsecount="2"/>
        <line num="65" count="0" type="stmt"/>
        <line num="67" count="992" type="stmt"/>
        <line num="69" count="0" type="stmt"/>
        <line num="74" count="22" type="cond" truecount="2" falsecount="0"/>
        <line num="77" count="11" type="stmt"/>
        <line num="78" count="72" type="cond" truecount="2" falsecount="0"/>
        <line num="79" count="40" type="stmt"/>
        <line num="80" count="40" type="cond" truecount="4" falsecount="0"/>
        <line num="81" count="8" type="stmt"/>
        <line num="83" count="32" type="stmt"/>
        <line num="85" count="32" type="cond" truecount="2" falsecount="0"/>
        <line num="88" count="11" type="stmt"/>
      </file>
    </package>
    <package name="rudder-transformer.warehouse.config">
      <metrics statements="46" coveredstatements="45" conditionals="15" coveredconditionals="13" methods="10" coveredmethods="9"/>
      <file name="WHAliasConfig.js" path="/Users/ruchiramoitra/Desktop/RudderWorkspace/rudder-transformer/warehouse/config/WHAliasConfig.js">
        <metrics statements="2" coveredstatements="2" conditionals="0" coveredconditionals="0" methods="0" coveredmethods="0"/>
        <line num="1" count="11" type="stmt"/>
        <line num="5" count="11" type="stmt"/>
      </file>
      <file name="WHDefaultConfig.js" path="/Users/ruchiramoitra/Desktop/RudderWorkspace/rudder-transformer/warehouse/config/WHDefaultConfig.js">
        <metrics statements="4" coveredstatements="4" conditionals="0" coveredconditionals="0" methods="1" coveredmethods="1"/>
        <line num="1" count="11" type="stmt"/>
        <line num="3" count="11" type="stmt"/>
        <line num="13" count="991" type="stmt"/>
        <line num="18" count="11" type="stmt"/>
      </file>
      <file name="WHGroupConfig.js" path="/Users/ruchiramoitra/Desktop/RudderWorkspace/rudder-transformer/warehouse/config/WHGroupConfig.js">
        <metrics statements="2" coveredstatements="2" conditionals="0" coveredconditionals="0" methods="0" coveredmethods="0"/>
        <line num="1" count="11" type="stmt"/>
        <line num="5" count="11" type="stmt"/>
      </file>
      <file name="WHPageConfig.js" path="/Users/ruchiramoitra/Desktop/RudderWorkspace/rudder-transformer/warehouse/config/WHPageConfig.js">
        <metrics statements="4" coveredstatements="4" conditionals="0" coveredconditionals="0" methods="1" coveredmethods="1"/>
        <line num="1" count="11" type="stmt"/>
        <line num="3" count="11" type="stmt"/>
        <line num="4" count="144" type="stmt"/>
        <line num="7" count="11" type="stmt"/>
      </file>
      <file name="WHScreenConfig.js" path="/Users/ruchiramoitra/Desktop/RudderWorkspace/rudder-transformer/warehouse/config/WHScreenConfig.js">
        <metrics statements="4" coveredstatements="4" conditionals="0" coveredconditionals="0" methods="1" coveredmethods="1"/>
        <line num="1" count="11" type="stmt"/>
        <line num="3" count="11" type="stmt"/>
        <line num="4" count="136" type="stmt"/>
        <line num="7" count="11" type="stmt"/>
      </file>
      <file name="WHTrackConfig.js" path="/Users/ruchiramoitra/Desktop/RudderWorkspace/rudder-transformer/warehouse/config/WHTrackConfig.js">
        <metrics statements="2" coveredstatements="2" conditionals="0" coveredconditionals="0" methods="0" coveredmethods="0"/>
        <line num="1" count="11" type="stmt"/>
        <line num="5" count="11" type="stmt"/>
      </file>
      <file name="WHTrackEventTableConfig.js" path="/Users/ruchiramoitra/Desktop/RudderWorkspace/rudder-transformer/warehouse/config/WHTrackEventTableConfig.js">
        <metrics statements="4" coveredstatements="4" conditionals="4" coveredconditionals="4" methods="1" coveredmethods="1"/>
        <line num="1" count="11" type="stmt"/>
        <line num="3" count="11" type="stmt"/>
        <line num="5" count="287" type="cond" truecount="4" falsecount="0"/>
        <line num="12" count="11" type="stmt"/>
      </file>
      <file name="WHTracksTableConfig.js" path="/Users/ruchiramoitra/Desktop/RudderWorkspace/rudder-transformer/warehouse/config/WHTracksTableConfig.js">
        <metrics statements="5" coveredstatements="5" conditionals="4" coveredconditionals="4" methods="1" coveredmethods="1"/>
        <line num="1" count="11" type="stmt"/>
        <line num="2" count="11" type="stmt"/>
        <line num="4" count="11" type="stmt"/>
        <line num="6" count="317" type="cond" truecount="4" falsecount="0"/>
        <line num="12" count="11" type="stmt"/>
      </file>
      <file name="WHUserConfig.js" path="/Users/ruchiramoitra/Desktop/RudderWorkspace/rudder-transformer/warehouse/config/WHUserConfig.js">
        <metrics statements="4" coveredstatements="4" conditionals="0" coveredconditionals="0" methods="1" coveredmethods="1"/>
        <line num="1" count="11" type="stmt"/>
        <line num="3" count="11" type="stmt"/>
        <line num="5" count="144" type="stmt"/>
        <line num="10" count="11" type="stmt"/>
      </file>
      <file name="helpers.js" path="/Users/ruchiramoitra/Desktop/RudderWorkspace/rudder-transformer/warehouse/config/helpers.js">
        <metrics statements="15" coveredstatements="14" conditionals="7" coveredconditionals="5" methods="4" coveredmethods="3"/>
        <line num="1" count="11" type="stmt"/>
        <line num="2" count="11" type="stmt"/>
        <line num="4" count="11" type="stmt"/>
        <line num="5" count="0" type="cond" truecount="0" falsecount="2"/>
        <line num="8" count="11" type="stmt"/>
        <line num="9" count="1599" type="stmt"/>
        <line num="12" count="11" type="stmt"/>
        <line num="13" count="1415" type="stmt"/>
        <line num="14" count="1415" type="stmt"/>
        <line num="15" count="1599" type="stmt"/>
        <line num="16" count="1599" type="cond" truecount="2" falsecount="0"/>
        <line num="17" count="1351" type="stmt"/>
        <line num="21" count="1415" type="stmt"/>
        <line num="25" count="53120" type="stmt"/>
        <line num="32" count="11" type="stmt"/>
      </file>
    </package>
    <package name="rudder-transformer.warehouse.v1">
      <metrics statements="70" coveredstatements="67" conditionals="68" coveredconditionals="59" methods="7" coveredmethods="7"/>
      <file name="util.js" path="/Users/ruchiramoitra/Desktop/RudderWorkspace/rudder-transformer/warehouse/v1/util.js">
        <metrics statements="70" coveredstatements="67" conditionals="68" coveredconditionals="59" methods="7" coveredmethods="7"/>
        <line num="1" count="11" type="stmt"/>
        <line num="3" count="11" type="stmt"/>
        <line num="4" count="11" type="stmt"/>
        <line num="7" count="1412" type="stmt"/>
        <line num="9" count="1412" type="cond" truecount="2" falsecount="0"/>
        <line num="10" count="1412" type="stmt"/>
        <line num="11" count="1412" type="cond" truecount="1" falsecount="1"/>
        <line num="12" count="0" type="stmt"/>
        <line num="14" count="1412" type="cond" truecount="2" falsecount="0"/>
        <line num="15" count="176" type="stmt"/>
        <line num="16" count="1236" type="cond" truecount="2" falsecount="0"/>
        <line num="17" count="177" type="stmt"/>
        <line num="18" count="177" type="stmt"/>
        <line num="20" count="1059" type="stmt"/>
        <line num="22" count="1412" type="cond" truecount="2" falsecount="0"/>
        <line num="26" count="16" type="stmt"/>
        <line num="28" count="1412" type="cond" truecount="2" falsecount="0"/>
        <line num="30" count="175" type="stmt"/>
        <line num="33" count="1237" type="stmt"/>
        <line num="37" count="51694" type="stmt"/>
        <line num="39" count="51694" type="cond" truecount="2" falsecount="0"/>
        <line num="40" count="51694" type="stmt"/>
        <line num="41" count="51694" type="cond" truecount="1" falsecount="1"/>
        <line num="42" count="0" type="stmt"/>
        <line num="44" count="51694" type="cond" truecount="2" falsecount="0"/>
        <line num="45" count="5801" type="stmt"/>
        <line num="46" count="45893" type="cond" truecount="2" falsecount="0"/>
        <line num="47" count="5729" type="stmt"/>
        <line num="48" count="5729" type="stmt"/>
        <line num="50" count="40164" type="stmt"/>
        <line num="52" count="51694" type="cond" truecount="2" falsecount="0"/>
        <line num="56" count="9206" type="stmt"/>
        <line num="58" count="51694" type="cond" truecount="2" falsecount="0"/>
        <line num="60" count="7627" type="stmt"/>
        <line num="62" count="44067" type="stmt"/>
        <line num="85" count="37925" type="stmt"/>
        <line num="86" count="37925" type="stmt"/>
        <line num="87" count="37925" type="stmt"/>
        <line num="88" count="431840" type="stmt"/>
        <line num="89" count="431840" type="stmt"/>
        <line num="90" count="431840" type="cond" truecount="2" falsecount="0"/>
        <line num="95" count="402974" type="stmt"/>
        <line num="97" count="28866" type="cond" truecount="2" falsecount="0"/>
        <line num="98" count="26693" type="stmt"/>
        <line num="100" count="28866" type="stmt"/>
        <line num="103" count="37925" type="cond" truecount="2" falsecount="0"/>
        <line num="104" count="37469" type="stmt"/>
        <line num="106" count="37925" type="stmt"/>
        <line num="107" count="37925" type="cond" truecount="2" falsecount="0"/>
        <line num="111" count="55" type="stmt"/>
        <line num="113" count="37870" type="stmt"/>
        <line num="116" count="37925" type="cond" truecount="5" falsecount="0"/>
        <line num="117" count="349" type="stmt"/>
        <line num="119" count="37925" type="cond" truecount="2" falsecount="0"/>
        <line num="120" count="3972" type="stmt"/>
        <line num="122" count="37925" type="stmt"/>
        <line num="134" count="47" type="stmt"/>
        <line num="136" count="47" type="stmt"/>
        <line num="137" count="47" type="cond" truecount="2" falsecount="0"/>
        <line num="138" count="2" type="stmt"/>
        <line num="140" count="47" type="cond" truecount="1" falsecount="1"/>
        <line num="141" count="0" type="stmt"/>
        <line num="143" count="47" type="stmt"/>
        <line num="147" count="2" type="stmt"/>
        <line num="151" count="319" type="cond" truecount="2" falsecount="0"/>
        <line num="152" count="319" type="cond" truecount="2" falsecount="0"/>
        <line num="156" count="37655" type="stmt"/>
        <line num="157" count="37655" type="cond" truecount="2" falsecount="0"/>
        <line num="158" count="37655" type="cond" truecount="2" falsecount="0"/>
        <line num="163" count="11" type="stmt"/>
      </file>
    </package>
  </project>
</coverage>
