{"/Users/arnab/workspace/rudder-transformer/logger.js": {"path":"/Users/arnab/workspace/rudder-transformer/logger.js","statementMap":{"0":{"start":{"line":1,"column":19},"end":{"line":1,"column":20}},"1":{"start":{"line":2,"column":18},"end":{"line":2,"column":19}},"2":{"start":{"line":3,"column":19},"end":{"line":3,"column":20}},"3":{"start":{"line":4,"column":18},"end":{"line":4,"column":19}},"4":{"start":{"line":6,"column":17},"end":{"line":8,"column":13}},"5":{"start":{"line":10,"column":14},"end":{"line":14,"column":1}},"6":{"start":{"line":11,"column":2},"end":{"line":13,"column":3}},"7":{"start":{"line":12,"column":4},"end":{"line":12,"column":39}},"8":{"start":{"line":16,"column":13},"end":{"line":20,"column":1}},"9":{"start":{"line":17,"column":2},"end":{"line":19,"column":3}},"10":{"start":{"line":18,"column":4},"end":{"line":18,"column":38}},"11":{"start":{"line":22,"column":14},"end":{"line":26,"column":1}},"12":{"start":{"line":23,"column":2},"end":{"line":25,"column":3}},"13":{"start":{"line":24,"column":4},"end":{"line":24,"column":39}},"14":{"start":{"line":28,"column":0},"end":{"line":32,"column":2}}},"fnMap":{"0":{"name":"(anonymous_0)","decl":{"start":{"line":10,"column":14},"end":{"line":10,"column":15}},"loc":{"start":{"line":10,"column":42},"end":{"line":14,"column":1}},"line":10},"1":{"name":"(anonymous_1)","decl":{"start":{"line":16,"column":13},"end":{"line":16,"column":14}},"loc":{"start":{"line":16,"column":41},"end":{"line":20,"column":1}},"line":16},"2":{"name":"(anonymous_2)","decl":{"start":{"line":22,"column":14},"end":{"line":22,"column":15}},"loc":{"start":{"line":22,"column":42},"end":{"line":26,"column":1}},"line":22}},"branchMap":{"0":{"loc":{"start":{"line":6,"column":17},"end":{"line":8,"column":13}},"type":"cond-expr","locations":[{"start":{"line":7,"column":4},"end":{"line":7,"column":39}},{"start":{"line":8,"column":4},"end":{"line":8,"column":13}}],"line":6},"1":{"loc":{"start":{"line":11,"column":2},"end":{"line":13,"column":3}},"type":"if","locations":[{"start":{"line":11,"column":2},"end":{"line":13,"column":3}},{"start":{"line":11,"column":2},"end":{"line":13,"column":3}}],"line":11},"2":{"loc":{"start":{"line":17,"column":2},"end":{"line":19,"column":3}},"type":"if","locations":[{"start":{"line":17,"column":2},"end":{"line":19,"column":3}},{"start":{"line":17,"column":2},"end":{"line":19,"column":3}}],"line":17},"3":{"loc":{"start":{"line":23,"column":2},"end":{"line":25,"column":3}},"type":"if","locations":[{"start":{"line":23,"column":2},"end":{"line":25,"column":3}},{"start":{"line":23,"column":2},"end":{"line":25,"column":3}}],"line":23}},"s":{"0":2,"1":2,"2":2,"3":2,"4":2,"5":2,"6":25,"7":0,"8":2,"9":14,"10":0,"11":2,"12":0,"13":0,"14":2},"f":{"0":25,"1":14,"2":0},"b":{"0":[0,2],"1":[0,25],"2":[0,14],"3":[0,0]},"_coverageSchema":"1a1c01bbd47fc00a2c39e90264f33305004495a9","hash":"72ede762858f184140be18ca39b6f3ea76e06cae"}
,"/Users/arnab/workspace/rudder-transformer/constants/index.js": {"path":"/Users/arnab/workspace/rudder-transformer/constants/index.js","statementMap":{"0":{"start":{"line":1,"column":18},"end":{"line":10,"column":1}},"1":{"start":{"line":12,"column":16},"end":{"line":18,"column":1}},"2":{"start":{"line":20,"column":22},"end":{"line":22,"column":1}},"3":{"start":{"line":24,"column":21},"end":{"line":24,"column":32}},"4":{"start":{"line":26,"column":0},"end":{"line":30,"column":2}}},"fnMap":{},"branchMap":{},"s":{"0":20,"1":20,"2":20,"3":20,"4":20},"f":{},"b":{},"_coverageSchema":"1a1c01bbd47fc00a2c39e90264f33305004495a9","hash":"5b51f788468b9a4fc21ff62b566404fa3804dcd4"}
,"/Users/arnab/workspace/rudder-transformer/util/customTransformer.js": {"path":"/Users/arnab/workspace/rudder-transformer/util/customTransformer.js","statementMap":{"0":{"start":{"line":1,"column":12},"end":{"line":1,"column":34}},"1":{"start":{"line":2,"column":14},"end":{"line":2,"column":35}},"2":{"start":{"line":3,"column":10},"end":{"line":3,"column":27}},"3":{"start":{"line":4,"column":34},"end":{"line":4,"column":74}},"4":{"start":{"line":8,"column":18},"end":{"line":8,"column":55}},"5":{"start":{"line":9,"column":18},"end":{"line":9,"column":47}},"6":{"start":{"line":10,"column":15},"end":{"line":10,"column":29}},"7":{"start":{"line":13,"column":2},"end":{"line":13,"column":45}},"8":{"start":{"line":17,"column":2},"end":{"line":17,"column":30}},"9":{"start":{"line":18,"column":2},"end":{"line":33,"column":4}},"10":{"start":{"line":21,"column":6},"end":{"line":31,"column":7}},"11":{"start":{"line":22,"column":20},"end":{"line":22,"column":40}},"12":{"start":{"line":23,"column":21},"end":{"line":23,"column":37}},"13":{"start":{"line":24,"column":8},"end":{"line":26,"column":11}},"14":{"start":{"line":28,"column":8},"end":{"line":30,"column":11}},"15":{"start":{"line":35,"column":2},"end":{"line":40,"column":4}},"16":{"start":{"line":42,"column":2},"end":{"line":48,"column":4}},"17":{"start":{"line":45,"column":28},"end":{"line":45,"column":67}},"18":{"start":{"line":46,"column":6},"end":{"line":46,"column":60}},"19":{"start":{"line":50,"column":20},"end":{"line":128,"column":3}},"20":{"start":{"line":131,"column":32},"end":{"line":131,"column":60}},"21":{"start":{"line":133,"column":23},"end":{"line":133,"column":61}},"22":{"start":{"line":134,"column":2},"end":{"line":134,"column":34}},"23":{"start":{"line":135,"column":16},"end":{"line":135,"column":43}},"24":{"start":{"line":136,"column":27},"end":{"line":149,"column":4}},"25":{"start":{"line":137,"column":31},"end":{"line":139,"column":6}},"26":{"start":{"line":140,"column":4},"end":{"line":148,"column":5}},"27":{"start":{"line":141,"column":6},"end":{"line":145,"column":9}},"28":{"start":{"line":147,"column":6},"end":{"line":147,"column":28}},"29":{"start":{"line":151,"column":2},"end":{"line":165,"column":3}},"30":{"start":{"line":152,"column":27},"end":{"line":157,"column":6}},"31":{"start":{"line":153,"column":19},"end":{"line":156,"column":14}},"32":{"start":{"line":154,"column":8},"end":{"line":154,"column":27}},"33":{"start":{"line":155,"column":8},"end":{"line":155,"column":28}},"34":{"start":{"line":158,"column":4},"end":{"line":158,"column":68}},"35":{"start":{"line":159,"column":4},"end":{"line":161,"column":5}},"36":{"start":{"line":160,"column":6},"end":{"line":160,"column":35}},"37":{"start":{"line":163,"column":4},"end":{"line":163,"column":22}},"38":{"start":{"line":164,"column":4},"end":{"line":164,"column":16}},"39":{"start":{"line":166,"column":2},"end":{"line":166,"column":20}},"40":{"start":{"line":167,"column":2},"end":{"line":167,"column":16}},"41":{"start":{"line":171,"column":2},"end":{"line":210,"column":3}},"42":{"start":{"line":174,"column":25},"end":{"line":174,"column":44}},"43":{"start":{"line":175,"column":4},"end":{"line":175,"column":53}},"44":{"start":{"line":175,"column":18},"end":{"line":175,"column":53}},"45":{"start":{"line":176,"column":4},"end":{"line":209,"column":5}},"46":{"start":{"line":177,"column":18},"end":{"line":177,"column":56}},"47":{"start":{"line":178,"column":6},"end":{"line":199,"column":7}},"48":{"start":{"line":181,"column":32},"end":{"line":181,"column":51}},"49":{"start":{"line":182,"column":30},"end":{"line":182,"column":64}},"50":{"start":{"line":182,"column":50},"end":{"line":182,"column":63}},"51":{"start":{"line":183,"column":31},"end":{"line":183,"column":33}},"52":{"start":{"line":184,"column":8},"end":{"line":186,"column":11}},"53":{"start":{"line":185,"column":10},"end":{"line":185,"column":61}},"54":{"start":{"line":188,"column":38},"end":{"line":192,"column":9}},"55":{"start":{"line":193,"column":32},"end":{"line":197,"column":11}},"56":{"start":{"line":193,"column":64},"end":{"line":197,"column":9}},"57":{"start":{"line":198,"column":8},"end":{"line":198,"column":31}},"58":{"start":{"line":202,"column":6},"end":{"line":208,"column":8}},"59":{"start":{"line":211,"column":2},"end":{"line":211,"column":16}},"60":{"start":{"line":214,"column":0},"end":{"line":214,"column":52}}},"fnMap":{"0":{"name":"runUserTransform","decl":{"start":{"line":6,"column":15},"end":{"line":6,"column":31}},"loc":{"start":{"line":6,"column":62},"end":{"line":168,"column":1}},"line":6},"1":{"name":"(anonymous_1)","decl":{"start":{"line":20,"column":22},"end":{"line":20,"column":23}},"loc":{"start":{"line":20,"column":55},"end":{"line":32,"column":5}},"line":20},"2":{"name":"(anonymous_2)","decl":{"start":{"line":37,"column":22},"end":{"line":37,"column":23}},"loc":{"start":{"line":37,"column":40},"end":{"line":39,"column":5}},"line":37},"3":{"name":"(anonymous_3)","decl":{"start":{"line":44,"column":22},"end":{"line":44,"column":23}},"loc":{"start":{"line":44,"column":40},"end":{"line":47,"column":5}},"line":44},"4":{"name":"(anonymous_4)","decl":{"start":{"line":136,"column":39},"end":{"line":136,"column":40}},"loc":{"start":{"line":136,"column":66},"end":{"line":149,"column":3}},"line":136},"5":{"name":"(anonymous_5)","decl":{"start":{"line":152,"column":39},"end":{"line":152,"column":40}},"loc":{"start":{"line":152,"column":60},"end":{"line":157,"column":5}},"line":152},"6":{"name":"(anonymous_6)","decl":{"start":{"line":153,"column":30},"end":{"line":153,"column":31}},"loc":{"start":{"line":153,"column":36},"end":{"line":156,"column":7}},"line":153},"7":{"name":"userTransformHandler","decl":{"start":{"line":170,"column":15},"end":{"line":170,"column":35}},"loc":{"start":{"line":170,"column":55},"end":{"line":212,"column":1}},"line":170},"8":{"name":"(anonymous_8)","decl":{"start":{"line":182,"column":41},"end":{"line":182,"column":42}},"loc":{"start":{"line":182,"column":50},"end":{"line":182,"column":63}},"line":182},"9":{"name":"(anonymous_9)","decl":{"start":{"line":184,"column":23},"end":{"line":184,"column":24}},"loc":{"start":{"line":184,"column":36},"end":{"line":186,"column":9}},"line":184},"10":{"name":"(anonymous_10)","decl":{"start":{"line":193,"column":58},"end":{"line":193,"column":59}},"loc":{"start":{"line":193,"column":64},"end":{"line":197,"column":9}},"line":193}},"branchMap":{"0":{"loc":{"start":{"line":45,"column":28},"end":{"line":45,"column":67}},"type":"binary-expr","locations":[{"start":{"line":45,"column":28},"end":{"line":45,"column":61}},{"start":{"line":45,"column":65},"end":{"line":45,"column":67}}],"line":45},"1":{"loc":{"start":{"line":159,"column":4},"end":{"line":161,"column":5}},"type":"if","locations":[{"start":{"line":159,"column":4},"end":{"line":161,"column":5}},{"start":{"line":159,"column":4},"end":{"line":161,"column":5}}],"line":159},"2":{"loc":{"start":{"line":171,"column":2},"end":{"line":210,"column":3}},"type":"if","locations":[{"start":{"line":171,"column":2},"end":{"line":210,"column":3}},{"start":{"line":171,"column":2},"end":{"line":210,"column":3}}],"line":171},"3":{"loc":{"start":{"line":174,"column":25},"end":{"line":174,"column":44}},"type":"binary-expr","locations":[{"start":{"line":174,"column":25},"end":{"line":174,"column":31}},{"start":{"line":174,"column":35},"end":{"line":174,"column":44}}],"line":174},"4":{"loc":{"start":{"line":175,"column":4},"end":{"line":175,"column":53}},"type":"if","locations":[{"start":{"line":175,"column":4},"end":{"line":175,"column":53}},{"start":{"line":175,"column":4},"end":{"line":175,"column":53}}],"line":175},"5":{"loc":{"start":{"line":178,"column":6},"end":{"line":199,"column":7}},"type":"if","locations":[{"start":{"line":178,"column":6},"end":{"line":199,"column":7}},{"start":{"line":178,"column":6},"end":{"line":199,"column":7}}],"line":178},"6":{"loc":{"start":{"line":181,"column":32},"end":{"line":181,"column":51}},"type":"binary-expr","locations":[{"start":{"line":181,"column":32},"end":{"line":181,"column":38}},{"start":{"line":181,"column":42},"end":{"line":181,"column":51}}],"line":181}},"s":{"0":1,"1":1,"2":1,"3":1,"4":2,"5":2,"6":2,"7":2,"8":2,"9":2,"10":0,"11":0,"12":0,"13":0,"14":0,"15":2,"16":2,"17":1,"18":1,"19":2,"20":2,"21":2,"22":2,"23":2,"24":2,"25":2,"26":2,"27":2,"28":0,"29":2,"30":2,"31":2,"32":0,"33":0,"34":2,"35":2,"36":0,"37":0,"38":0,"39":2,"40":2,"41":2,"42":2,"43":2,"44":1,"45":2,"46":2,"47":2,"48":2,"49":2,"50":6,"51":2,"52":2,"53":6,"54":2,"55":2,"56":4,"57":2,"58":0,"59":0,"60":1},"f":{"0":2,"1":0,"2":2,"3":1,"4":2,"5":2,"6":0,"7":2,"8":6,"9":6,"10":4},"b":{"0":[1,0],"1":[0,2],"2":[2,0],"3":[2,2],"4":[1,1],"5":[2,0],"6":[2,2]},"_coverageSchema":"1a1c01bbd47fc00a2c39e90264f33305004495a9","hash":"706ef9e6008b73930cc0e768a65ac715527090ca"}
,"/Users/arnab/workspace/rudder-transformer/util/customTransforrmationsStore.js": {"path":"/Users/arnab/workspace/rudder-transformer/util/customTransforrmationsStore.js","statementMap":{"0":{"start":{"line":1,"column":14},"end":{"line":1,"column":35}},"1":{"start":{"line":2,"column":18},"end":{"line":2,"column":39}},"2":{"start":{"line":4,"column":16},"end":{"line":4,"column":67}},"3":{"start":{"line":6,"column":2},"end":{"line":6,"column":64}},"4":{"start":{"line":7,"column":29},"end":{"line":7,"column":82}},"5":{"start":{"line":13,"column":25},"end":{"line":13,"column":47}},"6":{"start":{"line":14,"column":2},"end":{"line":14,"column":44}},"7":{"start":{"line":14,"column":22},"end":{"line":14,"column":44}},"8":{"start":{"line":15,"column":2},"end":{"line":25,"column":3}},"9":{"start":{"line":16,"column":21},"end":{"line":18,"column":5}},"10":{"start":{"line":19,"column":19},"end":{"line":19,"column":40}},"11":{"start":{"line":20,"column":4},"end":{"line":20,"column":43}},"12":{"start":{"line":21,"column":4},"end":{"line":21,"column":18}},"13":{"start":{"line":23,"column":4},"end":{"line":23,"column":25}},"14":{"start":{"line":24,"column":4},"end":{"line":24,"column":16}},"15":{"start":{"line":28,"column":0},"end":{"line":28,"column":54}}},"fnMap":{"0":{"name":"getTransformationCode","decl":{"start":{"line":12,"column":15},"end":{"line":12,"column":36}},"loc":{"start":{"line":12,"column":48},"end":{"line":26,"column":1}},"line":12}},"branchMap":{"0":{"loc":{"start":{"line":6,"column":2},"end":{"line":6,"column":64}},"type":"binary-expr","locations":[{"start":{"line":6,"column":2},"end":{"line":6,"column":32}},{"start":{"line":6,"column":36},"end":{"line":6,"column":64}}],"line":6},"1":{"loc":{"start":{"line":14,"column":2},"end":{"line":14,"column":44}},"type":"if","locations":[{"start":{"line":14,"column":2},"end":{"line":14,"column":44}},{"start":{"line":14,"column":2},"end":{"line":14,"column":44}}],"line":14}},"s":{"0":1,"1":1,"2":1,"3":1,"4":1,"5":2,"6":2,"7":0,"8":2,"9":2,"10":2,"11":2,"12":2,"13":0,"14":0,"15":1},"f":{"0":2},"b":{"0":[1,1],"1":[0,2]},"_coverageSchema":"1a1c01bbd47fc00a2c39e90264f33305004495a9","hash":"f3a597d3033b79faf02ad235c7386a49c782903d"}
,"/Users/arnab/workspace/rudder-transformer/v0/destinations/util.js": {"path":"/Users/arnab/workspace/rudder-transformer/v0/destinations/util.js","statementMap":{"0":{"start":{"line":2,"column":11},"end":{"line":2,"column":24}},"1":{"start":{"line":3,"column":13},"end":{"line":3,"column":28}},"2":{"start":{"line":4,"column":10},"end":{"line":4,"column":27}},"3":{"start":{"line":5,"column":12},"end":{"line":5,"column":32}},"4":{"start":{"line":7,"column":14},"end":{"line":13,"column":1}},"5":{"start":{"line":8,"column":2},"end":{"line":12,"column":25}},"6":{"start":{"line":15,"column":25},"end":{"line":25,"column":1}},"7":{"start":{"line":16,"column":24},"end":{"line":16,"column":26}},"8":{"start":{"line":17,"column":23},"end":{"line":17,"column":42}},"9":{"start":{"line":18,"column":2},"end":{"line":23,"column":5}},"10":{"start":{"line":19,"column":21},"end":{"line":19,"column":40}},"11":{"start":{"line":20,"column":4},"end":{"line":22,"column":6}},"12":{"start":{"line":24,"column":2},"end":{"line":24,"column":23}},"13":{"start":{"line":27,"column":20},"end":{"line":30,"column":1}},"14":{"start":{"line":28,"column":15},"end":{"line":28,"column":25}},"15":{"start":{"line":29,"column":2},"end":{"line":29,"column":65}},"16":{"start":{"line":32,"column":18},"end":{"line":32,"column":40}},"17":{"start":{"line":32,"column":23},"end":{"line":32,"column":40}},"18":{"start":{"line":33,"column":18},"end":{"line":33,"column":32}},"19":{"start":{"line":33,"column":23},"end":{"line":33,"column":32}},"20":{"start":{"line":34,"column":28},"end":{"line":34,"column":61}},"21":{"start":{"line":34,"column":33},"end":{"line":34,"column":61}},"22":{"start":{"line":36,"column":23},"end":{"line":46,"column":1}},"23":{"start":{"line":37,"column":2},"end":{"line":43,"column":5}},"24":{"start":{"line":38,"column":4},"end":{"line":40,"column":5}},"25":{"start":{"line":39,"column":6},"end":{"line":39,"column":32}},"26":{"start":{"line":42,"column":4},"end":{"line":42,"column":29}},"27":{"start":{"line":45,"column":2},"end":{"line":45,"column":13}},"28":{"start":{"line":48,"column":24},"end":{"line":57,"column":1}},"29":{"start":{"line":49,"column":12},"end":{"line":49,"column":26}},"30":{"start":{"line":50,"column":12},"end":{"line":50,"column":38}},"31":{"start":{"line":51,"column":10},"end":{"line":51,"column":39}},"32":{"start":{"line":52,"column":10},"end":{"line":52,"column":32}},"33":{"start":{"line":53,"column":2},"end":{"line":53,"column":33}},"34":{"start":{"line":54,"column":2},"end":{"line":54,"column":33}},"35":{"start":{"line":55,"column":19},"end":{"line":55,"column":28}},"36":{"start":{"line":56,"column":2},"end":{"line":56,"column":18}},"37":{"start":{"line":59,"column":30},"end":{"line":59,"column":61}},"38":{"start":{"line":59,"column":37},"end":{"line":59,"column":61}},"39":{"start":{"line":60,"column":25},"end":{"line":60,"column":56}},"40":{"start":{"line":60,"column":32},"end":{"line":60,"column":56}},"41":{"start":{"line":61,"column":37},"end":{"line":61,"column":78}},"42":{"start":{"line":61,"column":44},"end":{"line":61,"column":78}},"43":{"start":{"line":63,"column":22},"end":{"line":70,"column":1}},"44":{"start":{"line":64,"column":2},"end":{"line":68,"column":5}},"45":{"start":{"line":65,"column":4},"end":{"line":67,"column":5}},"46":{"start":{"line":66,"column":6},"end":{"line":66,"column":43}},"47":{"start":{"line":69,"column":2},"end":{"line":69,"column":17}},"48":{"start":{"line":72,"column":32},"end":{"line":75,"column":1}},"49":{"start":{"line":77,"column":33},"end":{"line":80,"column":1}},"50":{"start":{"line":82,"column":35},"end":{"line":85,"column":1}},"51":{"start":{"line":86,"column":32},"end":{"line":89,"column":1}},"52":{"start":{"line":91,"column":29},"end":{"line":106,"column":1}},"53":{"start":{"line":92,"column":2},"end":{"line":105,"column":4}},"54":{"start":{"line":110,"column":18},"end":{"line":118,"column":3}},"55":{"start":{"line":119,"column":2},"end":{"line":119,"column":29}},"56":{"start":{"line":122,"column":0},"end":{"line":138,"column":2}}},"fnMap":{"0":{"name":"(anonymous_0)","decl":{"start":{"line":7,"column":14},"end":{"line":7,"column":15}},"loc":{"start":{"line":7,"column":41},"end":{"line":13,"column":1}},"line":7},"1":{"name":"(anonymous_1)","decl":{"start":{"line":15,"column":25},"end":{"line":15,"column":26}},"loc":{"start":{"line":15,"column":42},"end":{"line":25,"column":1}},"line":15},"2":{"name":"(anonymous_2)","decl":{"start":{"line":18,"column":23},"end":{"line":18,"column":24}},"loc":{"start":{"line":18,"column":38},"end":{"line":23,"column":3}},"line":18},"3":{"name":"(anonymous_3)","decl":{"start":{"line":27,"column":20},"end":{"line":27,"column":21}},"loc":{"start":{"line":27,"column":27},"end":{"line":30,"column":1}},"line":27},"4":{"name":"(anonymous_4)","decl":{"start":{"line":32,"column":18},"end":{"line":32,"column":19}},"loc":{"start":{"line":32,"column":23},"end":{"line":32,"column":40}},"line":32},"5":{"name":"(anonymous_5)","decl":{"start":{"line":33,"column":18},"end":{"line":33,"column":19}},"loc":{"start":{"line":33,"column":23},"end":{"line":33,"column":32}},"line":33},"6":{"name":"(anonymous_6)","decl":{"start":{"line":34,"column":28},"end":{"line":34,"column":29}},"loc":{"start":{"line":34,"column":33},"end":{"line":34,"column":61}},"line":34},"7":{"name":"(anonymous_7)","decl":{"start":{"line":36,"column":23},"end":{"line":36,"column":24}},"loc":{"start":{"line":36,"column":30},"end":{"line":46,"column":1}},"line":36},"8":{"name":"(anonymous_8)","decl":{"start":{"line":37,"column":27},"end":{"line":37,"column":28}},"loc":{"start":{"line":37,"column":34},"end":{"line":43,"column":3}},"line":37},"9":{"name":"(anonymous_9)","decl":{"start":{"line":48,"column":24},"end":{"line":48,"column":25}},"loc":{"start":{"line":48,"column":32},"end":{"line":57,"column":1}},"line":48},"10":{"name":"(anonymous_10)","decl":{"start":{"line":59,"column":30},"end":{"line":59,"column":31}},"loc":{"start":{"line":59,"column":37},"end":{"line":59,"column":61}},"line":59},"11":{"name":"(anonymous_11)","decl":{"start":{"line":60,"column":25},"end":{"line":60,"column":26}},"loc":{"start":{"line":60,"column":32},"end":{"line":60,"column":56}},"line":60},"12":{"name":"(anonymous_12)","decl":{"start":{"line":61,"column":37},"end":{"line":61,"column":38}},"loc":{"start":{"line":61,"column":44},"end":{"line":61,"column":78}},"line":61},"13":{"name":"(anonymous_13)","decl":{"start":{"line":63,"column":22},"end":{"line":63,"column":23}},"loc":{"start":{"line":63,"column":71},"end":{"line":70,"column":1}},"line":63},"14":{"name":"(anonymous_14)","decl":{"start":{"line":64,"column":22},"end":{"line":64,"column":23}},"loc":{"start":{"line":64,"column":29},"end":{"line":68,"column":3}},"line":64},"15":{"name":"(anonymous_15)","decl":{"start":{"line":91,"column":29},"end":{"line":91,"column":30}},"loc":{"start":{"line":91,"column":35},"end":{"line":106,"column":1}},"line":91},"16":{"name":"isURL","decl":{"start":{"line":109,"column":9},"end":{"line":109,"column":14}},"loc":{"start":{"line":109,"column":20},"end":{"line":120,"column":1}},"line":109}},"branchMap":{"0":{"loc":{"start":{"line":8,"column":17},"end":{"line":12,"column":24}},"type":"cond-expr","locations":[{"start":{"line":9,"column":6},"end":{"line":11,"column":26}},{"start":{"line":12,"column":6},"end":{"line":12,"column":24}}],"line":8},"1":{"loc":{"start":{"line":9,"column":6},"end":{"line":11,"column":26}},"type":"cond-expr","locations":[{"start":{"line":10,"column":8},"end":{"line":10,"column":26}},{"start":{"line":11,"column":8},"end":{"line":11,"column":26}}],"line":9},"2":{"loc":{"start":{"line":29,"column":9},"end":{"line":29,"column":64}},"type":"binary-expr","locations":[{"start":{"line":29,"column":9},"end":{"line":29,"column":20}},{"start":{"line":29,"column":25},"end":{"line":29,"column":41}},{"start":{"line":29,"column":45},"end":{"line":29,"column":63}}],"line":29},"3":{"loc":{"start":{"line":34,"column":33},"end":{"line":34,"column":61}},"type":"binary-expr","locations":[{"start":{"line":34,"column":33},"end":{"line":34,"column":45}},{"start":{"line":34,"column":49},"end":{"line":34,"column":61}}],"line":34},"4":{"loc":{"start":{"line":38,"column":4},"end":{"line":40,"column":5}},"type":"if","locations":[{"start":{"line":38,"column":4},"end":{"line":40,"column":5}},{"start":{"line":38,"column":4},"end":{"line":40,"column":5}}],"line":38},"5":{"loc":{"start":{"line":53,"column":2},"end":{"line":53,"column":32}},"type":"binary-expr","locations":[{"start":{"line":53,"column":2},"end":{"line":53,"column":15}},{"start":{"line":53,"column":20},"end":{"line":53,"column":31}}],"line":53},"6":{"loc":{"start":{"line":54,"column":2},"end":{"line":54,"column":32}},"type":"binary-expr","locations":[{"start":{"line":54,"column":2},"end":{"line":54,"column":15}},{"start":{"line":54,"column":20},"end":{"line":54,"column":31}}],"line":54},"7":{"loc":{"start":{"line":65,"column":4},"end":{"line":67,"column":5}},"type":"if","locations":[{"start":{"line":65,"column":4},"end":{"line":67,"column":5}},{"start":{"line":65,"column":4},"end":{"line":67,"column":5}}],"line":65}},"s":{"0":22,"1":22,"2":22,"3":22,"4":22,"5":8,"6":22,"7":10,"8":10,"9":10,"10":38,"11":38,"12":10,"13":22,"14":0,"15":0,"16":22,"17":542,"18":22,"19":54,"20":22,"21":64,"22":22,"23":0,"24":0,"25":0,"26":0,"27":0,"28":22,"29":0,"30":0,"31":0,"32":0,"33":0,"34":0,"35":0,"36":0,"37":22,"38":61,"39":22,"40":0,"41":22,"42":19,"43":22,"44":4,"45":13,"46":2,"47":4,"48":22,"49":22,"50":22,"51":22,"52":22,"53":94,"54":0,"55":0,"56":22},"f":{"0":8,"1":10,"2":38,"3":0,"4":542,"5":54,"6":64,"7":0,"8":0,"9":0,"10":61,"11":0,"12":19,"13":4,"14":13,"15":94,"16":0},"b":{"0":[8,0],"1":[5,3],"2":[0,0,0],"3":[64,54],"4":[0,0],"5":[0,0],"6":[0,0],"7":[2,11]},"_coverageSchema":"1a1c01bbd47fc00a2c39e90264f33305004495a9","hash":"e4b40d25d86f5c3d1ae324c14318c4cae14e24e4"}
,"/Users/arnab/workspace/rudder-transformer/v0/destinations/af/config.js": {"path":"/Users/arnab/workspace/rudder-transformer/v0/destinations/af/config.js","statementMap":{"0":{"start":{"line":1,"column":29},"end":{"line":1,"column":47}},"1":{"start":{"line":3,"column":23},"end":{"line":19,"column":1}},"2":{"start":{"line":21,"column":14},"end":{"line":57,"column":1}},"3":{"start":{"line":59,"column":17},"end":{"line":59,"column":57}},"4":{"start":{"line":61,"column":22},"end":{"line":61,"column":65}},"5":{"start":{"line":63,"column":23},"end":{"line":63,"column":25}},"6":{"start":{"line":64,"column":15},"end":{"line":64,"column":33}},"7":{"start":{"line":65,"column":0},"end":{"line":67,"column":3}},"8":{"start":{"line":66,"column":2},"end":{"line":66,"column":51}},"9":{"start":{"line":69,"column":0},"end":{"line":75,"column":2}}},"fnMap":{"0":{"name":"(anonymous_0)","decl":{"start":{"line":65,"column":15},"end":{"line":65,"column":16}},"loc":{"start":{"line":65,"column":24},"end":{"line":67,"column":1}},"line":65}},"branchMap":{},"s":{"0":1,"1":1,"2":1,"3":1,"4":1,"5":1,"6":1,"7":1,"8":7,"9":1},"f":{"0":7},"b":{},"_coverageSchema":"1a1c01bbd47fc00a2c39e90264f33305004495a9","hash":"8c6c815a08420d8172316c72037ef96a11626999"}
,"/Users/arnab/workspace/rudder-transformer/v0/destinations/af/transform.js": {"path":"/Users/arnab/workspace/rudder-transformer/v0/destinations/af/transform.js","statementMap":{"0":{"start":{"line":1,"column":12},"end":{"line":1,"column":32}},"1":{"start":{"line":2,"column":12},"end":{"line":2,"column":32}},"2":{"start":{"line":4,"column":22},"end":{"line":4,"column":51}},"3":{"start":{"line":9,"column":4},"end":{"line":9,"column":22}},"4":{"start":{"line":17,"column":4},"end":{"line":17,"column":23}},"5":{"start":{"line":20,"column":19},"end":{"line":20,"column":59}},"6":{"start":{"line":22,"column":21},"end":{"line":26,"column":15}},"7":{"start":{"line":28,"column":2},"end":{"line":28,"column":64}},"8":{"start":{"line":30,"column":25},"end":{"line":36,"column":3}},"9":{"start":{"line":38,"column":19},"end":{"line":38,"column":41}},"10":{"start":{"line":39,"column":2},"end":{"line":39,"column":31}},"11":{"start":{"line":40,"column":2},"end":{"line":43,"column":4}},"12":{"start":{"line":44,"column":2},"end":{"line":44,"column":59}},"13":{"start":{"line":45,"column":2},"end":{"line":45,"column":40}},"14":{"start":{"line":46,"column":2},"end":{"line":46,"column":61}},"15":{"start":{"line":47,"column":2},"end":{"line":47,"column":18}},"16":{"start":{"line":51,"column":2},"end":{"line":53,"column":4}},"17":{"start":{"line":57,"column":21},"end":{"line":57,"column":23}},"18":{"start":{"line":58,"column":2},"end":{"line":58,"column":52}},"19":{"start":{"line":60,"column":21},"end":{"line":60,"column":45}},"20":{"start":{"line":61,"column":2},"end":{"line":63,"column":5}},"21":{"start":{"line":62,"column":4},"end":{"line":62,"column":69}},"22":{"start":{"line":65,"column":2},"end":{"line":79,"column":3}},"23":{"start":{"line":66,"column":23},"end":{"line":66,"column":25}},"24":{"start":{"line":67,"column":23},"end":{"line":67,"column":25}},"25":{"start":{"line":68,"column":19},"end":{"line":68,"column":21}},"26":{"start":{"line":69,"column":4},"end":{"line":73,"column":7}},"27":{"start":{"line":70,"column":6},"end":{"line":70,"column":42}},"28":{"start":{"line":71,"column":6},"end":{"line":71,"column":40}},"29":{"start":{"line":72,"column":6},"end":{"line":72,"column":33}},"30":{"start":{"line":74,"column":4},"end":{"line":78,"column":6}},"31":{"start":{"line":80,"column":2},"end":{"line":80,"column":20}},"32":{"start":{"line":84,"column":18},"end":{"line":84,"column":65}},"33":{"start":{"line":85,"column":2},"end":{"line":85,"column":32}},"34":{"start":{"line":86,"column":2},"end":{"line":86,"column":17}},"35":{"start":{"line":90,"column":23},"end":{"line":90,"column":27}},"36":{"start":{"line":91,"column":28},"end":{"line":91,"column":33}},"37":{"start":{"line":92,"column":17},"end":{"line":92,"column":44}},"38":{"start":{"line":93,"column":17},"end":{"line":93,"column":39}},"39":{"start":{"line":94,"column":20},"end":{"line":94,"column":40}},"40":{"start":{"line":96,"column":2},"end":{"line":112,"column":3}},"41":{"start":{"line":104,"column":6},"end":{"line":104,"column":49}},"42":{"start":{"line":105,"column":6},"end":{"line":105,"column":12}},"43":{"start":{"line":108,"column":6},"end":{"line":108,"column":29}},"44":{"start":{"line":109,"column":6},"end":{"line":109,"column":33}},"45":{"start":{"line":110,"column":6},"end":{"line":110,"column":12}},"46":{"start":{"line":114,"column":2},"end":{"line":122,"column":3}},"47":{"start":{"line":115,"column":4},"end":{"line":115,"column":62}},"48":{"start":{"line":117,"column":4},"end":{"line":121,"column":6}},"49":{"start":{"line":123,"column":2},"end":{"line":123,"column":32}},"50":{"start":{"line":125,"column":2},"end":{"line":125,"column":17}},"51":{"start":{"line":129,"column":22},"end":{"line":129,"column":48}},"52":{"start":{"line":131,"column":2},"end":{"line":149,"column":3}},"53":{"start":{"line":133,"column":6},"end":{"line":133,"column":60}},"54":{"start":{"line":134,"column":6},"end":{"line":134,"column":12}},"55":{"start":{"line":137,"column":24},"end":{"line":137,"column":40}},"56":{"start":{"line":138,"column":6},"end":{"line":138,"column":71}},"57":{"start":{"line":139,"column":6},"end":{"line":139,"column":12}},"58":{"start":{"line":142,"column":24},"end":{"line":142,"column":38}},"59":{"start":{"line":143,"column":6},"end":{"line":143,"column":71}},"60":{"start":{"line":144,"column":6},"end":{"line":144,"column":12}},"61":{"start":{"line":148,"column":6},"end":{"line":148,"column":70}},"62":{"start":{"line":150,"column":2},"end":{"line":150,"column":62}},"63":{"start":{"line":154,"column":15},"end":{"line":154,"column":69}},"64":{"start":{"line":155,"column":2},"end":{"line":157,"column":3}},"65":{"start":{"line":156,"column":4},"end":{"line":156,"column":26}},"66":{"start":{"line":158,"column":2},"end":{"line":158,"column":14}},"67":{"start":{"line":161,"column":0},"end":{"line":161,"column":26}}},"fnMap":{"0":{"name":"responseBuilderSimple","decl":{"start":{"line":19,"column":9},"end":{"line":19,"column":30}},"loc":{"start":{"line":19,"column":62},"end":{"line":48,"column":1}},"line":19},"1":{"name":"getEventValueForUnIdentifiedTrackEvent","decl":{"start":{"line":50,"column":9},"end":{"line":50,"column":47}},"loc":{"start":{"line":50,"column":57},"end":{"line":54,"column":1}},"line":50},"2":{"name":"getEventValueMapFromMappingJson","decl":{"start":{"line":56,"column":9},"end":{"line":56,"column":40}},"loc":{"start":{"line":56,"column":79},"end":{"line":81,"column":1}},"line":56},"3":{"name":"(anonymous_3)","decl":{"start":{"line":61,"column":21},"end":{"line":61,"column":22}},"loc":{"start":{"line":61,"column":34},"end":{"line":63,"column":3}},"line":61},"4":{"name":"(anonymous_4)","decl":{"start":{"line":69,"column":29},"end":{"line":69,"column":30}},"loc":{"start":{"line":69,"column":40},"end":{"line":73,"column":5}},"line":69},"5":{"name":"processNonTrackEvents","decl":{"start":{"line":83,"column":9},"end":{"line":83,"column":30}},"loc":{"start":{"line":83,"column":64},"end":{"line":87,"column":1}},"line":83},"6":{"name":"processEventTypeTrack","decl":{"start":{"line":89,"column":9},"end":{"line":89,"column":30}},"loc":{"start":{"line":89,"column":53},"end":{"line":126,"column":1}},"line":89},"7":{"name":"processSingleMessage","decl":{"start":{"line":128,"column":9},"end":{"line":128,"column":29}},"loc":{"start":{"line":128,"column":52},"end":{"line":151,"column":1}},"line":128},"8":{"name":"process","decl":{"start":{"line":153,"column":9},"end":{"line":153,"column":16}},"loc":{"start":{"line":153,"column":24},"end":{"line":159,"column":1}},"line":153}},"branchMap":{"0":{"loc":{"start":{"line":22,"column":21},"end":{"line":26,"column":15}},"type":"cond-expr","locations":[{"start":{"line":23,"column":6},"end":{"line":25,"column":17}},{"start":{"line":26,"column":6},"end":{"line":26,"column":15}}],"line":22},"1":{"loc":{"start":{"line":23,"column":6},"end":{"line":25,"column":17}},"type":"cond-expr","locations":[{"start":{"line":24,"column":8},"end":{"line":24,"column":43}},{"start":{"line":25,"column":8},"end":{"line":25,"column":17}}],"line":23},"2":{"loc":{"start":{"line":28,"column":17},"end":{"line":28,"column":63}},"type":"binary-expr","locations":[{"start":{"line":28,"column":17},"end":{"line":28,"column":29}},{"start":{"line":28,"column":33},"end":{"line":28,"column":63}}],"line":28},"3":{"loc":{"start":{"line":65,"column":2},"end":{"line":79,"column":3}},"type":"if","locations":[{"start":{"line":65,"column":2},"end":{"line":79,"column":3}},{"start":{"line":65,"column":2},"end":{"line":79,"column":3}}],"line":65},"4":{"loc":{"start":{"line":65,"column":6},"end":{"line":65,"column":71}},"type":"binary-expr","locations":[{"start":{"line":65,"column":6},"end":{"line":65,"column":20}},{"start":{"line":65,"column":24},"end":{"line":65,"column":40}},{"start":{"line":65,"column":44},"end":{"line":65,"column":71}}],"line":65},"5":{"loc":{"start":{"line":96,"column":2},"end":{"line":112,"column":3}},"type":"switch","locations":[{"start":{"line":97,"column":4},"end":{"line":97,"column":51}},{"start":{"line":98,"column":4},"end":{"line":98,"column":46}},{"start":{"line":99,"column":4},"end":{"line":99,"column":37}},{"start":{"line":100,"column":4},"end":{"line":100,"column":36}},{"start":{"line":101,"column":4},"end":{"line":101,"column":36}},{"start":{"line":102,"column":4},"end":{"line":102,"column":37}},{"start":{"line":103,"column":4},"end":{"line":105,"column":12}},{"start":{"line":106,"column":4},"end":{"line":111,"column":5}}],"line":96},"6":{"loc":{"start":{"line":114,"column":2},"end":{"line":122,"column":3}},"type":"if","locations":[{"start":{"line":114,"column":2},"end":{"line":122,"column":3}},{"start":{"line":114,"column":2},"end":{"line":122,"column":3}}],"line":114},"7":{"loc":{"start":{"line":131,"column":2},"end":{"line":149,"column":3}},"type":"switch","locations":[{"start":{"line":132,"column":4},"end":{"line":135,"column":5}},{"start":{"line":136,"column":4},"end":{"line":140,"column":5}},{"start":{"line":141,"column":4},"end":{"line":145,"column":5}},{"start":{"line":146,"column":4},"end":{"line":148,"column":70}}],"line":131},"8":{"loc":{"start":{"line":155,"column":2},"end":{"line":157,"column":3}},"type":"if","locations":[{"start":{"line":155,"column":2},"end":{"line":157,"column":3}},{"start":{"line":155,"column":2},"end":{"line":157,"column":3}}],"line":155}},"s":{"0":1,"1":1,"2":1,"3":1,"4":1,"5":2,"6":2,"7":2,"8":2,"9":2,"10":2,"11":2,"12":2,"13":2,"14":2,"15":2,"16":2,"17":0,"18":0,"19":0,"20":0,"21":0,"22":0,"23":0,"24":0,"25":0,"26":0,"27":0,"28":0,"29":0,"30":0,"31":0,"32":1,"33":1,"34":1,"35":1,"36":1,"37":1,"38":1,"39":1,"40":1,"41":0,"42":0,"43":1,"44":1,"45":1,"46":1,"47":1,"48":0,"49":1,"50":1,"51":3,"52":3,"53":1,"54":1,"55":0,"56":0,"57":0,"58":1,"59":1,"60":1,"61":1,"62":2,"63":3,"64":3,"65":2,"66":3,"67":1},"f":{"0":2,"1":2,"2":0,"3":0,"4":0,"5":1,"6":1,"7":3,"8":3},"b":{"0":[2,0],"1":[2,0],"2":[2,0],"3":[0,0],"4":[0,0,0],"5":[0,0,0,0,0,0,0,1],"6":[1,0],"7":[1,0,1,1],"8":[2,1]},"_coverageSchema":"1a1c01bbd47fc00a2c39e90264f33305004495a9","hash":"f56d44cafebfc3e35343d82007b45645a079dd1f"}
,"/Users/arnab/workspace/rudder-transformer/v0/destinations/am/config.js": {"path":"/Users/arnab/workspace/rudder-transformer/v0/destinations/am/config.js","statementMap":{"0":{"start":{"line":1,"column":29},"end":{"line":1,"column":47}},"1":{"start":{"line":3,"column":23},"end":{"line":28,"column":1}},"2":{"start":{"line":30,"column":14},"end":{"line":99,"column":1}},"3":{"start":{"line":101,"column":17},"end":{"line":101,"column":54}},"4":{"start":{"line":102,"column":26},"end":{"line":102,"column":62}},"5":{"start":{"line":104,"column":22},"end":{"line":104,"column":65}},"6":{"start":{"line":106,"column":23},"end":{"line":106,"column":25}},"7":{"start":{"line":107,"column":15},"end":{"line":107,"column":33}},"8":{"start":{"line":108,"column":0},"end":{"line":110,"column":3}},"9":{"start":{"line":109,"column":2},"end":{"line":109,"column":51}},"10":{"start":{"line":112,"column":0},"end":{"line":119,"column":2}}},"fnMap":{"0":{"name":"(anonymous_0)","decl":{"start":{"line":108,"column":15},"end":{"line":108,"column":16}},"loc":{"start":{"line":108,"column":24},"end":{"line":110,"column":1}},"line":108}},"branchMap":{},"s":{"0":1,"1":1,"2":1,"3":1,"4":1,"5":1,"6":1,"7":1,"8":1,"9":17,"10":1},"f":{"0":17},"b":{},"_coverageSchema":"1a1c01bbd47fc00a2c39e90264f33305004495a9","hash":"1a7dc4e4e4bd795efbdb08a116c3ba9d6a003a66"}
,"/Users/arnab/workspace/rudder-transformer/v0/destinations/am/transform.js": {"path":"/Users/arnab/workspace/rudder-transformer/v0/destinations/am/transform.js","statementMap":{"0":{"start":{"line":1,"column":10},"end":{"line":1,"column":27}},"1":{"start":{"line":2,"column":12},"end":{"line":2,"column":32}},"2":{"start":{"line":3,"column":12},"end":{"line":3,"column":32}},"3":{"start":{"line":9,"column":4},"end":{"line":9,"column":33}},"4":{"start":{"line":15,"column":4},"end":{"line":15,"column":22}},"5":{"start":{"line":22,"column":4},"end":{"line":22,"column":23}},"6":{"start":{"line":25,"column":29},"end":{"line":33,"column":1}},"7":{"start":{"line":26,"column":2},"end":{"line":32,"column":5}},"8":{"start":{"line":27,"column":20},"end":{"line":27,"column":40}},"9":{"start":{"line":28,"column":17},"end":{"line":28,"column":37}},"10":{"start":{"line":29,"column":4},"end":{"line":31,"column":7}},"11":{"start":{"line":30,"column":6},"end":{"line":30,"column":73}},"12":{"start":{"line":38,"column":2},"end":{"line":46,"column":5}},"13":{"start":{"line":51,"column":13},"end":{"line":51,"column":14}},"14":{"start":{"line":53,"column":2},"end":{"line":53,"column":38}},"15":{"start":{"line":53,"column":26},"end":{"line":53,"column":38}},"16":{"start":{"line":55,"column":2},"end":{"line":59,"column":3}},"17":{"start":{"line":56,"column":4},"end":{"line":56,"column":32}},"18":{"start":{"line":57,"column":4},"end":{"line":57,"column":37}},"19":{"start":{"line":58,"column":4},"end":{"line":58,"column":17}},"20":{"start":{"line":61,"column":2},"end":{"line":61,"column":24}},"21":{"start":{"line":65,"column":2},"end":{"line":67,"column":9}},"22":{"start":{"line":71,"column":2},"end":{"line":73,"column":3}},"23":{"start":{"line":72,"column":4},"end":{"line":72,"column":54}},"24":{"start":{"line":77,"column":2},"end":{"line":77,"column":30}},"25":{"start":{"line":90,"column":21},"end":{"line":90,"column":23}},"26":{"start":{"line":91,"column":21},"end":{"line":91,"column":30}},"27":{"start":{"line":93,"column":2},"end":{"line":93,"column":58}},"28":{"start":{"line":94,"column":2},"end":{"line":94,"column":61}},"29":{"start":{"line":96,"column":21},"end":{"line":96,"column":45}},"30":{"start":{"line":97,"column":2},"end":{"line":99,"column":5}},"31":{"start":{"line":98,"column":4},"end":{"line":98,"column":69}},"32":{"start":{"line":101,"column":19},"end":{"line":101,"column":27}},"33":{"start":{"line":104,"column":2},"end":{"line":119,"column":3}},"34":{"start":{"line":105,"column":4},"end":{"line":105,"column":46}},"35":{"start":{"line":106,"column":19},"end":{"line":106,"column":54}},"36":{"start":{"line":107,"column":4},"end":{"line":115,"column":7}},"37":{"start":{"line":108,"column":6},"end":{"line":114,"column":7}},"38":{"start":{"line":109,"column":8},"end":{"line":113,"column":10}},"39":{"start":{"line":116,"column":4},"end":{"line":116,"column":50}},"40":{"start":{"line":118,"column":4},"end":{"line":118,"column":35}},"41":{"start":{"line":121,"column":2},"end":{"line":121,"column":66}},"42":{"start":{"line":123,"column":2},"end":{"line":130,"column":3}},"43":{"start":{"line":129,"column":4},"end":{"line":129,"column":40}},"44":{"start":{"line":132,"column":18},"end":{"line":132,"column":51}},"45":{"start":{"line":133,"column":2},"end":{"line":133,"column":24}},"46":{"start":{"line":134,"column":2},"end":{"line":134,"column":31}},"47":{"start":{"line":135,"column":2},"end":{"line":135,"column":32}},"48":{"start":{"line":138,"column":19},"end":{"line":138,"column":41}},"49":{"start":{"line":139,"column":2},"end":{"line":139,"column":31}},"50":{"start":{"line":140,"column":2},"end":{"line":140,"column":59}},"51":{"start":{"line":141,"column":2},"end":{"line":143,"column":4}},"52":{"start":{"line":144,"column":2},"end":{"line":144,"column":74}},"53":{"start":{"line":145,"column":2},"end":{"line":149,"column":4}},"54":{"start":{"line":150,"column":2},"end":{"line":150,"column":18}},"55":{"start":{"line":153,"column":23},"end":{"line":163,"column":1}},"56":{"start":{"line":154,"column":2},"end":{"line":161,"column":3}},"57":{"start":{"line":160,"column":4},"end":{"line":160,"column":16}},"58":{"start":{"line":162,"column":2},"end":{"line":162,"column":15}},"59":{"start":{"line":168,"column":28},"end":{"line":168,"column":36}},"60":{"start":{"line":170,"column":17},"end":{"line":170,"column":39}},"61":{"start":{"line":172,"column":22},"end":{"line":172,"column":48}},"62":{"start":{"line":173,"column":2},"end":{"line":224,"column":3}},"63":{"start":{"line":176,"column":6},"end":{"line":176,"column":26}},"64":{"start":{"line":177,"column":6},"end":{"line":177,"column":41}},"65":{"start":{"line":178,"column":6},"end":{"line":178,"column":12}},"66":{"start":{"line":180,"column":6},"end":{"line":180,"column":26}},"67":{"start":{"line":181,"column":6},"end":{"line":181,"column":37}},"68":{"start":{"line":182,"column":6},"end":{"line":182,"column":12}},"69":{"start":{"line":184,"column":6},"end":{"line":184,"column":28}},"70":{"start":{"line":185,"column":6},"end":{"line":185,"column":39}},"71":{"start":{"line":186,"column":6},"end":{"line":186,"column":12}},"72":{"start":{"line":188,"column":6},"end":{"line":188,"column":29}},"73":{"start":{"line":190,"column":6},"end":{"line":201,"column":7}},"74":{"start":{"line":191,"column":24},"end":{"line":191,"column":29}},"75":{"start":{"line":192,"column":8},"end":{"line":196,"column":11}},"76":{"start":{"line":193,"column":10},"end":{"line":195,"column":11}},"77":{"start":{"line":194,"column":12},"end":{"line":194,"column":29}},"78":{"start":{"line":197,"column":8},"end":{"line":200,"column":9}},"79":{"start":{"line":198,"column":10},"end":{"line":198,"column":44}},"80":{"start":{"line":199,"column":10},"end":{"line":199,"column":16}},"81":{"start":{"line":203,"column":6},"end":{"line":219,"column":7}},"82":{"start":{"line":214,"column":10},"end":{"line":214,"column":53}},"83":{"start":{"line":215,"column":10},"end":{"line":215,"column":16}},"84":{"start":{"line":217,"column":10},"end":{"line":217,"column":44}},"85":{"start":{"line":218,"column":10},"end":{"line":218,"column":16}},"86":{"start":{"line":220,"column":6},"end":{"line":220,"column":12}},"87":{"start":{"line":222,"column":6},"end":{"line":222,"column":46}},"88":{"start":{"line":223,"column":6},"end":{"line":223,"column":52}},"89":{"start":{"line":226,"column":2},"end":{"line":232,"column":4}},"90":{"start":{"line":237,"column":20},"end":{"line":237,"column":22}},"91":{"start":{"line":238,"column":23},"end":{"line":238,"column":41}},"92":{"start":{"line":242,"column":2},"end":{"line":246,"column":5}},"93":{"start":{"line":243,"column":25},"end":{"line":243,"column":67}},"94":{"start":{"line":244,"column":4},"end":{"line":244,"column":38}},"95":{"start":{"line":245,"column":4},"end":{"line":245,"column":33}},"96":{"start":{"line":248,"column":2},"end":{"line":248,"column":19}},"97":{"start":{"line":253,"column":20},"end":{"line":253,"column":47}},"98":{"start":{"line":257,"column":2},"end":{"line":262,"column":3}},"99":{"start":{"line":261,"column":4},"end":{"line":261,"column":45}},"100":{"start":{"line":263,"column":2},"end":{"line":263,"column":12}},"101":{"start":{"line":267,"column":19},"end":{"line":267,"column":21}},"102":{"start":{"line":268,"column":35},"end":{"line":268,"column":40}},"103":{"start":{"line":269,"column":22},"end":{"line":269,"column":48}},"104":{"start":{"line":270,"column":20},"end":{"line":270,"column":75}},"105":{"start":{"line":271,"column":23},"end":{"line":271,"column":25}},"106":{"start":{"line":272,"column":2},"end":{"line":288,"column":3}},"107":{"start":{"line":277,"column":4},"end":{"line":277,"column":57}},"108":{"start":{"line":278,"column":9},"end":{"line":288,"column":3}},"109":{"start":{"line":285,"column":4},"end":{"line":285,"column":51}},"110":{"start":{"line":287,"column":4},"end":{"line":287,"column":31}},"111":{"start":{"line":290,"column":2},"end":{"line":296,"column":5}},"112":{"start":{"line":291,"column":19},"end":{"line":291,"column":63}},"113":{"start":{"line":292,"column":4},"end":{"line":294,"column":5}},"114":{"start":{"line":293,"column":6},"end":{"line":293,"column":30}},"115":{"start":{"line":295,"column":4},"end":{"line":295,"column":26}},"116":{"start":{"line":297,"column":2},"end":{"line":297,"column":18}},"117":{"start":{"line":300,"column":0},"end":{"line":300,"column":26}}},"fnMap":{"0":{"name":"(anonymous_0)","decl":{"start":{"line":25,"column":29},"end":{"line":25,"column":30}},"loc":{"start":{"line":25,"column":51},"end":{"line":33,"column":1}},"line":25},"1":{"name":"(anonymous_1)","decl":{"start":{"line":26,"column":23},"end":{"line":26,"column":24}},"loc":{"start":{"line":26,"column":32},"end":{"line":32,"column":3}},"line":26},"2":{"name":"(anonymous_2)","decl":{"start":{"line":29,"column":17},"end":{"line":29,"column":18}},"loc":{"start":{"line":29,"column":24},"end":{"line":31,"column":5}},"line":29},"3":{"name":"createSingleMessageBasicStructure","decl":{"start":{"line":37,"column":9},"end":{"line":37,"column":42}},"loc":{"start":{"line":37,"column":52},"end":{"line":47,"column":1}},"line":37},"4":{"name":"stringToHash","decl":{"start":{"line":50,"column":9},"end":{"line":50,"column":21}},"loc":{"start":{"line":50,"column":30},"end":{"line":62,"column":1}},"line":50},"5":{"name":"fixSessionId","decl":{"start":{"line":64,"column":9},"end":{"line":64,"column":21}},"loc":{"start":{"line":64,"column":31},"end":{"line":68,"column":1}},"line":64},"6":{"name":"fixVersion","decl":{"start":{"line":70,"column":9},"end":{"line":70,"column":19}},"loc":{"start":{"line":70,"column":38},"end":{"line":74,"column":1}},"line":70},"7":{"name":"addMinIdlength","decl":{"start":{"line":76,"column":9},"end":{"line":76,"column":23}},"loc":{"start":{"line":76,"column":26},"end":{"line":78,"column":1}},"line":76},"8":{"name":"responseBuilderSimple","decl":{"start":{"line":83,"column":9},"end":{"line":83,"column":30}},"loc":{"start":{"line":89,"column":2},"end":{"line":151,"column":1}},"line":89},"9":{"name":"(anonymous_9)","decl":{"start":{"line":97,"column":21},"end":{"line":97,"column":22}},"loc":{"start":{"line":97,"column":34},"end":{"line":99,"column":3}},"line":97},"10":{"name":"(anonymous_10)","decl":{"start":{"line":107,"column":19},"end":{"line":107,"column":20}},"loc":{"start":{"line":107,"column":28},"end":{"line":115,"column":5}},"line":107},"11":{"name":"(anonymous_11)","decl":{"start":{"line":153,"column":23},"end":{"line":153,"column":24}},"loc":{"start":{"line":153,"column":34},"end":{"line":163,"column":1}},"line":153},"12":{"name":"processSingleMessage","decl":{"start":{"line":167,"column":9},"end":{"line":167,"column":29}},"loc":{"start":{"line":167,"column":52},"end":{"line":233,"column":1}},"line":167},"13":{"name":"(anonymous_13)","decl":{"start":{"line":192,"column":33},"end":{"line":192,"column":34}},"loc":{"start":{"line":192,"column":44},"end":{"line":196,"column":9}},"line":192},"14":{"name":"processProductListAction","decl":{"start":{"line":236,"column":9},"end":{"line":236,"column":33}},"loc":{"start":{"line":236,"column":43},"end":{"line":249,"column":1}},"line":236},"15":{"name":"(anonymous_15)","decl":{"start":{"line":242,"column":19},"end":{"line":242,"column":20}},"loc":{"start":{"line":242,"column":30},"end":{"line":246,"column":3}},"line":242},"16":{"name":"processTransaction","decl":{"start":{"line":251,"column":9},"end":{"line":251,"column":27}},"loc":{"start":{"line":251,"column":37},"end":{"line":264,"column":1}},"line":251},"17":{"name":"process","decl":{"start":{"line":266,"column":9},"end":{"line":266,"column":16}},"loc":{"start":{"line":266,"column":24},"end":{"line":298,"column":1}},"line":266},"18":{"name":"(anonymous_18)","decl":{"start":{"line":290,"column":23},"end":{"line":290,"column":24}},"loc":{"start":{"line":290,"column":36},"end":{"line":296,"column":3}},"line":290}},"branchMap":{"0":{"loc":{"start":{"line":53,"column":2},"end":{"line":53,"column":38}},"type":"if","locations":[{"start":{"line":53,"column":2},"end":{"line":53,"column":38}},{"start":{"line":53,"column":2},"end":{"line":53,"column":38}}],"line":53},"1":{"loc":{"start":{"line":65,"column":23},"end":{"line":67,"column":8}},"type":"cond-expr","locations":[{"start":{"line":66,"column":6},"end":{"line":66,"column":38}},{"start":{"line":67,"column":6},"end":{"line":67,"column":8}}],"line":65},"2":{"loc":{"start":{"line":71,"column":2},"end":{"line":73,"column":3}},"type":"if","locations":[{"start":{"line":71,"column":2},"end":{"line":73,"column":3}},{"start":{"line":71,"column":2},"end":{"line":73,"column":3}}],"line":71},"3":{"loc":{"start":{"line":104,"column":2},"end":{"line":119,"column":3}},"type":"if","locations":[{"start":{"line":104,"column":2},"end":{"line":119,"column":3}},{"start":{"line":104,"column":2},"end":{"line":119,"column":3}}],"line":104},"4":{"loc":{"start":{"line":108,"column":6},"end":{"line":114,"column":7}},"type":"if","locations":[{"start":{"line":108,"column":6},"end":{"line":114,"column":7}},{"start":{"line":108,"column":6},"end":{"line":114,"column":7}}],"line":108},"5":{"loc":{"start":{"line":123,"column":2},"end":{"line":130,"column":3}},"type":"if","locations":[{"start":{"line":123,"column":2},"end":{"line":130,"column":3}},{"start":{"line":123,"column":2},"end":{"line":130,"column":3}}],"line":123},"6":{"loc":{"start":{"line":124,"column":4},"end":{"line":127,"column":26}},"type":"binary-expr","locations":[{"start":{"line":124,"column":4},"end":{"line":124,"column":18}},{"start":{"line":125,"column":4},"end":{"line":125,"column":24}},{"start":{"line":126,"column":4},"end":{"line":126,"column":28}},{"start":{"line":127,"column":4},"end":{"line":127,"column":26}}],"line":124},"7":{"loc":{"start":{"line":144,"column":20},"end":{"line":144,"column":73}},"type":"cond-expr","locations":[{"start":{"line":144,"column":37},"end":{"line":144,"column":51}},{"start":{"line":144,"column":54},"end":{"line":144,"column":73}}],"line":144},"8":{"loc":{"start":{"line":154,"column":2},"end":{"line":161,"column":3}},"type":"if","locations":[{"start":{"line":154,"column":2},"end":{"line":161,"column":3}},{"start":{"line":154,"column":2},"end":{"line":161,"column":3}}],"line":154},"9":{"loc":{"start":{"line":155,"column":4},"end":{"line":158,"column":28}},"type":"binary-expr","locations":[{"start":{"line":155,"column":4},"end":{"line":155,"column":20}},{"start":{"line":156,"column":4},"end":{"line":156,"column":31}},{"start":{"line":157,"column":4},"end":{"line":157,"column":17}},{"start":{"line":158,"column":4},"end":{"line":158,"column":28}}],"line":155},"10":{"loc":{"start":{"line":173,"column":2},"end":{"line":224,"column":3}},"type":"switch","locations":[{"start":{"line":174,"column":4},"end":{"line":178,"column":12}},{"start":{"line":179,"column":4},"end":{"line":182,"column":12}},{"start":{"line":183,"column":4},"end":{"line":186,"column":12}},{"start":{"line":187,"column":4},"end":{"line":220,"column":12}},{"start":{"line":221,"column":4},"end":{"line":223,"column":52}}],"line":173},"11":{"loc":{"start":{"line":190,"column":6},"end":{"line":201,"column":7}},"type":"if","locations":[{"start":{"line":190,"column":6},"end":{"line":201,"column":7}},{"start":{"line":190,"column":6},"end":{"line":201,"column":7}}],"line":190},"12":{"loc":{"start":{"line":190,"column":10},"end":{"line":190,"column":57}},"type":"binary-expr","locations":[{"start":{"line":190,"column":10},"end":{"line":190,"column":26}},{"start":{"line":190,"column":30},"end":{"line":190,"column":57}}],"line":190},"13":{"loc":{"start":{"line":193,"column":10},"end":{"line":195,"column":11}},"type":"if","locations":[{"start":{"line":193,"column":10},"end":{"line":195,"column":11}},{"start":{"line":193,"column":10},"end":{"line":195,"column":11}}],"line":193},"14":{"loc":{"start":{"line":197,"column":8},"end":{"line":200,"column":9}},"type":"if","locations":[{"start":{"line":197,"column":8},"end":{"line":200,"column":9}},{"start":{"line":197,"column":8},"end":{"line":200,"column":9}}],"line":197},"15":{"loc":{"start":{"line":203,"column":6},"end":{"line":219,"column":7}},"type":"switch","locations":[{"start":{"line":204,"column":8},"end":{"line":204,"column":42}},{"start":{"line":205,"column":8},"end":{"line":205,"column":41}},{"start":{"line":206,"column":8},"end":{"line":206,"column":40}},{"start":{"line":207,"column":8},"end":{"line":207,"column":39}},{"start":{"line":208,"column":8},"end":{"line":208,"column":38}},{"start":{"line":209,"column":8},"end":{"line":209,"column":40}},{"start":{"line":210,"column":8},"end":{"line":210,"column":50}},{"start":{"line":211,"column":8},"end":{"line":211,"column":54}},{"start":{"line":212,"column":8},"end":{"line":212,"column":44}},{"start":{"line":213,"column":8},"end":{"line":215,"column":16}},{"start":{"line":216,"column":8},"end":{"line":218,"column":16}}],"line":203},"16":{"loc":{"start":{"line":257,"column":2},"end":{"line":262,"column":3}},"type":"if","locations":[{"start":{"line":257,"column":2},"end":{"line":262,"column":3}},{"start":{"line":257,"column":2},"end":{"line":262,"column":3}}],"line":257},"17":{"loc":{"start":{"line":258,"column":4},"end":{"line":259,"column":47}},"type":"binary-expr","locations":[{"start":{"line":258,"column":4},"end":{"line":258,"column":48}},{"start":{"line":259,"column":4},"end":{"line":259,"column":47}}],"line":258},"18":{"loc":{"start":{"line":270,"column":20},"end":{"line":270,"column":75}},"type":"cond-expr","locations":[{"start":{"line":270,"column":36},"end":{"line":270,"column":63}},{"start":{"line":270,"column":66},"end":{"line":270,"column":75}}],"line":270},"19":{"loc":{"start":{"line":272,"column":2},"end":{"line":288,"column":3}},"type":"if","locations":[{"start":{"line":272,"column":2},"end":{"line":288,"column":3}},{"start":{"line":272,"column":2},"end":{"line":288,"column":3}}],"line":272},"20":{"loc":{"start":{"line":273,"column":4},"end":{"line":275,"column":47}},"type":"binary-expr","locations":[{"start":{"line":273,"column":4},"end":{"line":273,"column":35}},{"start":{"line":274,"column":5},"end":{"line":274,"column":49}},{"start":{"line":275,"column":6},"end":{"line":275,"column":46}}],"line":273},"21":{"loc":{"start":{"line":278,"column":9},"end":{"line":288,"column":3}},"type":"if","locations":[{"start":{"line":278,"column":9},"end":{"line":288,"column":3}},{"start":{"line":278,"column":9},"end":{"line":288,"column":3}}],"line":278},"22":{"loc":{"start":{"line":279,"column":4},"end":{"line":283,"column":46}},"type":"binary-expr","locations":[{"start":{"line":279,"column":4},"end":{"line":279,"column":35}},{"start":{"line":280,"column":5},"end":{"line":280,"column":45}},{"start":{"line":281,"column":6},"end":{"line":281,"column":43}},{"start":{"line":282,"column":6},"end":{"line":282,"column":45}},{"start":{"line":283,"column":6},"end":{"line":283,"column":45}}],"line":279},"23":{"loc":{"start":{"line":292,"column":4},"end":{"line":294,"column":5}},"type":"if","locations":[{"start":{"line":292,"column":4},"end":{"line":294,"column":5}},{"start":{"line":292,"column":4},"end":{"line":294,"column":5}}],"line":292}},"s":{"0":1,"1":1,"2":1,"3":1,"4":1,"5":1,"6":1,"7":1,"8":1,"9":1,"10":1,"11":5,"12":0,"13":3,"14":3,"15":0,"16":3,"17":108,"18":108,"19":108,"20":3,"21":3,"22":3,"23":0,"24":3,"25":3,"26":3,"27":3,"28":3,"29":3,"30":3,"31":44,"32":3,"33":3,"34":1,"35":1,"36":1,"37":5,"38":4,"39":1,"40":2,"41":3,"42":3,"43":3,"44":3,"45":3,"46":3,"47":3,"48":3,"49":3,"50":3,"51":3,"52":3,"53":3,"54":3,"55":1,"56":0,"57":0,"58":0,"59":3,"60":3,"61":3,"62":3,"63":1,"64":1,"65":1,"66":1,"67":1,"68":1,"69":0,"70":0,"71":0,"72":1,"73":1,"74":0,"75":0,"76":0,"77":0,"78":0,"79":0,"80":0,"81":1,"82":0,"83":0,"84":1,"85":1,"86":1,"87":0,"88":0,"89":3,"90":0,"91":0,"92":0,"93":0,"94":0,"95":0,"96":0,"97":0,"98":0,"99":0,"100":0,"101":3,"102":3,"103":3,"104":3,"105":3,"106":3,"107":0,"108":3,"109":0,"110":3,"111":3,"112":3,"113":3,"114":3,"115":3,"116":3,"117":1},"f":{"0":1,"1":1,"2":5,"3":0,"4":3,"5":3,"6":3,"7":3,"8":3,"9":44,"10":5,"11":0,"12":3,"13":0,"14":0,"15":0,"16":0,"17":3,"18":3},"b":{"0":[0,3],"1":[3,0],"2":[0,3],"3":[1,2],"4":[4,1],"5":[3,0],"6":[3,3,3,3],"7":[3,0],"8":[0,0],"9":[0,0,0,0],"10":[1,1,0,1,0],"11":[0,1],"12":[1,0],"13":[0,0],"14":[0,0],"15":[0,0,0,0,0,0,0,0,0,0,1],"16":[0,0],"17":[0,0],"18":[1,2],"19":[0,3],"20":[3,1,1],"21":[0,3],"22":[3,1,1,1,1],"23":[3,0]},"_coverageSchema":"1a1c01bbd47fc00a2c39e90264f33305004495a9","hash":"3584888b8d1d97f4b506c938a3e152c954c69368"}
,"/Users/arnab/workspace/rudder-transformer/v0/destinations/autopilot/config.js": {"path":"/Users/arnab/workspace/rudder-transformer/v0/destinations/autopilot/config.js","statementMap":{"0":{"start":{"line":1,"column":30},"end":{"line":4,"column":1}},"1":{"start":{"line":6,"column":21},"end":{"line":6,"column":54}},"2":{"start":{"line":7,"column":18},"end":{"line":10,"column":1}},"3":{"start":{"line":12,"column":0},"end":{"line":15,"column":2}}},"fnMap":{},"branchMap":{},"s":{"0":1,"1":1,"2":1,"3":1},"f":{},"b":{},"_coverageSchema":"1a1c01bbd47fc00a2c39e90264f33305004495a9","hash":"4b150167a6cbcf7be01f7338b5d41ab1612fe86f"}
,"/Users/arnab/workspace/rudder-transformer/v0/destinations/autopilot/transform.js": {"path":"/Users/arnab/workspace/rudder-transformer/v0/destinations/autopilot/transform.js","statementMap":{"0":{"start":{"line":1,"column":12},"end":{"line":1,"column":32}},"1":{"start":{"line":2,"column":22},"end":{"line":2,"column":51}},"2":{"start":{"line":3,"column":45},"end":{"line":3,"column":64}},"3":{"start":{"line":4,"column":23},"end":{"line":4,"column":53}},"4":{"start":{"line":10,"column":4},"end":{"line":10,"column":22}},"5":{"start":{"line":16,"column":19},"end":{"line":16,"column":41}},"6":{"start":{"line":17,"column":17},"end":{"line":21,"column":3}},"7":{"start":{"line":23,"column":2},"end":{"line":34,"column":3}},"8":{"start":{"line":25,"column":6},"end":{"line":25,"column":47}},"9":{"start":{"line":26,"column":6},"end":{"line":26,"column":41}},"10":{"start":{"line":27,"column":6},"end":{"line":27,"column":12}},"11":{"start":{"line":29,"column":6},"end":{"line":29,"column":47}},"12":{"start":{"line":30,"column":6},"end":{"line":30,"column":119}},"13":{"start":{"line":31,"column":6},"end":{"line":31,"column":12}},"14":{"start":{"line":33,"column":6},"end":{"line":33,"column":12}},"15":{"start":{"line":36,"column":2},"end":{"line":36,"column":48}},"16":{"start":{"line":37,"column":2},"end":{"line":37,"column":28}},"17":{"start":{"line":38,"column":2},"end":{"line":38,"column":61}},"18":{"start":{"line":39,"column":2},"end":{"line":39,"column":31}},"19":{"start":{"line":40,"column":2},"end":{"line":40,"column":74}},"20":{"start":{"line":41,"column":2},"end":{"line":41,"column":28}},"21":{"start":{"line":42,"column":2},"end":{"line":42,"column":18}},"22":{"start":{"line":46,"column":21},"end":{"line":46,"column":23}},"23":{"start":{"line":47,"column":18},"end":{"line":47,"column":20}},"24":{"start":{"line":49,"column":17},"end":{"line":49,"column":76}},"25":{"start":{"line":51,"column":2},"end":{"line":57,"column":3}},"26":{"start":{"line":52,"column":4},"end":{"line":56,"column":7}},"27":{"start":{"line":53,"column":20},"end":{"line":53,"column":33}},"28":{"start":{"line":54,"column":26},"end":{"line":54,"column":56}},"29":{"start":{"line":55,"column":6},"end":{"line":55,"column":56}},"30":{"start":{"line":59,"column":2},"end":{"line":59,"column":31}},"31":{"start":{"line":60,"column":2},"end":{"line":60,"column":20}},"32":{"start":{"line":64,"column":21},"end":{"line":64,"column":23}},"33":{"start":{"line":65,"column":24},"end":{"line":65,"column":26}},"34":{"start":{"line":67,"column":21},"end":{"line":69,"column":10}},"35":{"start":{"line":71,"column":2},"end":{"line":75,"column":3}},"36":{"start":{"line":72,"column":4},"end":{"line":74,"column":7}},"37":{"start":{"line":73,"column":6},"end":{"line":73,"column":61}},"38":{"start":{"line":77,"column":2},"end":{"line":77,"column":38}},"39":{"start":{"line":78,"column":2},"end":{"line":78,"column":20}},"40":{"start":{"line":83,"column":2},"end":{"line":92,"column":3}},"41":{"start":{"line":85,"column":6},"end":{"line":85,"column":44}},"42":{"start":{"line":86,"column":6},"end":{"line":86,"column":12}},"43":{"start":{"line":88,"column":6},"end":{"line":88,"column":47}},"44":{"start":{"line":89,"column":6},"end":{"line":89,"column":12}},"45":{"start":{"line":91,"column":6},"end":{"line":91,"column":52}},"46":{"start":{"line":93,"column":2},"end":{"line":93,"column":27}},"47":{"start":{"line":97,"column":26},"end":{"line":97,"column":28}},"48":{"start":{"line":98,"column":21},"end":{"line":98,"column":52}},"49":{"start":{"line":99,"column":2},"end":{"line":110,"column":5}},"50":{"start":{"line":100,"column":4},"end":{"line":109,"column":5}},"51":{"start":{"line":102,"column":8},"end":{"line":102,"column":62}},"52":{"start":{"line":103,"column":8},"end":{"line":103,"column":14}},"53":{"start":{"line":105,"column":8},"end":{"line":105,"column":65}},"54":{"start":{"line":106,"column":8},"end":{"line":106,"column":14}},"55":{"start":{"line":108,"column":8},"end":{"line":108,"column":14}},"56":{"start":{"line":111,"column":2},"end":{"line":111,"column":25}},"57":{"start":{"line":115,"column":26},"end":{"line":115,"column":63}},"58":{"start":{"line":117,"column":21},"end":{"line":117,"column":71}},"59":{"start":{"line":118,"column":2},"end":{"line":118,"column":69}},"60":{"start":{"line":121,"column":0},"end":{"line":121,"column":26}}},"fnMap":{"0":{"name":"responseBuilder","decl":{"start":{"line":12,"column":9},"end":{"line":12,"column":24}},"loc":{"start":{"line":12,"column":60},"end":{"line":43,"column":1}},"line":12},"1":{"name":"getIdentifyPayload","decl":{"start":{"line":45,"column":9},"end":{"line":45,"column":27}},"loc":{"start":{"line":45,"column":37},"end":{"line":61,"column":1}},"line":45},"2":{"name":"(anonymous_2)","decl":{"start":{"line":52,"column":32},"end":{"line":52,"column":33}},"loc":{"start":{"line":52,"column":41},"end":{"line":56,"column":5}},"line":52},"3":{"name":"getTrackPayload","decl":{"start":{"line":63,"column":9},"end":{"line":63,"column":24}},"loc":{"start":{"line":63,"column":34},"end":{"line":79,"column":1}},"line":63},"4":{"name":"(anonymous_4)","decl":{"start":{"line":72,"column":23},"end":{"line":72,"column":24}},"loc":{"start":{"line":72,"column":35},"end":{"line":74,"column":5}},"line":72},"5":{"name":"getTransformedJSON","decl":{"start":{"line":81,"column":9},"end":{"line":81,"column":27}},"loc":{"start":{"line":81,"column":54},"end":{"line":94,"column":1}},"line":81},"6":{"name":"getDestinationKeys","decl":{"start":{"line":96,"column":9},"end":{"line":96,"column":27}},"loc":{"start":{"line":96,"column":41},"end":{"line":112,"column":1}},"line":96},"7":{"name":"(anonymous_7)","decl":{"start":{"line":99,"column":21},"end":{"line":99,"column":22}},"loc":{"start":{"line":99,"column":28},"end":{"line":110,"column":3}},"line":99},"8":{"name":"process","decl":{"start":{"line":114,"column":9},"end":{"line":114,"column":16}},"loc":{"start":{"line":114,"column":24},"end":{"line":119,"column":1}},"line":114}},"branchMap":{"0":{"loc":{"start":{"line":23,"column":2},"end":{"line":34,"column":3}},"type":"switch","locations":[{"start":{"line":24,"column":4},"end":{"line":27,"column":12}},{"start":{"line":28,"column":4},"end":{"line":31,"column":12}},{"start":{"line":32,"column":4},"end":{"line":33,"column":12}}],"line":23},"1":{"loc":{"start":{"line":40,"column":20},"end":{"line":40,"column":73}},"type":"cond-expr","locations":[{"start":{"line":40,"column":37},"end":{"line":40,"column":51}},{"start":{"line":40,"column":54},"end":{"line":40,"column":73}}],"line":40},"2":{"loc":{"start":{"line":49,"column":17},"end":{"line":49,"column":76}},"type":"cond-expr","locations":[{"start":{"line":49,"column":47},"end":{"line":49,"column":69}},{"start":{"line":49,"column":72},"end":{"line":49,"column":76}}],"line":49},"3":{"loc":{"start":{"line":51,"column":2},"end":{"line":57,"column":3}},"type":"if","locations":[{"start":{"line":51,"column":2},"end":{"line":57,"column":3}},{"start":{"line":51,"column":2},"end":{"line":57,"column":3}}],"line":51},"4":{"loc":{"start":{"line":67,"column":21},"end":{"line":69,"column":10}},"type":"cond-expr","locations":[{"start":{"line":68,"column":6},"end":{"line":68,"column":37}},{"start":{"line":69,"column":6},"end":{"line":69,"column":10}}],"line":67},"5":{"loc":{"start":{"line":71,"column":2},"end":{"line":75,"column":3}},"type":"if","locations":[{"start":{"line":71,"column":2},"end":{"line":75,"column":3}},{"start":{"line":71,"column":2},"end":{"line":75,"column":3}}],"line":71},"6":{"loc":{"start":{"line":83,"column":2},"end":{"line":92,"column":3}},"type":"switch","locations":[{"start":{"line":84,"column":4},"end":{"line":86,"column":12}},{"start":{"line":87,"column":4},"end":{"line":89,"column":12}},{"start":{"line":90,"column":4},"end":{"line":91,"column":52}}],"line":83},"7":{"loc":{"start":{"line":100,"column":4},"end":{"line":109,"column":5}},"type":"switch","locations":[{"start":{"line":101,"column":6},"end":{"line":103,"column":14}},{"start":{"line":104,"column":6},"end":{"line":106,"column":14}},{"start":{"line":107,"column":6},"end":{"line":108,"column":14}}],"line":100}},"s":{"0":1,"1":1,"2":1,"3":1,"4":1,"5":2,"6":2,"7":2,"8":1,"9":1,"10":1,"11":1,"12":1,"13":1,"14":0,"15":2,"16":2,"17":2,"18":2,"19":2,"20":2,"21":2,"22":1,"23":1,"24":1,"25":1,"26":1,"27":3,"28":3,"29":3,"30":1,"31":1,"32":1,"33":1,"34":1,"35":1,"36":1,"37":2,"38":1,"39":1,"40":2,"41":1,"42":1,"43":1,"44":1,"45":0,"46":2,"47":2,"48":2,"49":2,"50":6,"51":2,"52":2,"53":2,"54":2,"55":2,"56":2,"57":2,"58":2,"59":2,"60":1},"f":{"0":2,"1":1,"2":3,"3":1,"4":2,"5":2,"6":2,"7":6,"8":2},"b":{"0":[1,1,0],"1":[2,0],"2":[1,0],"3":[1,0],"4":[1,0],"5":[1,0],"6":[1,1,0],"7":[2,2,2]},"_coverageSchema":"1a1c01bbd47fc00a2c39e90264f33305004495a9","hash":"a4ae0e82f35fc1a3a36745c711740de8c354e5ad"}
,"/Users/arnab/workspace/rudder-transformer/v0/destinations/autopilot/data/eventMapping.js": {"path":"/Users/arnab/workspace/rudder-transformer/v0/destinations/autopilot/data/eventMapping.js","statementMap":{"0":{"start":{"line":1,"column":23},"end":{"line":4,"column":1}},"1":{"start":{"line":6,"column":24},"end":{"line":6,"column":70}},"2":{"start":{"line":8,"column":19},"end":{"line":15,"column":1}},"3":{"start":{"line":17,"column":0},"end":{"line":19,"column":2}}},"fnMap":{},"branchMap":{},"s":{"0":1,"1":1,"2":1,"3":1},"f":{},"b":{},"_coverageSchema":"1a1c01bbd47fc00a2c39e90264f33305004495a9","hash":"55c015b7f7d1bf59d4f2f45f0f31dc6d3af8ab7f"}
,"/Users/arnab/workspace/rudder-transformer/v0/destinations/azure_event_hub/transform.js": {"path":"/Users/arnab/workspace/rudder-transformer/v0/destinations/azure_event_hub/transform.js","statementMap":{"0":{"start":{"line":2,"column":17},"end":{"line":5,"column":3}},"1":{"start":{"line":6,"column":2},"end":{"line":6,"column":16}},"2":{"start":{"line":9,"column":0},"end":{"line":9,"column":26}}},"fnMap":{"0":{"name":"process","decl":{"start":{"line":1,"column":9},"end":{"line":1,"column":16}},"loc":{"start":{"line":1,"column":24},"end":{"line":7,"column":1}},"line":1}},"branchMap":{"0":{"loc":{"start":{"line":4,"column":12},"end":{"line":4,"column":61}},"type":"binary-expr","locations":[{"start":{"line":4,"column":12},"end":{"line":4,"column":32}},{"start":{"line":4,"column":36},"end":{"line":4,"column":61}}],"line":4}},"s":{"0":5,"1":5,"2":1},"f":{"0":5},"b":{"0":[5,0]},"_coverageSchema":"1a1c01bbd47fc00a2c39e90264f33305004495a9","hash":"db63717ffa771dc54847c76670bb0d508e34826b"}
,"/Users/arnab/workspace/rudder-transformer/v0/destinations/branch/config.js": {"path":"/Users/arnab/workspace/rudder-transformer/v0/destinations/branch/config.js","statementMap":{"0":{"start":{"line":1,"column":30},"end":{"line":4,"column":1}},"1":{"start":{"line":6,"column":21},"end":{"line":6,"column":45}},"2":{"start":{"line":7,"column":18},"end":{"line":10,"column":1}},"3":{"start":{"line":12,"column":0},"end":{"line":15,"column":2}}},"fnMap":{},"branchMap":{},"s":{"0":1,"1":1,"2":1,"3":1},"f":{},"b":{},"_coverageSchema":"1a1c01bbd47fc00a2c39e90264f33305004495a9","hash":"6bac2111c0a86cfea6e21ae74c5b522d413ba5d6"}
,"/Users/arnab/workspace/rudder-transformer/v0/destinations/branch/transform.js": {"path":"/Users/arnab/workspace/rudder-transformer/v0/destinations/branch/transform.js","statementMap":{"0":{"start":{"line":1,"column":12},"end":{"line":1,"column":32}},"1":{"start":{"line":2,"column":22},"end":{"line":2,"column":51}},"2":{"start":{"line":3,"column":45},"end":{"line":3,"column":64}},"3":{"start":{"line":4,"column":27},"end":{"line":4,"column":57}},"4":{"start":{"line":9,"column":4},"end":{"line":9,"column":22}},"5":{"start":{"line":12,"column":19},"end":{"line":12,"column":41}},"6":{"start":{"line":14,"column":2},"end":{"line":20,"column":3}},"7":{"start":{"line":15,"column":4},"end":{"line":15,"column":61}},"8":{"start":{"line":16,"column":4},"end":{"line":16,"column":49}},"9":{"start":{"line":18,"column":4},"end":{"line":18,"column":61}},"10":{"start":{"line":19,"column":4},"end":{"line":19,"column":51}},"11":{"start":{"line":22,"column":2},"end":{"line":22,"column":61}},"12":{"start":{"line":23,"column":2},"end":{"line":30,"column":4}},"13":{"start":{"line":34,"column":2},"end":{"line":48,"column":3}},"14":{"start":{"line":34,"column":15},"end":{"line":34,"column":16}},"15":{"start":{"line":35,"column":21},"end":{"line":35,"column":38}},"16":{"start":{"line":36,"column":23},"end":{"line":36,"column":27}},"17":{"start":{"line":37,"column":27},"end":{"line":37,"column":31}},"18":{"start":{"line":39,"column":4},"end":{"line":44,"column":7}},"19":{"start":{"line":40,"column":6},"end":{"line":43,"column":7}},"20":{"start":{"line":41,"column":8},"end":{"line":41,"column":48}},"21":{"start":{"line":42,"column":8},"end":{"line":42,"column":36}},"22":{"start":{"line":45,"column":4},"end":{"line":47,"column":5}},"23":{"start":{"line":46,"column":6},"end":{"line":46,"column":64}},"24":{"start":{"line":49,"column":2},"end":{"line":49,"column":55}},"25":{"start":{"line":53,"column":22},"end":{"line":53,"column":29}},"26":{"start":{"line":55,"column":2},"end":{"line":67,"column":5}},"27":{"start":{"line":71,"column":24},"end":{"line":71,"column":26}},"28":{"start":{"line":72,"column":21},"end":{"line":72,"column":23}},"29":{"start":{"line":73,"column":22},"end":{"line":73,"column":24}},"30":{"start":{"line":75,"column":17},"end":{"line":75,"column":22}},"31":{"start":{"line":76,"column":2},"end":{"line":82,"column":5}},"32":{"start":{"line":77,"column":4},"end":{"line":81,"column":5}},"33":{"start":{"line":78,"column":25},"end":{"line":78,"column":70}},"34":{"start":{"line":79,"column":6},"end":{"line":79,"column":70}},"35":{"start":{"line":80,"column":6},"end":{"line":80,"column":22}},"36":{"start":{"line":84,"column":2},"end":{"line":92,"column":3}},"37":{"start":{"line":85,"column":4},"end":{"line":91,"column":7}},"38":{"start":{"line":86,"column":6},"end":{"line":90,"column":7}},"39":{"start":{"line":87,"column":27},"end":{"line":87,"column":72}},"40":{"start":{"line":88,"column":8},"end":{"line":88,"column":69}},"41":{"start":{"line":89,"column":8},"end":{"line":89,"column":24}},"42":{"start":{"line":94,"column":2},"end":{"line":96,"column":3}},"43":{"start":{"line":95,"column":4},"end":{"line":95,"column":70}},"44":{"start":{"line":97,"column":2},"end":{"line":101,"column":4}},"45":{"start":{"line":106,"column":24},"end":{"line":106,"column":26}},"46":{"start":{"line":107,"column":21},"end":{"line":107,"column":23}},"47":{"start":{"line":108,"column":22},"end":{"line":108,"column":24}},"48":{"start":{"line":109,"column":19},"end":{"line":109,"column":21}},"49":{"start":{"line":112,"column":2},"end":{"line":123,"column":3}},"50":{"start":{"line":114,"column":6},"end":{"line":116,"column":15}},"51":{"start":{"line":117,"column":6},"end":{"line":117,"column":12}},"52":{"start":{"line":119,"column":6},"end":{"line":121,"column":15}},"53":{"start":{"line":122,"column":6},"end":{"line":122,"column":12}},"54":{"start":{"line":125,"column":2},"end":{"line":167,"column":3}},"55":{"start":{"line":126,"column":4},"end":{"line":155,"column":7}},"56":{"start":{"line":127,"column":6},"end":{"line":154,"column":7}},"57":{"start":{"line":128,"column":8},"end":{"line":128,"column":24}},"58":{"start":{"line":129,"column":8},"end":{"line":144,"column":9}},"59":{"start":{"line":129,"column":21},"end":{"line":129,"column":22}},"60":{"start":{"line":130,"column":26},"end":{"line":130,"column":57}},"61":{"start":{"line":132,"column":10},"end":{"line":141,"column":13}},"62":{"start":{"line":137,"column":16},"end":{"line":137,"column":58}},"63":{"start":{"line":138,"column":12},"end":{"line":138,"column":56}},"64":{"start":{"line":139,"column":12},"end":{"line":139,"column":53}},"65":{"start":{"line":140,"column":12},"end":{"line":140,"column":55}},"66":{"start":{"line":142,"column":10},"end":{"line":142,"column":41}},"67":{"start":{"line":143,"column":10},"end":{"line":143,"column":26}},"68":{"start":{"line":146,"column":68},"end":{"line":150,"column":9}},"69":{"start":{"line":151,"column":8},"end":{"line":151,"column":52}},"70":{"start":{"line":152,"column":8},"end":{"line":152,"column":49}},"71":{"start":{"line":153,"column":8},"end":{"line":153,"column":51}},"72":{"start":{"line":156,"column":4},"end":{"line":156,"column":35}},"73":{"start":{"line":157,"column":4},"end":{"line":157,"column":41}},"74":{"start":{"line":158,"column":4},"end":{"line":158,"column":45}},"75":{"start":{"line":159,"column":4},"end":{"line":159,"column":39}},"76":{"start":{"line":160,"column":4},"end":{"line":160,"column":48}},"77":{"start":{"line":162,"column":4},"end":{"line":166,"column":7}},"78":{"start":{"line":163,"column":6},"end":{"line":165,"column":7}},"79":{"start":{"line":164,"column":8},"end":{"line":164,"column":31}},"80":{"start":{"line":169,"column":2},"end":{"line":169,"column":20}},"81":{"start":{"line":173,"column":21},"end":{"line":175,"column":3}},"82":{"start":{"line":176,"column":29},"end":{"line":176,"column":63}},"83":{"start":{"line":177,"column":2},"end":{"line":177,"column":25}},"84":{"start":{"line":179,"column":2},"end":{"line":179,"column":54}},"85":{"start":{"line":183,"column":21},"end":{"line":185,"column":3}},"86":{"start":{"line":186,"column":29},"end":{"line":186,"column":62}},"87":{"start":{"line":187,"column":2},"end":{"line":187,"column":25}},"88":{"start":{"line":189,"column":2},"end":{"line":189,"column":54}},"89":{"start":{"line":194,"column":2},"end":{"line":203,"column":3}},"90":{"start":{"line":196,"column":6},"end":{"line":196,"column":58}},"91":{"start":{"line":197,"column":6},"end":{"line":197,"column":12}},"92":{"start":{"line":199,"column":6},"end":{"line":199,"column":61}},"93":{"start":{"line":200,"column":6},"end":{"line":200,"column":12}},"94":{"start":{"line":202,"column":6},"end":{"line":202,"column":12}},"95":{"start":{"line":204,"column":2},"end":{"line":204,"column":27}},"96":{"start":{"line":208,"column":23},"end":{"line":208,"column":25}},"97":{"start":{"line":209,"column":2},"end":{"line":216,"column":5}},"98":{"start":{"line":211,"column":4},"end":{"line":215,"column":5}},"99":{"start":{"line":213,"column":8},"end":{"line":213,"column":63}},"100":{"start":{"line":214,"column":8},"end":{"line":214,"column":14}},"101":{"start":{"line":217,"column":2},"end":{"line":217,"column":22}},"102":{"start":{"line":221,"column":23},"end":{"line":221,"column":60}},"103":{"start":{"line":222,"column":21},"end":{"line":222,"column":68}},"104":{"start":{"line":223,"column":2},"end":{"line":223,"column":66}},"105":{"start":{"line":226,"column":0},"end":{"line":226,"column":26}}},"fnMap":{"0":{"name":"responseBuilder","decl":{"start":{"line":11,"column":9},"end":{"line":11,"column":24}},"loc":{"start":{"line":11,"column":57},"end":{"line":31,"column":1}},"line":11},"1":{"name":"getCategoryAndName","decl":{"start":{"line":33,"column":9},"end":{"line":33,"column":27}},"loc":{"start":{"line":33,"column":45},"end":{"line":50,"column":1}},"line":33},"2":{"name":"(anonymous_2)","decl":{"start":{"line":39,"column":36},"end":{"line":39,"column":37}},"loc":{"start":{"line":39,"column":49},"end":{"line":44,"column":5}},"line":39},"3":{"name":"getUserData","decl":{"start":{"line":52,"column":9},"end":{"line":52,"column":20}},"loc":{"start":{"line":52,"column":30},"end":{"line":68,"column":1}},"line":52},"4":{"name":"mapPayload","decl":{"start":{"line":70,"column":9},"end":{"line":70,"column":19}},"loc":{"start":{"line":70,"column":67},"end":{"line":102,"column":1}},"line":70},"5":{"name":"(anonymous_5)","decl":{"start":{"line":76,"column":43},"end":{"line":76,"column":44}},"loc":{"start":{"line":76,"column":68},"end":{"line":82,"column":3}},"line":76},"6":{"name":"(anonymous_6)","decl":{"start":{"line":85,"column":29},"end":{"line":85,"column":30}},"loc":{"start":{"line":85,"column":54},"end":{"line":91,"column":5}},"line":85},"7":{"name":"commonPayload","decl":{"start":{"line":104,"column":9},"end":{"line":104,"column":22}},"loc":{"start":{"line":104,"column":54},"end":{"line":170,"column":1}},"line":104},"8":{"name":"(anonymous_8)","decl":{"start":{"line":126,"column":41},"end":{"line":126,"column":42}},"loc":{"start":{"line":126,"column":59},"end":{"line":155,"column":5}},"line":126},"9":{"name":"(anonymous_9)","decl":{"start":{"line":132,"column":35},"end":{"line":132,"column":36}},"loc":{"start":{"line":132,"column":50},"end":{"line":141,"column":11}},"line":132},"10":{"name":"(anonymous_10)","decl":{"start":{"line":162,"column":32},"end":{"line":162,"column":33}},"loc":{"start":{"line":162,"column":39},"end":{"line":166,"column":5}},"line":162},"11":{"name":"getIdentifyPayload","decl":{"start":{"line":172,"column":9},"end":{"line":172,"column":27}},"loc":{"start":{"line":172,"column":51},"end":{"line":180,"column":1}},"line":172},"12":{"name":"getTrackPayload","decl":{"start":{"line":182,"column":9},"end":{"line":182,"column":24}},"loc":{"start":{"line":182,"column":48},"end":{"line":190,"column":1}},"line":182},"13":{"name":"getTransformedJSON","decl":{"start":{"line":192,"column":9},"end":{"line":192,"column":27}},"loc":{"start":{"line":192,"column":51},"end":{"line":205,"column":1}},"line":192},"14":{"name":"getDestinationKeys","decl":{"start":{"line":207,"column":9},"end":{"line":207,"column":27}},"loc":{"start":{"line":207,"column":41},"end":{"line":218,"column":1}},"line":207},"15":{"name":"(anonymous_15)","decl":{"start":{"line":209,"column":42},"end":{"line":209,"column":43}},"loc":{"start":{"line":209,"column":49},"end":{"line":216,"column":3}},"line":209},"16":{"name":"process","decl":{"start":{"line":220,"column":9},"end":{"line":220,"column":16}},"loc":{"start":{"line"
[...]
":4},"end":{"line":440,"column":71}},"192":{"start":{"line":441,"column":4},"end":{"line":441,"column":41}},"193":{"start":{"line":442,"column":4},"end":{"line":442,"column":57}},"194":{"start":{"line":446,"column":2},"end":{"line":446,"column":57}},"195":{"start":{"line":450,"column":22},"end":{"line":450,"column":27}},"196":{"start":{"line":451,"column":28},"end":{"line":451,"column":52}},"197":{"start":{"line":452,"column":22},"end":{"line":452,"column":48}},"198":{"start":{"line":453,"column":29},"end":{"line":453,"column":93}},"199":{"start":{"line":454,"column":18},"end":{"line":459,"column":3}},"200":{"start":{"line":461,"column":2},"end":{"line":470,"column":3}},"201":{"start":{"line":463,"column":6},"end":{"line":463,"column":66}},"202":{"start":{"line":465,"column":6},"end":{"line":465,"column":63}},"203":{"start":{"line":467,"column":6},"end":{"line":467,"column":63}},"204":{"start":{"line":469,"column":6},"end":{"line":469,"column":52}},"205":{"start":{"line":474,"column":2},"end":{"line":474,"column":78}},"206":{"start":{"line":475,"column":15},"end":{"line":475,"column":48}},"207":{"start":{"line":476,"column":2},"end":{"line":476,"column":14}},"208":{"start":{"line":479,"column":0},"end":{"line":479,"column":26}}},"fnMap":{"0":{"name":"responseBuilder","decl":{"start":{"line":16,"column":9},"end":{"line":16,"column":24}},"loc":{"start":{"line":16,"column":62},"end":{"line":26,"column":1}},"line":16},"1":{"name":"createUserFields","decl":{"start":{"line":28,"column":15},"end":{"line":28,"column":31}},"loc":{"start":{"line":28,"column":67},"end":{"line":54,"column":1}},"line":28},"2":{"name":"(anonymous_2)","decl":{"start":{"line":32,"column":20},"end":{"line":32,"column":21}},"loc":{"start":{"line":32,"column":35},"end":{"line":53,"column":3}},"line":32},"3":{"name":"checkAndCreateUserFields","decl":{"start":{"line":56,"column":15},"end":{"line":56,"column":39}},"loc":{"start":{"line":61,"column":2},"end":{"line":88,"column":1}},"line":61},"4":{"name":"(anonymous_4)","decl":{"start":{"line":72,"column":36},"end":{"line":72,"column":37}},"loc":{"start":{"line":72,"column":45},"end":{"line":72,"column":54}},"line":72},"5":{"name":"(anonymous_5)","decl":{"start":{"line":78,"column":8},"end":{"line":78,"column":9}},"loc":{"start":{"line":78,"column":15},"end":{"line":78,"column":79}},"line":78},"6":{"name":"getIdentifyPayload","decl":{"start":{"line":90,"column":9},"end":{"line":90,"column":27}},"loc":{"start":{"line":90,"column":66},"end":{"line":126,"column":1}},"line":90},"7":{"name":"(anonymous_7)","decl":{"start":{"line":95,"column":21},"end":{"line":95,"column":22}},"loc":{"start":{"line":95,"column":34},"end":{"line":97,"column":3}},"line":95},"8":{"name":"(anonymous_8)","decl":{"start":{"line":105,"column":4},"end":{"line":105,"column":5}},"loc":{"start":{"line":106,"column":6},"end":{"line":109,"column":7}},"line":106},"9":{"name":"(anonymous_9)","decl":{"start":{"line":111,"column":21},"end":{"line":111,"column":22}},"loc":{"start":{"line":111,"column":30},"end":{"line":117,"column":3}},"line":111},"10":{"name":"getUserId","decl":{"start":{"line":128,"column":15},"end":{"line":128,"column":24}},"loc":{"start":{"line":128,"column":43},"end":{"line":151,"column":1}},"line":128},"11":{"name":"isUserAlreadyAssociated","decl":{"start":{"line":153,"column":15},"end":{"line":153,"column":38}},"loc":{"start":{"line":153,"column":63},"end":{"line":165,"column":1}},"line":153},"12":{"name":"createUser","decl":{"start":{"line":167,"column":15},"end":{"line":167,"column":25}},"loc":{"start":{"line":167,"column":63},"end":{"line":197,"column":1}},"line":167},"13":{"name":"getUserMembershipPayload","decl":{"start":{"line":199,"column":15},"end":{"line":199,"column":39}},"loc":{"start":{"line":204,"column":2},"end":{"line":227,"column":1}},"line":204},"14":{"name":"createOrganization","decl":{"start":{"line":229,"column":15},"end":{"line":229,"column":33}},"loc":{"start":{"line":234,"column":2},"end":{"line":295,"column":1}},"line":234},"15":{"name":"(anonymous_15)","decl":{"start":{"line":245,"column":21},"end":{"line":245,"column":22}},"loc":{"start":{"line":245,"column":34},"end":{"line":247,"column":3}},"line":245},"16":{"name":"(anonymous_16)","decl":{"start":{"line":258,"column":4},"end":{"line":258,"column":5}},"loc":{"start":{"line":259,"column":6},"end":{"line":262,"column":7}},"line":259},"17":{"name":"(anonymous_17)","decl":{"start":{"line":264,"column":29},"end":{"line":264,"column":30}},"loc":{"start":{"line":264,"column":38},"end":{"line":270,"column":3}},"line":264},"18":{"name":"validateUserId","decl":{"start":{"line":297,"column":9},"end":{"line":297,"column":23}},"loc":{"start":{"line":297,"column":33},"end":{"line":303,"column":1}},"line":297},"19":{"name":"processIdentify","decl":{"start":{"line":305,"column":15},"end":{"line":305,"column":30}},"loc":{"start":{"line":305,"column":68},"end":{"line":362,"column":1}},"line":305},"20":{"name":"processTrack","decl":{"start":{"line":364,"column":15},"end":{"line":364,"column":27}},"loc":{"start":{"line":364,"column":65},"end":{"line":403,"column":1}},"line":364},"21":{"name":"processGroup","decl":{"start":{"line":405,"column":15},"end":{"line":405,"column":27}},"loc":{"start":{"line":405,"column":65},"end":{"line":447,"column":1}},"line":405},"22":{"name":"processSingleMessage","decl":{"start":{"line":449,"column":15},"end":{"line":449,"column":35}},"loc":{"start":{"line":449,"column":43},"end":{"line":471,"column":1}},"line":449},"23":{"name":"process","decl":{"start":{"line":473,"column":15},"end":{"line":473,"column":22}},"loc":{"start":{"line":473,"column":30},"end":{"line":477,"column":1}},"line":473}},"branchMap":{"0":{"loc":{"start":{"line":22,"column":20},"end":{"line":22,"column":73}},"type":"cond-expr","locations":[{"start":{"line":22,"column":37},"end":{"line":22,"column":51}},{"start":{"line":22,"column":54},"end":{"line":22,"column":73}}],"line":22},"1":{"loc":{"start":{"line":45,"column":6},"end":{"line":47,"column":7}},"type":"if","locations":[{"start":{"line":45,"column":6},"end":{"line":47,"column":7}},{"start":{"line":45,"column":6},"end":{"line":47,"column":7}}],"line":45},"2":{"loc":{"start":{"line":49,"column":6},"end":{"line":51,"column":7}},"type":"if","locations":[{"start":{"line":49,"column":6},"end":{"line":51,"column":7}},{"start":{"line":49,"column":6},"end":{"line":51,"column":7}}],"line":49},"3":{"loc":{"start":{"line":49,"column":10},"end":{"line":49,"column":57}},"type":"binary-expr","locations":[{"start":{"line":49,"column":10},"end":{"line":49,"column":24}},{"start":{"line":49,"column":28},"end":{"line":49,"column":57}}],"line":49},"4":{"loc":{"start":{"line":70,"column":4},"end":{"line":84,"column":5}},"type":"if","locations":[{"start":{"line":70,"column":4},"end":{"line":84,"column":5}},{"start":{"line":70,"column":4},"end":{"line":84,"column":5}}],"line":70},"5":{"loc":{"start":{"line":70,"column":8},"end":{"line":70,"column":31}},"type":"binary-expr","locations":[{"start":{"line":70,"column":8},"end":{"line":70,"column":21}},{"start":{"line":70,"column":25},"end":{"line":70,"column":31}}],"line":70},"6":{"loc":{"start":{"line":78,"column":17},"end":{"line":78,"column":78}},"type":"binary-expr","locations":[{"start":{"line":78,"column":17},"end":{"line":78,"column":43}},{"start":{"line":78,"column":47},"end":{"line":78,"column":78}}],"line":78},"7":{"loc":{"start":{"line":81,"column":6},"end":{"line":83,"column":7}},"type":"if","locations":[{"start":{"line":81,"column":6},"end":{"line":83,"column":7}},{"start":{"line":81,"column":6},"end":{"line":83,"column":7}}],"line":81},"8":{"loc":{"start":{"line":86,"column":27},"end":{"line":86,"column":71}},"type":"cond-expr","locations":[{"start":{"line":86,"column":44},"end":{"line":86,"column":63}},{"start":{"line":86,"column":66},"end":{"line":86,"column":71}}],"line":86},"9":{"loc":{"start":{"line":99,"column":2},"end":{"line":101,"column":3}},"type":"if","locations":[{"start":{"line":99,"column":2},"end":{"line":101,"column":3}},{"start":{"line":99,"column":2},"end":{"line":101,"column":3}}],"line":99},"10":{"loc":{"start":{"line":107,"column":8},"end":{"line":108,"column":57}},"type":"binary-expr","locations":[{"start":{"line":107,"column":8},"end":{"line":107,"column":54}},{"start":{"line":108,"column":8},"end":{"line":108,"column":57}}],"line":107},"11":{"loc":{"start":{"line":121,"column":2},"end":{"line":123,"column":3}},"type":"if","locations":[{"start":{"line":121,"column":2},"end":{"line":123,"column":3}},{"start":{"line":121,"column":2},"end":{"line":123,"column":3}}],"line":121},"12":{"loc":{"start":{"line":137,"column":4},"end":{"line":140,"column":5}},"type":"if","locations":[{"start":{"line":137,"column":4},"end":{"line":140,"column":5}},{"start":{"line":137,"column":4},"end":{"line":140,"column":5}}],"line":137},"13":{"loc":{"start":{"line":137,"column":8},"end":{"line":137,"column":52}},"type":"binary-expr","locations":[{"start":{"line":137,"column":8},"end":{"line":137,"column":13}},{"start":{"line":137,"column":17},"end":{"line":137,"column":27}},{"start":{"line":137,"column":31},"end":{"line":137,"column":52}}],"line":137},"14":{"loc":{"start":{"line":157,"column":2},"end":{"line":163,"column":3}},"type":"if","locations":[{"start":{"line":157,"column":2},"end":{"line":163,"column":3}},{"start":{"line":157,"column":2},"end":{"line":163,"column":3}}],"line":157},"15":{"loc":{"start":{"line":158,"column":4},"end":{"line":160,"column":57}},"type":"binary-expr","locations":[{"start":{"line":158,"column":4},"end":{"line":158,"column":17}},{"start":{"line":159,"column":4},"end":{"line":159,"column":53}},{"start":{"line":160,"column":4},"end":{"line":160,"column":57}}],"line":158},"16":{"loc":{"start":{"line":169,"column":17},"end":{"line":169,"column":70}},"type":"cond-expr","locations":[{"start":{"line":169,"column":34},"end":{"line":169,"column":48}},{"start":{"line":169,"column":51},"end":{"line":169,"column":70}}],"line":169},"17":{"loc":{"start":{"line":173,"column":2},"end":{"line":175,"column":3}},"type":"if","locations":[{"start":{"line":173,"column":2},"end":{"line":175,"column":3}},{"start":{"line":173,"column":2},"end":{"line":175,"column":3}}],"line":173},"18":{"loc":{"start":{"line":184,"column":4},"end":{"line":187,"column":5}},"type":"if","locations":[{"start":{"line":184,"column":4},"end":{"line":187,"column":5}},{"start":{"line":184,"column":4},"end":{"line":187,"column":5}}],"line":184},"19":{"loc":{"start":{"line":184,"column":8},"end":{"line":184,"column":59}},"type":"binary-expr","locations":[{"start":{"line":184,"column":8},"end":{"line":184,"column":18}},{"start":{"line":184,"column":22},"end":{"line":184,"column":37}},{"start":{"line":184,"column":41},"end":{"line":184,"column":59}}],"line":184},"20":{"loc":{"start":{"line":208,"column":2},"end":{"line":217,"column":3}},"type":"if","locations":[{"start":{"line":208,"column":2},"end":{"line":217,"column":3}},{"start":{"line":208,"column":2},"end":{"line":217,"column":3}}],"line":208},"21":{"loc":{"start":{"line":209,"column":4},"end":{"line":216,"column":5}},"type":"if","locations":[{"start":{"line":209,"column":4},"end":{"line":216,"column":5}},{"start":{"line":209,"column":4},"end":{"line":216,"column":5}}],"line":209},"22":{"loc":{"start":{"line":209,"column":8},"end":{"line":209,"column":67}},"type":"binary-expr","locations":[{"start":{"line":209,"column":8},"end":{"line":209,"column":35}},{"start":{"line":209,"column":39},"end":{"line":209,"column":67}}],"line":209},"23":{"loc":{"start":{"line":249,"column":2},"end":{"line":255,"column":3}},"type":"if","locations":[{"start":{"line":249,"column":2},"end":{"line":255,"column":3}},{"start":{"line":249,"column":2},"end":{"line":255,"column":3}}],"line":249},"24":{"loc":{"start":{"line":260,"column":8},"end":{"line":261,"column":57}},"type":"binary-expr","locations":[{"start":{"line":260,"column":8},"end":{"line":260,"column":46}},{"start":{"line":261,"column":8},"end":{"line":261,"column":57}}],"line":260},"25":{"loc":{"start":{"line":274,"column":2},"end":{"line":276,"column":3}},"type":"if","locations":[{"start":{"line":274,"column":2},"end":{"line":276,"column":3}},{"start":{"line":274,"column":2},"end":{"line":276,"column":3}}],"line":274},"26":{"loc":{"start":{"line":274,"column":6},"end":{"line":274,"column":70}},"type":"binary-expr","locations":[{"start":{"line":274,"column":6},"end":{"line":274,"column":51}},{"start":{"line":274,"column":55},"end":{"line":274,"column":70}}],"line":274},"27":{"loc":{"start":{"line":284,"column":4},"end":{"line":287,"column":5}},"type":"if","locations":[{"start":{"line":284,"column":4},"end":{"line":287,"column":5}},{"start":{"line":284,"column":4},"end":{"line":287,"column":5}}],"line":284},"28":{"loc":{"start":{"line":284,"column":8},"end":{"line":284,"column":45}},"type":"binary-expr","locations":[{"start":{"line":284,"column":8},"end":{"line":284,"column":18}},{"start":{"line":284,"column":22},"end":{"line":284,"column":45}}],"line":284},"29":{"loc":{"start":{"line":298,"column":2},"end":{"line":302,"column":3}},"type":"if","locations":[{"start":{"line":298,"column":2},"end":{"line":302,"column":3}},{"start":{"line":298,"column":2},"end":{"line":302,"column":3}}],"line":298},"30":{"loc":{"start":{"line":321,"column":2},"end":{"line":358,"column":3}},"type":"if","locations":[{"start":{"line":321,"column":2},"end":{"line":358,"column":3}},{"start":{"line":321,"column":2},"end":{"line":358,"column":3}}],"line":321},"31":{"loc":{"start":{"line":322,"column":4},"end":{"line":325,"column":21}},"type":"binary-expr","locations":[{"start":{"line":322,"column":4},"end":{"line":322,"column":18}},{"start":{"line":323,"column":4},"end":{"line":323,"column":25}},{"start":{"line":324,"column":4},"end":{"line":324,"column":49}},{"start":{"line":325,"column":4},"end":{"line":325,"column":21}}],"line":322},"32":{"loc":{"start":{"line":329,"column":4},"end":{"line":357,"column":5}},"type":"if","locations":[{"start":{"line":329,"column":4},"end":{"line":357,"column":5}},{"start":{"line":329,"column":4},"end":{"line":357,"column":5}}],"line":329},"33":{"loc":{"start":{"line":334,"column":8},"end":{"line":353,"column":9}},"type":"if","locations":[{"start":{"line":334,"column":8},"end":{"line":353,"column":9}},{"start":{"line":334,"column":8},"end":{"line":353,"column":9}}],"line":334},"34":{"loc":{"start":{"line":335,"column":10},"end":{"line":337,"column":59}},"type":"binary-expr","locations":[{"start":{"line":335,"column":10},"end":{"line":335,"column":23}},{"start":{"line":336,"column":10},"end":{"line":336,"column":48}},{"start":{"line":337,"column":10},"end":{"line":337,"column":59}}],"line":335},"35":{"loc":{"start":{"line":339,"column":10},"end":{"line":352,"column":11}},"type":"if","locations":[{"start":{"line":339,"column":10},"end":{"line":352,"column":11}},{"start":{"line":339,"column":10},"end":{"line":352,"column":11}}],"line":339},"36":{"loc":{"start":{"line":348,"column":36},"end":{"line":350,"column":35}},"type":"cond-expr","locations":[{"start":{"line":349,"column":16},"end":{"line":349,"column":30}},{"start":{"line":350,"column":16},"end":{"line":350,"column":35}}],"line":348},"37":{"loc":{"start":{"line":372,"column":2},"end":{"line":383,"column":3}},"type":"if","locations":[{"start":{"line":372,"column":2},"end":{"line":383,"column":3}},{"start":{"line":372,"column":2},"end":{"line":383,"column":3}}],"line":372},"38":{"loc":{"start":{"line":372,"column":6},"end":{"line":372,"column":73}},"type":"binary-expr","locations":[{"start":{"line":372,"column":6},"end":{"line":372,"column":19}},{"start":{"line":372,"column":23},"end":{"line":372,"column":41}},{"start":{"line":372,"column":45},"end":{"line":372,"column":73}}],"line":372},"39":{"loc":{"start":{"line":378,"column":4},"end":{"line":380,"column":5}},"type":"if","locations":[{"start":{"line":378,"column":4},"end":{"line":380,"column":5}},{"start":{"line":378,"column":4},"end":{"line":380,"column":5}}],"line":378},"40":{"loc":{"start":{"line":384,"column":18},"end":{"line":384,"column":64}},"type":"binary-expr","locations":[{"start":{"line":384,"column":18},"end":{"line":384,"column":31}},{"start":{"line":384,"column":35},"end":{"line":384,"column":64}}],"line":384},"41":{"loc":{"start":{"line":385,"column":14},"end":{"line":385,"column":59}},"type":"binary-expr","locations":[{"start":{"line":385,"column":14},"end":{"line":385,"column":23}},{"start":{"line":385,"column":27},"end":{"line":385,"column":59}}],"line":385},"42":{"loc":{"start":{"line":411,"column":2},"end":{"line":444,"column":3}},"type":"if","locations":[{"start":{"line":411,"column":2},"end":{"line":444,"column":3}},{"start":{"line":411,"column":2},"end":{"line":444,"column":3}}],"line":411},"43":{"loc":{"start":{"line":411,"column":6},"end":{"line":411,"column":70}},"type":"binary-expr","locations":[{"start":{"line":411,"column":6},"end":{"line":411,"column":51}},{"start":{"line":411,"column":55},"end":{"line":411,"column":70}}],"line":411},"44":{"loc":{"start":{"line":426,"column":4},"end":{"line":430,"column":5}},"type":"if","locations":[{"start":{"line":426,"column":4},"end":{"line":430,"column":5}},{"start":{"line":426,"column":4},"end":{"line":430,"column":5}}],"line":426},"45":{"loc":{"start":{"line":461,"column":2},"end":{"line":470,"column":3}},"type":"switch","locations":[{"start":{"line":462,"column":4},"end":{"line":463,"column":66}},{"start":{"line":464,"column":4},"end":{"line":465,"column":63}},{"start":{"line":466,"column":4},"end":{"line":467,"column":63}},{"start":{"line":468,"column":4},"end":{"line":469,"column":52}}],"line":461}},"s":{"0":1,"1":1,"2":1,"3":1,"4":1,"5":1,"6":4,"7":4,"8":4,"9":4,"10":4,"11":4,"12":4,"13":0,"14":0,"15":0,"16":0,"17":0,"18":0,"19":0,"20":0,"21":0,"22":3,"23":3,"24":3,"25":3,"26":3,"27":3,"28":3,"29":3,"30":7,"31":3,"32":3,"33":3,"34":8,"35":3,"36":0,"37":0,"38":3,"39":3,"40":3,"41":3,"42":18,"43":3,"44":3,"45":3,"46":3,"47":7,"48":3,"49":0,"50":3,"51":3,"52":3,"53":3,"54":1,"55":1,"56":1,"57":1,"58":1,"59":1,"60":0,"61":0,"62":1,"63":1,"64":0,"65":0,"66":0,"67":0,"68":0,"69":0,"70":0,"71":0,"72":0,"73":0,"74":0,"75":0,"76":0,"77":0,"78":0,"79":0,"80":0,"81":0,"82":0,"83":0,"84":0,"85":0,"86":0,"87":0,"88":0,"89":0,"90":0,"91":0,"92":0,"93":0,"94":0,"95":0,"96":0,"97":0,"98":0,"99":0,"100":1,"101":1,"102":1,"103":1,"104":1,"105":6,"106":1,"107":1,"108":1,"109":1,"110":3,"111":1,"112":1,"113":1,"114":1,"115":0,"116":1,"117":1,"118":1,"119":1,"120":1,"121":0,"122":0,"123":1,"124":1,"125":0,"126":0,"127":4,"128":0,"129":2,"130":2,"131":2,"132":2,"133":2,"134":2,"135":2,"136":2,"137":1,"138":1,"139":1,"140":1,"141":1,"142":1,"143":1,"144":1,"145":1,"146":1,"147":1,"148":1,"149":1,"150":1,"151":1,"152":1,"153":0,"154":2,"155":2,"156":1,"157":1,"158":1,"159":1,"160":1,"161":1,"162":0,"163":0,"164":0,"165":0,"166":0,"167":1,"168":1,"169":1,"170":1,"171":1,"172":1,"173":1,"174":1,"175":1,"176":1,"177":1,"178":1,"179":1,"180":1,"181":1,"182":1,"183":1,"184":1,"185":0,"186":0,"187":1,"188":1,"189":0,"190":1,"191":1,"192":1,"193":1,"194":1,"195":4,"196":4,"197":4,"198":4,"199":4,"200":4,"201":2,"202":1,"203":1,"204":0,"205":4,"206":4,"207":4,"208":1},"f":{"0":4,"1":0,"2":0,"3":3,"4":7,"5":8,"6":3,"7":18,"8":7,"9":0,"10":1,"11":0,"12":0,"13":0,"14":1,"15":6,"16":3,"17":1,"18":4,"19":2,"20":1,"21":1,"22":4,"23":4},"b":{"0":[4,0],"1":[0,0],"2":[0,0],"3":[0,0],"4":[3,0],"5":[3,3],"6":[8,1],"7":[0,3],"8":[0,0],"9":[3,0],"10":[7,1],"11":[3,0],"12":[0,1],"13":[1,1,1],"14":[0,0],"15":[0,0,0],"16":[0,0],"17":[0,0],"18":[0,0],"19":[0,0,0],"20":[0,0],"21":[0,0],"22":[0,0],"23":[1,0],"24":[3,1],"25":[0,1],"26":[1,1],"27":[0,1],"28":[1,1],"29":[0,4],"30":[1,1],"31":[2,1,1,1],"32":[1,0],"33":[1,0],"34":[1,1,1],"35":[1,0],"36":[1,0],"37":[0,1],"38":[1,1,1],"39":[0,0],"40":[1,1],"41":[1,0],"42":[0,1],"43":[1,1],"44":[0,1],"45":[2,1,1,0]},"_coverageSchema":"1a1c01bbd47fc00a2c39e90264f33305004495a9","hash":"74bafce8457142aa1c1f992c37d17dde76e9f88c"}
}
