TN:
SF:logger.js
FN:10,(anonymous_0)
FN:16,(anonymous_1)
FN:22,(anonymous_2)
FNF:3
FNH:0
FNDA:0,(anonymous_0)
FNDA:0,(anonymous_1)
FNDA:0,(anonymous_2)
DA:1,1
DA:2,1
DA:3,1
DA:4,1
DA:6,1
DA:10,1
DA:11,0
DA:12,0
DA:16,1
DA:17,0
DA:18,0
DA:22,1
DA:23,0
DA:24,0
DA:28,1
LF:15
LH:9
BRDA:6,0,0,0
BRDA:6,0,1,1
BRDA:11,1,0,0
BRDA:11,1,1,0
BRDA:17,2,0,0
BRDA:17,2,1,0
BRDA:23,3,0,0
BRDA:23,3,1,0
BRF:8
BRH:1
end_of_record
TN:
SF:constants/index.js
FNF:0
FNH:0
DA:1,20
DA:12,20
DA:20,20
DA:24,20
DA:26,20
LF:5
LH:5
BRF:0
BRH:0
end_of_record
TN:
SF:v0/destinations/util.js
FN:7,(anonymous_0)
FN:15,(anonymous_1)
FN:18,(anonymous_2)
FN:27,(anonymous_3)
FN:32,(anonymous_4)
FN:33,(anonymous_5)
FN:34,(anonymous_6)
FN:36,(anonymous_7)
FN:37,(anonymous_8)
FN:48,(anonymous_9)
FN:59,(anonymous_10)
FN:60,(anonymous_11)
FN:61,(anonymous_12)
FN:63,(anonymous_13)
FN:64,(anonymous_14)
FN:91,(anonymous_15)
FN:109,isURL
FNF:17
FNH:5
FNDA:0,(anonymous_0)
FNDA:10,(anonymous_1)
FNDA:38,(anonymous_2)
FNDA:0,(anonymous_3)
FNDA:33,(anonymous_4)
FNDA:0,(anonymous_5)
FNDA:0,(anonymous_6)
FNDA:0,(anonymous_7)
FNDA:0,(anonymous_8)
FNDA:0,(anonymous_9)
FNDA:10,(anonymous_10)
FNDA:0,(anonymous_11)
FNDA:0,(anonymous_12)
FNDA:0,(anonymous_13)
FNDA:0,(anonymous_14)
FNDA:14,(anonymous_15)
FNDA:0,isURL
DA:2,22
DA:3,22
DA:4,22
DA:5,22
DA:7,22
DA:8,0
DA:15,22
DA:16,10
DA:17,10
DA:18,10
DA:19,38
DA:20,38
DA:24,10
DA:27,22
DA:28,0
DA:29,0
DA:32,33
DA:33,22
DA:34,22
DA:36,22
DA:37,0
DA:38,0
DA:39,0
DA:42,0
DA:45,0
DA:48,22
DA:49,0
DA:50,0
DA:51,0
DA:52,0
DA:53,0
DA:54,0
DA:55,0
DA:56,0
DA:59,22
DA:60,22
DA:61,22
DA:63,22
DA:64,0
DA:65,0
DA:66,0
DA:69,0
DA:72,22
DA:77,22
DA:82,22
DA:86,22
DA:91,22
DA:92,14
DA:110,0
DA:119,0
DA:122,22
LF:51
LH:29
BRDA:8,0,0,0
BRDA:8,0,1,0
BRDA:9,1,0,0
BRDA:9,1,1,0
BRDA:29,2,0,0
BRDA:29,2,1,0
BRDA:29,2,2,0
BRDA:34,3,0,0
BRDA:34,3,1,0
BRDA:38,4,0,0
BRDA:38,4,1,0
BRDA:53,5,0,0
BRDA:53,5,1,0
BRDA:54,6,0,0
BRDA:54,6,1,0
BRDA:65,7,0,0
BRDA:65,7,1,0
BRF:17
BRH:0
end_of_record
TN:
SF:v0/destinations/af/config.js
FN:65,(anonymous_0)
FNF:1
FNH:1
FNDA:7,(anonymous_0)
DA:1,1
DA:3,1
DA:21,1
DA:59,1
DA:61,1
DA:63,1
DA:64,1
DA:65,1
DA:66,7
DA:69,1
LF:10
LH:10
BRF:0
BRH:0
end_of_record
TN:
SF:v0/destinations/af/transform.js
FN:19,responseBuilderSimple
FN:50,getEventValueForUnIdentifiedTrackEvent
FN:56,getEventValueMapFromMappingJson
FN:61,(anonymous_3)
FN:69,(anonymous_4)
FN:83,processNonTrackEvents
FN:89,processEventTypeTrack
FN:128,processSingleMessage
FN:153,process
FNF:9
FNH:0
FNDA:0,responseBuilderSimple
FNDA:0,getEventValueForUnIdentifiedTrackEvent
FNDA:0,getEventValueMapFromMappingJson
FNDA:0,(anonymous_3)
FNDA:0,(anonymous_4)
FNDA:0,processNonTrackEvents
FNDA:0,processEventTypeTrack
FNDA:0,processSingleMessage
FNDA:0,process
DA:1,1
DA:2,1
DA:4,1
DA:9,1
DA:17,1
DA:20,0
DA:22,0
DA:28,0
DA:30,0
DA:38,0
DA:39,0
DA:40,0
DA:44,0
DA:45,0
DA:46,0
DA:47,0
DA:51,0
DA:57,0
DA:58,0
DA:60,0
DA:61,0
DA:62,0
DA:65,0
DA:66,0
DA:67,0
DA:68,0
DA:69,0
DA:70,0
DA:71,0
DA:72,0
DA:74,0
DA:80,0
DA:84,0
DA:85,0
DA:86,0
DA:90,0
DA:91,0
DA:92,0
DA:93,0
DA:94,0
DA:96,0
DA:104,0
DA:105,0
DA:108,0
DA:109,0
DA:110,0
DA:114,0
DA:115,0
DA:117,0
DA:123,0
DA:125,0
DA:129,0
DA:131,0
DA:133,0
DA:134,0
DA:137,0
DA:138,0
DA:139,0
DA:142,0
DA:143,0
DA:144,0
DA:148,0
DA:150,0
DA:154,0
DA:155,0
DA:156,0
DA:158,0
DA:161,1
LF:68
LH:6
BRDA:22,0,0,0
BRDA:22,0,1,0
BRDA:23,1,0,0
BRDA:23,1,1,0
BRDA:28,2,0,0
BRDA:28,2,1,0
BRDA:65,3,0,0
BRDA:65,3,1,0
BRDA:65,4,0,0
BRDA:65,4,1,0
BRDA:65,4,2,0
BRDA:96,5,0,0
BRDA:96,5,1,0
BRDA:96,5,2,0
BRDA:96,5,3,0
BRDA:96,5,4,0
BRDA:96,5,5,0
BRDA:96,5,6,0
BRDA:96,5,7,0
BRDA:114,6,0,0
BRDA:114,6,1,0
BRDA:131,7,0,0
BRDA:131,7,1,0
BRDA:131,7,2,0
BRDA:131,7,3,0
BRDA:155,8,0,0
BRDA:155,8,1,0
BRF:27
BRH:0
end_of_record
TN:
SF:v0/destinations/am/config.js
FN:108,(anonymous_0)
FNF:1
FNH:1
FNDA:17,(anonymous_0)
DA:1,1
DA:3,1
DA:30,1
DA:101,1
DA:102,1
DA:104,1
DA:106,1
DA:107,1
DA:108,1
DA:109,17
DA:112,1
LF:11
LH:11
BRF:0
BRH:0
end_of_record
TN:
SF:v0/destinations/am/transform.js
FN:25,(anonymous_0)
FN:26,(anonymous_1)
FN:29,(anonymous_2)
FN:37,createSingleMessageBasicStructure
FN:50,stringToHash
FN:64,fixSessionId
FN:70,fixVersion
FN:76,addMinIdlength
FN:83,responseBuilderSimple
FN:97,(anonymous_9)
FN:107,(anonymous_10)
FN:153,(anonymous_11)
FN:167,processSingleMessage
FN:192,(anonymous_13)
FN:236,processProductListAction
FN:242,(anonymous_15)
FN:251,processTransaction
FN:266,process
FN:290,(anonymous_18)
FNF:19
FNH:0
FNDA:0,(anonymous_0)
FNDA:0,(anonymous_1)
FNDA:0,(anonymous_2)
FNDA:0,createSingleMessageBasicStructure
FNDA:0,stringToHash
FNDA:0,fixSessionId
FNDA:0,fixVersion
FNDA:0,addMinIdlength
FNDA:0,responseBuilderSimple
FNDA:0,(anonymous_9)
FNDA:0,(anonymous_10)
FNDA:0,(anonymous_11)
FNDA:0,processSingleMessage
FNDA:0,(anonymous_13)
FNDA:0,processProductListAction
FNDA:0,(anonymous_15)
FNDA:0,processTransaction
FNDA:0,process
FNDA:0,(anonymous_18)
DA:1,1
DA:2,1
DA:3,1
DA:9,1
DA:15,1
DA:22,1
DA:25,1
DA:26,0
DA:27,0
DA:28,0
DA:29,0
DA:30,0
DA:38,0
DA:51,0
DA:53,0
DA:55,0
DA:56,0
DA:57,0
DA:58,0
DA:61,0
DA:65,0
DA:71,0
DA:72,0
DA:77,0
DA:90,0
DA:91,0
DA:93,0
DA:94,0
DA:96,0
DA:97,0
DA:98,0
DA:101,0
DA:104,0
DA:105,0
DA:106,0
DA:107,0
DA:108,0
DA:109,0
DA:116,0
DA:118,0
DA:121,0
DA:123,0
DA:129,0
DA:132,0
DA:133,0
DA:134,0
DA:135,0
DA:138,0
DA:139,0
DA:140,0
DA:141,0
DA:144,0
DA:145,0
DA:150,0
DA:153,1
DA:154,0
DA:160,0
DA:162,0
DA:168,0
DA:170,0
DA:172,0
DA:173,0
DA:176,0
DA:177,0
DA:178,0
DA:180,0
DA:181,0
DA:182,0
DA:184,0
DA:185,0
DA:186,0
DA:188,0
DA:190,0
DA:191,0
DA:192,0
DA:193,0
DA:194,0
DA:197,0
DA:198,0
DA:199,0
DA:203,0
DA:214,0
DA:215,0
DA:217,0
DA:218,0
DA:220,0
DA:222,0
DA:223,0
DA:226,0
DA:237,0
DA:238,0
DA:242,0
DA:243,0
DA:244,0
DA:245,0
DA:248,0
DA:253,0
DA:257,0
DA:261,0
DA:263,0
DA:267,0
DA:268,0
DA:269,0
DA:270,0
DA:271,0
DA:272,0
DA:277,0
DA:278,0
DA:285,0
DA:287,0
DA:290,0
DA:291,0
DA:292,0
DA:293,0
DA:295,0
DA:297,0
DA:300,1
LF:117
LH:9
BRDA:53,0,0,0
BRDA:53,0,1,0
BRDA:65,1,0,0
BRDA:65,1,1,0
BRDA:71,2,0,0
BRDA:71,2,1,0
BRDA:104,3,0,0
BRDA:104,3,1,0
BRDA:108,4,0,0
BRDA:108,4,1,0
BRDA:123,5,0,0
BRDA:123,5,1,0
BRDA:124,6,0,0
BRDA:124,6,1,0
BRDA:124,6,2,0
BRDA:124,6,3,0
BRDA:144,7,0,0
BRDA:144,7,1,0
BRDA:154,8,0,0
BRDA:154,8,1,0
BRDA:155,9,0,0
BRDA:155,9,1,0
BRDA:155,9,2,0
BRDA:155,9,3,0
BRDA:173,10,0,0
BRDA:173,10,1,0
BRDA:173,10,2,0
BRDA:173,10,3,0
BRDA:173,10,4,0
BRDA:190,11,0,0
BRDA:190,11,1,0
BRDA:190,12,0,0
BRDA:190,12,1,0
BRDA:193,13,0,0
BRDA:193,13,1,0
BRDA:197,14,0,0
BRDA:197,14,1,0
BRDA:203,15,0,0
BRDA:203,15,1,0
BRDA:203,15,2,0
BRDA:203,15,3,0
BRDA:203,15,4,0
BRDA:203,15,5,0
BRDA:203,15,6,0
BRDA:203,15,7,0
BRDA:203,15,8,0
BRDA:203,15,9,0
BRDA:203,15,10,0
BRDA:257,16,0,0
BRDA:257,16,1,0
BRDA:258,17,0,0
BRDA:258,17,1,0
BRDA:270,18,0,0
BRDA:270,18,1,0
BRDA:272,19,0,0
BRDA:272,19,1,0
BRDA:273,20,0,0
BRDA:273,20,1,0
BRDA:273,20,2,0
BRDA:278,21,0,0
BRDA:278,21,1,0
BRDA:279,22,0,0
BRDA:279,22,1,0
BRDA:279,22,2,0
BRDA:279,22,3,0
BRDA:279,22,4,0
BRDA:292,23,0,0
BRDA:292,23,1,0
BRF:68
BRH:0
end_of_record
TN:
SF:v0/destinations/autopilot/config.js
FNF:0
FNH:0
DA:1,1
DA:6,1
DA:7,1
DA:12,1
LF:4
LH:4
BRF:0
BRH:0
end_of_record
TN:
SF:v0/destinations/autopilot/transform.js
FN:12,responseBuilder
FN:45,getIdentifyPayload
FN:52,(anonymous_2)
FN:63,getTrackPayload
FN:72,(anonymous_4)
FN:81,getTransformedJSON
FN:96,getDestinationKeys
FN:99,(anonymous_7)
FN:114,process
FNF:9
FNH:0
FNDA:0,responseBuilder
FNDA:0,getIdentifyPayload
FNDA:0,(anonymous_2)
FNDA:0,getTrackPayload
FNDA:0,(anonymous_4)
FNDA:0,getTransformedJSON
FNDA:0,getDestinationKeys
FNDA:0,(anonymous_7)
FNDA:0,process
DA:1,1
DA:2,1
DA:3,1
DA:4,1
DA:10,1
DA:16,0
DA:17,0
DA:23,0
DA:25,0
DA:26,0
DA:27,0
DA:29,0
DA:30,0
DA:31,0
DA:33,0
DA:36,0
DA:37,0
DA:38,0
DA:39,0
DA:40,0
DA:41,0
DA:42,0
DA:46,0
DA:47,0
DA:49,0
DA:51,0
DA:52,0
DA:53,0
DA:54,0
DA:55,0
DA:59,0
DA:60,0
DA:64,0
DA:65,0
DA:67,0
DA:71,0
DA:72,0
DA:73,0
DA:77,0
DA:78,0
DA:83,0
DA:85,0
DA:86,0
DA:88,0
DA:89,0
DA:91,0
DA:93,0
DA:97,0
DA:98,0
DA:99,0
DA:100,0
DA:102,0
DA:103,0
DA:105,0
DA:106,0
DA:108,0
DA:111,0
DA:115,0
DA:117,0
DA:118,0
DA:121,1
LF:61
LH:6
BRDA:23,0,0,0
BRDA:23,0,1,0
BRDA:23,0,2,0
BRDA:40,1,0,0
BRDA:40,1,1,0
BRDA:49,2,0,0
BRDA:49,2,1,0
BRDA:51,3,0,0
BRDA:51,3,1,0
BRDA:67,4,0,0
BRDA:67,4,1,0
BRDA:71,5,0,0
BRDA:71,5,1,0
BRDA:83,6,0,0
BRDA:83,6,1,0
BRDA:83,6,2,0
BRDA:100,7,0,0
BRDA:100,7,1,0
BRDA:100,7,2,0
BRF:19
BRH:0
end_of_record
TN:
SF:v0/destinations/autopilot/data/eventMapping.js
FNF:0
FNH:0
DA:1,1
DA:6,1
DA:8,1
DA:17,1
LF:4
LH:4
BRF:0
BRH:0
end_of_record
TN:
SF:v0/destinations/azure_event_hub/transform.js
FN:1,process
FNF:1
FNH:0
FNDA:0,process
DA:2,0
DA:6,0
DA:9,1
LF:3
LH:1
BRDA:4,0,0,0
BRDA:4,0,1,0
BRF:2
BRH:0
end_of_record
TN:
SF:v0/destinations/branch/config.js
FNF:0
FNH:0
DA:1,1
DA:6,1
DA:7,1
DA:12,1
LF:4
LH:4
BRF:0
BRH:0
end_of_record
TN:
SF:v0/destinations/branch/transform.js
FN:11,responseBuilder
FN:33,getCategoryAndName
FN:39,(anonymous_2)
FN:52,getUserData
FN:70,mapPayload
FN:76,(anonymous_5)
FN:85,(anonymous_6)
FN:104,commonPayload
FN:126,(anonymous_8)
FN:132,(anonymous_9)
FN:162,(anonymous_10)
FN:172,getIdentifyPayload
FN:182,getTrackPayload
FN:192,getTransformedJSON
FN:207,getDestinationKeys
FN:209,(anonymous_15)
FN:220,process
FNF:17
FNH:0
FNDA:0,responseBuilder
FNDA:0,getCategoryAndName
FNDA:0,(anonymous_2)
FNDA:0,getUserData
FNDA:0,mapPayload
FNDA:0,(anonymous_5)
FNDA:0,(anonymous_6)
FNDA:0,commonPayload
FNDA:0,(anonymous_8)
FNDA:0,(anonymous_9)
FNDA:0,(anonymous_10)
FNDA:0,getIdentifyPayload
FNDA:0,getTrackPayload
FNDA:0,getTransformedJSON
FNDA:0,getDestinationKeys
FNDA:0,(anonymous_15)
FNDA:0,process
DA:1,1
DA:2,1
DA:3,1
DA:4,1
DA:9,1
DA:12,0
DA:14,0
DA:15,0
DA:16,0
DA:18,0
DA:19,0
DA:22,0
DA:23,0
DA:34,0
DA:35,0
DA:36,0
DA:37,0
DA:39,0
DA:40,0
DA:41,0
DA:42,0
DA:45,0
DA:46,0
DA:49,0
DA:53,0
DA:55,0
DA:71,0
DA:72,0
DA:73,0
DA:75,0
DA:76,0
DA:77,0
DA:78,0
DA:79,0
DA:80,0
DA:84,0
DA:85,0
DA:86,0
DA:87,0
DA:88,0
DA:89,0
DA:94,0
DA:95,0
DA:97,0
DA:106,0
DA:107,0
DA:108,0
DA:109,0
DA:112,0
DA:114,0
DA:117,0
DA:119,0
DA:122,0
DA:125,0
DA:126,0
DA:127,0
DA:128,0
DA:129,0
DA:130,0
DA:132,0
DA:137,0
DA:138,0
DA:139,0
DA:140,0
DA:142,0
DA:143,0
DA:146,0
DA:151,0
DA:152,0
DA:153,0
DA:156,0
DA:157,0
DA:158,0
DA:159,0
DA:160,0
DA:162,0
DA:163,0
DA:164,0
DA:169,0
DA:173,0
DA:176,0
DA:177,0
DA:179,0
DA:183,0
DA:186,0
DA:187,0
DA:189,0
DA:194,0
DA:196,0
DA:197,0
DA:199,0
DA:200,0
DA:202,0
DA:204,0
DA:208,0
DA:209,0
DA:211,0
DA:213,0
DA:214,0
DA:217,0
DA:221,0
DA:222,0
DA:223,0
DA:226,1
LF:104
LH:6
BRDA:14,0,0,0
BRDA:14,0,1,0
BRDA:14,1,0,0
BRDA:14,1,1,0
BRDA:29,2,0,0
BRDA:29,2,1,0
BRDA:40,3,0,0
BRDA:40,3,1,0
BRDA:45,4,0,0
BRDA:45,4,1,0
BRDA:45,5,0,0
BRDA:45,5,1,0
BRDA:60,6,0,0
BRDA:60,6,1,0
BRDA:61,7,0,0
BRDA:61,7,1,0
BRDA:62,8,0,0
BRDA:62,8,1,0
BRDA:63,9,0,0
BRDA:63,9,1,0
BRDA:64,10,0,0
BRDA:64,10,1,0
BRDA:77,11,0,0
BRDA:77,11,1,0
BRDA:84,12,0,0
BRDA:84,12,1,0
BRDA:86,13,0,0
BRDA:86,13,1,0
BRDA:94,14,0,0
BRDA:94,14,1,0
BRDA:112,15,0,0
BRDA:112,15,1,0
BRDA:114,16,0,0
BRDA:114,16,1,0
BRDA:119,17,0,0
BRDA:119,17,1,0
BRDA:125,18,0,0
BRDA:125,18,1,0
BRDA:127,19,0,0
BRDA:127,19,1,0
BRDA:163,20,0,0
BRDA:163,20,1,0
BRDA:194,21,0,0
BRDA:194,21,1,0
BRDA:194,21,2,0
BRDA:211,22,0,0
BRF:46
BRH:0
end_of_record
TN:
SF:v0/destinations/branch/data/eventMapping.js
FNF:0
FNH:0
DA:1,1
DA:32,1
DA:54,1
DA:66,1
DA:76,1
DA:82,1
LF:6
LH:6
BRF:0
BRH:0
end_of_record
TN:
SF:v0/destinations/braze/config.js
FN:13,getIdentifyEndpoint
FN:18,getTrackEndPoint
FNF:2
FNH:0
FNDA:0,getIdentifyEndpoint
FNDA:0,getTrackEndPoint
DA:1,1
DA:3,1
DA:15,0
DA:20,0
DA:23,1
DA:26,1
LF:6
LH:4
BRF:0
BRH:0
end_of_record
TN:
SF:v0/destinations/braze/transform.js
FN:15,formatGender
FN:28,buildResponse
FN:43,setAliasObjectWithAnonId
FN:51,setExternalId
FN:56,setExternalIdOrAliasObject
FN:64,getIdentifyPayload
FN:71,getUserAttributesObject
FN:74,(anonymous_7)
FN:110,(anonymous_8)
FN:114,(anonymous_9)
FN:122,appendApiKey
FN:127,processIdentify
FN:135,processTrackWithUserAttributes
FN:145,handleReservedProperties
FN:157,(anonymous_14)
FN:163,addMandatoryEventProperties
FN:169,addMandatoryPurchaseProperties
FN:185,getPurchaseObjs
FN:193,(anonymous_18)
FN:216,processTrackEvent
FN:269,process
FNF:21
FNH:0
FNDA:0,formatGender
FNDA:0,buildResponse
FNDA:0,setAliasObjectWithAnonId
FNDA:0,setExternalId
FNDA:0,setExternalIdOrAliasObject
FNDA:0,getIdentifyPayload
FNDA:0,getUserAttributesObject
FNDA:0,(anonymous_7)
FNDA:0,(anonymous_8)
FNDA:0,(anonymous_9)
FNDA:0,appendApiKey
FNDA:0,processIdentify
FNDA:0,processTrackWithUserAttributes
FNDA:0,handleReservedProperties
FNDA:0,(anonymous_14)
FNDA:0,addMandatoryEventProperties
FNDA:0,addMandatoryPurchaseProperties
FNDA:0,getPurchaseObjs
FNDA:0,(anonymous_18)
FNDA:0,processTrackEvent
FNDA:0,process
DA:1,1
DA:3,1
DA:7,1
DA:13,1
DA:16,0
DA:17,0
DA:19,0
DA:20,0
DA:21,0
DA:23,0
DA:24,0
DA:25,0
DA:29,0
DA:30,0
DA:31,0
DA:32,0
DA:33,0
DA:44,0
DA:48,0
DA:52,0
DA:53,0
DA:57,0
DA:59,0
DA:60,0
DA:65,0
DA:66,0
DA:67,0
DA:68,0
DA:72,0
DA:73,0
DA:74,0
DA:75,0
DA:76,0
DA:77,0
DA:78,0
DA:80,0
DA:85,0
DA:109,0
DA:110,0
DA:111,0
DA:114,0
DA:115,0
DA:119,0
DA:123,0
DA:124,0
DA:128,0
DA:136,0
DA:137,0
DA:138,0
DA:148,0
DA:157,0
DA:158,0
DA:160,0
DA:164,0
DA:165,0
DA:166,0
DA:177,0
DA:178,0
DA:179,0
DA:180,0
DA:181,0
DA:182,0
DA:186,0
DA:187,0
DA:189,0
DA:191,0
DA:193,0
DA:194,0
DA:195,0
DA:196,0
DA:197,0
DA:198,0
DA:199,0
DA:207,0
DA:208,0
DA:213,0
DA:217,0
DA:219,0
DA:220,0
DA:222,0
DA:224,0
DA:225,0
DA:227,0
DA:231,0
DA:234,0
DA:235,0
DA:237,0
DA:238,0
DA:240,0
DA:241,0
DA:250,0
DA:251,0
DA:254,0
DA:255,0
DA:257,0
DA:258,0
DA:270,0
DA:271,0
DA:272,0
DA:276,0
DA:278,0
DA:279,0
DA:280,0
DA:281,0
DA:283,0
DA:288,0
DA:289,0
DA:291,0
DA:297,0
DA:298,0
DA:300,0
DA:301,0
DA:307,0
DA:308,0
DA:310,0
DA:311,0
DA:312,0
DA:314,0
DA:319,0
DA:320,0
DA:324,0
DA:327,1
LF:122
LH:5
BRDA:16,0,0,0
BRDA:16,0,1,0
BRDA:17,1,0,0
BRDA:17,1,1,0
BRDA:23,2,0,0
BRDA:23,2,1,0
BRDA:24,3,0,0
BRDA:24,3,1,0
BRDA:25,4,0,0
BRDA:25,4,1,0
BRDA:31,5,0,0
BRDA:31,5,1,0
BRDA:39,6,0,0
BRDA:39,6,1,0
BRDA:52,7,0,0
BRDA:52,7,1,0
BRDA:57,8,0,0
BRDA:57,8,1,0
BRDA:76,9,0,0
BRDA:76,9,1,0
BRDA:77,10,0,0
BRDA:77,10,1,0
BRDA:109,11,0,0
BRDA:109,11,1,0
BRDA:109,12,0,0
BRDA:109,12,1,0
BRDA:191,13,0,0
BRDA:191,13,1,0
BRDA:197,14,0,0
BRDA:197,14,1,0
BRDA:197,15,0,0
BRDA:197,15,1,0
BRDA:197,15,2,0
BRDA:219,16,0,0
BRDA:219,16,1,0
BRDA:227,17,0,0
BRDA:227,17,1,0
BRDA:228,18,0,0
BRDA:228,18,1,0
BRDA:278,19,0,0
BRDA:278,19,1,0
BRDA:280,20,0,0
BRDA:280,20,1,0
BRDA:289,21,0,0
BRDA:289,21,1,0
BRDA:289,21,2,0
BRF:46
BRH:0
end_of_record
TN:
SF:v0/destinations/customerio/config.js
FNF:0
FNH:0
DA:1,1
DA:4,1
DA:6,1
DA:9,1
DA:12,1
DA:14,1
LF:6
LH:6
BRF:0
BRH:0
end_of_record
TN:
SF:v0/destinations/customerio/transform.js
FN:34,(anonymous_0)
FN:36,(anonymous_1)
FN:39,(anonymous_2)
FN:45,responseBuilder
FN:70,(anonymous_4)
FN:80,(anonymous_5)
FN:170,processSingleMessage
FN:201,process
FNF:8
FNH:8
FNDA:1,(anonymous_0)
FNDA:1,(anonymous_1)
FNDA:5,(anonymous_2)
FNDA:14,responseBuilder
FNDA:5,(anonymous_4)
FNDA:2,(anonymous_5)
FNDA:14,processSingleMessage
FNDA:14,process
DA:1,1
DA:2,1
DA:3,1
DA:9,1
DA:15,1
DA:23,1
DA:25,1
DA:30,1
DA:34,1
DA:36,1
DA:37,1
DA:38,1
DA:39,1
DA:40,5
DA:46,14
DA:48,14
DA:51,14
DA:53,14
DA:54,14
DA:55,14
DA:61,14
DA:62,1
DA:63,0
DA:67,1
DA:68,1
DA:69,1
DA:70,1
DA:72,5
DA:73,4
DA:78,1
DA:79,1
DA:80,1
DA:81,2
DA:82,2
DA:86,1
DA:87,0
DA:93,1
DA:102,1
DA:103,1
DA:105,13
DA:107,13
DA:110,13
DA:111,4
DA:112,3
DA:117,3
DA:118,3
DA:120,3
DA:122,1
DA:128,9
DA:129,3
DA:130,3
DA:131,3
DA:132,3
DA:137,3
DA:138,3
DA:140,6
DA:141,6
DA:145,9
DA:146,6
DA:147,6
DA:150,9
DA:151,7
DA:152,3
DA:154,4
DA:157,2
DA:160,10
DA:162,10
DA:163,10
DA:164,10
DA:167,10
DA:171,14
DA:175,14
DA:177,1
DA:178,1
DA:180,1
DA:181,1
DA:182,1
DA:184,0
DA:185,0
DA:187,0
DA:189,12
DA:190,12
DA:191,12
DA:193,0
DA:194,0
DA:197,14
DA:198,14
DA:202,14
DA:203,14
DA:205,14
DA:206,14
DA:207,13
DA:209,14
DA:211,14
DA:214,1
LF:95
LH:88
BRDA:51,0,0,11
BRDA:51,0,1,3
BRDA:51,1,0,14
BRDA:51,1,1,11
BRDA:54,2,0,14
BRDA:54,2,1,3
BRDA:61,3,0,1
BRDA:61,3,1,13
BRDA:62,4,0,0
BRDA:62,4,1,1
BRDA:68,5,0,1
BRDA:68,5,1,0
BRDA:72,6,0,4
BRDA:72,6,1,1
BRDA:78,7,0,1
BRDA:78,7,1,0
BRDA:86,8,0,0
BRDA:86,8,1,1
BRDA:107,9,0,13
BRDA:107,9,1,0
BRDA:110,10,0,4
BRDA:110,10,1,9
BRDA:111,11,0,3
BRDA:111,11,1,1
BRDA:111,12,0,4
BRDA:111,12,1,3
BRDA:128,13,0,3
BRDA:128,13,1,6
BRDA:128,14,0,9
BRDA:128,14,1,7
BRDA:128,14,2,5
BRDA:145,15,0,6
BRDA:145,15,1,3
BRDA:145,16,0,9
BRDA:145,16,1,6
BRDA:145,16,2,5
BRDA:150,17,0,7
BRDA:150,17,1,2
BRDA:151,18,0,3
BRDA:151,18,1,4
BRDA:151,19,0,7
BRDA:151,19,1,5
BRDA:175,20,0,1
BRDA:175,20,1,1
BRDA:175,20,2,0
BRDA:175,20,3,12
BRDA:175,20,4,0
BRDA:181,21,0,1
BRDA:181,21,1,0
BRDA:186,22,0,0
BRDA:186,22,1,0
BRDA:206,23,0,13
BRDA:206,23,1,1
BRF:53
BRH:43
end_of_record
TN:
SF:v0/destinations/fb/config.js
FN:4,(anonymous_0)
FNF:1
FNH:1
FNDA:4,(anonymous_0)
DA:1,1
DA:2,1
DA:4,4
DA:6,1
DA:10,1
DA:14,1
DA:18,1
DA:22,1
LF:8
LH:8
BRF:0
BRH:0
end_of_record
TN:
SF:v0/destinations/fb/transform.js
FN:36,sanityCheckPayloadForTypesAndModifications
FN:46,(anonymous_1)
FN:98,processEventTypeGeneric
FN:104,(anonymous_3)
FN:138,responseBuilderSimple
FN:160,buildBaseEvent
FN:167,(anonymous_6)
FN:201,processSingleMessage
FN:238,process
FNF:9
FNH:0
FNDA:0,sanityCheckPayloadForTypesAndModifications
FNDA:0,(anonymous_1)
FNDA:0,processEventTypeGeneric
FNDA:0,(anonymous_3)
FNDA:0,responseBuilderSimple
FNDA:0,buildBaseEvent
FNDA:0,(anonymous_6)
FNDA:0,processSingleMessage
FNDA:0,process
DA:1,1
DA:2,1
DA:3,1
DA:4,1
DA:10,1
DA:16,1
DA:18,1
DA:23,1
DA:24,1
DA:38,0
DA:39,0
DA:41,0
DA:42,0
DA:43,0
DA:44,0
DA:46,0
DA:47,0
DA:53,0
DA:54,0
DA:56,0
DA:58,0
DA:59,0
DA:61,0
DA:63,0
DA:64,0
DA:68,0
DA:70,0
DA:71,0
DA:73,0
DA:75,0
DA:76,0
DA:80,0
DA:82,0
DA:86,0
DA:87,0
DA:90,0
DA:91,0
DA:95,0
DA:99,0
DA:102,0
DA:104,0
DA:105,0
DA:106,0
DA:107,0
DA:109,0
DA:110,0
DA:111,0
DA:112,0
DA:114,0
DA:115,0
DA:116,0
DA:117,0
DA:118,0
DA:121,0
DA:122,0
DA:125,0
DA:126,0
DA:127,0
DA:128,0
DA:131,0
DA:135,0
DA:139,0
DA:144,0
DA:148,0
DA:150,0
DA:151,0
DA:152,0
DA:153,0
DA:154,0
DA:155,0
DA:157,0
DA:161,0
DA:162,0
DA:163,0
DA:165,0
DA:167,0
DA:168,0
DA:169,0
DA:170,0
DA:171,0
DA:173,0
DA:175,0
DA:177,0
DA:178,0
DA:180,0
DA:181,0
DA:183,0
DA:186,0
DA:187,0
DA:189,0
DA:191,0
DA:193,0
DA:195,0
DA:198,0
DA:203,0
DA:204,0
DA:205,0
DA:207,0
DA:209,0
DA:210,0
DA:211,0
DA:213,0
DA:214,0
DA:215,0
DA:217,0
DA:219,0
DA:220,0
DA:223,0
DA:224,0
DA:225,0
DA:227,0
DA:228,0
DA:234,0
DA:235,0
DA:239,0
DA:240,0
DA:241,0
DA:243,0
DA:246,1
LF:119
LH:10
BRDA:42,0,0,0
BRDA:42,0,1,0
BRDA:44,1,0,0
BRDA:44,1,1,0
BRDA:47,2,0,0
BRDA:47,2,1,0
BRDA:47,2,2,0
BRDA:47,2,3,0
BRDA:47,2,4,0
BRDA:47,2,5,0
BRDA:47,2,6,0
BRDA:47,2,7,0
BRDA:47,2,8,0
BRDA:47,2,9,0
BRDA:53,3,0,0
BRDA:53,3,1,0
BRDA:53,4,0,0
BRDA:53,4,1,0
BRDA:58,5,0,0
BRDA:58,5,1,0
BRDA:58,6,0,0
BRDA:58,6,1,0
BRDA:63,7,0,0
BRDA:63,7,1,0
BRDA:63,8,0,0
BRDA:63,8,1,0
BRDA:65,9,0,0
BRDA:65,9,1,0
BRDA:70,10,0,0
BRDA:70,10,1,0
BRDA:70,11,0,0
BRDA:70,11,1,0
BRDA:75,12,0,0
BRDA:75,12,1,0
BRDA:75,13,0,0
BRDA:75,13,1,0
BRDA:86,14,0,0
BRDA:86,14,1,0
BRDA:90,15,0,0
BRDA:90,15,1,0
BRDA:105,16,0,0
BRDA:105,16,1,0
BRDA:109,17,0,0
BRDA:109,17,1,0
BRDA:119,18,0,0
BRDA:119,18,1,0
BRDA:128,19,0,0
BRDA:128,19,1,0
BRDA:153,20,0,0
BRDA:153,20,1,0
BRDA:170,21,0,0
BRDA:170,21,1,0
BRDA:170,22,0,0
BRDA:170,22,1,0
BRDA:173,23,0,0
BRDA:173,23,1,0
BRDA:175,24,0,0
BRDA:175,24,1,0
BRDA:178,25,0,0
BRDA:178,25,1,0
BRDA:181,26,0,0
BRDA:181,26,1,0
BRDA:190,27,0,0
BRDA:190,27,1,0
BRDA:191,28,0,0
BRDA:191,28,1,0
BRDA:193,29,0,0
BRDA:193,29,1,0
BRDA:195,30,0,0
BRDA:195,30,1,0
BRDA:207,31,0,0
BRDA:207,31,1,0
BRDA:207,31,2,0
BRDA:207,31,3,0
BRDA:209,32,0,0
BRDA:209,32,1,0
BRDA:214,33,0,0
BRDA:214,33,1,0
BRDA:240,34,0,0
BRDA:240,34,1,0
BRF:80
BRH:0
end_of_record
TN:
SF:v0/destinations/ga/config.js
FN:175,(anonymous_0)
FNF:1
FNH:1
FNDA:29,(anonymous_0)
DA:1,1
DA:3,1
DA:50,1
DA:169,1
DA:171,1
DA:173,1
DA:174,1
DA:175,1
DA:176,29
DA:179,1
LF:10
LH:10
BRF:0
BRH:0
end_of_record
TN:
SF:v0/destinations/ga/transform.js
FN:18,getParamsFromConfig
FN:24,(anonymous_1)
FN:30,(anonymous_2)
FN:41,responseBuilderSimple
FN:55,(anonymous_4)
FN:88,processPageViews
FN:93,processScreenViews
FN:98,processNonEComGenericEvent
FN:103,processPromotionEvent
FN:128,processPaymentRelatedEvent
FN:134,processRefundEvent
FN:168,processSharingEvent
FN:180,(anonymous_12)
FN:193,processProductListEvent
FN:242,processProductEvent
FN:286,processTransactionEvent
FN:352,processEComGenericEvent
FN:364,processSingleMessage
FN:432,process
FNF:19
FNH:0
FNDA:0,getParamsFromConfig
FNDA:0,(anonymous_1)
FNDA:0,(anonymous_2)
FNDA:0,responseBuilderSimple
FNDA:0,(anonymous_4)
FNDA:0,processPageViews
FNDA:0,processScreenViews
FNDA:0,processNonEComGenericEvent
FNDA:0,processPromotionEvent
FNDA:0,processPaymentRelatedEvent
FNDA:0,processRefundEvent
FNDA:0,processSharingEvent
FNDA:0,(anonymous_12)
FNDA:0,processProductListEvent
FNDA:0,processProductEvent
FNDA:0,processTransactionEvent
FNDA:0,processEComGenericEvent
FNDA:0,processSingleMessage
FNDA:0,process
DA:1,1
DA:3,1
DA:10,1
DA:16,1
DA:19,0
DA:21,0
DA:23,0
DA:24,0
DA:25,0
DA:29,0
DA:30,0
DA:31,0
DA:34,0
DA:48,0
DA:54,0
DA:55,0
DA:56,0
DA:59,0
DA:60,0
DA:63,0
DA:64,0
DA:66,0
DA:69,0
DA:70,0
DA:73,0
DA:75,0
DA:76,0
DA:77,0
DA:78,0
DA:82,0
DA:84,0
DA:89,0
DA:94,0
DA:99,0
DA:104,0
DA:108,0
DA:113,0
DA:115,0
DA:116,0
DA:118,0
DA:119,0
DA:121,0
DA:124,0
DA:129,0
DA:130,0
DA:135,0
DA:137,0
DA:138,0
DA:141,0
DA:142,0
DA:143,0
DA:144,0
DA:145,0
DA:147,0
DA:150,0
DA:151,0
DA:152,0
DA:153,0
DA:154,0
DA:155,0
DA:156,0
DA:157,0
DA:161,0
DA:164,0
DA:169,0
DA:172,0
DA:173,0
DA:175,0
DA:176,0
DA:178,0
DA:179,0
DA:180,0
DA:181,0
DA:183,0
DA:184,0
DA:187,0
DA:189,0
DA:194,0
DA:195,0
DA:201,0
DA:204,0
DA:205,0
DA:207,0
DA:208,0
DA:210,0
DA:213,0
DA:214,0
DA:215,0
DA:216,0
DA:217,0
DA:219,0
DA:220,0
DA:222,0
DA:224,0
DA:225,0
DA:226,0
DA:227,0
DA:228,0
DA:229,0
DA:230,0
DA:234,0
DA:238,0
DA:243,0
DA:248,0
DA:254,0
DA:256,0
DA:257,0
DA:259,0
DA:260,0
DA:264,0
DA:265,0
DA:268,0
DA:269,0
DA:271,0
DA:274,0
DA:276,0
DA:277,0
DA:279,0
DA:282,0
DA:287,0
DA:288,0
DA:291,0
DA:294,0
DA:295,0
DA:297,0
DA:298,0
DA:300,0
DA:301,0
DA:303,0
DA:307,0
DA:309,0
DA:311,0
DA:313,0
DA:315,0
DA:318,0
DA:321,0
DA:324,0
DA:326,0
DA:327,0
DA:328,0
DA:329,0
DA:331,0
DA:332,0
DA:334,0
DA:336,0
DA:337,0
DA:338,0
DA:339,0
DA:340,0
DA:341,0
DA:342,0
DA:346,0
DA:348,0
DA:353,0
DA:354,0
DA:359,0
DA:366,0
DA:367,0
DA:370,0
DA:372,0
DA:373,0
DA:374,0
DA:376,0
DA:377,0
DA:378,0
DA:380,0
DA:381,0
DA:385,0
DA:387,0
DA:388,0
DA:390,0
DA:391,0
DA:393,0
DA:394,0
DA:396,0
DA:397,0
DA:399,0
DA:400,0
DA:402,0
DA:403,0
DA:405,0
DA:406,0
DA:408,0
DA:409,0
DA:411,0
DA:412,0
DA:414,0
DA:417,0
DA:419,0
DA:422,0
DA:434,0
DA:435,0
DA:437,0
DA:440,0
DA:443,1
LF:195
LH:5
BRDA:23,0,0,0
BRDA:23,0,1,0
BRDA:69,1,0,0
BRDA:69,1,1,0
BRDA:69,2,0,0
BRDA:69,2,1,0
BRDA:79,3,0,0
BRDA:79,3,1,0
BRDA:79,4,0,0
BRDA:79,4,1,0
BRDA:113,5,0,0
BRDA:113,5,1,0
BRDA:113,5,2,0
BRDA:138,6,0,0
BRDA:138,6,1,0
BRDA:144,7,0,0
BRDA:144,7,1,0
BRDA:144,8,0,0
BRDA:144,8,1,0
BRDA:173,9,0,0
BRDA:173,9,1,0
BRDA:173,9,2,0
BRDA:201,10,0,0
BRDA:201,10,1,0
BRDA:201,10,2,0
BRDA:201,10,3,0
BRDA:214,11,0,0
BRDA:214,11,1,0
BRDA:219,12,0,0
BRDA:219,12,1,0
BRDA:219,13,0,0
BRDA:219,13,1,0
BRDA:254,14,0,0
BRDA:254,14,1,0
BRDA:254,14,2,0
BRDA:254,14,3,0
BRDA:254,14,4,0
BRDA:254,14,5,0
BRDA:254,14,6,0
BRDA:254,14,7,0
BRDA:276,15,0,0
BRDA:276,15,1,0
BRDA:276,16,0,0
BRDA:276,16,1,0
BRDA:291,17,0,0
BRDA:291,17,1,0
BRDA:291,17,2,0
BRDA:291,17,3,0
BRDA:291,17,4,0
BRDA:309,18,0,0
BRDA:309,18,1,0
BRDA:309,19,0,0
BRDA:309,19,1,0
BRDA:311,20,0,0
BRDA:311,20,1,0
BRDA:311,21,0,0
BRDA:311,21,1,0
BRDA:313,22,0,0
BRDA:313,22,1,0
BRDA:313,23,0,0
BRDA:313,23,1,0
BRDA:326,24,0,0
BRDA:326,24,1,0
BRDA:331,25,0,0
BRDA:331,25,1,0
BRDA:331,26,0,0
BRDA:331,26,1,0
BRDA:370,27,0,0
BRDA:370,27,1,0
BRDA:370,27,2,0
BRDA:370,27,3,0
BRDA:381,28,0,0
BRDA:381,28,1,0
BRDA:385,29,0,0
BRDA:385,29,1,0
BRDA:385,29,2,0
BRDA:385,29,3,0
BRDA:385,29,4,0
BRDA:385,29,5,0
BRDA:385,29,6,0
BRDA:385,29,7,0
BRDA:385,29,8,0
BRDA:437,30,0,0
BRDA:437,30,1,0
BRF:84
BRH:0
end_of_record
TN:
SF:v0/destinations/heap/config.js
FNF:0
FNH:0
DA:1,1
DA:5,1
DA:6,1
DA:11,1
LF:4
LH:4
BRF:0
BRH:0
end_of_record
TN:
SF:v0/destinations/heap/transform.js
FN:10,responseBuilder
FN:38,commonPayload
FN:59,(anonymous_2)
FN:69,getIdentifyPayload
FN:76,getTrackPayload
FN:84,getTransformedJSON
FN:99,getDestinationKeys
FN:102,(anonymous_7)
FN:114,process
FNF:9
FNH:0
FNDA:0,responseBuilder
FNDA:0,commonPayload
FNDA:0,(anonymous_2)
FNDA:0,getIdentifyPayload
FNDA:0,getTrackPayload
FNDA:0,getTransformedJSON
FNDA:0,getDestinationKeys
FNDA:0,(anonymous_7)
FNDA:0,process
DA:1,1
DA:2,1
DA:3,1
DA:8,1
DA:11,0
DA:13,0
DA:15,0
DA:16,0
DA:17,0
DA:19,0
DA:20,0
DA:21,0
DA:23,0
DA:26,0
DA:28,0
DA:39,0
DA:42,0
DA:44,0
DA:47,0
DA:48,0
DA:49,0
DA:51,0
DA:54,0
DA:55,0
DA:56,0
DA:59,0
DA:60,0
DA:61,0
DA:65,0
DA:66,0
DA:70,0
DA:73,0
DA:77,0
DA:81,0
DA:86,0
DA:88,0
DA:89,0
DA:91,0
DA:92,0
DA:94,0
DA:96,0
DA:100,0
DA:101,0
DA:102,0
DA:103,0
DA:105,0
DA:106,0
DA:108,0
DA:111,0
DA:115,0
DA:116,0
DA:117,0
DA:120,1
LF:53
LH:5
BRDA:13,0,0,0
BRDA:13,0,1,0
BRDA:13,0,2,0
BRDA:34,1,0,0
BRDA:34,1,1,0
BRDA:42,2,0,0
BRDA:42,2,1,0
BRDA:44,3,0,0
BRDA:44,3,1,0
BRDA:51,4,0,0
BRDA:51,4,1,0
BRDA:60,5,0,0
BRDA:60,5,1,0
BRDA:79,6,0,0
BRDA:79,6,1,0
BRDA:86,7,0,0
BRDA:86,7,1,0
BRDA:86,7,2,0
BRDA:103,8,0,0
BRDA:103,8,1,0
BRF:20
BRH:0
end_of_record
TN:
SF:v0/destinations/hs/config.js
FNF:0
FNH:0
DA:1,1
DA:3,1
DA:9,1
DA:11,1
LF:4
LH:4
BRF:0
BRH:0
end_of_record
TN:
SF:v0/destinations/hs/transform.js
FN:17,getKey
FN:22,getProperties
FN:30,(anonymous_2)
FN:38,getTransformedJSON
FN:44,(anonymous_4)
FN:49,(anonymous_5)
FN:65,getPropertyValueForIdentify
FN:66,(anonymous_7)
FN:71,responseBuilderSimple
FN:105,processTrack
FN:129,handleError
FN:138,processIdentify
FN:158,processSingleMessage
FN:185,process
FNF:14
FNH:0
FNDA:0,getKey
FNDA:0,getProperties
FNDA:0,(anonymous_2)
FNDA:0,getTransformedJSON
FNDA:0,(anonymous_4)
FNDA:0,(anonymous_5)
FNDA:0,getPropertyValueForIdentify
FNDA:0,(anonymous_7)
FNDA:0,responseBuilderSimple
FNDA:0,processTrack
FNDA:0,handleError
FNDA:0,processIdentify
FNDA:0,processSingleMessage
FNDA:0,process
DA:1,1
DA:2,1
DA:3,1
DA:4,1
DA:10,1
DA:11,1
DA:13,1
DA:15,1
DA:18,0
DA:19,0
DA:23,0
DA:24,0
DA:26,0
DA:28,0
DA:29,0
DA:30,0
DA:31,0
DA:33,0
DA:35,0
DA:39,0
DA:41,0
DA:42,0
DA:43,0
DA:44,0
DA:45,0
DA:46,0
DA:49,0
DA:50,0
DA:51,0
DA:52,0
DA:53,0
DA:54,0
DA:55,0
DA:56,0
DA:57,0
DA:59,0
DA:62,0
DA:66,0
DA:67,0
DA:72,0
DA:73,0
DA:75,0
DA:76,0
DA:78,0
DA:79,0
DA:80,0
DA:81,0
DA:82,0
DA:83,0
DA:87,0
DA:89,0
DA:90,0
DA:92,0
DA:94,0
DA:97,0
DA:98,0
DA:99,0
DA:100,0
DA:102,0
DA:106,0
DA:111,0
DA:113,0
DA:115,0
DA:121,0
DA:131,0
DA:135,0
DA:139,0
DA:142,0
DA:144,0
DA:149,0
DA:150,0
DA:160,0
DA:161,0
DA:163,0
DA:164,0
DA:166,0
DA:167,0
DA:170,0
DA:177,0
DA:182,0
DA:186,0
DA:187,0
DA:188,0
DA:190,0
DA:192,1
LF:85
LH:9
BRDA:23,0,0,0
BRDA:23,0,1,0
BRDA:45,1,0,0
BRDA:45,1,1,0
BRDA:51,2,0,0
BRDA:51,2,1,0
BRDA:51,3,0,0
BRDA:51,3,1,0
BRDA:53,4,0,0
BRDA:53,4,1,0
BRDA:78,5,0,0
BRDA:78,5,1,0
BRDA:82,6,0,0
BRDA:82,6,1,0
BRDA:98,7,0,0
BRDA:98,7,1,0
BRDA:111,8,0,0
BRDA:111,8,1,0
BRDA:111,9,0,0
BRDA:111,9,1,0
BRDA:113,10,0,0
BRDA:113,10,1,0
BRDA:139,11,0,0
BRDA:139,11,1,0
BRDA:140,12,0,0
BRDA:140,12,1,0
BRDA:140,12,2,0
BRDA:161,13,0,0
BRDA:161,13,1,0
BRDA:161,13,2,0
BRDA:187,14,0,0
BRDA:187,14,1,0
BRF:32
BRH:0
end_of_record
TN:
SF:v0/destinations/intercom/config.js
FNF:0
FNH:0
DA:1,1
DA:8,1
DA:9,1
DA:17,1
LF:4
LH:4
BRF:0
BRH:0
end_of_record
TN:
SF:v0/destinations/intercom/transform.js
FN:14,responseBuilder
FN:52,addContext
FN:63,(anonymous_2)
FN:70,(anonymous_3)
FN:75,(anonymous_4)
FN:84,getGroupPayload
FN:92,(anonymous_6)
FN:104,getIdentifyPayload
FN:125,(anonymous_8)
FN:133,(anonymous_9)
FN:165,getTrackPayload
FN:176,(anonymous_11)
FN:203,getTransformedJSON
FN:221,getDestinationKeys
FN:224,(anonymous_14)
FN:245,process
FNF:16
FNH:0
FNDA:0,responseBuilder
FNDA:0,addContext
FNDA:0,(anonymous_2)
FNDA:0,(anonymous_3)
FNDA:0,(anonymous_4)
FNDA:0,getGroupPayload
FNDA:0,(anonymous_6)
FNDA:0,getIdentifyPayload
FNDA:0,(anonymous_8)
FNDA:0,(anonymous_9)
FNDA:0,getTrackPayload
FNDA:0,(anonymous_11)
FNDA:0,getTransformedJSON
FNDA:0,getDestinationKeys
FNDA:0,(anonymous_14)
FNDA:0,process
DA:1,1
DA:2,1
DA:3,1
DA:4,1
DA:5,1
DA:6,1
DA:12,1
DA:15,0
DA:17,0
DA:19,0
DA:20,0
DA:21,0
DA:22,0
DA:24,0
DA:25,0
DA:26,0
DA:27,0
DA:29,0
DA:30,0
DA:31,0
DA:32,0
DA:34,0
DA:37,0
DA:49,0
DA:53,0
DA:54,0
DA:55,0
DA:57,0
DA:58,0
DA:59,0
DA:61,0
DA:63,0
DA:64,0
DA:65,0
DA:66,0
DA:67,0
DA:70,0
DA:71,0
DA:72,0
DA:73,0
DA:75,0
DA:76,0
DA:77,0
DA:78,0
DA:80,0
DA:81,0
DA:85,0
DA:87,0
DA:91,0
DA:92,0
DA:93,0
DA:94,0
DA:97,0
DA:98,0
DA:101,0
DA:105,0
DA:107,0
DA:109,0
DA:110,0
DA:111,0
DA:112,0
DA:117,0
DA:118,0
DA:119,0
DA:120,0
DA:121,0
DA:125,0
DA:126,0
DA:128,0
DA:129,0
DA:130,0
DA:131,0
DA:133,0
DA:134,0
DA:136,0
DA:138,0
DA:142,0
DA:143,0
DA:146,0
DA:147,0
DA:150,0
DA:151,0
DA:154,0
DA:156,0
DA:157,0
DA:162,0
DA:166,0
DA:167,0
DA:171,0
DA:172,0
DA:173,0
DA:174,0
DA:176,0
DA:177,0
DA:179,0
DA:180,0
DA:181,0
DA:182,0
DA:183,0
DA:186,0
DA:187,0
DA:188,0
DA:191,0
DA:194,0
DA:195,0
DA:196,0
DA:200,0
DA:205,0
DA:207,0
DA:208,0
DA:210,0
DA:211,0
DA:213,0
DA:214,0
DA:216,0
DA:218,0
DA:222,0
DA:223,0
DA:224,0
DA:225,0
DA:227,0
DA:228,0
DA:230,0
DA:231,0
DA:233,0
DA:234,0
DA:236,0
DA:237,0
DA:239,0
DA:242,0
DA:246,0
DA:247,0
DA:248,0
DA:251,1
LF:134
LH:8
BRDA:17,0,0,0
BRDA:17,0,1,0
BRDA:17,0,2,0
BRDA:17,0,3,0
BRDA:44,1,0,0
BRDA:44,1,1,0
BRDA:57,2,0,0
BRDA:57,2,1,0
BRDA:58,3,0,0
BRDA:58,3,1,0
BRDA:59,4,0,0
BRDA:59,4,1,0
BRDA:64,5,0,0
BRDA:64,5,1,0
BRDA:87,6,0,0
BRDA:87,6,1,0
BRDA:91,7,0,0
BRDA:91,7,1,0
BRDA:97,8,0,0
BRDA:97,8,1,0
BRDA:98,9,0,0
BRDA:98,9,1,0
BRDA:109,10,0,0
BRDA:109,10,1,0
BRDA:111,11,0,0
BRDA:111,11,1,0
BRDA:117,12,0,0
BRDA:117,12,1,0
BRDA:120,13,0,0
BRDA:120,13,1,0
BRDA:128,14,0,0
BRDA:128,14,1,0
BRDA:142,15,0,0
BRDA:142,15,1,0
BRDA:154,16,0,0
BRDA:154,16,1,0
BRDA:156,17,0,0
BRDA:156,17,1,0
BRDA:157,18,0,0
BRDA:157,18,1,0
BRDA:167,19,0,0
BRDA:167,19,1,0
BRDA:171,20,0,0
BRDA:171,20,1,0
BRDA:180,21,0,0
BRDA:180,21,1,0
BRDA:180,22,0,0
BRDA:180,22,1,0
BRDA:186,23,0,0
BRDA:186,23,1,0
BRDA:186,24,0,0
BRDA:186,24,1,0
BRDA:194,25,0,0
BRDA:194,25,1,0
BRDA:195,26,0,0
BRDA:195,26,1,0
BRDA:205,27,0,0
BRDA:205,27,1,0
BRDA:205,27,2,0
BRDA:205,27,3,0
BRDA:225,28,0,0
BRDA:225,28,1,0
BRDA:225,28,2,0
BRDA:225,28,3,0
BRDA:225,28,4,0
BRF:65
BRH:0
end_of_record
TN:
SF:v0/destinations/intercom/data/eventMapping.js
FNF:0
FNH:0
DA:1,1
DA:5,1
DA:6,1
DA:11,1
DA:20,1
DA:28,1
DA:33,1
DA:37,1
DA:42,1
DA:61,1
LF:10
LH:10
BRF:0
BRH:0
end_of_record
TN:
SF:v0/destinations/kafka/transform.js
FN:1,process
FNF:1
FNH:0
FNDA:0,process
DA:2,0
DA:6,0
DA:9,1
LF:3
LH:1
BRDA:4,0,0,0
BRDA:4,0,1,0
BRF:2
BRH:0
end_of_record
TN:
SF:v0/destinations/keen/config.js
FNF:0
FNH:0
DA:1,1
DA:3,1
LF:2
LH:2
BRF:0
BRH:0
end_of_record
TN:
SF:v0/destinations/keen/transform.js
FN:11,addAddons
FN:56,buildResponse
FN:73,processTrack
FN:103,processPage
FN:124,process
FNF:5
FNH:0
FNDA:0,addAddons
FNDA:0,buildResponse
FNDA:0,processTrack
FNDA:0,processPage
FNDA:0,process
DA:1,1
DA:2,1
DA:3,1
DA:8,1
DA:9,1
DA:12,0
DA:13,0
DA:14,0
DA:20,0
DA:21,0
DA:27,0
DA:28,0
DA:35,0
DA:41,0
DA:51,0
DA:58,0
DA:59,0
DA:60,0
DA:61,0
DA:62,0
DA:66,0
DA:67,0
DA:70,0
DA:74,0
DA:75,0
DA:76,0
DA:77,0
DA:82,0
DA:83,0
DA:88,0
DA:89,0
DA:92,0
DA:95,0
DA:97,0
DA:99,0
DA:100,0
DA:104,0
DA:105,0
DA:109,0
DA:111,0
DA:112,0
DA:115,0
DA:116,0
DA:119,0
DA:121,0
DA:125,0
DA:127,0
DA:128,0
DA:130,0
DA:132,0
DA:133,0
DA:134,0
DA:135,0
DA:137,0
DA:138,0
DA:139,0
DA:140,0
DA:142,0
DA:143,0
DA:146,0
DA:149,1
LF:61
LH:6
BRDA:13,0,0,0
BRDA:13,0,1,0
BRDA:13,1,0,0
BRDA:13,1,1,0
BRDA:13,1,2,0
BRDA:20,2,0,0
BRDA:20,2,1,0
BRDA:20,3,0,0
BRDA:20,3,1,0
BRDA:27,4,0,0
BRDA:27,4,1,0
BRDA:27,5,0,0
BRDA:27,5,1,0
BRDA:27,5,2,0
BRDA:35,6,0,0
BRDA:35,6,1,0
BRDA:36,7,0,0
BRDA:36,7,1,0
BRDA:36,7,2,0
BRDA:36,7,3,0
BRDA:66,8,0,0
BRDA:66,8,1,0
BRDA:77,9,0,0
BRDA:77,9,1,0
BRDA:78,10,0,0
BRDA:78,10,1,0
BRDA:105,11,0,0
BRDA:105,11,1,0
BRDA:111,12,0,0
BRDA:111,12,1,0
BRDA:115,13,0,0
BRDA:115,13,1,0
BRDA:115,14,0,0
BRDA:115,14,1,0
BRDA:130,15,0,0
BRDA:130,15,1,0
BRDA:130,15,2,0
BRF:37
BRH:0
end_of_record
TN:
SF:v0/destinations/kinesis/transform.js
FN:1,process
FNF:1
FNH:0
FNDA:0,process
DA:2,0
DA:6,0
DA:9,1
LF:3
LH:1
BRDA:4,0,0,0
BRDA:4,0,1,0
BRF:2
BRH:0
end_of_record
TN:
SF:v0/destinations/kissmetrics/config.js
FNF:0
FNH:0
DA:1,1
DA:2,1
DA:3,1
DA:5,1
DA:11,1
LF:5
LH:5
BRF:0
BRH:0
end_of_record
TN:
SF:v0/destinations/kissmetrics/transform.js
FN:15,toUnixTimestamp
FN:21,flatten
FN:29,step
FN:66,clean
FN:120,prefix
FN:122,(anonymous_5)
FN:135,getCurrency
FN:152,getRevenue
FN:164,buildResponse
FN:192,processIdentify
FN:209,processTrack
FN:252,(anonymous_11)
FN:265,processPage
FN:286,processScreen
FN:307,processAlias
FN:320,process
FN:340,(anonymous_16)
FNF:17
FNH:0
FNDA:0,toUnixTimestamp
FNDA:0,flatten
FNDA:0,step
FNDA:0,clean
FNDA:0,prefix
FNDA:0,(anonymous_5)
FNDA:0,getCurrency
FNDA:0,getRevenue
FNDA:0,buildResponse
FNDA:0,processIdentify
FNDA:0,processTrack
FNDA:0,(anonymous_11)
FNDA:0,processPage
FNDA:0,processScreen
FNDA:0,processAlias
FNDA:0,process
FNDA:0,(anonymous_16)
DA:7,1
DA:8,1
DA:9,1
DA:10,1
DA:11,1
DA:12,1
DA:16,0
DA:17,0
DA:22,0
DA:24,0
DA:25,0
DA:26,0
DA:27,0
DA:30,0
DA:31,0
DA:32,0
DA:33,0
DA:34,0
DA:35,0
DA:36,0
DA:38,0
DA:40,0
DA:41,0
DA:44,0
DA:45,0
DA:46,0
DA:50,0
DA:51,0
DA:52,0
DA:55,0
DA:60,0
DA:62,0
DA:67,0
DA:69,0
DA:70,0
DA:71,0
DA:72,0
DA:75,0
DA:76,0
DA:77,0
DA:81,0
DA:82,0
DA:83,0
DA:87,0
DA:88,0
DA:89,0
DA:94,0
DA:95,0
DA:96,0
DA:101,0
DA:102,0
DA:103,0
DA:106,0
DA:107,0
DA:108,0
DA:112,0
DA:113,0
DA:116,0
DA:121,0
DA:122,0
DA:123,0
DA:124,0
DA:125,0
DA:126,0
DA:127,0
DA:129,0
DA:132,0
DA:136,0
DA:137,0
DA:138,0
DA:140,0
DA:141,0
DA:144,0
DA:145,0
DA:147,0
DA:148,0
DA:153,0
DA:154,0
DA:157,0
DA:158,0
DA:161,0
DA:165,0
DA:166,0
DA:167,0
DA:168,0
DA:169,0
DA:172,0
DA:193,0
DA:194,0
DA:195,0
DA:196,0
DA:198,0
DA:201,0
DA:202,0
DA:203,0
DA:204,0
DA:206,0
DA:210,0
DA:211,0
DA:212,0
DA:213,0
DA:214,0
DA:215,0
DA:219,0
DA:220,0
DA:222,0
DA:223,0
DA:224,0
DA:227,0
DA:228,0
DA:229,0
DA:232,0
DA:235,0
DA:236,0
DA:237,0
DA:239,0
DA:240,0
DA:243,0
DA:244,0
DA:245,0
DA:246,0
DA:247,0
DA:249,0
DA:250,0
DA:251,0
DA:252,0
DA:253,0
DA:254,0
DA:255,0
DA:256,0
DA:258,0
DA:259,0
DA:262,0
DA:266,0
DA:267,0
DA:271,0
DA:273,0
DA:274,0
DA:277,0
DA:278,0
DA:281,0
DA:283,0
DA:287,0
DA:288,0
DA:292,0
DA:294,0
DA:295,0
DA:298,0
DA:299,0
DA:302,0
DA:304,0
DA:308,0
DA:309,0
DA:310,0
DA:311,0
DA:313,0
DA:314,0
DA:315,0
DA:316,0
DA:317,0
DA:321,0
DA:324,0
DA:325,0
DA:327,0
DA:329,0
DA:330,0
DA:331,0
DA:332,0
DA:334,0
DA:335,0
DA:336,0
DA:337,0
DA:339,0
DA:340,0
DA:341,0
DA:342,0
DA:344,0
DA:346,0
DA:347,0
DA:348,0
DA:349,0
DA:351,0
DA:352,0
DA:353,0
DA:354,0
DA:356,0
DA:357,0
DA:360,0
DA:363,1
LF:189
LH:7
BRDA:22,0,0,0
BRDA:22,0,1,0
BRDA:24,1,0,0
BRDA:24,1,1,0
BRDA:31,2,0,0
BRDA:31,2,1,0
BRDA:33,3,0,0
BRDA:33,3,1,0
BRDA:35,4,0,0
BRDA:35,4,1,0
BRDA:38,5,0,0
BRDA:38,5,1,0
BRDA:40,6,0,0
BRDA:40,6,1,0
BRDA:45,7,0,0
BRDA:45,7,1,0
BRDA:50,8,0,0
BRDA:50,8,1,0
BRDA:50,9,0,0
BRDA:50,9,1,0
BRDA:50,9,2,0
BRDA:50,9,3,0
BRDA:70,10,0,0
BRDA:70,10,1,0
BRDA:72,11,0,0
BRDA:72,11,1,0
BRDA:72,12,0,0
BRDA:72,12,1,0
BRDA:75,13,0,0
BRDA:75,13,1,0
BRDA:81,14,0,0
BRDA:81,14,1,0
BRDA:87,15,0,0
BRDA:87,15,1,0
BRDA:94,16,0,0
BRDA:94,16,1,0
BRDA:107,17,0,0
BRDA:107,17,1,0
BRDA:123,18,0,0
BRDA:123,18,1,0
BRDA:125,19,0,0
BRDA:125,19,1,0
BRDA:136,20,0,0
BRDA:136,20,1,0
BRDA:137,21,0,0
BRDA:137,21,1,0
BRDA:140,22,0,0
BRDA:140,22,1,0
BRDA:147,23,0,0
BRDA:147,23,1,0
BRDA:157,24,0,0
BRDA:157,24,1,0
BRDA:157,25,0,0
BRDA:157,25,1,0
BRDA:157,25,2,0
BRDA:168,26,0,0
BRDA:168,26,1,0
BRDA:202,27,0,0
BRDA:202,27,1,0
BRDA:214,28,0,0
BRDA:214,28,1,0
BRDA:223,29,0,0
BRDA:223,29,1,0
BRDA:228,30,0,0
BRDA:228,30,1,0
BRDA:235,31,0,0
BRDA:235,31,1,0
BRDA:236,32,0,0
BRDA:236,32,1,0
BRDA:239,33,0,0
BRDA:239,33,1,0
BRDA:244,34,0,0
BRDA:244,34,1,0
BRDA:251,35,0,0
BRDA:251,35,1,0
BRDA:254,36,0,0
BRDA:254,36,1,0
BRDA:256,37,0,0
BRDA:256,37,1,0
BRDA:267,38,0,0
BRDA:267,38,1,0
BRDA:273,39,0,0
BRDA:273,39,1,0
BRDA:277,40,0,0
BRDA:277,40,1,0
BRDA:277,41,0,0
BRDA:277,41,1,0
BRDA:288,42,0,0
BRDA:288,42,1,0
BRDA:294,43,0,0
BRDA:294,43,1,0
BRDA:298,44,0,0
BRDA:298,44,1,0
BRDA:298,45,0,0
BRDA:298,45,1,0
BRDA:327,46,0,0
BRDA:327,46,1,0
BRDA:327,46,2,0
BRDA:327,46,3,0
BRDA:327,46,4,0
BRDA:327,46,5,0
BRF:101
BRH:0
end_of_record
TN:
SF:v0/destinations/kochava/config.js
FNF:0
FNH:0
DA:1,1
DA:3,1
DA:12,1
DA:14,1
DA:23,1
LF:5
LH:5
BRF:0
BRH:0
end_of_record
TN:
SF:v0/destinations/kochava/transform.js
FN:21,responseBuilder
FN:39,(anonymous_1)
FN:68,processTrackEvents
FN:73,processMessage
FN:116,process
FNF:5
FNH:0
FNDA:0,responseBuilder
FNDA:0,(anonymous_1)
FNDA:0,processTrackEvents
FNDA:0,processMessage
FNDA:0,process
DA:1,1
DA:2,1
DA:7,1
DA:12,1
DA:29,0
DA:37,0
DA:38,0
DA:39,0
DA:40,0
DA:43,0
DA:44,0
DA:48,0
DA:49,0
DA:51,0
DA:52,0
DA:54,0
DA:57,0
DA:58,0
DA:59,0
DA:63,0
DA:64,0
DA:69,0
DA:74,0
DA:75,0
DA:76,0
DA:78,0
DA:80,0
DA:81,0
DA:82,0
DA:84,0
DA:85,0
DA:88,0
DA:91,0
DA:94,0
DA:95,0
DA:96,0
DA:97,0
DA:100,0
DA:101,0
DA:103,0
DA:106,0
DA:117,0
DA:118,0
DA:119,0
DA:121,0
DA:124,1
LF:46
LH:5
BRDA:43,0,0,0
BRDA:43,0,1,0
BRDA:60,1,0,0
BRDA:60,1,1,0
BRDA:60,2,0,0
BRDA:60,2,1,0
BRDA:78,3,0,0
BRDA:78,3,1,0
BRDA:78,3,2,0
BRDA:78,3,3,0
BRDA:78,3,4,0
BRDA:81,4,0,0
BRDA:81,4,1,0
BRDA:81,5,0,0
BRDA:81,5,1,0
BRDA:94,6,0,0
BRDA:94,6,1,0
BRDA:96,7,0,0
BRDA:96,7,1,0
BRDA:118,8,0,0
BRDA:118,8,1,0
BRF:21
BRH:0
end_of_record
TN:
SF:v0/destinations/leanplum/config.js
FNF:0
FNH:0
DA:1,1
DA:3,1
DA:26,1
DA:27,1
DA:29,1
DA:31,1
LF:6
LH:6
BRF:0
BRH:0
end_of_record
TN:
SF:v0/destinations/leanplum/transform.js
FN:17,setValues
FN:21,(anonymous_1)
FN:46,constructPayload
FN:78,responseBuilderSimple
FN:94,startSession
FN:98,processSingleMessage
FN:133,process
FNF:7
FNH:0
FNDA:0,setValues
FNDA:0,(anonymous_1)
FNDA:0,constructPayload
FNDA:0,responseBuilderSimple
FNDA:0,startSession
FNDA:0,processSingleMessage
FNDA:0,process
DA:1,1
DA:2,1
DA:4,1
DA:10,1
DA:15,1
DA:18,0
DA:21,0
DA:22,0
DA:23,0
DA:24,0
DA:25,0
DA:26,0
DA:27,0
DA:28,0
DA:32,0
DA:33,0
DA:34,0
DA:35,0
DA:43,0
DA:47,0
DA:48,0
DA:54,0
DA:56,0
DA:57,0
DA:60,0
DA:61,0
DA:66,0
DA:67,0
DA:68,0
DA:70,0
DA:71,0
DA:72,0
DA:75,0
DA:79,0
DA:80,0
DA:81,0
DA:82,0
DA:85,0
DA:86,0
DA:87,0
DA:91,0
DA:95,0
DA:99,0
DA:100,0
DA:102,0
DA:105,0
DA:107,0
DA:108,0
DA:110,0
DA:111,0
DA:113,0
DA:114,0
DA:116,0
DA:117,0
DA:119,0
DA:123,0
DA:126,0
DA:127,0
DA:130,0
DA:135,0
DA:136,0
DA:138,0
DA:140,0
DA:143,1
LF:64
LH:6
BRDA:18,0,0,0
BRDA:18,0,1,0
BRDA:24,1,0,0
BRDA:24,1,1,0
BRDA:24,2,0,0
BRDA:24,2,1,0
BRDA:27,3,0,0
BRDA:27,3,1,0
BRDA:32,4,0,0
BRDA:32,4,1,0
BRDA:34,5,0,0
BRDA:34,5,1,0
BRDA:56,6,0,0
BRDA:56,6,1,0
BRDA:60,7,0,0
BRDA:60,7,1,0
BRDA:66,8,0,0
BRDA:66,8,1,0
BRDA:70,9,0,0
BRDA:70,9,1,0
BRDA:85,10,0,0
BRDA:85,10,1,0
BRDA:99,11,0,0
BRDA:99,11,1,0
BRDA:105,12,0,0
BRDA:105,12,1,0
BRDA:105,12,2,0
BRDA:105,12,3,0
BRDA:105,12,4,0
BRDA:126,13,0,0
BRDA:126,13,1,0
BRDA:138,14,0,0
BRDA:138,14,1,0
BRF:33
BRH:0
end_of_record
TN:
SF:v0/destinations/mailchimp/config.js
FN:1,(anonymous_0)
FNF:1
FNH:0
FNDA:0,(anonymous_0)
DA:1,1
DA:2,0
DA:3,0
DA:4,0
DA:7,1
DA:13,1
DA:18,1
LF:7
LH:4
BRF:0
BRH:0
end_of_record
TN:
SF:v0/destinations/mailchimp/transform.js
FN:18,filterTagValue
FN:27,getMailChimpEndpoint
FN:31,checkIfMailExists
FN:51,checkIfDoubleOptIn
FN:63,getSubscribeUserUrl
FN:68,getUpdateUserTraitsUrl
FN:73,responseBuilderSimple
FN:99,getPayload
FN:108,(anonymous_8)
FN:115,(anonymous_9)
FN:127,(anonymous_10)
FN:145,getTransformedJSON
FN:167,getMailChimpConfig
FN:170,(anonymous_13)
FN:197,processIdentify
FN:203,processSingleMessage
FN:211,process
FNF:17
FNH:0
FNDA:0,filterTagValue
FNDA:0,getMailChimpEndpoint
FNDA:0,checkIfMailExists
FNDA:0,checkIfDoubleOptIn
FNDA:0,getSubscribeUserUrl
FNDA:0,getUpdateUserTraitsUrl
FNDA:0,responseBuilderSimple
FNDA:0,getPayload
FNDA:0,(anonymous_8)
FNDA:0,(anonymous_9)
FNDA:0,(anonymous_10)
FNDA:0,getTransformedJSON
FNDA:0,getMailChimpConfig
FNDA:0,(anonymous_13)
FNDA:0,processIdentify
FNDA:0,processSingleMessage
FNDA:0,process
DA:1,1
DA:2,1
DA:3,1
DA:4,1
DA:5,1
DA:10,1
DA:15,1
DA:19,0
DA:20,0
DA:21,0
DA:22,0
DA:24,0
DA:28,0
DA:32,0
DA:33,0
DA:35,0
DA:36,0
DA:38,0
DA:39,0
DA:40,0
DA:46,0
DA:48,0
DA:52,0
DA:53,0
DA:59,0
DA:64,0
DA:69,0
DA:70,0
DA:74,0
DA:75,0
DA:77,0
DA:78,0
DA:79,0
DA:80,0
DA:82,0
DA:83,0
DA:85,0
DA:86,0
DA:89,0
DA:106,0
DA:107,0
DA:108,0
DA:109,0
DA:110,0
DA:112,0
DA:115,0
DA:116,0
DA:117,0
DA:120,0
DA:123,0
DA:124,0
DA:125,0
DA:127,0
DA:128,0
DA:129,0
DA:131,0
DA:132,0
DA:135,0
DA:136,0
DA:137,0
DA:141,0
DA:146,0
DA:148,0
DA:152,0
DA:157,0
DA:164,0
DA:168,0
DA:169,0
DA:170,0
DA:171,0
DA:173,0
DA:174,0
DA:176,0
DA:177,0
DA:179,0
DA:180,0
DA:182,0
DA:183,0
DA:187,0
DA:188,0
DA:189,0
DA:190,0
DA:191,0
DA:194,0
DA:198,0
DA:199,0
DA:200,0
DA:204,0
DA:205,0
DA:208,0
DA:212,0
DA:215,1
LF:92
LH:8
BRDA:21,0,0,0
BRDA:21,0,1,0
BRDA:32,1,0,0
BRDA:32,1,1,0
BRDA:59,2,0,0
BRDA:59,2,1,0
BRDA:78,3,0,0
BRDA:78,3,1,0
BRDA:95,4,0,0
BRDA:95,4,1,0
BRDA:106,5,0,0
BRDA:106,5,1,0
BRDA:106,6,0,0
BRDA:106,6,1,0
BRDA:109,7,0,0
BRDA:109,7,1,0
BRDA:116,8,0,0
BRDA:116,8,1,0
BRDA:123,9,0,0
BRDA:123,9,1,0
BRDA:123,10,0,0
BRDA:123,10,1,0
BRDA:128,11,0,0
BRDA:128,11,1,0
BRDA:135,12,0,0
BRDA:135,12,1,0
BRDA:137,13,0,0
BRDA:137,13,1,0
BRDA:148,14,0,0
BRDA:148,14,1,0
BRDA:171,15,0,0
BRDA:171,15,1,0
BRDA:171,15,2,0
BRDA:171,15,3,0
BRDA:188,16,0,0
BRDA:188,16,1,0
BRDA:190,17,0,0
BRDA:190,17,1,0
BRDA:204,18,0,0
BRDA:204,18,1,0
BRF:40
BRH:0
end_of_record
TN:
SF:v0/destinations/mp/config.js
FNF:0
FNH:0
DA:1,1
DA:3,1
DA:9,1
DA:11,1
LF:4
LH:4
BRF:0
BRH:0
end_of_record
TN:
SF:v0/destinations/mp/transform.js
FN:13,getEventTime
FN:17,responseBuilderSimple
FN:37,processRevenueEvents
FN:52,getEventValueForTrackEvent
FN:68,processTrack
FN:77,getTransformedJSON
FN:84,(anonymous_6)
FN:96,processIdentifyEvents
FN:106,processPageOrScreenEvents
FN:121,processSingleMessage
FN:138,process
FNF:11
FNH:0
FNDA:0,getEventTime
FNDA:0,responseBuilderSimple
FNDA:0,processRevenueEvents
FNDA:0,getEventValueForTrackEvent
FNDA:0,processTrack
FNDA:0,getTransformedJSON
FNDA:0,(anonymous_6)
FNDA:0,processIdentifyEvents
FNDA:0,processPageOrScreenEvents
FNDA:0,processSingleMessage
FNDA:0,process
DA:1,1
DA:2,1
DA:3,1
DA:8,1
DA:9,1
DA:11,1
DA:14,0
DA:18,0
DA:19,0
DA:20,0
DA:23,0
DA:27,0
DA:28,0
DA:29,0
DA:30,0
DA:31,0
DA:32,0
DA:34,0
DA:38,0
DA:39,0
DA:43,0
DA:49,0
DA:53,0
DA:60,0
DA:65,0
DA:69,0
DA:70,0
DA:71,0
DA:73,0
DA:74,0
DA:78,0
DA:80,0
DA:81,0
DA:82,0
DA:83,0
DA:84,0
DA:85,0
DA:86,0
DA:87,0
DA:89,0
DA:93,0
DA:97,0
DA:98,0
DA:103,0
DA:107,0
DA:114,0
DA:118,0
DA:122,0
DA:124,0
DA:127,0
DA:130,0
DA:132,0
DA:139,0
DA:140,0
DA:142,1
LF:55
LH:7
BRDA:19,0,0,0
BRDA:19,0,1,0
BRDA:19,1,0,0
BRDA:19,1,1,0
BRDA:30,2,0,0
BRDA:30,2,1,0
BRDA:46,3,0,0
BRDA:46,3,1,0
BRDA:56,4,0,0
BRDA:56,4,1,0
BRDA:70,5,0,0
BRDA:70,5,1,0
BRDA:70,6,0,0
BRDA:70,6,1,0
BRDA:81,7,0,0
BRDA:81,7,1,0
BRDA:86,8,0,0
BRDA:86,8,1,0
BRDA:101,9,0,0
BRDA:101,9,1,0
BRDA:110,10,0,0
BRDA:110,10,1,0
BRDA:122,11,0,0
BRDA:122,11,1,0
BRDA:122,11,2,0
BRDA:122,11,3,0
BRDA:122,11,4,0
BRF:27
BRH:0
end_of_record
TN:
SF:v0/destinations/s3/transform.js
FN:1,process
FNF:1
FNH:0
FNDA:0,process
DA:2,0
DA:5,1
LF:2
LH:1
BRF:0
BRH:0
end_of_record
TN:
SF:v0/destinations/salesforce/config.js
FNF:0
FNH:0
DA:1,1
DA:3,1
DA:13,1
DA:14,1
DA:17,1
DA:19,1
LF:6
LH:6
BRF:0
BRH:0
end_of_record
TN:
SF:v0/destinations/salesforce/transform.js
FN:19,getSFDCHeader
FN:54,getParamsFromConfig
FN:60,(anonymous_2)
FN:65,(anonymous_3)
FN:75,responseBuilderSimple
FN:101,(anonymous_5)
FN:131,(anonymous_6)
FN:135,(anonymous_7)
FN:163,processIdentify
FN:217,processSingleMessage
FN:232,process
FNF:11
FNH:0
FNDA:0,getSFDCHeader
FNDA:0,getParamsFromConfig
FNDA:0,(anonymous_2)
FNDA:0,(anonymous_3)
FNDA:0,responseBuilderSimple
FNDA:0,(anonymous_5)
FNDA:0,(anonymous_6)
FNDA:0,(anonymous_7)
FNDA:0,processIdentify
FNDA:0,processSingleMessage
FNDA:0,process
DA:1,1
DA:2,1
DA:3,1
DA:9,1
DA:14,1
DA:34,0
DA:51,0
DA:55,0
DA:57,0
DA:59,0
DA:60,0
DA:61,0
DA:64,0
DA:65,0
DA:66,0
DA:68,0
DA:83,0
DA:88,0
DA:89,0
DA:90,0
DA:92,0
DA:93,0
DA:94,0
DA:96,0
DA:97,0
DA:100,0
DA:101,0
DA:102,0
DA:103,0
DA:104,0
DA:105,0
DA:106,0
DA:107,0
DA:108,0
DA:117,0
DA:118,0
DA:120,0
DA:121,0
DA:124,0
DA:127,0
DA:128,0
DA:130,0
DA:131,0
DA:132,0
DA:133,0
DA:134,0
DA:136,0
DA:140,0
DA:141,0
DA:145,0
DA:146,0
DA:152,0
DA:153,0
DA:154,0
DA:155,0
DA:156,0
DA:157,0
DA:159,0
DA:166,0
DA:170,0
DA:177,0
DA:180,0
DA:189,0
DA:195,0
DA:196,0
DA:199,0
DA:200,0
DA:205,0
DA:219,0
DA:220,0
DA:223,0
DA:229,0
DA:236,0
DA:239,1
LF:74
LH:6
BRDA:59,0,0,0
BRDA:59,0,1,0
BRDA:90,1,0,0
BRDA:90,1,1,0
BRDA:103,2,0,0
BRDA:103,2,1,0
BRDA:104,3,0,0
BRDA:104,3,1,0
BRDA:105,4,0,0
BRDA:105,4,1,0
BRDA:107,5,0,0
BRDA:107,5,1,0
BRDA:117,6,0,0
BRDA:117,6,1,0
BRDA:117,7,0,0
BRDA:117,7,1,0
BRDA:120,8,0,0
BRDA:120,8,1,0
BRDA:120,9,0,0
BRDA:120,9,1,0
BRDA:134,10,0,0
BRDA:134,10,1,0
BRDA:135,11,0,0
BRDA:135,11,1,0
BRDA:141,12,0,0
BRDA:141,12,1,0
BRDA:195,13,0,0
BRDA:195,13,1,0
BRDA:195,14,0,0
BRDA:195,14,1,0
BRDA:199,15,0,0
BRDA:199,15,1,0
BRDA:219,16,0,0
BRDA:219,16,1,0
BRF:34
BRH:0
end_of_record
TN:
SF:v0/destinations/segment/config.js
FNF:0
FNH:0
DA:1,1
DA:3,1
DA:7,1
LF:3
LH:3
BRF:0
BRH:0
end_of_record
TN:
SF:v0/destinations/segment/transform.js
FN:9,responseBuilderSimple
FN:29,getTransformedJSON
FN:52,getSegmentConfig
FN:55,(anonymous_3)
FN:71,processSingleMessage
FN:81,process
FNF:6
FNH:0
FNDA:0,responseBuilderSimple
FNDA:0,getTransformedJSON
FNDA:0,getSegmentConfig
FNDA:0,(anonymous_3)
FNDA:0,processSingleMessage
FNDA:0,process
DA:1,1
DA:2,1
DA:7,1
DA:10,0
DA:14,0
DA:15,0
DA:19,0
DA:20,0
DA:21,0
DA:22,0
DA:23,0
DA:24,0
DA:26,0
DA:30,0
DA:31,0
DA:32,0
DA:35,0
DA:36,0
DA:39,0
DA:40,0
DA:42,0
DA:53,0
DA:54,0
DA:55,0
DA:56,0
DA:58,0
DA:59,0
DA:61,0
DA:65,0
DA:68,0
DA:72,0
DA:73,0
DA:74,0
DA:77,0
DA:78,0
DA:82,0
DA:85,1
LF:37
LH:4
BRDA:31,0,0,0
BRDA:31,0,1,0
BRDA:32,1,0,0
BRDA:32,1,1,0
BRDA:36,2,0,0
BRDA:36,2,1,0
BRDA:39,3,0,0
BRDA:39,3,1,0
BRDA:56,4,0,0
BRDA:56,4,1,0
BRDA:65,5,0,0
BRDA:65,5,1,0
BRF:12
BRH:0
end_of_record
TN:
SF:v0/destinations/slack/config.js
FNF:0
FNH:0
DA:1,1
DA:2,1
DA:4,1
LF:3
LH:3
BRF:0
BRH:0
end_of_record
TN:
SF:v0/destinations/slack/transform.js
FN:11,stringifyJSON
FN:13,(anonymous_1)
FN:30,getName
FN:54,buildResponse
FN:75,buildDefaultTraitTemplate
FN:78,(anonymous_5)
FN:83,(anonymous_6)
FN:92,processIdentify
FN:96,(anonymous_8)
FN:156,processTrack
FN:171,(anonymous_10)
FN:210,(anonymous_11)
FN:276,process
FNF:13
FNH:0
FNDA:0,stringifyJSON
FNDA:0,(anonymous_1)
FNDA:0,getName
FNDA:0,buildResponse
FNDA:0,buildDefaultTraitTemplate
FNDA:0,(anonymous_5)
FNDA:0,(anonymous_6)
FNDA:0,processIdentify
FNDA:0,(anonymous_8)
FNDA:0,processTrack
FNDA:0,(anonymous_10)
FNDA:0,(anonymous_11)
FNDA:0,process
DA:1,1
DA:2,1
DA:4,1
DA:6,1
DA:7,1
DA:12,0
DA:13,0
DA:14,0
DA:15,0
DA:16,0
DA:17,0
DA:20,0
DA:24,0
DA:25,0
DA:31,0
DA:32,0
DA:33,0
DA:35,0
DA:47,0
DA:48,0
DA:55,0
DA:56,0
DA:57,0
DA:58,0
DA:59,0
DA:60,0
DA:61,0
DA:68,0
DA:69,0
DA:70,0
DA:76,0
DA:78,0
DA:79,0
DA:82,0
DA:83,0
DA:84,0
DA:85,0
DA:89,0
DA:94,0
DA:95,0
DA:96,0
DA:97,0
DA:104,0
DA:107,0
DA:108,0
DA:115,0
DA:126,0
DA:141,0
DA:150,0
DA:152,0
DA:153,0
DA:158,0
DA:159,0
DA:161,0
DA:162,0
DA:163,0
DA:171,0
DA:172,0
DA:177,0
DA:182,0
DA:183,0
DA:184,0
DA:188,0
DA:194,0
DA:198,0
DA:201,0
DA:202,0
DA:207,0
DA:210,0
DA:211,0
DA:216,0
DA:221,0
DA:222,0
DA:223,0
DA:227,0
DA:229,0
DA:230,0
DA:235,0
DA:237,0
DA:242,0
DA:245,0
DA:247,0
DA:256,0
DA:263,0
DA:265,0
DA:266,0
DA:267,0
DA:273,0
DA:277,0
DA:278,0
DA:279,0
DA:281,0
DA:282,0
DA:283,0
DA:285,0
DA:287,0
DA:288,0
DA:289,0
DA:290,0
DA:292,0
DA:293,0
DA:294,0
DA:295,0
DA:297,0
DA:298,0
DA:300,0
DA:301,0
DA:302,0
DA:305,1
LF:109
LH:6
BRDA:14,0,0,0
BRDA:14,0,1,0
BRDA:15,1,0,0
BRDA:15,1,1,0
BRDA:15,2,0,0
BRDA:15,2,1,0
BRDA:16,3,0,0
BRDA:16,3,1,0
BRDA:35,4,0,0
BRDA:35,4,1,0
BRDA:35,4,2,0
BRDA:35,4,3,0
BRDA:35,4,4,0
BRDA:35,4,5,0
BRDA:35,4,6,0
BRDA:36,5,0,0
BRDA:36,5,1,0
BRDA:37,6,0,0
BRDA:37,6,1,0
BRDA:42,7,0,0
BRDA:42,7,1,0
BRDA:44,8,0,0
BRDA:44,8,1,0
BRDA:60,9,0,0
BRDA:60,9,1,0
BRDA:82,10,0,0
BRDA:82,10,1,0
BRDA:84,11,0,0
BRDA:84,11,1,0
BRDA:97,12,0,0
BRDA:97,12,1,0
BRDA:98,13,0,0
BRDA:98,13,1,0
BRDA:99,14,0,0
BRDA:99,14,1,0
BRDA:116,15,0,0
BRDA:116,15,1,0
BRDA:116,16,0,0
BRDA:116,16,1,0
BRDA:117,17,0,0
BRDA:117,17,1,0
BRDA:123,18,0,0
BRDA:123,18,1,0
BRDA:128,19,0,0
BRDA:128,19,1,0
BRDA:128,20,0,0
BRDA:128,20,1,0
BRDA:129,21,0,0
BRDA:129,21,1,0
BRDA:135,22,0,0
BRDA:135,22,1,0
BRDA:145,23,0,0
BRDA:145,23,1,0
BRDA:148,24,0,0
BRDA:148,24,1,0
BRDA:172,25,0,0
BRDA:172,25,1,0
BRDA:173,26,0,0
BRDA:173,26,1,0
BRDA:177,27,0,0
BRDA:177,27,1,0
BRDA:178,28,0,0
BRDA:178,28,1,0
BRDA:182,29,0,0
BRDA:182,29,1,0
BRDA:182,30,0,0
BRDA:182,30,1,0
BRDA:183,31,0,0
BRDA:183,31,1,0
BRDA:194,32,0,0
BRDA:194,32,1,0
BRDA:195,33,0,0
BRDA:195,33,1,0
BRDA:201,34,0,0
BRDA:201,34,1,0
BRDA:211,35,0,0
BRDA:211,35,1,0
BRDA:212,36,0,0
BRDA:212,36,1,0
BRDA:216,37,0,0
BRDA:216,37,1,0
BRDA:217,38,0,0
BRDA:217,38,1,0
BRDA:221,39,0,0
BRDA:221,39,1,0
BRDA:221,40,0,0
BRDA:221,40,1,0
BRDA:222,41,0,0
BRDA:222,41,1,0
BRDA:223,42,0,0
BRDA:223,42,1,0
BRDA:224,43,0,0
BRDA:224,43,1,0
BRDA:229,44,0,0
BRDA:229,44,1,0
BRDA:240,45,0,0
BRDA:240,45,1,0
BRDA:248,46,0,0
BRDA:248,46,1,0
BRDA:249,47,0,0
BRDA:249,47,1,0
BRDA:266,48,0,0
BRDA:266,48,1,0
BRDA:266,49,0,0
BRDA:266,49,1,0
BRDA:285,50,0,0
BRDA:285,50,1,0
BRDA:285,50,2,0
BRF:108
BRH:0
end_of_record
TN:
SF:v0/destinations/webhook/transform.js
FN:3,process
FN:16,(anonymous_1)
FNF:2
FNH:0
FNDA:0,process
FNDA:0,(anonymous_1)
DA:1,1
DA:4,0
DA:5,0
DA:6,0
DA:7,0
DA:8,0
DA:10,0
DA:14,0
DA:15,0
DA:16,0
DA:17,0
DA:21,0
DA:22,0
DA:23,0
DA:25,0
DA:28,1
LF:16
LH:2
BRDA:6,0,0,0
BRDA:6,0,1,0
BRDA:15,1,0,0
BRDA:15,1,1,0
BRDA:21,2,0,0
BRDA:21,2,1,0
BRF:6
BRH:0
end_of_record
TN:
SF:v0/destinations/zendesk/config.js
FNF:0
FNH:0
DA:1,1
DA:3,1
DA:21,1
DA:40,1
DA:42,1
LF:5
LH:5
BRF:0
BRH:0
end_of_record
TN:
SF:v0/destinations/zendesk/transform.js
FN:16,responseBuilder
FN:28,createUserFields
FN:32,(anonymous_2)
FN:56,checkAndCreateUserFields
FN:72,(anonymous_4)
FN:78,(anonymous_5)
FN:90,getIdentifyPayload
FN:95,(anonymous_7)
FN:105,(anonymous_8)
FN:111,(anonymous_9)
FN:128,getUserId
FN:153,isUserAlreadyAssociated
FN:167,createUser
FN:199,getUserMembershipPayload
FN:229,createOrganization
FN:245,(anonymous_15)
FN:258,(anonymous_16)
FN:264,(anonymous_17)
FN:297,validateUserId
FN:305,processIdentify
FN:364,processTrack
FN:405,processGroup
FN:449,processSingleMessage
FN:473,process
FNF:24
FNH:0
FNDA:0,responseBuilder
FNDA:0,createUserFields
FNDA:0,(anonymous_2)
FNDA:0,checkAndCreateUserFields
FNDA:0,(anonymous_4)
FNDA:0,(anonymous_5)
FNDA:0,getIdentifyPayload
FNDA:0,(anonymous_7)
FNDA:0,(anonymous_8)
FNDA:0,(anonymous_9)
FNDA:0,getUserId
FNDA:0,isUserAlreadyAssociated
FNDA:0,createUser
FNDA:0,getUserMembershipPayload
FNDA:0,createOrganization
FNDA:0,(anonymous_15)
FNDA:0,(anonymous_16)
FNDA:0,(anonymous_17)
FNDA:0,validateUserId
FNDA:0,processIdentify
FNDA:0,processTrack
FNDA:0,processGroup
FNDA:0,processSingleMessage
FNDA:0,process
DA:1,1
DA:2,1
DA:3,1
DA:5,1
DA:6,1
DA:12,1
DA:17,0
DA:19,0
DA:20,0
DA:21,0
DA:22,0
DA:23,0
DA:25,0
DA:31,0
DA:32,0
DA:34,0
DA:43,0
DA:44,0
DA:45,0
DA:46,0
DA:49,0
DA:50,0
DA:62,0
DA:64,0
DA:65,0
DA:67,0
DA:68,0
DA:69,0
DA:70,0
DA:72,0
DA:73,0
DA:76,0
DA:77,0
DA:78,0
DA:81,0
DA:82,0
DA:86,0
DA:91,0
DA:92,0
DA:94,0
DA:95,0
DA:96,0
DA:99,0
DA:100,0
DA:103,0
DA:104,0
DA:106,0
DA:111,0
DA:112,0
DA:119,0
DA:121,0
DA:122,0
DA:125,0
DA:129,0
DA:130,0
DA:132,0
DA:134,0
DA:135,0
DA:137,0
DA:138,0
DA:139,0
DA:142,0
DA:143,0
DA:145,0
DA:149,0
DA:154,0
DA:155,0
DA:156,0
DA:157,0
DA:162,0
DA:164,0
DA:168,0
DA:169,0
DA:170,0
DA:172,0
DA:173,0
DA:174,0
DA:176,0
DA:177,0
DA:178,0
DA:179,0
DA:181,0
DA:182,0
DA:184,0
DA:185,0
DA:186,0
DA:189,0
DA:190,0
DA:191,0
DA:193,0
DA:194,0
DA:195,0
DA:206,0
DA:208,0
DA:209,0
DA:210,0
DA:215,0
DA:219,0
DA:226,0
DA:235,0
DA:241,0
DA:242,0
DA:244,0
DA:245,0
DA:246,0
DA:249,0
DA:250,0
DA:256,0
DA:257,0
DA:259,0
DA:264,0
DA:265,0
DA:272,0
DA:274,0
DA:275,0
DA:278,0
DA:279,0
DA:281,0
DA:282,0
DA:284,0
DA:285,0
DA:286,0
DA:289,0
DA:290,0
DA:292,0
DA:293,0
DA:298,0
DA:299,0
DA:306,0
DA:307,0
DA:309,0
DA:316,0
DA:317,0
DA:318,0
DA:320,0
DA:321,0
DA:327,0
DA:328,0
DA:329,0
DA:330,0
DA:331,0
DA:332,0
DA:333,0
DA:334,0
DA:339,0
DA:342,0
DA:343,0
DA:345,0
DA:346,0
DA:347,0
DA:348,0
DA:351,0
DA:355,0
DA:360,0
DA:361,0
DA:365,0
DA:366,0
DA:369,0
DA:370,0
DA:371,0
DA:372,0
DA:373,0
DA:378,0
DA:379,0
DA:381,0
DA:382,0
DA:384,0
DA:385,0
DA:387,0
DA:388,0
DA:389,0
DA:390,0
DA:391,0
DA:393,0
DA:394,0
DA:395,0
DA:396,0
DA:398,0
DA:399,0
DA:401,0
DA:402,0
DA:406,0
DA:407,0
DA:411,0
DA:412,0
DA:418,0
DA:420,0
DA:426,0
DA:427,0
DA:439,0
DA:440,0
DA:441,0
DA:442,0
DA:446,0
DA:450,0
DA:451,0
DA:452,0
DA:454,0
DA:455,0
DA:461,0
DA:463,0
DA:465,0
DA:467,0
DA:469,0
DA:474,0
DA:475,0
DA:476,0
DA:479,1
LF:208
LH:7
BRDA:22,0,0,0
BRDA:22,0,1,0
BRDA:45,1,0,0
BRDA:45,1,1,0
BRDA:49,2,0,0
BRDA:49,2,1,0
BRDA:49,3,0,0
BRDA:49,3,1,0
BRDA:70,4,0,0
BRDA:70,4,1,0
BRDA:70,5,0,0
BRDA:70,5,1,0
BRDA:78,6,0,0
BRDA:78,6,1,0
BRDA:81,7,0,0
BRDA:81,7,1,0
BRDA:86,8,0,0
BRDA:86,8,1,0
BRDA:99,9,0,0
BRDA:99,9,1,0
BRDA:107,10,0,0
BRDA:107,10,1,0
BRDA:121,11,0,0
BRDA:121,11,1,0
BRDA:137,12,0,0
BRDA:137,12,1,0
BRDA:137,13,0,0
BRDA:137,13,1,0
BRDA:137,13,2,0
BRDA:157,14,0,0
BRDA:157,14,1,0
BRDA:158,15,0,0
BRDA:158,15,1,0
BRDA:158,15,2,0
BRDA:169,16,0,0
BRDA:169,16,1,0
BRDA:173,17,0,0
BRDA:173,17,1,0
BRDA:184,18,0,0
BRDA:184,18,1,0
BRDA:184,19,0,0
BRDA:184,19,1,0
BRDA:184,19,2,0
BRDA:208,20,0,0
BRDA:208,20,1,0
BRDA:209,21,0,0
BRDA:209,21,1,0
BRDA:209,22,0,0
BRDA:209,22,1,0
BRDA:249,23,0,0
BRDA:249,23,1,0
BRDA:260,24,0,0
BRDA:260,24,1,0
BRDA:274,25,0,0
BRDA:274,25,1,0
BRDA:274,26,0,0
BRDA:274,26,1,0
BRDA:284,27,0,0
BRDA:284,27,1,0
BRDA:284,28,0,0
BRDA:284,28,1,0
BRDA:298,29,0,0
BRDA:298,29,1,0
BRDA:321,30,0,0
BRDA:321,30,1,0
BRDA:322,31,0,0
BRDA:322,31,1,0
BRDA:322,31,2,0
BRDA:322,31,3,0
BRDA:329,32,0,0
BRDA:329,32,1,0
BRDA:334,33,0,0
BRDA:334,33,1,0
BRDA:335,34,0,0
BRDA:335,34,1,0
BRDA:335,34,2,0
BRDA:339,35,0,0
BRDA:339,35,1,0
BRDA:348,36,0,0
BRDA:348,36,1,0
BRDA:372,37,0,0
BRDA:372,37,1,0
BRDA:372,38,0,0
BRDA:372,38,1,0
BRDA:372,38,2,0
BRDA:378,39,0,0
BRDA:378,39,1,0
BRDA:384,40,0,0
BRDA:384,40,1,0
BRDA:385,41,0,0
BRDA:385,41,1,0
BRDA:411,42,0,0
BRDA:411,42,1,0
BRDA:411,43,0,0
BRDA:411,43,1,0
BRDA:426,44,0,0
BRDA:426,44,1,0
BRDA:461,45,0,0
BRDA:461,45,1,0
BRDA:461,45,2,0
BRDA:461,45,3,0
BRF:101
BRH:0
end_of_record
