TN:
SF:routerUtils.js
FN:8,(anonymous_0)
FN:15,(anonymous_1)
FN:22,sendToDestination
FNF:3
FNH:0
FNDA:0,(anonymous_0)
FNDA:0,(anonymous_1)
FNDA:0,sendToDestination
DA:3,1
DA:4,1
DA:5,1
DA:7,1
DA:8,1
DA:9,0
DA:10,0
DA:12,0
DA:15,1
DA:16,0
DA:17,0
DA:19,0
DA:24,0
DA:25,0
DA:27,0
DA:28,0
DA:29,0
DA:34,0
DA:37,0
DA:39,0
DA:40,0
DA:41,0
DA:48,0
DA:55,0
DA:58,1
LF:25
LH:7
BRDA:9,0,0,0
BRDA:9,0,1,0
BRDA:10,1,0,0
BRDA:10,1,1,0
BRDA:16,2,0,0
BRDA:16,2,1,0
BRDA:27,3,0,0
BRDA:27,3,1,0
BRDA:39,4,0,0
BRDA:39,4,1,0
BRDA:39,5,0,0
BRDA:39,5,1,0
BRDA:52,6,0,0
BRDA:52,6,1,0
BRF:14
BRH:0
end_of_record
TN:
SF:testRouter.js
FN:13,(anonymous_0)
FN:21,(anonymous_1)
FN:34,(anonymous_2)
FN:38,(anonymous_3)
FN:42,(anonymous_4)
FN:43,capitalize
FN:50,(anonymous_6)
FN:55,(anonymous_7)
FN:62,(anonymous_8)
FN:71,(anonymous_9)
FN:86,(anonymous_10)
FN:210,(anonymous_11)
FN:211,(anonymous_12)
FN:217,(anonymous_13)
FNF:14
FNH:9
FNDA:0,(anonymous_0)
FNDA:0,(anonymous_1)
FNDA:2,(anonymous_2)
FNDA:1,(anonymous_3)
FNDA:2,(anonymous_4)
FNDA:40,capitalize
FNDA:22,(anonymous_6)
FNDA:18,(anonymous_7)
FNDA:3,(anonymous_8)
FNDA:2,(anonymous_9)
FNDA:0,(anonymous_10)
FNDA:119,(anonymous_11)
FNDA:0,(anonymous_12)
FNDA:0,(anonymous_13)
DA:5,1
DA:6,1
DA:7,1
DA:8,1
DA:10,1
DA:11,1
DA:13,1
DA:14,0
DA:15,0
DA:20,0
DA:21,0
DA:22,0
DA:23,0
DA:24,0
DA:26,0
DA:29,0
DA:32,1
DA:34,1
DA:35,2
DA:38,1
DA:39,1
DA:42,1
DA:44,40
DA:48,2
DA:49,2
DA:50,2
DA:51,22
DA:54,2
DA:55,2
DA:56,18
DA:58,2
DA:59,2
DA:62,1
DA:63,3
DA:64,3
DA:65,3
DA:66,1
DA:68,2
DA:69,2
DA:70,2
DA:72,2
DA:73,2
DA:79,2
DA:80,2
DA:82,2
DA:83,0
DA:84,0
DA:85,0
DA:86,0
DA:90,0
DA:95,0
DA:96,0
DA:97,0
DA:102,0
DA:103,0
DA:104,0
DA:107,0
DA:109,0
DA:111,0
DA:112,0
DA:117,0
DA:123,2
DA:124,2
DA:125,2
DA:126,2
DA:127,2
DA:128,2
DA:129,1
DA:131,1
DA:134,0
DA:135,0
DA:140,0
DA:146,2
DA:148,0
DA:149,0
DA:150,0
DA:152,0
DA:154,0
DA:156,0
DA:158,0
DA:159,0
DA:160,0
DA:161,0
DA:162,0
DA:163,0
DA:165,0
DA:166,0
DA:169,0
DA:170,0
DA:186,0
DA:192,0
DA:197,2
DA:200,2
DA:203,1
DA:206,1
DA:210,1
DA:211,119
DA:212,0
DA:213,0
DA:217,1
DA:218,0
DA:221,1
LF:102
LH:53
BRDA:20,0,0,0
BRDA:20,0,1,0
BRDA:22,1,0,0
BRDA:22,1,1,0
BRDA:44,2,0,4
BRDA:44,2,1,36
BRDA:65,3,0,1
BRDA:65,3,1,2
BRDA:65,4,0,3
BRDA:65,4,1,2
BRDA:82,5,0,0
BRDA:82,5,1,2
BRDA:84,6,0,0
BRDA:84,6,1,0
BRDA:90,7,0,0
BRDA:90,7,1,0
BRDA:90,7,2,0
BRDA:90,7,3,0
BRDA:95,8,0,0
BRDA:95,8,1,0
BRDA:103,9,0,0
BRDA:103,9,1,0
BRDA:113,10,0,0
BRDA:113,10,1,0
BRDA:123,11,0,2
BRDA:123,11,1,0
BRDA:124,12,0,2
BRDA:124,12,1,0
BRDA:128,13,0,1
BRDA:128,13,1,1
BRDA:136,14,0,0
BRDA:136,14,1,0
BRDA:146,15,0,0
BRDA:146,15,1,2
BRDA:146,16,0,2
BRDA:146,16,1,2
BRDA:148,17,0,0
BRDA:148,17,1,0
BRDA:160,18,0,0
BRDA:160,18,1,0
BRDA:162,19,0,0
BRDA:162,19,1,0
BRDA:165,20,0,0
BRDA:165,20,1,0
BRDA:204,21,0,1
BRDA:204,21,1,0
BRF:46
BRH:15
end_of_record
TN:
SF:adapters/network.js
FN:49,(anonymous_0)
FN:75,(anonymous_1)
FN:94,(anonymous_2)
FN:114,(anonymous_3)
FN:134,(anonymous_4)
FN:154,(anonymous_5)
FN:165,(anonymous_6)
FN:168,(anonymous_7)
FN:185,stringifyQueryParam
FN:188,(anonymous_9)
FN:204,getFormData
FN:206,(anonymous_11)
FN:218,(anonymous_12)
FN:254,(anonymous_13)
FNF:14
FNH:7
FNDA:0,(anonymous_0)
FNDA:119,(anonymous_1)
FNDA:0,(anonymous_2)
FNDA:91,(anonymous_3)
FNDA:2,(anonymous_4)
FNDA:0,(anonymous_5)
FNDA:0,(anonymous_6)
FNDA:0,(anonymous_7)
FNDA:6,stringifyQueryParam
FNDA:1,(anonymous_9)
FNDA:5,getFormData
FNDA:5,(anonymous_11)
FNDA:0,(anonymous_12)
FNDA:0,(anonymous_13)
DA:4,21
DA:5,21
DA:6,21
DA:7,21
DA:8,21
DA:9,21
DA:12,21
DA:13,21
DA:15,21
DA:49,21
DA:52,0
DA:58,0
DA:59,0
DA:60,0
DA:62,0
DA:64,0
DA:75,21
DA:77,119
DA:78,119
DA:79,112
DA:81,7
DA:83,119
DA:94,21
DA:96,0
DA:97,0
DA:98,0
DA:100,0
DA:102,0
DA:114,21
DA:116,91
DA:117,91
DA:118,89
DA:120,2
DA:122,91
DA:134,21
DA:136,2
DA:137,2
DA:138,2
DA:140,0
DA:142,2
DA:154,21
DA:156,0
DA:157,0
DA:158,0
DA:160,0
DA:162,0
DA:165,21
DA:168,0
DA:169,0
DA:170,0
DA:171,0
DA:174,0
DA:186,6
DA:187,6
DA:188,1
DA:189,1
DA:191,5
DA:193,0
DA:195,5
DA:205,5
DA:206,5
DA:207,5
DA:208,5
DA:210,5
DA:218,21
DA:219,0
DA:220,0
DA:223,0
DA:225,0
DA:227,0
DA:229,0
DA:230,0
DA:232,0
DA:233,0
DA:235,0
DA:236,0
DA:239,0
DA:241,0
DA:244,0
DA:245,0
DA:254,21
DA:255,0
DA:258,0
DA:265,0
DA:266,0
DA:269,21
LF:86
LH:44
BRDA:12,0,0,21
BRDA:12,0,1,21
BRDA:13,1,0,21
BRDA:13,1,1,21
BRDA:169,2,0,0
BRDA:169,2,1,0
BRDA:187,3,0,1
BRDA:187,3,1,5
BRDA:191,4,0,0
BRDA:191,4,1,5
BRDA:191,5,0,5
BRDA:191,5,1,5
BRDA:223,6,0,0
BRDA:223,6,1,0
BRDA:223,6,2,0
BRDA:223,6,3,0
BRDA:223,6,4,0
BRDA:223,6,5,0
BRF:18
BRH:9
end_of_record
TN:
SF:adapters/utils/networkUtils.js
FN:13,(anonymous_0)
FN:76,(anonymous_1)
FN:88,(anonymous_2)
FN:139,(anonymous_3)
FNF:4
FNH:2
FNDA:0,(anonymous_0)
FNDA:1,(anonymous_1)
FNDA:0,(anonymous_2)
FNDA:163,(anonymous_3)
DA:2,18
DA:3,18
DA:9,18
DA:10,18
DA:11,18
DA:13,18
DA:14,0
DA:72,0
DA:76,18
DA:77,1
DA:78,0
DA:80,1
DA:82,0
DA:84,1
DA:88,18
DA:89,0
DA:95,0
DA:99,0
DA:108,0
DA:110,0
DA:116,0
DA:126,0
DA:127,0
DA:129,0
DA:131,0
DA:139,18
DA:140,163
DA:141,4
DA:143,4
DA:144,0
DA:145,0
DA:151,4
DA:152,4
DA:153,4
DA:159,0
DA:165,159
DA:166,159
DA:172,18
LF:38
LH:21
BRDA:72,0,0,0
BRDA:72,0,1,0
BRDA:77,1,0,0
BRDA:77,1,1,1
BRDA:80,2,0,0
BRDA:80,2,1,1
BRDA:88,3,0,0
BRDA:95,4,0,0
BRDA:95,4,1,0
BRDA:96,5,0,0
BRDA:96,5,1,0
BRDA:110,6,0,0
BRDA:110,6,1,0
BRDA:111,7,0,0
BRDA:111,7,1,0
BRDA:111,7,2,0
BRDA:111,7,3,0
BRDA:129,8,0,0
BRDA:129,8,1,0
BRDA:140,9,0,4
BRDA:140,9,1,159
BRDA:143,10,0,0
BRDA:143,10,1,4
BRDA:143,11,0,4
BRDA:143,11,1,0
BRDA:151,12,0,4
BRDA:151,12,1,0
BRDA:154,13,0,4
BRDA:154,13,1,0
BRDA:155,14,0,4
BRDA:155,14,1,1
BRDA:167,15,0,159
BRDA:167,15,1,16
BRDA:168,16,0,159
BRDA:168,16,1,0
BRF:35
BRH:13
end_of_record
TN:
SF:cdk/autopilot/transform.js
FN:5,identifyPostMapper
FN:24,(anonymous_1)
FN:39,trackPostMapper
FNF:3
FNH:3
FNDA:5,identifyPostMapper
FNDA:45,(anonymous_1)
FNDA:3,trackPostMapper
DA:1,2
DA:2,2
DA:3,2
DA:6,5
DA:7,5
DA:10,5
DA:23,5
DA:24,5
DA:25,45
DA:27,5
DA:28,2
DA:32,3
DA:36,5
DA:40,3
DA:42,3
DA:43,3
DA:44,2
DA:54,1
DA:70,2
DA:73,2
LF:20
LH:20
BRDA:23,0,0,5
BRDA:23,0,1,1
BRDA:23,0,2,0
BRDA:27,1,0,2
BRDA:27,1,1,3
BRDA:43,2,0,2
BRDA:43,2,1,1
BRF:7
BRH:6
end_of_record
TN:
SF:cdk/dcm_floodlight/config.js
FNF:0
FNH:0
DA:1,2
DA:3,2
DA:5,2
LF:3
LH:3
BRF:0
BRH:0
end_of_record
TN:
SF:cdk/dcm_floodlight/transform.js
FN:24,(anonymous_0)
FN:27,(anonymous_1)
FN:38,(anonymous_2)
FN:47,(anonymous_3)
FN:61,(anonymous_4)
FN:76,(anonymous_5)
FN:98,(anonymous_6)
FN:145,(anonymous_7)
FN:188,(anonymous_8)
FNF:9
FNH:9
FNDA:30,(anonymous_0)
FNDA:208,(anonymous_1)
FNDA:24,(anonymous_2)
FNDA:35,(anonymous_3)
FNDA:80,(anonymous_4)
FNDA:81,(anonymous_5)
FNDA:27,(anonymous_6)
FNDA:64,(anonymous_7)
FNDA:7,(anonymous_8)
DA:2,2
DA:3,2
DA:7,2
DA:15,2
DA:19,2
DA:20,2
DA:24,2
DA:25,30
DA:26,30
DA:28,208
DA:32,30
DA:38,2
DA:39,24
DA:40,24
DA:47,24
DA:50,35
DA:55,35
DA:61,80
DA:66,23
DA:72,24
DA:76,2
DA:77,81
DA:78,58
DA:80,23
DA:81,19
DA:84,4
DA:98,2
DA:99,27
DA:100,27
DA:101,27
DA:107,27
DA:108,3
DA:109,3
DA:111,3
DA:112,0
DA:113,3
DA:115,0
DA:116,3
DA:118,1
DA:120,2
DA:124,27
DA:126,27
DA:127,0
DA:133,27
DA:134,27
DA:135,1
DA:140,26
DA:144,26
DA:145,26
DA:146,64
DA:151,24
DA:155,19
DA:156,19
DA:158,24
DA:159,24
DA:160,24
DA:162,40
DA:165,26
DA:166,2
DA:173,24
DA:177,24
DA:184,24
DA:186,7
DA:187,7
DA:188,4
DA:189,7
DA:190,7
DA:192,0
DA:194,4
DA:195,4
DA:200,17
DA:201,17
DA:202,17
DA:207,24
DA:208,24
DA:209,22
DA:210,21
DA:216,21
DA:217,20
DA:220,20
DA:221,19
DA:225,21
DA:226,21
DA:229,20
DA:230,20
DA:234,20
DA:235,20
DA:236,10
DA:241,20
DA:243,20
DA:246,2
LF:91
LH:87
BRDA:55,0,0,23
BRDA:55,0,1,12
BRDA:57,1,0,35
BRDA:57,1,1,25
BRDA:57,1,2,25
BRDA:60,2,0,25
BRDA:60,2,1,20
BRDA:77,3,0,58
BRDA:77,3,1,23
BRDA:80,4,0,19
BRDA:80,4,1,4
BRDA:107,5,0,3
BRDA:107,5,1,24
BRDA:109,6,0,3
BRDA:109,6,1,0
BRDA:111,7,0,0
BRDA:111,7,1,3
BRDA:111,8,0,3
BRDA:111,8,1,0
BRDA:113,9,0,0
BRDA:113,9,1,3
BRDA:116,10,0,1
BRDA:116,10,1,2
BRDA:126,11,0,0
BRDA:126,11,1,27
BRDA:134,12,0,1
BRDA:134,12,1,26
BRDA:146,13,0,24
BRDA:146,13,1,40
BRDA:147,14,0,64
BRDA:147,14,1,64
BRDA:147,14,2,64
BRDA:151,15,0,19
BRDA:151,15,1,5
BRDA:152,16,0,24
BRDA:152,16,1,19
BRDA:159,17,0,24
BRDA:159,17,1,5
BRDA:165,18,0,2
BRDA:165,18,1,24
BRDA:184,19,0,7
BRDA:184,19,1,17
BRDA:187,20,0,4
BRDA:187,20,1,3
BRDA:187,21,0,7
BRDA:187,21,1,4
BRDA:189,22,0,7
BRDA:189,22,1,0
BRDA:194,23,0,4
BRDA:194,23,1,0
BRDA:208,24,0,22
BRDA:208,24,1,2
BRDA:209,25,0,21
BRDA:209,25,1,1
BRDA:216,26,0,20
BRDA:216,26,1,1
BRDA:220,27,0,19
BRDA:220,27,1,1
BRDA:225,28,0,21
BRDA:225,28,1,0
BRDA:235,29,0,10
BRDA:235,29,1,10
BRF:62
BRH:54
end_of_record
TN:
SF:cdk/heap/transform.js
FN:1,commonPostMapper
FNF:1
FNH:1
FNDA:8,commonPostMapper
DA:2,8
DA:3,8
DA:4,8
DA:5,4
DA:7,8
DA:12,8
DA:15,2
LF:7
LH:7
BRDA:4,0,0,4
BRDA:4,0,1,4
BRDA:4,1,0,8
BRDA:4,1,1,8
BRF:4
BRH:4
end_of_record
TN:
SF:cdk/kochava/transform.js
FN:12,processExtraPayloadParams
FNF:1
FNH:1
FNDA:14,processExtraPayloadParams
DA:1,2
DA:3,2
DA:13,14
DA:14,14
DA:15,14
DA:16,14
DA:18,11
DA:19,11
DA:20,6
DA:22,11
DA:24,3
DA:25,3
DA:26,3
DA:27,1
DA:30,3
DA:33,14
DA:65,14
DA:67,14
DA:68,7
DA:70,14
DA:73,2
LF:21
LH:21
BRDA:15,0,0,14
BRDA:15,0,1,5
BRDA:16,1,0,11
BRDA:16,1,1,3
BRDA:19,2,0,6
BRDA:19,2,1,5
BRDA:19,3,0,11
BRDA:19,3,1,6
BRDA:24,4,0,3
BRDA:24,4,1,0
BRDA:26,5,0,1
BRDA:26,5,1,2
BRDA:37,6,0,14
BRDA:37,6,1,11
BRDA:39,7,0,3
BRDA:39,7,1,11
BRDA:39,8,0,14
BRDA:39,8,1,5
BRDA:44,9,0,4
BRDA:44,9,1,10
BRDA:44,10,0,14
BRDA:44,10,1,8
BRDA:46,11,0,4
BRDA:46,11,1,2
BRDA:48,12,0,4
BRDA:48,12,1,10
BRDA:48,13,0,14
BRDA:48,13,1,8
BRDA:50,14,0,4
BRDA:50,14,1,2
BRDA:50,14,2,0
BRDA:52,15,0,3
BRDA:52,15,1,11
BRDA:52,16,0,14
BRDA:52,16,1,8
BRDA:54,17,0,3
BRDA:54,17,1,2
BRDA:56,18,0,3
BRDA:56,18,1,11
BRDA:56,19,0,14
BRDA:56,19,1,8
BRDA:58,20,0,3
BRDA:58,20,1,2
BRDA:58,20,2,0
BRDA:62,21,0,14
BRDA:62,21,1,6
BRDA:63,22,0,14
BRDA:63,22,1,14
BRDA:67,23,0,7
BRDA:67,23,1,7
BRF:50
BRH:47
end_of_record
TN:
SF:cdk/lytics/transform.js
FN:6,cleanResponse
FN:10,(anonymous_1)
FN:15,(anonymous_2)
FNF:3
FNH:3
FNDA:11,cleanResponse
FNDA:22,(anonymous_1)
FNDA:22,(anonymous_2)
DA:1,2
DA:3,2
DA:4,2
DA:9,11
DA:10,11
DA:11,22
DA:12,2
DA:15,11
DA:16,22
DA:17,2
DA:20,11
DA:23,2
LF:12
LH:12
BRDA:11,0,0,2
BRDA:11,0,1,20
BRDA:16,1,0,2
BRDA:16,1,1,20
BRF:4
BRH:4
end_of_record
TN:
SF:cdk/new_relic/transform.js
FN:7,commonPostMapper
FN:54,(anonymous_1)
FNF:2
FNH:2
FNDA:11,commonPostMapper
FNDA:66,(anonymous_1)
DA:3,2
DA:4,2
DA:5,2
DA:8,11
DA:9,11
DA:10,11
DA:11,11
DA:52,11
DA:54,11
DA:55,66
DA:56,4
DA:57,4
DA:58,4
DA:59,62
DA:60,0
DA:61,0
DA:62,0
DA:63,62
DA:64,4
DA:65,58
DA:66,0
DA:71,11
DA:72,4
DA:75,7
DA:79,11
DA:80,7
DA:81,6
DA:83,7
DA:84,7
DA:89,11
DA:91,3
DA:92,3
DA:94,8
DA:95,8
DA:98,11
DA:101,11
DA:103,11
DA:104,4
DA:105,4
DA:110,7
DA:115,11
DA:118,2
LF:42
LH:38
BRDA:55,0,0,4
BRDA:55,0,1,62
BRDA:55,1,0,66
BRDA:55,1,1,4
BRDA:59,2,0,0
BRDA:59,2,1,62
BRDA:63,3,0,4
BRDA:63,3,1,58
BRDA:65,4,0,0
BRDA:65,4,1,58
BRDA:71,5,0,4
BRDA:71,5,1,7
BRDA:79,6,0,7
BRDA:79,6,1,4
BRDA:80,7,0,6
BRDA:80,7,1,1
BRDA:80,8,0,7
BRDA:80,8,1,1
BRDA:80,8,2,1
BRDA:83,9,0,7
BRDA:83,9,1,0
BRDA:89,10,0,3
BRDA:89,10,1,8
BRDA:103,11,0,4
BRDA:103,11,1,7
BRF:25
BRH:22
end_of_record
TN:
SF:cdk/zapier/transform.js
FN:3,commonPostMapper
FNF:1
FNH:1
FNDA:6,commonPostMapper
DA:1,2
DA:4,6
DA:5,6
DA:7,6
DA:9,6
DA:10,6
DA:13,6
DA:16,6
DA:17,4
DA:19,4
DA:21,2
DA:26,6
DA:27,2
DA:29,2
DA:31,2
DA:35,6
DA:39,6
DA:42,2
LF:18
LH:18
BRDA:16,0,0,4
BRDA:16,0,1,2
BRDA:19,1,0,2
BRDA:19,1,1,2
BRDA:26,2,0,2
BRDA:26,2,1,4
BRDA:26,3,0,6
BRDA:26,3,1,5
BRDA:29,4,0,2
BRDA:29,4,1,0
BRF:10
BRH:9
end_of_record
TN:
SF:constants/destinationCanonicalNames.js
FNF:0
FNH:0
DA:1,118
DA:5,118
DA:76,118
LF:3
LH:3
BRF:0
BRH:0
end_of_record
TN:
SF:constants/index.js
FNF:0
FNH:0
DA:1,88
DA:12,88
DA:20,88
DA:24,88
DA:26,88
DA:49,88
DA:51,88
DA:52,88
DA:54,88
LF:9
LH:9
BRF:0
BRH:0
end_of_record
TN:
SF:util/customTransformer-v1.js
FN:8,transform
FN:12,(anonymous_1)
FN:33,(anonymous_2)
FN:38,calculateMsFromIvmTime
FN:42,userTransformHandlerV1
FNF:5
FNH:5
FNDA:46,transform
FNDA:46,(anonymous_1)
FNDA:2,(anonymous_2)
FNDA:180,calculateMsFromIvmTime
FNDA:46,userTransformHandlerV1
DA:1,1
DA:2,1
DA:4,1
DA:5,1
DA:6,1
DA:9,46
DA:10,46
DA:11,46
DA:12,46
DA:13,46
DA:18,46
DA:19,46
DA:30,2
DA:33,46
DA:34,2
DA:39,180
DA:52,46
DA:53,46
DA:54,46
DA:60,46
DA:61,46
DA:67,46
DA:68,46
DA:71,46
DA:72,46
DA:75,46
DA:81,46
DA:82,46
DA:84,2
DA:87,2
DA:88,2
DA:90,44
DA:91,44
DA:94,44
DA:95,44
DA:100,44
DA:107,44
DA:108,44
DA:109,44
DA:111,44
DA:115,0
DA:118,1
LF:42
LH:41
BRDA:46,0,0,0
BRDA:52,1,0,46
BRDA:52,1,1,0
BRDA:53,2,0,0
BRDA:53,2,1,46
BRDA:53,3,0,46
BRDA:53,3,1,46
BRF:7
BRH:4
end_of_record
TN:
SF:util/customTransformer.js
FN:7,runUserTransform
FN:32,(anonymous_1)
FN:51,(anonymous_2)
FN:56,(anonymous_3)
FN:85,(anonymous_4)
FN:88,(anonymous_5)
FN:97,(anonymous_6)
FN:174,(anonymous_7)
FN:190,(anonymous_8)
FN:191,(anonymous_9)
FN:217,userTransformHandler
FN:229,(anonymous_11)
FN:231,(anonymous_12)
FN:247,(anonymous_13)
FN:267,(anonymous_14)
FNF:15
FNH:14
FNDA:21,runUserTransform
FNDA:0,(anonymous_1)
FNDA:12,(anonymous_2)
FNDA:16,(anonymous_3)
FNDA:12,(anonymous_4)
FNDA:12,(anonymous_5)
FNDA:4,(anonymous_6)
FNDA:21,(anonymous_7)
FNDA:21,(anonymous_8)
FNDA:6,(anonymous_9)
FNDA:67,userTransformHandler
FNDA:211,(anonymous_11)
FNDA:211,(anonymous_12)
FNDA:12,(anonymous_13)
FNDA:40,(anonymous_14)
DA:1,1
DA:2,1
DA:3,1
DA:4,1
DA:5,1
DA:14,21
DA:19,21
DA:20,21
DA:21,21
DA:22,21
DA:25,21
DA:29,21
DA:30,21
DA:33,0
DA:34,0
DA:35,0
DA:36,0
DA:37,0
DA:38,0
DA:42,0
DA:49,21
DA:52,12
DA:53,12
DA:54,12
DA:55,8
DA:56,8
DA:57,16
DA:59,8
DA:66,8
DA:67,8
DA:70,8
DA:71,8
DA:75,4
DA:78,4
DA:85,21
DA:86,12
DA:87,12
DA:88,12
DA:89,12
DA:93,12
DA:97,21
DA:98,4
DA:99,4
DA:102,21
DA:165,21
DA:167,21
DA:168,21
DA:169,21
DA:171,21
DA:174,21
DA:175,21
DA:178,21
DA:179,21
DA:185,1
DA:189,21
DA:190,21
DA:191,21
DA:192,6
DA:193,6
DA:196,21
DA:197,21
DA:198,1
DA:201,1
DA:204,21
DA:205,21
DA:206,21
DA:207,21
DA:208,21
DA:211,20
DA:224,67
DA:225,67
DA:226,67
DA:229,211
DA:230,67
DA:231,67
DA:232,211
DA:235,67
DA:236,67
DA:237,46
DA:244,44
DA:245,44
DA:246,4
DA:248,12
DA:249,0
DA:251,12
DA:257,21
DA:265,20
DA:267,40
DA:272,64
DA:275,0
DA:278,1
LF:91
LH:82
BRDA:12,0,0,0
BRDA:86,1,0,12
BRDA:86,1,1,0
BRDA:90,2,0,0
BRDA:90,2,1,12
BRDA:98,3,0,4
BRDA:98,3,1,0
BRDA:197,4,0,1
BRDA:197,4,1,20
BRDA:221,5,0,59
BRDA:222,6,0,59
BRDA:224,7,0,67
BRDA:224,7,1,0
BRDA:225,8,0,8
BRDA:225,8,1,59
BRDA:226,9,0,67
BRDA:226,9,1,0
BRDA:236,10,0,46
BRDA:236,10,1,21
BRDA:236,11,0,67
BRDA:236,11,1,67
BRDA:245,12,0,4
BRDA:245,12,1,40
BRDA:248,13,0,0
BRDA:248,13,1,12
BRDA:265,14,0,4
BRDA:265,14,1,16
BRF:27
BRH:20
end_of_record
TN:
SF:util/customTransforrmationsStore-v1.js
FN:18,getTransformationCodeV1
FN:43,getLibraryCodeV1
FNF:2
FNH:1
FNDA:0,getTransformationCodeV1
FNDA:40,getLibraryCodeV1
DA:1,1
DA:2,1
DA:3,1
DA:4,1
DA:6,1
DA:7,1
DA:11,1
DA:12,1
DA:13,1
DA:19,0
DA:20,0
DA:21,0
DA:25,0
DA:26,0
DA:27,0
DA:28,0
DA:30,0
DA:31,0
DA:32,0
DA:33,0
DA:34,0
DA:35,0
DA:37,0
DA:38,0
DA:39,0
DA:44,40
DA:45,40
DA:46,40
DA:50,40
DA:51,40
DA:52,40
DA:53,40
DA:55,40
DA:61,40
DA:62,40
DA:63,40
DA:64,40
DA:65,40
DA:67,0
DA:68,0
DA:69,0
DA:73,1
LF:42
LH:23
BRDA:11,0,0,1
BRDA:11,0,1,1
BRDA:20,1,0,0
BRDA:20,1,1,0
BRDA:45,2,0,0
BRDA:45,2,1,40
BRF:6
BRH:3
end_of_record
TN:
SF:util/customTransforrmationsStore.js
FN:17,getTransformationCode
FNF:1
FNH:1
FNDA:59,getTransformationCode
DA:1,1
DA:2,1
DA:3,1
DA:4,1
DA:5,1
DA:7,1
DA:11,1
DA:12,1
DA:18,59
DA:19,59
DA:20,59
DA:21,59
DA:22,59
DA:23,59
DA:25,59
DA:26,59
DA:27,59
DA:28,59
DA:29,59
DA:30,59
DA:32,0
DA:33,0
DA:34,0
DA:38,1
DA:39,1
LF:25
LH:22
BRDA:11,0,0,1
BRDA:11,0,1,1
BRDA:19,1,0,0
BRDA:19,1,1,59
BRF:4
BRH:3
end_of_record
TN:
SF:util/eventValidation.js
FN:56,getAjv
FN:72,checkForPropertyMissing
FN:85,isEventTypeSupported
FN:102,eventSchemaHash
FN:112,validate
FN:186,(anonymous_5)
FN:244,handleValidation
FN:278,(anonymous_7)
FNF:8
FNH:8
FNDA:3,getAjv
FNDA:63,checkForPropertyMissing
FNDA:29,isEventTypeSupported
FNDA:13,eventSchemaHash
FNDA:21,validate
FNDA:13,(anonymous_5)
FNDA:23,handleValidation
FNDA:14,(anonymous_7)
DA:2,2
DA:3,2
DA:4,2
DA:5,2
DA:7,2
DA:8,2
DA:9,2
DA:10,2
DA:12,2
DA:13,2
DA:14,2
DA:15,2
DA:17,2
DA:25,2
DA:33,2
DA:43,2
DA:45,2
DA:46,2
DA:47,2
DA:57,3
DA:58,1
DA:60,2
DA:61,2
DA:62,2
DA:63,2
DA:73,63
DA:74,0
DA:86,29
DA:87,3
DA:89,26
DA:103,13
DA:113,21
DA:114,21
DA:115,21
DA:116,21
DA:118,21
DA:119,21
DA:129,21
DA:130,8
DA:131,2
DA:133,6
DA:138,6
DA:141,13
DA:142,13
DA:143,1
DA:147,13
DA:149,13
DA:156,13
DA:157,13
DA:158,13
DA:164,13
DA:165,13
DA:166,13
DA:167,13
DA:168,13
DA:169,13
DA:170,3
DA:171,3
DA:175,13
DA:176,13
DA:177,5
DA:178,5
DA:181,13
DA:182,13
DA:183,2
DA:186,11
DA:188,13
DA:190,2
DA:199,2
DA:201,4
DA:209,4
DA:211,2
DA:219,2
DA:221,5
DA:230,13
DA:232,11
DA:234,0
DA:245,23
DA:246,23
DA:248,23
DA:249,23
DA:250,23
DA:252,23
DA:253,3
DA:261,20
DA:262,3
DA:269,17
DA:270,17
DA:271,3
DA:278,14
DA:279,14
DA:282,28
DA:283,28
DA:285,6
DA:286,6
DA:287,3
DA:288,3
DA:289,3
DA:291,3
DA:292,0
DA:294,3
DA:297,2
DA:298,2
DA:299,1
DA:300,1
DA:301,1
DA:303,1
DA:304,0
DA:306,1
DA:309,6
DA:310,6
DA:311,6
DA:312,6
DA:313,3
DA:314,1
DA:315,2
DA:316,1
DA:318,1
DA:320,3
DA:321,3
DA:323,3
DA:324,0
DA:326,3
DA:329,0
DA:330,0
DA:332,0
DA:337,14
DA:343,0
DA:347,2
LF:129
LH:120
BRDA:56,0,0,0
BRDA:57,1,0,1
BRDA:57,1,1,2
BRDA:73,2,0,0
BRDA:73,2,1,63
BRDA:73,3,0,63
BRDA:73,3,1,63
BRDA:86,4,0,3
BRDA:86,4,1,26
BRDA:102,5,0,0
BRDA:103,6,0,1
BRDA:103,6,1,12
BRDA:129,7,0,8
BRDA:129,7,1,13
BRDA:129,8,0,21
BRDA:129,8,1,13
BRDA:130,9,0,2
BRDA:130,9,1,6
BRDA:142,10,0,1
BRDA:142,10,1,12
BRDA:142,11,0,13
BRDA:142,11,1,13
BRDA:156,12,0,13
BRDA:156,12,1,4
BRDA:157,13,0,13
BRDA:157,13,1,9
BRDA:157,13,2,4
BRDA:164,14,0,1
BRDA:164,14,1,12
BRDA:165,15,0,1
BRDA:165,15,1,12
BRDA:166,16,0,13
BRDA:166,16,1,0
BRDA:169,17,0,3
BRDA:169,17,1,10
BRDA:176,18,0,5
BRDA:176,18,1,8
BRDA:182,19,0,2
BRDA:182,19,1,11
BRDA:188,20,0,2
BRDA:188,20,1,4
BRDA:188,20,2,2
BRDA:188,20,3,5
BRDA:252,21,0,3
BRDA:252,21,1,20
BRDA:252,22,0,23
BRDA:252,22,1,21
BRDA:261,23,0,3
BRDA:261,23,1,17
BRDA:270,24,0,3
BRDA:270,24,1,14
BRDA:283,25,0,6
BRDA:283,25,1,2
BRDA:283,25,2,6
BRDA:283,25,3,0
BRDA:286,26,0,3
BRDA:286,26,1,3
BRDA:286,27,0,6
BRDA:286,27,1,3
BRDA:291,28,0,0
BRDA:291,28,1,3
BRDA:291,29,0,3
BRDA:291,29,1,0
BRDA:298,30,0,1
BRDA:298,30,1,1
BRDA:298,31,0,2
BRDA:298,31,1,1
BRDA:303,32,0,0
BRDA:303,32,1,1
BRDA:303,33,0,1
BRDA:303,33,1,0
BRDA:312,34,0,3
BRDA:312,34,1,3
BRDA:312,35,0,6
BRDA:312,35,1,3
BRDA:312,35,2,2
BRDA:312,35,3,1
BRDA:313,36,0,1
BRDA:313,36,1,2
BRDA:315,37,0,1
BRDA:315,37,1,1
BRDA:323,38,0,0
BRDA:323,38,1,3
BRDA:323,39,0,3
BRDA:323,39,1,0
BRDA:329,40,0,0
BRDA:329,40,1,0
BRF:87
BRH:74
end_of_record
TN:
SF:util/fetch.js
FN:6,(anonymous_0)
FNF:1
FNH:1
FNDA:101,(anonymous_0)
DA:1,3
DA:2,3
DA:3,3
DA:4,3
DA:6,3
DA:7,101
DA:8,101
DA:12,101
DA:13,0
DA:16,101
DA:17,101
DA:19,0
DA:22,0
DA:26,3
LF:14
LH:11
BRDA:6,0,0,101
BRDA:12,1,0,0
BRDA:12,1,1,101
BRDA:12,2,0,101
BRDA:12,2,1,101
BRDA:16,3,0,101
BRDA:16,3,1,0
BRF:7
BRH:5
end_of_record
TN:
SF:util/ivmFactory.js
FN:11,evaluateModule
FN:13,(anonymous_1)
FN:18,loadModule
FN:20,(anonymous_3)
FN:24,createIvm
FN:28,(anonymous_5)
FN:36,(anonymous_6)
FN:124,(anonymous_7)
FN:144,(anonymous_8)
FN:163,(anonymous_9)
FN:168,(anonymous_10)
FN:195,(anonymous_11)
FN:198,(anonymous_12)
FN:274,(anonymous_13)
FN:287,(anonymous_14)
FN:329,compileUserLibrary
FN:335,getFactory
FN:337,(anonymous_17)
FN:340,(anonymous_18)
FNF:19
FNH:14
FNDA:0,evaluateModule
FNDA:0,(anonymous_1)
FNDA:40,loadModule
FNDA:0,(anonymous_3)
FNDA:46,createIvm
FNDA:40,(anonymous_5)
FNDA:40,(anonymous_6)
FNDA:40,(anonymous_7)
FNDA:0,(anonymous_8)
FNDA:12,(anonymous_9)
FNDA:16,(anonymous_10)
FNDA:12,(anonymous_11)
FNDA:12,(anonymous_12)
FNDA:40,(anonymous_13)
FNDA:92,(anonymous_14)
FNDA:0,compileUserLibrary
FNDA:46,getFactory
FNDA:46,(anonymous_17)
FNDA:46,(anonymous_18)
DA:1,1
DA:2,1
DA:3,1
DA:5,1
DA:6,1
DA:7,1
DA:8,1
DA:10,1
DA:12,0
DA:13,0
DA:14,0
DA:15,0
DA:19,40
DA:20,40
DA:21,40
DA:25,46
DA:26,46
DA:27,46
DA:29,40
DA:32,46
DA:33,46
DA:34,46
DA:36,46
DA:37,40
DA:38,40
DA:39,40
DA:46,46
DA:116,46
DA:117,46
DA:118,46
DA:119,46
DA:121,46
DA:123,46
DA:125,40
DA:133,46
DA:137,46
DA:141,46
DA:142,46
DA:145,0
DA:146,0
DA:147,0
DA:148,0
DA:149,0
DA:150,0
DA:154,0
DA:161,46
DA:164,12
DA:165,12
DA:166,12
DA:167,8
DA:168,8
DA:169,16
DA:171,8
DA:178,8
DA:179,8
DA:182,8
DA:183,8
DA:187,4
DA:190,4
DA:195,46
DA:196,12
DA:197,12
DA:198,12
DA:199,12
DA:203,12
DA:207,46
DA:271,46
DA:273,46
DA:274,46
DA:275,40
DA:276,40
DA:278,0
DA:279,0
DA:281,46
DA:283,46
DA:284,46
DA:286,46
DA:288,92
DA:291,92
DA:292,46
DA:297,46
DA:298,46
DA:299,0
DA:306,46
DA:309,46
DA:310,46
DA:314,46
DA:330,0
DA:331,0
DA:332,0
DA:336,46
DA:338,46
DA:341,46
DA:342,46
DA:343,46
DA:344,46
DA:345,46
DA:349,46
DA:352,1
LF:99
LH:82
BRDA:33,0,0,46
BRDA:33,0,1,0
BRDA:33,1,0,46
BRDA:33,1,1,46
BRDA:38,2,0,40
BRDA:38,2,1,0
BRDA:196,3,0,12
BRDA:196,3,1,0
BRDA:200,4,0,0
BRDA:200,4,1,12
BRDA:275,5,0,40
BRDA:275,5,1,0
BRDA:291,6,0,46
BRDA:291,6,1,46
BRDA:291,7,0,92
BRDA:291,7,1,92
BRDA:298,8,0,0
BRDA:298,8,1,46
BRF:18
BRH:12
end_of_record
TN:
SF:util/jwtTokenGenerator.js
FN:3,base64url
FN:25,generateJWTToken
FNF:2
FNH:2
FNDA:3,base64url
FNDA:1,generateJWTToken
DA:1,1
DA:5,3
DA:8,3
DA:11,3
DA:12,3
DA:14,3
DA:26,1
DA:27,1
DA:28,1
DA:29,1
DA:30,1
DA:31,1
DA:32,1
DA:34,1
LF:14
LH:14
BRF:0
BRH:0
end_of_record
TN:
SF:util/parser.js
FN:3,parserForImport
FN:7,(anonymous_1)
FN:16,(anonymous_2)
FNF:3
FNH:3
FNDA:50,parserForImport
FNDA:72,(anonymous_1)
FNDA:40,(anonymous_2)
DA:1,1
DA:4,50
DA:5,50
DA:7,50
DA:8,72
DA:9,72
DA:10,72
DA:12,72
DA:13,44
DA:16,72
DA:17,40
DA:21,50
DA:24,1
LF:13
LH:13
BRDA:9,0,0,72
BRDA:9,0,1,0
BRDA:12,1,0,44
BRDA:12,1,1,28
BRF:4
BRH:3
end_of_record
TN:
SF:util/stats.js
FN:15,(anonymous_0)
FN:21,(anonymous_1)
FN:27,(anonymous_2)
FN:33,(anonymous_3)
FN:39,(anonymous_4)
FNF:5
FNH:3
FNDA:251,(anonymous_0)
FNDA:118,(anonymous_1)
FNDA:0,(anonymous_2)
FNDA:67,(anonymous_3)
FNDA:0,(anonymous_4)
DA:1,118
DA:3,118
DA:4,118
DA:5,118
DA:7,118
DA:15,118
DA:16,251
DA:17,251
DA:21,118
DA:22,118
DA:23,118
DA:27,118
DA:28,0
DA:29,0
DA:33,118
DA:34,67
DA:35,67
DA:39,118
DA:40,0
DA:41,0
DA:45,118
LF:21
LH:17
BRDA:4,0,0,118
BRDA:4,0,1,118
BRDA:5,1,0,118
BRDA:5,1,1,118
BRDA:15,2,0,48
BRDA:16,3,0,251
BRDA:16,3,1,0
BRDA:21,4,0,59
BRDA:21,5,0,105
BRDA:22,6,0,118
BRDA:22,6,1,0
BRDA:27,7,0,0
BRDA:27,8,0,0
BRDA:28,9,0,0
BRDA:28,9,1,0
BRDA:33,10,0,0
BRDA:34,11,0,67
BRDA:34,11,1,0
BRDA:39,12,0,0
BRDA:40,13,0,0
BRDA:40,13,1,0
BRF:21
BRH:10
end_of_record
TN:
SF:util/trackingPlan.js
FN:22,getTrackingPlan
FN:52,getEventSchema
FNF:2
FNH:2
FNDA:30,getTrackingPlan
FNDA:28,getEventSchema
DA:1,2
DA:2,2
DA:3,2
DA:4,2
DA:5,2
DA:7,2
DA:8,2
DA:9,2
DA:23,30
DA:24,30
DA:25,2
DA:26,2
DA:27,2
DA:28,2
DA:30,2
DA:31,2
DA:32,2
DA:33,2
DA:34,2
DA:36,0
DA:37,0
DA:38,0
DA:54,28
DA:55,28
DA:57,28
DA:58,7
DA:59,0
DA:61,21
DA:62,21
DA:63,21
DA:65,35
DA:66,14
DA:67,14
DA:71,28
DA:73,0
DA:74,0
DA:75,0
DA:79,2
LF:38
LH:31
BRDA:8,0,0,2
BRDA:8,0,1,2
BRDA:24,1,0,28
BRDA:24,1,1,2
BRDA:57,2,0,7
BRDA:57,2,1,21
BRDA:58,3,0,0
BRDA:58,3,1,7
BRDA:61,4,0,21
BRDA:61,4,1,0
BRDA:65,5,0,14
BRDA:65,5,1,21
BRF:12
BRH:10
end_of_record
TN:
SF:util/utils.js
FN:3,(anonymous_0)
FN:10,(anonymous_1)
FN:16,(anonymous_2)
FNF:3
FNH:1
FNDA:0,(anonymous_0)
FNDA:0,(anonymous_1)
FNDA:101,(anonymous_2)
DA:4,0
DA:5,0
DA:12,0
DA:16,3
DA:17,101
DA:18,0
DA:21,101
DA:22,0
DA:26,3
LF:9
LH:4
BRDA:5,0,0,0
BRDA:5,0,1,0
BRDA:17,1,0,0
BRDA:17,1,1,101
BRDA:21,2,0,0
BRDA:21,2,1,101
BRF:6
BRH:2
end_of_record
TN:
SF:v0/destinations/active_campaign/config.js
FNF:0
FNH:0
DA:1,1
DA:23,1
DA:50,1
DA:52,1
LF:4
LH:4
BRF:0
BRH:0
end_of_record
TN:
SF:v0/destinations/active_campaign/transform.js
FN:19,(anonymous_0)
FN:52,(anonymous_1)
FN:74,(anonymous_2)
FN:117,(anonymous_3)
FN:143,(anonymous_4)
FN:145,(anonymous_5)
FN:155,(anonymous_6)
FN:166,(anonymous_7)
FN:195,(anonymous_8)
FN:213,(anonymous_9)
FN:222,(anonymous_10)
FN:272,(anonymous_11)
FN:285,(anonymous_12)
FN:286,(anonymous_13)
FN:293,(anonymous_14)
FN:307,(anonymous_15)
FN:311,(anonymous_16)
FN:326,(anonymous_17)
FN:342,(anonymous_18)
FN:352,(anonymous_19)
FN:373,(anonymous_20)
FN:386,(anonymous_21)
FN:413,(anonymous_22)
FN:420,(anonymous_23)
FN:442,(anonymous_24)
FN:487,(anonymous_25)
FN:511,(anonymous_26)
FN:557,(anonymous_27)
FN:590,(anonymous_28)
FN:595,(anonymous_29)
FNF:30
FNH:27
FNDA:9,(anonymous_0)
FNDA:3,(anonymous_1)
FNDA:3,(anonymous_2)
FNDA:15,(anonymous_3)
FNDA:0,(anonymous_4)
FNDA:0,(anonymous_5)
FNDA:9,(anonymous_6)
FNDA:6,(anonymous_7)
FNDA:9,(anonymous_8)
FNDA:9,(anonymous_9)
FNDA:3,(anonymous_10)
FNDA:0,(anonymous_11)
FNDA:3,(anonymous_12)
FNDA:15,(anonymous_13)
FNDA:12,(anonymous_14)
FNDA:12,(anonymous_15)
FNDA:6,(anonymous_16)
FNDA:3,(anonymous_17)
FNDA:9,(anonymous_18)
FNDA:9,(anonymous_19)
FNDA:6,(anonymous_20)
FNDA:3,(anonymous_21)
FNDA:4,(anonymous_22)
FNDA:1,(anonymous_23)
FNDA:2,(anonymous_24)
FNDA:1,(anonymous_25)
FNDA:2,(anonymous_26)
FNDA:9,(anonymous_27)
FNDA:9,(anonymous_28)
FNDA:1,(anonymous_29)
DA:3,1
DA:4,1
DA:5,1
DA:13,1
DA:14,1
DA:15,1
DA:19,1
DA:20,9
DA:21,9
DA:22,9
DA:25,7
DA:26,7
DA:27,7
DA:31,7
DA:32,7
DA:35,2
DA:36,2
DA:37,2
DA:41,2
DA:42,2
DA:44,0
DA:46,9
DA:49,0
DA:52,1
DA:53,3
DA:54,3
DA:57,3
DA:63,3
DA:64,3
DA:65,0
DA:67,3
DA:68,3
DA:69,0
DA:71,3
DA:74,1
DA:80,3
DA:81,3
DA:88,3
DA:91,3
DA:92,0
DA:98,3
DA:101,3
DA:107,3
DA:108,3
DA:109,0
DA:112,3
DA:113,3
DA:117,3
DA:118,15
DA:124,3
DA:125,3
DA:126,0
DA:129,0
DA:130,0
DA:133,0
DA:139,0
DA:140,0
DA:142,0
DA:143,0
DA:144,0
DA:145,0
DA:146,0
DA:155,3
DA:156,9
DA:157,3
DA:164,3
DA:165,3
DA:167,6
DA:168,6
DA:175,6
DA:181,6
DA:182,6
DA:183,0
DA:186,6
DA:194,3
DA:196,9
DA:197,9
DA:203,9
DA:209,9
DA:210,9
DA:213,3
DA:214,9
DA:215,0
DA:222,1
DA:223,3
DA:227,3
DA:231,3
DA:232,0
DA:234,3
DA:238,3
DA:241,3
DA:246,3
DA:247,3
DA:248,0
DA:250,3
DA:254,3
DA:255,3
DA:258,3
DA:259,0
DA:260,0
DA:263,0
DA:268,0
DA:269,0
DA:271,0
DA:272,0
DA:273,0
DA:274,0
DA:276,0
DA:283,3
DA:285,3
DA:286,3
DA:287,15
DA:291,3
DA:292,3
DA:293,3
DA:295,12
DA:296,12
DA:306,3
DA:307,3
DA:309,12
DA:310,3
DA:311,3
DA:312,6
DA:315,9
DA:317,12
DA:323,3
DA:326,1
DA:333,3
DA:336,3
DA:337,0
DA:340,3
DA:341,3
DA:342,3
DA:343,9
DA:346,0
DA:351,3
DA:352,3
DA:353,9
DA:354,6
DA:355,6
DA:362,6
DA:368,6
DA:369,6
DA:372,3
DA:373,3
DA:374,6
DA:375,0
DA:386,1
DA:388,3
DA:389,3
DA:391,3
DA:393,3
DA:395,3
DA:397,3
DA:402,3
DA:403,3
DA:404,3
DA:408,3
DA:413,1
DA:414,4
DA:417,4
DA:420,1
DA:425,1
DA:426,1
DA:432,1
DA:433,1
DA:434,0
DA:437,1
DA:438,0
DA:440,1
DA:441,1
DA:442,1
DA:443,2
DA:447,1
DA:449,1
DA:450,1
DA:455,1
DA:461,1
DA:462,1
DA:463,0
DA:466,1
DA:467,0
DA:477,1
DA:478,1
DA:479,1
DA:480,1
DA:481,0
DA:483,1
DA:484,1
DA:487,1
DA:491,1
DA:492,1
DA:497,1
DA:499,1
DA:500,0
DA:503,1
DA:504,0
DA:509,1
DA:510,1
DA:511,1
DA:512,2
DA:516,1
DA:518,1
DA:519,1
DA:524,1
DA:530,1
DA:531,1
DA:532,0
DA:543,1
DA:544,1
DA:545,1
DA:546,1
DA:547,0
DA:549,1
DA:551,1
DA:557,1
DA:558,9
DA:559,0
DA:564,9
DA:567,9
DA:569,3
DA:570,3
DA:571,3
DA:573,4
DA:574,4
DA:575,4
DA:577,1
DA:578,1
DA:579,1
DA:581,1
DA:582,1
DA:583,1
DA:585,0
DA:587,9
DA:590,1
DA:591,9
DA:592,9
DA:595,1
DA:596,1
DA:601,1
DA:604,1
LF:241
LH:196
BRDA:20,0,0,9
BRDA:20,0,1,0
BRDA:22,1,0,3
BRDA:22,1,1,7
BRDA:22,1,2,1
BRDA:22,1,3,2
BRDA:22,1,4,0
BRDA:64,2,0,0
BRDA:64,2,1,3
BRDA:68,3,0,0
BRDA:68,3,1,3
BRDA:88,4,0,3
BRDA:88,4,1,3
BRDA:91,5,0,0
BRDA:91,5,1,3
BRDA:91,6,0,3
BRDA:91,6,1,0
BRDA:108,7,0,0
BRDA:108,7,1,3
BRDA:113,8,0,3
BRDA:113,8,1,0
BRDA:125,9,0,0
BRDA:125,9,1,3
BRDA:144,10,0,0
BRDA:144,10,1,0
BRDA:144,11,0,0
BRDA:144,11,1,0
BRDA:156,12,0,6
BRDA:156,12,1,3
BRDA:164,13,0,3
BRDA:164,13,1,0
BRDA:182,14,0,0
BRDA:182,14,1,6
BRDA:186,15,0,6
BRDA:186,15,1,0
BRDA:214,16,0,0
BRDA:214,16,1,9
BRDA:227,17,0,3
BRDA:227,17,1,3
BRDA:231,18,0,0
BRDA:231,18,1,3
BRDA:247,19,0,0
BRDA:247,19,1,3
BRDA:251,20,0,3
BRDA:251,20,1,0
BRDA:258,21,0,0
BRDA:258,21,1,3
BRDA:273,22,0,0
BRDA:273,22,1,0
BRDA:273,23,0,0
BRDA:273,23,1,0
BRDA:295,24,0,12
BRDA:295,24,1,0
BRDA:309,25,0,3
BRDA:309,25,1,9
BRDA:333,26,0,0
BRDA:333,26,1,3
BRDA:336,27,0,0
BRDA:336,27,1,3
BRDA:341,28,0,3
BRDA:341,28,1,0
BRDA:353,29,0,6
BRDA:353,29,1,3
BRDA:353,30,0,9
BRDA:353,30,1,6
BRDA:359,31,0,3
BRDA:359,31,1,3
BRDA:374,32,0,0
BRDA:374,32,1,6
BRDA:433,33,0,0
BRDA:433,33,1,1
BRDA:437,34,0,0
BRDA:437,34,1,1
BRDA:438,35,0,0
BRDA:438,35,1,0
BRDA:447,36,0,1
BRDA:447,36,1,0
BRDA:462,37,0,0
BRDA:462,37,1,1
BRDA:466,38,0,0
BRDA:466,38,1,1
BRDA:469,39,0,0
BRDA:469,39,1,0
BRDA:480,40,0,0
BRDA:480,40,1,1
BRDA:499,41,0,0
BRDA:499,41,1,1
BRDA:503,42,0,0
BRDA:503,42,1,1
BRDA:506,43,0,0
BRDA:506,43,1,0
BRDA:516,44,0,1
BRDA:516,44,1,0
BRDA:531,45,0,0
BRDA:531,45,1,1
BRDA:534,46,0,0
BRDA:534,46,1,0
BRDA:546,47,0,0
BRDA:546,47,1,1
BRDA:558,48,0,0
BRDA:558,48,1,9
BRDA:567,49,0,3
BRDA:567,49,1,4
BRDA:567,49,2,1
BRDA:567,49,3,1
BRDA:567,49,4,0
BRF:106
BRH:55
end_of_record
TN:
SF:v0/destinations/active_campaign/util.js
FN:6,(anonymous_0)
FNF:1
FNH:0
FNDA:0,(anonymous_0)
DA:3,1
DA:4,1
DA:6,1
DA:7,0
DA:8,0
DA:15,0
DA:16,0
DA:20,1
LF:8
LH:4
BRDA:7,0,0,0
BRDA:7,0,1,0
BRDA:12,1,0,0
BRDA:12,1,1,0
BRF:4
BRH:0
end_of_record
TN:
SF:v0/destinations/adj/config.js
FNF:0
FNH:0
DA:1,1
DA:3,1
DA:5,1
DA:8,1
DA:10,1
LF:5
LH:5
BRF:0
BRH:0
end_of_record
TN:
SF:v0/destinations/adj/transform.js
FN:18,responseBuilderSimple
FN:53,(anonymous_1)
FN:65,(anonymous_2)
FN:93,(anonymous_3)
FN:114,(anonymous_4)
FN:117,(anonymous_5)
FN:124,(anonymous_6)
FNF:7
FNH:7
FNDA:18,responseBuilderSimple
FNDA:4,(anonymous_1)
FNDA:22,(anonymous_2)
FNDA:20,(anonymous_3)
FNDA:20,(anonymous_4)
FNDA:1,(anonymous_5)
FNDA:2,(anonymous_6)
DA:1,1
DA:2,1
DA:14,1
DA:16,1
DA:19,18
DA:20,17
DA:21,17
DA:22,17
DA:27,1
DA:29,16
DA:30,9
DA:31,9
DA:32,7
DA:33,6
DA:34,6
DA:36,1
DA:38,15
DA:39,12
DA:41,15
DA:42,15
DA:43,14
DA:44,14
DA:48,14
DA:51,14
DA:52,14
DA:53,14
DA:54,4
DA:55,3
DA:60,14
DA:61,13
DA:64,14
DA:65,11
DA:66,22
DA:68,11
DA:72,3
DA:75,14
DA:76,14
DA:77,14
DA:78,14
DA:79,14
DA:80,14
DA:81,14
DA:82,14
DA:83,14
DA:86,1
DA:87,1
DA:89,0
DA:93,1
DA:94,20
DA:95,1
DA:100,19
DA:102,19
DA:104,18
DA:105,18
DA:107,1
DA:111,18
DA:114,1
DA:115,20
DA:117,1
DA:118,1
DA:119,0
DA:120,0
DA:123,1
DA:125,2
DA:126,2
DA:128,0
DA:135,2
DA:141,0
DA:153,1
DA:156,1
LF:70
LH:65
BRDA:22,0,0,1
BRDA:22,0,1,16
BRDA:23,1,0,17
BRDA:23,1,1,17
BRDA:23,1,2,16
BRDA:29,2,0,9
BRDA:29,2,1,7
BRDA:32,3,0,6
BRDA:32,3,1,1
BRDA:38,4,0,12
BRDA:38,4,1,3
BRDA:39,5,0,12
BRDA:39,5,1,3
BRDA:42,6,0,14
BRDA:42,6,1,1
BRDA:42,7,0,15
BRDA:42,7,1,15
BRDA:42,7,2,15
BRDA:51,8,0,14
BRDA:51,8,1,0
BRDA:54,9,0,3
BRDA:54,9,1,1
BRDA:60,10,0,13
BRDA:60,10,1,1
BRDA:64,11,0,11
BRDA:64,11,1,3
BRDA:81,12,0,12
BRDA:81,12,1,2
BRDA:86,13,0,1
BRDA:86,13,1,0
BRDA:86,14,0,1
BRDA:86,14,1,1
BRDA:94,15,0,1
BRDA:94,15,1,19
BRDA:102,16,0,18
BRDA:102,16,1,1
BRDA:118,17,0,0
BRDA:118,17,1,1
BRDA:118,18,0,1
BRDA:118,18,1,1
BRDA:126,19,0,0
BRDA:126,19,1,2
BRDA:143,20,0,0
BRDA:143,20,1,0
BRDA:145,21,0,0
BRDA:145,21,1,0
BRDA:148,22,0,0
BRDA:148,22,1,0
BRF:48
BRH:38
end_of_record
TN:
SF:v0/destinations/adobe_analytics/config.js
FN:7,(anonymous_0)
FNF:1
FNH:1
FNDA:26,(anonymous_0)
DA:1,1
DA:3,1
DA:5,1
DA:7,1
DA:8,26
DA:32,1
LF:6
LH:6
BRF:0
BRH:0
end_of_record
TN:
SF:v0/destinations/adobe_analytics/transform.js
FN:18,(anonymous_0)
FN:25,(anonymous_1)
FN:43,(anonymous_2)
FN:69,(anonymous_3)
FN:84,(anonymous_4)
FN:129,(anonymous_5)
FN:215,(anonymous_6)
FN:243,(anonymous_7)
FN:245,(anonymous_8)
FN:258,(anonymous_9)
FN:276,(anonymous_10)
FN:292,(anonymous_11)
FN:301,(anonymous_12)
FN:307,(anonymous_13)
FN:317,(anonymous_14)
FN:340,(anonymous_15)
FN:349,(anonymous_16)
FN:369,(anonymous_17)
FN:433,(anonymous_18)
FN:467,(anonymous_19)
FN:474,(anonymous_20)
FNF:21
FNH:19
FNDA:25,(anonymous_0)
FNDA:16,(anonymous_1)
FNDA:325,(anonymous_2)
FNDA:13,(anonymous_3)
FNDA:977,(anonymous_4)
FNDA:976,(anonymous_5)
FNDA:25,(anonymous_6)
FNDA:9,(anonymous_7)
FNDA:9,(anonymous_8)
FNDA:6,(anonymous_9)
FNDA:7,(anonymous_10)
FNDA:9,(anonymous_11)
FNDA:2,(anonymous_12)
FNDA:2,(anonymous_13)
FNDA:4,(anonymous_14)
FNDA:36,(anonymous_15)
FNDA:4,(anonymous_16)
FNDA:26,(anonymous_17)
FNDA:26,(anonymous_18)
FNDA:0,(anonymous_19)
FNDA:0,(anonymous_20)
DA:1,1
DA:2,1
DA:3,1
DA:4,1
DA:16,1
DA:18,1
DA:19,25
DA:20,25
DA:22,25
DA:23,25
DA:24,25
DA:25,25
DA:27,16
DA:31,16
DA:32,16
DA:35,25
DA:37,16
DA:41,25
DA:42,25
DA:43,25
DA:44,325
DA:45,325
DA:46,30
DA:49,25
DA:51,15
DA:55,25
DA:56,25
DA:57,25
DA:61,25
DA:62,14
DA:67,25
DA:68,25
DA:69,25
DA:70,13
DA:71,13
DA:72,13
DA:75,25
DA:77,13
DA:81,25
DA:82,25
DA:83,25
DA:84,25
DA:85,977
DA:86,12
DA:87,12
DA:88,0
DA:93,12
DA:94,12
DA:96,0
DA:99,12
DA:104,25
DA:105,12
DA:109,25
DA:110,25
DA:111,25
DA:112,25
DA:113,3
DA:115,25
DA:117,25
DA:118,25
DA:119,25
DA:120,25
DA:121,3
DA:126,25
DA:127,25
DA:128,25
DA:129,25
DA:130,976
DA:131,21
DA:132,21
DA:133,1
DA:138,20
DA:139,20
DA:140,10
DA:142,10
DA:145,20
DA:150,24
DA:151,10
DA:160,24
DA:161,24
DA:162,9
DA:163,9
DA:164,9
DA:165,1
DA:168,9
DA:169,1
DA:174,24
DA:175,8
DA:176,8
DA:180,7
DA:185,24
DA:186,24
DA:187,24
DA:190,24
DA:201,24
DA:202,24
DA:203,24
DA:204,24
DA:205,24
DA:208,24
DA:212,24
DA:215,1
DA:231,25
DA:232,25
DA:233,25
DA:236,25
DA:240,7
DA:243,7
DA:244,9
DA:245,9
DA:246,9
DA:247,9
DA:250,9
DA:257,25
DA:258,6
DA:259,6
DA:264,25
DA:265,25
DA:266,25
DA:268,6
DA:273,6
DA:274,6
DA:276,6
DA:277,7
DA:278,7
DA:279,7
DA:281,7
DA:282,4
DA:284,3
DA:287,7
DA:288,7
DA:292,7
DA:294,9
DA:298,2
DA:299,2
DA:300,2
DA:301,2
DA:302,2
DA:305,7
DA:307,2
DA:308,2
DA:314,7
DA:316,7
DA:317,7
DA:318,4
DA:320,4
DA:322,0
DA:323,0
DA:324,0
DA:326,4
DA:327,4
DA:330,7
DA:332,7
DA:333,6
DA:341,36
DA:342,0
DA:344,36
DA:346,6
DA:348,1
DA:350,4
DA:351,0
DA:353,4
DA:356,1
DA:362,25
DA:369,1
DA:370,26
DA:371,26
DA:374,26
DA:379,1
DA:380,1
DA:383,1
DA:384,1
DA:387,1
DA:388,1
DA:391,1
DA:399,1
DA:402,1
DA:403,1
DA:406,2
DA:414,2
DA:417,1
DA:418,1
DA:420,18
DA:421,17
DA:427,18
DA:430,26
DA:433,1
DA:434,26
DA:435,26
DA:436,0
DA:438,26
DA:439,26
DA:442,26
DA:443,26
DA:444,2
DA:447,26
DA:451,26
DA:452,26
DA:454,0
DA:456,26
DA:457,25
DA:462,24
DA:464,1
DA:467,1
DA:468,0
DA:469,0
DA:470,0
DA:473,0
DA:475,0
DA:476,0
DA:479,0
DA:486,0
DA:492,0
DA:500,0
DA:502,1
LF:215
LH:196
BRDA:23,0,0,0
BRDA:23,0,1,25
BRDA:27,1,0,16
BRDA:27,1,1,16
BRDA:27,1,2,0
BRDA:27,1,3,0
BRDA:31,2,0,16
BRDA:31,2,1,0
BRDA:35,3,0,16
BRDA:35,3,1,9
BRDA:45,4,0,30
BRDA:45,4,1,295
BRDA:49,5,0,15
BRDA:49,5,1,10
BRDA:56,6,0,25
BRDA:56,6,1,0
BRDA:61,7,0,14
BRDA:61,7,1,11
BRDA:71,8,0,13
BRDA:71,8,1,0
BRDA:75,9,0,13
BRDA:75,9,1,12
BRDA:83,10,0,25
BRDA:83,10,1,0
BRDA:85,11,0,12
BRDA:85,11,1,965
BRDA:85,12,0,977
BRDA:85,12,1,24
BRDA:87,13,0,0
BRDA:87,13,1,12
BRDA:87,14,0,12
BRDA:87,14,1,0
BRDA:93,15,0,12
BRDA:93,15,1,0
BRDA:104,16,0,12
BRDA:104,16,1,13
BRDA:109,17,0,3
BRDA:109,17,1,22
BRDA:109,18,0,25
BRDA:109,18,1,25
BRDA:110,19,0,25
BRDA:110,19,1,25
BRDA:111,20,0,25
BRDA:111,20,1,22
BRDA:112,21,0,3
BRDA:112,21,1,22
BRDA:115,22,0,25
BRDA:115,22,1,0
BRDA:117,23,0,3
BRDA:117,23,1,22
BRDA:117,24,0,25
BRDA:117,24,1,25
BRDA:118,25,0,25
BRDA:118,25,1,25
BRDA:119,26,0,25
BRDA:119,26,1,25
BRDA:120,27,0,3
BRDA:120,27,1,22
BRDA:128,28,0,25
BRDA:128,28,1,0
BRDA:130,29,0,21
BRDA:130,29,1,955
BRDA:132,30,0,1
BRDA:132,30,1,20
BRDA:132,31,0,21
BRDA:132,31,1,11
BRDA:138,32,0,20
BRDA:138,32,1,0
BRDA:139,33,0,10
BRDA:139,33,1,10
BRDA:150,34,0,10
BRDA:150,34,1,14
BRDA:161,35,0,9
BRDA:161,35,1,15
BRDA:163,36,0,9
BRDA:163,36,1,0
BRDA:164,37,0,1
BRDA:164,37,1,8
BRDA:168,38,0,1
BRDA:168,38,1,8
BRDA:168,39,0,9
BRDA:168,39,1,8
BRDA:174,40,0,8
BRDA:174,40,1,16
BRDA:176,41,0,7
BRDA:176,41,1,1
BRDA:177,42,0,8
BRDA:177,42,1,8
BRDA:177,42,2,8
BRDA:186,43,0,24
BRDA:186,43,1,0
BRDA:205,44,0,24
BRDA:205,44,1,0
BRDA:219,45,0,22
BRDA:233,46,0,25
BRDA:233,46,1,0
BRDA:236,47,0,7
BRDA:236,47,1,18
BRDA:237,48,0,25
BRDA:237,48,1,7
BRDA:244,49,0,9
BRDA:244,49,1,0
BRDA:246,50,0,9
BRDA:246,50,1,0
BRDA:257,51,0,6
BRDA:257,51,1,19
BRDA:266,52,0,6
BRDA:266,52,1,19
BRDA:268,53,0,6
BRDA:268,53,1,1
BRDA:268,53,2,1
BRDA:268,53,3,0
BRDA:268,53,4,1
BRDA:273,54,0,5
BRDA:273,54,1,1
BRDA:277,55,0,7
BRDA:277,55,1,5
BRDA:278,56,0,7
BRDA:278,56,1,5
BRDA:279,57,0,2
BRDA:279,57,1,5
BRDA:281,58,0,4
BRDA:281,58,1,3
BRDA:282,59,0,4
BRDA:282,59,1,0
BRDA:288,60,0,7
BRDA:288,60,1,0
BRDA:289,61,0,7
BRDA:289,61,1,7
BRDA:294,62,0,2
BRDA:294,62,1,7
BRDA:295,63,0,9
BRDA:295,63,1,2
BRDA:300,64,0,2
BRDA:300,64,1,0
BRDA:305,65,0,2
BRDA:305,65,1,5
BRDA:320,66,0,0
BRDA:320,66,1,4
BRDA:323,67,0,0
BRDA:323,67,1,0
BRDA:326,68,0,4
BRDA:326,68,1,0
BRDA:332,69,0,6
BRDA:332,69,1,1
BRDA:332,70,0,7
BRDA:332,70,1,5
BRDA:341,71,0,0
BRDA:341,71,1,36
BRDA:350,72,0,0
BRDA:350,72,1,4
BRDA:374,73,0,1
BRDA:374,73,1,1
BRDA:374,73,2,1
BRDA:374,73,3,1
BRDA:374,73,4,1
BRDA:374,73,5,1
BRDA:374,73,6,1
BRDA:374,73,7,1
BRDA:374,73,8,1
BRDA:374,73,9,1
BRDA:374,73,10,1
BRDA:374,73,11,1
BRDA:374,73,12,2
BRDA:374,73,13,2
BRDA:374,73,14,1
BRDA:374,73,15,1
BRDA:374,73,16,18
BRDA:374,74,0,26
BRDA:374,74,1,26
BRDA:393,75,0,1
BRDA:393,75,1,1
BRDA:396,76,0,1
BRDA:396,76,1,1
BRDA:408,77,0,2
BRDA:408,77,1,2
BRDA:411,78,0,2
BRDA:411,78,1,2
BRDA:420,79,0,17
BRDA:420,79,1,1
BRDA:435,80,0,0
BRDA:435,80,1,26
BRDA:443,81,0,2
BRDA:443,81,1,24
BRDA:443,82,0,26
BRDA:443,82,1,25
BRDA:447,83,0,24
BRDA:447,83,1,25
BRDA:447,83,2,26
BRDA:447,83,3,0
BRDA:456,84,0,25
BRDA:456,84,1,1
BRDA:468,85,0,0
BRDA:468,85,1,0
BRDA:468,86,0,0
BRDA:468,86,1,0
BRDA:476,87,0,0
BRDA:476,87,1,0
BRDA:494,88,0,0
BRDA:494,88,1,0
BRDA:495,89,0,0
BRDA:495,89,1,0
BRF:202
BRH:161
end_of_record
TN:
SF:v0/destinations/af/config.js
FN:65,(anonymous_0)
FNF:1
FNH:1
FNDA:7,(anonymous_0)
DA:1,1
DA:3,1
DA:21,1
DA:59,1
DA:61,1
DA:63,1
DA:64,1
DA:65,1
DA:66,7
DA:69,1
LF:10
LH:10
BRF:0
BRH:0
end_of_record
TN:
SF:v0/destinations/af/transform.js
FN:28,responseBuilderSimple
FN:109,getEventValueForUnIdentifiedTrackEvent
FN:119,getEventValueMapFromMappingJson
FN:123,(anonymous_3)
FN:135,(anonymous_4)
FN:156,processNonTrackEvents
FN:166,processEventTypeTrack
FN:196,processSingleMessage
FN:235,process
FN:240,(anonymous_9)
FN:247,(anonymous_10)
FNF:11
FNH:11
FNDA:18,responseBuilderSimple
FNDA:10,getEventValueForUnIdentifiedTrackEvent
FNDA:8,getEventValueMapFromMappingJson
FNDA:42,(anonymous_3)
FNDA:4,(anonymous_4)
FNDA:10,processNonTrackEvents
FNDA:8,processEventTypeTrack
FNDA:19,processSingleMessage
FNDA:19,process
FNDA:4,(anonymous_9)
FNDA:3,(anonymous_10)
DA:1,1
DA:2,1
DA:4,1
DA:18,1
DA:26,1
DA:29,18
DA:31,18
DA:32,18
DA:33,17
DA:34,1
DA:35,1
DA:37,0
DA:54,18
DA:55,18
DA:56,2
DA:59,16
DA:68,16
DA:69,1
DA:70,1
DA:71,15
DA:72,15
DA:78,16
DA:79,16
DA:80,0
DA:83,16
DA:84,16
DA:85,11
DA:88,16
DA:89,16
DA:90,16
DA:93,16
DA:94,16
DA:95,3
DA:98,16
DA:99,16
DA:100,16
DA:104,16
DA:105,16
DA:106,16
DA:111,10
DA:112,9
DA:114,1
DA:116,10
DA:120,8
DA:121,8
DA:122,8
DA:123,8
DA:124,42
DA:126,8
DA:132,2
DA:133,2
DA:134,2
DA:135,2
DA:136,4
DA:137,4
DA:138,4
DA:140,2
DA:147,8
DA:148,8
DA:149,6
DA:151,2
DA:153,8
DA:157,10
DA:158,9
DA:161,10
DA:162,10
DA:163,10
DA:167,8
DA:168,8
DA:169,8
DA:171,8
DA:179,4
DA:180,4
DA:182,4
DA:183,4
DA:186,8
DA:191,8
DA:193,8
DA:197,19
DA:199,19
DA:201,8
DA:202,8
DA:206,1
DA:207,0
DA:212,1
DA:214,1
DA:215,1
DA:219,9
DA:220,0
DA:224,9
DA:226,9
DA:227,9
DA:230,1
DA:232,18
DA:236,19
DA:237,16
DA:240,1
DA:241,4
DA:242,1
DA:243,1
DA:246,3
DA:248,3
DA:249,3
DA:251,0
DA:258,3
DA:264,0
DA:276,3
DA:279,1
LF:108
LH:102
BRDA:32,0,0,17
BRDA:32,0,1,1
BRDA:32,1,0,18
BRDA:32,1,1,18
BRDA:32,1,2,17
BRDA:34,2,0,1
BRDA:34,2,1,0
BRDA:34,3,0,1
BRDA:34,3,1,1
BRDA:34,3,2,1
BRDA:55,4,0,2
BRDA:55,4,1,16
BRDA:63,5,0,16
BRDA:63,5,1,5
BRDA:68,6,0,1
BRDA:68,6,1,15
BRDA:71,7,0,15
BRDA:71,7,1,0
BRDA:79,8,0,0
BRDA:79,8,1,16
BRDA:84,9,0,11
BRDA:84,9,1,5
BRDA:89,10,0,16
BRDA:89,10,1,0
BRDA:94,11,0,3
BRDA:94,11,1,13
BRDA:111,12,0,9
BRDA:111,12,1,1
BRDA:126,13,0,2
BRDA:126,13,1,6
BRDA:127,14,0,8
BRDA:127,14,1,4
BRDA:127,14,2,3
BRDA:127,14,3,2
BRDA:148,15,0,6
BRDA:148,15,1,2
BRDA:157,16,0,9
BRDA:157,16,1,1
BRDA:159,17,0,9
BRDA:159,17,1,0
BRDA:159,17,2,0
BRDA:168,18,0,8
BRDA:168,18,1,8
BRDA:171,19,0,0
BRDA:171,19,1,0
BRDA:171,19,2,1
BRDA:171,19,3,4
BRDA:171,19,4,4
BRDA:171,19,5,4
BRDA:171,19,6,4
BRDA:171,19,7,4
BRDA:199,20,0,8
BRDA:199,20,1,1
BRDA:199,20,2,9
BRDA:199,20,3,1
BRDA:206,21,0,0
BRDA:206,21,1,1
BRDA:207,22,0,0
BRDA:207,22,1,0
BRDA:207,22,2,0
BRDA:207,22,3,0
BRDA:219,23,0,0
BRDA:219,23,1,9
BRDA:220,24,0,0
BRDA:220,24,1,0
BRDA:220,24,2,0
BRDA:241,25,0,1
BRDA:241,25,1,3
BRDA:241,26,0,4
BRDA:241,26,1,3
BRDA:249,27,0,0
BRDA:249,27,1,3
BRDA:266,28,0,0
BRDA:266,28,1,0
BRDA:268,29,0,0
BRDA:268,29,1,0
BRDA:271,30,0,0
BRDA:271,30,1,0
BRF:78
BRH:54
end_of_record
TN:
SF:v0/destinations/airship/config.js
FNF:0
FNH:0
DA:1,1
DA:3,1
DA:4,1
DA:6,1
DA:21,1
DA:32,1
DA:44,1
DA:46,1
LF:8
LH:8
BRF:0
BRH:0
end_of_record
TN:
SF:v0/destinations/airship/transform.js
FN:28,(anonymous_0)
FN:59,(anonymous_1)
FN:130,(anonymous_2)
FN:190,(anonymous_3)
FN:219,(anonymous_4)
FN:291,(anonymous_5)
FN:319,(anonymous_6)
FN:326,(anonymous_7)
FNF:8
FNH:8
FNDA:7,(anonymous_0)
FNDA:52,(anonymous_1)
FNDA:9,(anonymous_2)
FNDA:8,(anonymous_3)
FNDA:65,(anonymous_4)
FNDA:25,(anonymous_5)
FNDA:1,(anonymous_6)
FNDA:3,(anonymous_7)
DA:1,1
DA:11,1
DA:26,1
DA:28,1
DA:29,7
DA:30,7
DA:32,7
DA:33,1
DA:38,6
DA:40,6
DA:42,6
DA:43,6
DA:44,1
DA:51,5
DA:52,5
DA:53,5
DA:54,5
DA:57,5
DA:58,5
DA:59,5
DA:61,52
DA:62,12
DA:63,12
DA:64,8
DA:66,12
DA:67,4
DA:71,52
DA:72,40
DA:73,40
DA:74,40
DA:75,40
DA:76,20
DA:78,20
DA:80,40
DA:81,40
DA:82,40
DA:88,5
DA:90,5
DA:94,4
DA:95,4
DA:96,0
DA:97,4
DA:98,4
DA:99,4
DA:104,4
DA:105,4
DA:106,4
DA:109,5
DA:110,4
DA:111,4
DA:115,4
DA:120,4
DA:121,4
DA:124,4
DA:127,5
DA:130,1
DA:131,9
DA:132,9
DA:133,1
DA:136,8
DA:137,8
DA:138,8
DA:139,8
DA:145,8
DA:146,5
DA:149,8
DA:150,8
DA:151,1
DA:153,8
DA:155,8
DA:156,2
DA:157,1
DA:162,1
DA:167,6
DA:169,6
DA:171,6
DA:172,6
DA:173,6
DA:174,6
DA:175,6
DA:176,6
DA:183,6
DA:184,6
DA:185,6
DA:186,6
DA:187,6
DA:190,1
DA:191,8
DA:192,8
DA:194,8
DA:195,1
DA:200,7
DA:202,7
DA:204,7
DA:205,7
DA:206,1
DA:212,6
DA:213,6
DA:214,6
DA:215,6
DA:217,6
DA:218,6
DA:219,6
DA:221,65
DA:222,15
DA:223,15
DA:224,10
DA:226,15
DA:227,5
DA:231,65
DA:232,50
DA:233,50
DA:234,50
DA:235,50
DA:236,25
DA:238,25
DA:240,50
DA:241,50
DA:242,50
DA:248,6
DA:250,6
DA:254,5
DA:255,0
DA:256,5
DA:257,0
DA:259,5
DA:260,5
DA:261,5
DA:266,5
DA:267,5
DA:268,5
DA:271,6
DA:272,5
DA:273,5
DA:277,5
DA:282,5
DA:283,5
DA:286,5
DA:288,6
DA:291,1
DA:292,25
DA:293,25
DA:294,0
DA:300,25
DA:303,25
DA:305,7
DA:306,5
DA:308,9
DA:309,6
DA:311,8
DA:312,6
DA:314,1
DA:316,17
DA:319,1
DA:320,1
DA:321,0
DA:322,0
DA:325,1
DA:327,3
DA:328,3
DA:330,0
DA:337,3
DA:343,0
DA:355,1
DA:358,1
LF:165
LH:157
BRDA:32,0,0,1
BRDA:32,0,1,6
BRDA:40,1,0,2
BRDA:40,1,1,4
BRDA:43,2,0,1
BRDA:43,2,1,5
BRDA:61,3,0,12
BRDA:61,3,1,40
BRDA:63,4,0,8
BRDA:63,4,1,4
BRDA:66,5,0,4
BRDA:66,5,1,8
BRDA:71,6,0,40
BRDA:71,6,1,12
BRDA:75,7,0,20
BRDA:75,7,1,20
BRDA:90,8,0,4
BRDA:90,8,1,1
BRDA:91,9,0,5
BRDA:91,9,1,1
BRDA:94,10,0,0
BRDA:94,10,1,4
BRDA:95,11,0,0
BRDA:95,11,1,4
BRDA:109,12,0,4
BRDA:109,12,1,1
BRDA:132,13,0,1
BRDA:132,13,1,8
BRDA:145,14,0,5
BRDA:145,14,1,3
BRDA:150,15,0,1
BRDA:150,15,1,7
BRDA:155,16,0,2
BRDA:155,16,1,6
BRDA:155,17,0,8
BRDA:155,17,1,7
BRDA:156,18,0,1
BRDA:156,18,1,1
BRDA:169,19,0,1
BRDA:169,19,1,5
BRDA:173,20,0,6
BRDA:173,20,1,0
BRDA:194,21,0,1
BRDA:194,21,1,7
BRDA:202,22,0,2
BRDA:202,22,1,5
BRDA:205,23,0,1
BRDA:205,23,1,6
BRDA:221,24,0,15
BRDA:221,24,1,50
BRDA:223,25,0,10
BRDA:223,25,1,5
BRDA:226,26,0,5
BRDA:226,26,1,10
BRDA:231,27,0,50
BRDA:231,27,1,15
BRDA:235,28,0,25
BRDA:235,28,1,25
BRDA:250,29,0,5
BRDA:250,29,1,1
BRDA:251,30,0,6
BRDA:251,30,1,1
BRDA:254,31,0,0
BRDA:254,31,1,5
BRDA:256,32,0,0
BRDA:256,32,1,5
BRDA:271,33,0,5
BRDA:271,33,1,1
BRDA:293,34,0,0
BRDA:293,34,1,25
BRDA:303,35,0,7
BRDA:303,35,1,9
BRDA:303,35,2,8
BRDA:303,35,3,1
BRDA:320,36,0,0
BRDA:320,36,1,1
BRDA:320,37,0,1
BRDA:320,37,1,1
BRDA:328,38,0,0
BRDA:328,38,1,3
BRDA:345,39,0,0
BRDA:345,39,1,0
BRDA:347,40,0,0
BRDA:347,40,1,0
BRDA:350,41,0,0
BRDA:350,41,1,0
BRF:86
BRH:72
end_of_record
TN:
SF:v0/destinations/algolia/config.js
FNF:0
FNH:0
DA:1,1
DA:3,1
DA:4,1
DA:7,1
DA:8,1
DA:9,1
DA:10,1
LF:7
LH:7
BRF:0
BRH:0
end_of_record
TN:
SF:v0/destinations/algolia/transform.js
FN:25,(anonymous_0)
FN:92,(anonymous_1)
FN:120,(anonymous_2)
FN:129,(anonymous_3)
FN:136,(anonymous_4)
FNF:5
FNH:5
FNDA:11,(anonymous_0)
FNDA:11,(anonymous_1)
FNDA:1,(anonymous_2)
FNDA:1,(anonymous_3)
FNDA:2,(anonymous_4)
DA:1,1
DA:2,1
DA:14,1
DA:16,1
DA:23,1
DA:25,1
DA:26,11
DA:27,11
DA:28,0
DA:30,11
DA:31,11
DA:32,11
DA:33,11
DA:34,11
DA:37,11
DA:38,2
DA:40,9
DA:42,8
DA:43,5
DA:44,5
DA:45,5
DA:49,5
DA:50,5
DA:51,5
DA:52,5
DA:53,5
DA:55,5
DA:56,3
DA:57,3
DA:60,5
DA:61,0
DA:69,8
DA:70,1
DA:72,7
DA:73,0
DA:78,7
DA:79,5
DA:81,5
DA:82,5
DA:83,5
DA:84,5
DA:85,5
DA:89,5
DA:92,1
DA:93,11
DA:94,11
DA:95,0
DA:101,11
DA:102,0
DA:104,11
DA:105,0
DA:107,11
DA:110,11
DA:112,11
DA:113,5
DA:115,0
DA:117,5
DA:120,1
DA:121,1
DA:122,1
DA:123,0
DA:126,1
DA:127,1
DA:128,1
DA:129,1
DA:130,1
DA:131,1
DA:135,1
DA:136,1
DA:137,2
DA:138,2
DA:140,2
DA:141,2
DA:142,2
DA:144,0
DA:149,0
DA:153,1
DA:155,1
DA:156,1
DA:157,1
DA:161,1
DA:163,1
DA:168,1
DA:171,1
LF:84
LH:74
BRDA:27,0,0,0
BRDA:27,0,1,11
BRDA:35,1,0,11
BRDA:35,1,1,10
BRDA:37,2,0,2
BRDA:37,2,1,9
BRDA:42,3,0,5
BRDA:42,3,1,3
BRDA:42,4,0,8
BRDA:42,4,1,3
BRDA:44,5,0,5
BRDA:44,5,1,0
BRDA:51,6,0,5
BRDA:51,6,1,0
BRDA:55,7,0,3
BRDA:55,7,1,2
BRDA:60,8,0,0
BRDA:60,8,1,5
BRDA:60,9,0,5
BRDA:60,9,1,3
BRDA:60,9,2,3
BRDA:69,10,0,1
BRDA:69,10,1,7
BRDA:69,11,0,8
BRDA:69,11,1,6
BRDA:72,12,0,0
BRDA:72,12,1,7
BRDA:72,13,0,7
BRDA:72,13,1,2
BRDA:78,14,0,5
BRDA:78,14,1,2
BRDA:94,15,0,0
BRDA:94,15,1,11
BRDA:101,16,0,0
BRDA:101,16,1,11
BRDA:104,17,0,0
BRDA:104,17,1,11
BRDA:110,18,0,11
BRDA:110,18,1,0
BRDA:122,19,0,0
BRDA:122,19,1,1
BRDA:153,20,0,1
BRDA:153,20,1,0
BRF:43
BRH:32
end_of_record
TN:
SF:v0/destinations/algolia/util.js
FN:10,(anonymous_0)
FN:15,(anonymous_1)
FN:27,(anonymous_2)
FN:69,(anonymous_3)
FN:73,(anonymous_4)
FN:95,(anonymous_5)
FN:102,(anonymous_6)
FNF:7
FNH:7
FNDA:11,(anonymous_0)
FNDA:10,(anonymous_1)
FNDA:9,(anonymous_2)
FNDA:5,(anonymous_3)
FNDA:10,(anonymous_4)
FNDA:5,(anonymous_5)
FNDA:6,(anonymous_6)
DA:1,1
DA:2,1
DA:3,1
DA:10,1
DA:11,11
DA:12,11
DA:13,11
DA:14,11
DA:15,8
DA:16,10
DA:17,10
DA:18,10
DA:19,10
DA:24,11
DA:27,1
DA:28,9
DA:29,9
DA:30,9
DA:31,1
DA:36,8
DA:37,0
DA:38,0
DA:40,8
DA:41,5
DA:42,5
DA:43,0
DA:44,0
DA:47,8
DA:48,0
DA:49,0
DA:51,8
DA:52,0
DA:54,8
DA:55,0
DA:56,0
DA:57,0
DA:58,0
DA:61,8
DA:62,0
DA:64,8
DA:65,0
DA:67,8
DA:69,1
DA:70,5
DA:71,5
DA:72,5
DA:73,5
DA:74,10
DA:75,10
DA:76,6
DA:77,6
DA:78,6
DA:80,0
DA:85,4
DA:88,0
DA:92,5
DA:95,1
DA:96,5
DA:97,5
DA:98,3
DA:99,0
DA:100,0
DA:102,3
DA:103,6
DA:104,5
DA:106,1
DA:107,1
DA:111,5
DA:112,3
DA:114,5
DA:115,2
DA:117,5
DA:118,2
DA:119,0
DA:125,5
DA:126,3
DA:130,2
DA:136,3
DA:139,1
LF:79
LH:61
BRDA:14,0,0,8
BRDA:14,0,1,3
BRDA:14,1,0,11
BRDA:14,1,1,10
BRDA:16,2,0,10
BRDA:16,2,1,0
BRDA:16,3,0,10
BRDA:16,3,1,10
BRDA:18,4,0,10
BRDA:18,4,1,0
BRDA:30,5,0,1
BRDA:30,5,1,8
BRDA:36,6,0,0
BRDA:36,6,1,8
BRDA:36,7,0,8
BRDA:36,7,1,2
BRDA:40,8,0,5
BRDA:40,8,1,3
BRDA:42,9,0,0
BRDA:42,9,1,5
BRDA:42,10,0,5
BRDA:42,10,1,5
BRDA:47,11,0,0
BRDA:47,11,1,8
BRDA:47,12,0,8
BRDA:47,12,1,0
BRDA:51,13,0,0
BRDA:51,13,1,8
BRDA:51,14,0,8
BRDA:51,14,1,0
BRDA:54,15,0,0
BRDA:54,15,1,8
BRDA:56,16,0,0
BRDA:56,16,1,0
BRDA:61,17,0,0
BRDA:61,17,1,8
BRDA:61,18,0,8
BRDA:61,18,1,2
BRDA:64,19,0,0
BRDA:64,19,1,8
BRDA:64,20,0,8
BRDA:64,20,1,2
BRDA:72,21,0,5
BRDA:72,21,1,0
BRDA:74,22,0,10
BRDA:74,22,1,0
BRDA:75,23,0,6
BRDA:75,23,1,4
BRDA:76,24,0,6
BRDA:76,24,1,0
BRDA:97,25,0,3
BRDA:97,25,1,2
BRDA:98,26,0,0
BRDA:98,26,1,3
BRDA:103,27,0,5
BRDA:103,27,1,1
BRDA:103,28,0,6
BRDA:103,28,1,5
BRDA:111,29,0,3
BRDA:111,29,1,2
BRDA:114,30,0,2
BRDA:114,30,1,3
BRDA:117,31,0,2
BRDA:117,31,1,3
BRDA:117,32,0,5
BRDA:117,32,1,3
BRDA:118,33,0,0
BRDA:118,33,1,2
BRDA:125,34,0,3
BRDA:125,34,1,2
BRDA:126,35,0,2
BRDA:126,35,1,1
BRDA:127,36,0,3
BRDA:127,36,1,2
BRDA:127,36,2,2
BRDA:127,36,3,1
BRF:76
BRH:58
end_of_record
TN:
SF:v0/destinations/am/config.js
FN:118,(anonymous_0)
FNF:1
FNH:1
FNDA:51,(anonymous_0)
DA:1,3
DA:3,3
DA:39,3
DA:110,3
DA:111,3
DA:113,3
DA:115,3
DA:116,3
DA:117,3
DA:118,3
DA:119,51
DA:121,3
DA:123,3
LF:13
LH:13
BRDA:115,0,0,3
BRDA:115,0,1,1
BRF:2
BRH:2
end_of_record
TN:
SF:v0/destinations/am/transform.js
FN:49,(anonymous_0)
FN:62,(anonymous_1)
FN:67,(anonymous_2)
FN:72,(anonymous_3)
FN:77,(anonymous_4)
FN:82,(anonymous_5)
FN:87,handleSessionIdUnderRoot
FN:95,handleSessionIdUnderContext
FN:102,getSessionId
FN:110,addMinIdlength
FN:114,setPriceQuanityInPayload
FN:130,createRevenuePayload
FN:140,updateTraitsObject
FN:147,prepareTraitsConfig
FN:149,(anonymous_14)
FN:156,handleTraits
FN:194,updateConfigProperty
FN:202,(anonymous_17)
FN:256,responseBuilderSimple
FN:315,(anonymous_19)
FN:349,(anonymous_20)
FN:352,(anonymous_21)
FN:540,processSingleMessage
FN:686,createProductPurchasedEvent
FN:701,isProductArrayInPayload
FN:709,getProductPurchasedEvents
FN:715,(anonymous_26)
FN:729,trackRevenueEvent
FN:769,process
FN:778,(anonymous_29)
FN:788,(anonymous_30)
FN:794,getBatchEvents
FN:864,batch
FN:874,(anonymous_33)
FN:946,(anonymous_34)
FN:953,(anonymous_35)
FN:987,(anonymous_36)
FNF:37
FNH:35
FNDA:127,(anonymous_0)
FNDA:94,(anonymous_1)
FNDA:0,(anonymous_2)
FNDA:22,(anonymous_3)
FNDA:3,(anonymous_4)
FNDA:8,(anonymous_5)
FNDA:15,handleSessionIdUnderRoot
FNDA:2,handleSessionIdUnderContext
FNDA:68,getSessionId
FNDA:68,addMinIdlength
FNDA:15,setPriceQuanityInPayload
FNDA:15,createRevenuePayload
FNDA:16,updateTraitsObject
FNDA:8,prepareTraitsConfig
FNDA:16,(anonymous_14)
FNDA:18,handleTraits
FNDA:140,updateConfigProperty
FNDA:1711,(anonymous_17)
FNDA:72,responseBuilderSimple
FNDA:42,(anonymous_19)
FNDA:108,(anonymous_20)
FNDA:45,(anonymous_21)
FNDA:73,processSingleMessage
FNDA:10,createProductPurchasedEvent
FNDA:19,isProductArrayInPayload
FNDA:8,getProductPurchasedEvents
FNDA:10,(anonymous_26)
FNDA:11,trackRevenueEvent
FNDA:63,process
FNDA:21,(anonymous_29)
FNDA:73,(anonymous_30)
FNDA:22,getBatchEvents
FNDA:5,batch
FNDA:33,(anonymous_33)
FNDA:1,(anonymous_34)
FNDA:2,(anonymous_35)
FNDA:0,(anonymous_36)
DA:4,3
DA:5,3
DA:11,3
DA:12,3
DA:31,3
DA:32,3
DA:40,3
DA:42,3
DA:44,3
DA:46,3
DA:47,3
DA:49,3
DA:51,127
DA:53,8
DA:54,8
DA:57,119
DA:59,127
DA:62,3
DA:63,94
DA:64,94
DA:67,3
DA:68,0
DA:69,0
DA:72,3
DA:73,22
DA:74,22
DA:77,3
DA:78,3
DA:79,3
DA:82,3
DA:83,8
DA:84,8
DA:88,15
DA:89,15
DA:90,14
DA:92,1
DA:96,2
DA:97,2
DA:98,2
DA:99,1
DA:103,68
DA:111,68
DA:117,15
DA:118,15
DA:119,15
DA:121,0
DA:122,0
DA:124,15
DA:125,15
DA:126,15
DA:127,15
DA:131,15
DA:132,15
DA:136,15
DA:137,15
DA:141,16
DA:142,16
DA:143,16
DA:144,16
DA:148,8
DA:149,8
DA:150,16
DA:151,16
DA:153,8
DA:157,18
DA:159,18
DA:160,2
DA:161,2
DA:167,18
DA:168,2
DA:169,2
DA:175,18
DA:176,2
DA:177,2
DA:183,18
DA:184,2
DA:185,2
DA:191,18
DA:201,140
DA:202,140
DA:204,1711
DA:205,445
DA:206,445
DA:207,445
DA:208,0
DA:209,0
DA:210,0
DA:211,0
DA:212,0
DA:216,445
DA:219,445
DA:220,5
DA:221,5
DA:224,440
DA:230,1266
DA:232,680
DA:233,680
DA:234,15
DA:236,665
DA:237,665
DA:238,626
DA:239,626
DA:240,79
DA:245,586
DA:246,586
DA:247,11
DA:249,575
DA:264,72
DA:265,72
DA:266,72
DA:267,72
DA:268,72
DA:269,72
DA:273,72
DA:276,72
DA:278,72
DA:279,5
DA:280,5
DA:284,5
DA:286,0
DA:296,72
DA:305,72
DA:306,72
DA:313,72
DA:315,72
DA:316,42
DA:317,42
DA:323,72
DA:324,72
DA:330,72
DA:333,22
DA:335,22
DA:337,22
DA:340,19
DA:341,19
DA:342,18
DA:344,19
DA:348,19
DA:349,18
DA:350,108
DA:351,9
DA:352,9
DA:353,45
DA:356,45
DA:357,40
DA:365,99
DA:371,22
DA:374,3
DA:375,3
DA:376,3
DA:377,3
DA:384,22
DA:386,4
DA:387,4
DA:389,46
DA:390,46
DA:392,46
DA:393,43
DA:399,46
DA:400,46
DA:401,46
DA:403,15
DA:405,15
DA:406,15
DA:407,15
DA:408,15
DA:409,15
DA:412,46
DA:418,72
DA:419,72
DA:421,72
DA:426,4
DA:427,4
DA:428,1
DA:429,1
DA:430,1
DA:432,4
DA:433,4
DA:434,4
DA:435,4
DA:436,4
DA:440,4
DA:441,4
DA:443,68
DA:444,17
DA:445,16
DA:452,17
DA:453,17
DA:454,17
DA:456,17
DA:457,15
DA:458,5
DA:459,5
DA:460,10
DA:461,10
DA:466,68
DA:471,68
DA:477,54
DA:479,68
DA:481,68
DA:494,68
DA:495,68
DA:496,68
DA:497,68
DA:498,22
DA:499,22
DA:502,68
DA:503,68
DA:504,68
DA:505,68
DA:506,68
DA:507,68
DA:510,68
DA:511,68
DA:516,68
DA:520,68
DA:521,3
DA:522,3
DA:523,3
DA:524,3
DA:525,3
DA:526,3
DA:530,3
DA:532,68
DA:535,72
DA:541,73
DA:548,73
DA:549,73
DA:551,73
DA:552,73
DA:554,19
DA:555,19
DA:556,19
DA:557,19
DA:559,4
DA:562,4
DA:566,4
DA:567,4
DA:569,7
DA:573,7
DA:578,7
DA:579,7
DA:581,4
DA:582,4
DA:583,4
DA:587,4
DA:590,4
DA:591,4
DA:592,4
DA:593,4
DA:594,4
DA:599,4
DA:606,3
DA:607,3
DA:608,3
DA:610,3
DA:612,1
DA:613,1
DA:627,3
DA:629,4
DA:632,4
DA:633,4
DA:634,4
DA:636,35
DA:637,35
DA:638,0
DA:650,35
DA:657,0
DA:658,0
DA:661,35
DA:663,0
DA:664,0
DA:676,72
DA:687,10
DA:689,10
DA:691,10
DA:693,10
DA:694,8
DA:697,10
DA:698,10
DA:703,19
DA:706,19
DA:710,8
DA:711,8
DA:712,5
DA:715,5
DA:716,10
DA:717,10
DA:723,10
DA:726,8
DA:730,11
DA:731,11
DA:733,11
DA:734,5
DA:736,3
DA:739,2
DA:741,6
DA:745,2
DA:748,11
DA:749,5
DA:752,11
DA:754,11
DA:758,8
DA:762,8
DA:763,5
DA:766,11
DA:770,63
DA:771,63
DA:772,63
DA:773,63
DA:774,63
DA:775,25
DA:776,25
DA:777,11
DA:778,11
DA:779,21
DA:782,14
DA:785,38
DA:788,63
DA:789,73
DA:791,62
DA:795,22
DA:797,22
DA:798,22
DA:800,22
DA:801,22
DA:802,22
DA:805,22
DA:808,22
DA:822,22
DA:823,1
DA:826,22
DA:828,22
DA:829,22
DA:830,5
DA:831,5
DA:832,5
DA:836,5
DA:837,5
DA:841,17
DA:847,17
DA:848,17
DA:849,17
DA:854,17
DA:858,0
DA:861,22
DA:865,5
DA:866,5
DA:874,5
DA:875,33
DA:876,33
DA:877,33
DA:878,33
DA:879,33
DA:885,33
DA:893,33
DA:894,0
DA:899,33
DA:909,11
DA:910,11
DA:911,11
DA:912,11
DA:913,11
DA:916,22
DA:922,22
DA:925,0
DA:926,0
DA:927,0
DA:928,0
DA:929,0
DA:939,5
DA:940,5
DA:941,5
DA:943,5
DA:946,3
DA:947,1
DA:948,0
DA:949,0
DA:952,1
DA:954,2
DA:955,2
DA:957,0
DA:964,2
DA:970,0
DA:975,0
DA:984,1
DA:987,3
DA:988,0
DA:995,3
LF:389
LH:361
BRDA:51,0,0,8
BRDA:51,0,1,119
BRDA:89,1,0,14
BRDA:89,1,1,1
BRDA:98,2,0,1
BRDA:98,2,1,1
BRDA:103,3,0,15
BRDA:103,3,1,53
BRDA:105,4,0,2
BRDA:105,4,1,51
BRDA:117,5,0,15
BRDA:117,5,1,0
BRDA:119,6,0,15
BRDA:119,6,1,0
BRDA:133,7,0,15
BRDA:133,7,1,15
BRDA:133,7,2,15
BRDA:159,8,0,2
BRDA:159,8,1,16
BRDA:167,9,0,2
BRDA:167,9,1,16
BRDA:175,10,0,2
BRDA:175,10,1,16
BRDA:183,11,0,2
BRDA:183,11,1,16
BRDA:204,12,0,445
BRDA:204,12,1,1266
BRDA:206,13,0,445
BRDA:206,13,1,0
BRDA:207,14,0,0
BRDA:207,14,1,445
BRDA:209,15,0,0
BRDA:209,15,1,0
BRDA:211,16,0,0
BRDA:211,16,1,0
BRDA:211,17,0,0
BRDA:211,17,1,0
BRDA:211,17,2,0
BRDA:219,18,0,5
BRDA:219,18,1,440
BRDA:230,19,0,680
BRDA:230,19,1,586
BRDA:233,20,0,15
BRDA:233,20,1,665
BRDA:237,21,0,626
BRDA:237,21,1,39
BRDA:239,22,0,79
BRDA:239,22,1,547
BRDA:239,23,0,626
BRDA:239,23,1,547
BRDA:239,23,2,547
BRDA:246,24,0,11
BRDA:246,24,1,575
BRDA:276,25,0,72
BRDA:276,25,1,0
BRDA:278,26,0,5
BRDA:278,26,1,67
BRDA:284,27,0,0
BRDA:284,27,1,5
BRDA:305,28,0,72
BRDA:305,28,1,59
BRDA:323,29,0,72
BRDA:323,29,1,72
BRDA:330,30,0,19
BRDA:330,30,1,22
BRDA:330,30,2,4
BRDA:330,30,3,46
BRDA:337,31,0,19
BRDA:337,31,1,3
BRDA:341,32,0,18
BRDA:341,32,1,1
BRDA:348,33,0,18
BRDA:348,33,1,1
BRDA:350,34,0,9
BRDA:350,34,1,99
BRDA:356,35,0,40
BRDA:356,35,1,5
BRDA:371,36,0,3
BRDA:371,36,1,19
BRDA:374,37,0,3
BRDA:374,37,1,0
BRDA:374,38,0,3
BRDA:374,38,1,3
BRDA:374,38,2,3
BRDA:392,39,0,43
BRDA:392,39,1,3
BRDA:401,40,0,15
BRDA:401,40,1,31
BRDA:405,41,0,15
BRDA:405,41,1,0
BRDA:412,42,0,46
BRDA:412,42,1,1
BRDA:421,43,0,4
BRDA:421,43,1,68
BRDA:427,44,0,1
BRDA:427,44,1,3
BRDA:443,45,0,17
BRDA:443,45,1,51
BRDA:444,46,0,16
BRDA:444,46,1,1
BRDA:456,47,0,15
BRDA:456,47,1,2
BRDA:457,48,0,5
BRDA:457,48,1,10
BRDA:460,49,0,10
BRDA:460,49,1,0
BRDA:471,50,0,54
BRDA:471,50,1,14
BRDA:472,51,0,68
BRDA:472,51,1,54
BRDA:472,51,2,54
BRDA:472,51,3,54
BRDA:494,52,0,68
BRDA:494,52,1,0
BRDA:497,53,0,22
BRDA:497,53,1,46
BRDA:520,54,0,3
BRDA:520,54,1,65
BRDA:520,55,0,68
BRDA:520,55,1,3
BRDA:548,56,0,73
BRDA:548,56,1,72
BRDA:552,57,0,19
BRDA:552,57,1,4
BRDA:552,57,2,7
BRDA:552,57,3,4
BRDA:552,57,4,4
BRDA:552,57,5,35
BRDA:552,57,6,0
BRDA:559,58,0,4
BRDA:559,58,1,0
BRDA:559,58,2,0
BRDA:564,59,0,4
BRDA:564,59,1,0
BRDA:569,60,0,7
BRDA:569,60,1,7
BRDA:569,60,2,0
BRDA:569,60,3,0
BRDA:576,61,0,7
BRDA:576,61,1,7
BRDA:576,61,2,0
BRDA:592,62,0,4
BRDA:592,62,1,0
BRDA:592,63,0,4
BRDA:592,63,1,4
BRDA:599,64,0,3
BRDA:599,64,1,1
BRDA:600,65,0,4
BRDA:600,65,1,4
BRDA:600,65,2,4
BRDA:600,65,3,4
BRDA:600,65,4,1
BRDA:637,66,0,0
BRDA:637,66,1,35
BRDA:650,67,0,0
BRDA:650,67,1,35
BRDA:651,68,0,35
BRDA:651,68,1,26
BRDA:651,68,2,11
BRDA:693,69,0,8
BRDA:693,69,1,2
BRDA:703,70,0,19
BRDA:703,70,1,12
BRDA:703,70,2,12
BRDA:711,71,0,5
BRDA:711,71,1,3
BRDA:733,72,0,5
BRDA:733,72,1,6
BRDA:734,73,0,3
BRDA:734,73,1,2
BRDA:741,74,0,2
BRDA:741,74,1,4
BRDA:748,75,0,5
BRDA:748,75,1,6
BRDA:754,76,0,8
BRDA:754,76,1,3
BRDA:755,77,0,11
BRDA:755,77,1,5
BRDA:762,78,0,5
BRDA:762,78,1,3
BRDA:774,79,0,25
BRDA:774,79,1,38
BRDA:776,80,0,11
BRDA:776,80,1,14
BRDA:776,81,0,25
BRDA:776,81,1,16
BRDA:797,82,0,22
BRDA:797,82,1,5
BRDA:798,83,0,22
BRDA:798,83,1,5
BRDA:800,84,0,22
BRDA:800,84,1,0
BRDA:805,85,0,13
BRDA:805,85,1,9
BRDA:822,86,0,1
BRDA:822,86,1,21
BRDA:822,87,0,22
BRDA:822,87,1,9
BRDA:822,87,2,9
BRDA:829,88,0,5
BRDA:829,88,1,17
BRDA:830,89,0,5
BRDA:830,89,1,0
BRDA:841,90,0,17
BRDA:841,90,1,0
BRDA:842,91,0,17
BRDA:842,91,1,17
BRDA:880,92,0,15
BRDA:880,92,1,18
BRDA:880,93,0,33
BRDA:880,93,1,25
BRDA:882,94,0,10
BRDA:882,94,1,8
BRDA:886,95,0,15
BRDA:886,95,1,18
BRDA:886,96,0,33
BRDA:886,96,1,25
BRDA:888,97,0,10
BRDA:888,97,1,8
BRDA:893,98,0,0
BRDA:893,98,1,33
BRDA:893,99,0,33
BRDA:893,99,1,25
BRDA:893,99,2,5
BRDA:899,100,0,11
BRDA:899,100,1,22
BRDA:900,101,0,33
BRDA:900,101,1,25
BRDA:900,101,2,15
BRDA:900,101,3,10
BRDA:900,101,4,23
BRDA:900,101,5,10
BRDA:900,101,6,10
BRDA:900,101,7,2
BRDA:922,102,0,0
BRDA:922,102,1,22
BRDA:939,103,0,5
BRDA:939,103,1,0
BRDA:939,104,0,5
BRDA:939,104,1,5
BRDA:947,105,0,0
BRDA:947,105,1,1
BRDA:947,106,0,1
BRDA:947,106,1,1
BRDA:955,107,0,0
BRDA:955,107,1,2
BRDA:977,108,0,0
BRDA:977,108,1,0
BRDA:978,109,0,0
BRDA:978,109,1,0
BRF:250
BRH:211
end_of_record
TN:
SF:v0/destinations/am/utils.js
FN:16,getInfoFromUA
FN:22,getOSName
FN:30,getOSVersion
FN:39,getDeviceModel
FN:48,getDeviceManufacturer
FN:57,getPlatform
FN:66,getBrand
FN:74,getEventId
FNF:8
FNH:8
FNDA:87,getInfoFromUA
FNDA:61,getOSName
FNDA:56,getOSVersion
FNDA:61,getDeviceModel
FNDA:61,getDeviceManufacturer
FNDA:61,getPlatform
FNDA:68,getBrand
FNDA:72,getEventId
DA:11,3
DA:12,3
DA:13,3
DA:14,3
DA:17,87
DA:18,87
DA:19,87
DA:23,61
DA:24,61
DA:25,23
DA:27,38
DA:31,56
DA:33,56
DA:34,18
DA:36,38
DA:40,61
DA:42,61
DA:43,23
DA:45,38
DA:49,61
DA:51,61
DA:52,23
DA:54,38
DA:58,61
DA:59,61
DA:67,68
DA:68,3
DA:69,3
DA:71,65
DA:75,72
DA:77,72
DA:78,9
DA:79,1
DA:80,8
DA:82,64
DA:85,3
LF:36
LH:36
BRDA:18,0,0,87
BRDA:18,0,1,0
BRDA:19,1,0,87
BRDA:19,1,1,23
BRDA:24,2,0,23
BRDA:24,2,1,38
BRDA:24,3,0,61
BRDA:24,3,1,36
BRDA:33,4,0,18
BRDA:33,4,1,38
BRDA:33,5,0,56
BRDA:33,5,1,31
BRDA:42,6,0,23
BRDA:42,6,1,38
BRDA:42,7,0,61
BRDA:42,7,1,36
BRDA:51,8,0,23
BRDA:51,8,1,38
BRDA:51,9,0,61
BRDA:51,9,1,36
BRDA:59,10,0,36
BRDA:59,10,1,25
BRDA:60,11,0,23
BRDA:60,11,1,13
BRDA:67,12,0,3
BRDA:67,12,1,65
BRDA:77,13,0,9
BRDA:77,13,1,63
BRDA:78,14,0,1
BRDA:78,14,1,8
BRF:30
BRH:29
end_of_record
TN:
SF:v0/destinations/appcues/config.js
FN:21,getEndpoint
FNF:1
FNH:1
FNDA:11,getEndpoint
DA:1,1
DA:3,1
DA:22,11
DA:25,1
DA:27,1
LF:5
LH:5
BRF:0
BRH:0
end_of_record
TN:
SF:v0/destinations/appcues/transform.js
FN:16,buildResponse
FN:28,processTrackEvent
FN:43,processPage
FN:69,process
FN:120,(anonymous_4)
FN:127,(anonymous_5)
FNF:6
FNH:6
FNDA:11,buildResponse
FNDA:3,processTrackEvent
FNDA:4,processPage
FNDA:14,process
FNDA:1,(anonymous_4)
FNDA:2,(anonymous_5)
DA:2,1
DA:12,1
DA:14,1
DA:17,11
DA:18,11
DA:19,11
DA:20,11
DA:29,3
DA:34,3
DA:35,3
DA:37,3
DA:44,4
DA:50,4
DA:51,4
DA:52,4
DA:55,4
DA:57,4
DA:61,4
DA:63,4
DA:70,14
DA:72,14
DA:73,1
DA:79,13
DA:80,1
DA:86,12
DA:88,12
DA:90,2
DA:96,4
DA:97,4
DA:104,1
DA:105,1
DA:111,4
DA:116,1
DA:120,1
DA:121,1
DA:122,0
DA:123,0
DA:126,1
DA:128,2
DA:129,2
DA:131,0
DA:138,2
DA:144,0
DA:156,1
DA:159,1
LF:45
LH:41
BRDA:72,0,0,1
BRDA:72,0,1,13
BRDA:79,1,0,1
BRDA:79,1,1,12
BRDA:88,2,0,2
BRDA:88,2,1,4
BRDA:88,2,2,1
BRDA:88,2,3,4
BRDA:88,2,4,1
BRDA:121,3,0,0
BRDA:121,3,1,1
BRDA:121,4,0,1
BRDA:121,4,1,1
BRDA:129,5,0,0
BRDA:129,5,1,2
BRDA:146,6,0,0
BRDA:146,6,1,0
BRDA:148,7,0,0
BRDA:148,7,1,0
BRDA:151,8,0,0
BRDA:151,8,1,0
BRF:21
BRH:13
end_of_record
TN:
SF:v0/destinations/attentive_tag/config.js
FNF:0
FNH:0
DA:1,1
DA:3,1
DA:5,1
DA:27,1
DA:29,1
LF:5
LH:5
BRF:0
BRH:0
end_of_record
TN:
SF:v0/destinations/attentive_tag/transform.js
FN:24,(anonymous_0)
FN:38,(anonymous_1)
FN:107,(anonymous_2)
FN:193,(anonymous_3)
FN:215,(anonymous_4)
FN:219,(anonymous_5)
FN:226,(anonymous_6)
FNF:7
FNH:7
FNDA:9,(anonymous_0)
FNDA:5,(anonymous_1)
FNDA:10,(anonymous_2)
FNDA:16,(anonymous_3)
FNDA:16,(anonymous_4)
FNDA:1,(anonymous_5)
FNDA:1,(anonymous_6)
DA:1,1
DA:2,1
DA:3,1
DA:15,1
DA:22,1
DA:24,1
DA:25,9
DA:26,9
DA:27,9
DA:28,9
DA:32,9
DA:33,9
DA:34,9
DA:38,1
DA:39,5
DA:40,5
DA:42,5
DA:43,5
DA:45,4
DA:46,4
DA:48,4
DA:49,2
DA:50,2
DA:68,2
DA:69,2
DA:77,5
DA:78,3
DA:79,3
DA:83,3
DA:84,0
DA:88,3
DA:94,5
DA:99,0
DA:104,5
DA:107,1
DA:108,10
DA:110,10
DA:111,10
DA:112,1
DA:114,9
DA:115,0
DA:120,9
DA:128,1
DA:132,1
DA:133,1
DA:134,1
DA:135,1
DA:138,4
DA:142,4
DA:143,4
DA:144,2
DA:145,2
DA:147,1
DA:151,1
DA:152,1
DA:153,1
DA:154,1
DA:156,0
DA:160,0
DA:161,0
DA:162,0
DA:163,0
DA:165,3
DA:169,3
DA:170,3
DA:171,3
DA:172,2
DA:177,1
DA:180,5
DA:185,1
DA:190,4
DA:193,1
DA:194,16
DA:195,1
DA:200,15
DA:202,15
DA:204,5
DA:205,5
DA:207,10
DA:208,4
DA:210,0
DA:212,9
DA:215,1
DA:216,16
DA:219,1
DA:220,1
DA:221,0
DA:222,0
DA:225,1
DA:227,1
DA:228,1
DA:230,0
DA:237,1
DA:243,0
DA:255,1
DA:258,1
LF:96
LH:83
BRDA:25,0,0,9
BRDA:25,0,1,0
BRDA:43,1,0,4
BRDA:43,1,1,1
BRDA:45,2,0,4
BRDA:45,2,1,0
BRDA:48,3,0,2
BRDA:48,3,1,2
BRDA:77,4,0,3
BRDA:77,4,1,2
BRDA:83,5,0,0
BRDA:83,5,1,3
BRDA:94,6,0,0
BRDA:94,6,1,5
BRDA:95,7,0,5
BRDA:95,7,1,5
BRDA:95,7,2,1
BRDA:111,8,0,1
BRDA:111,8,1,9
BRDA:114,9,0,0
BRDA:114,9,1,9
BRDA:120,10,0,1
BRDA:120,10,1,4
BRDA:120,10,2,1
BRDA:120,10,3,0
BRDA:120,10,4,3
BRDA:171,11,0,2
BRDA:171,11,1,1
BRDA:180,12,0,1
BRDA:180,12,1,4
BRDA:181,13,0,5
BRDA:181,13,1,4
BRDA:181,13,2,0
BRDA:194,14,0,1
BRDA:194,14,1,15
BRDA:202,15,0,5
BRDA:202,15,1,10
BRDA:202,15,2,0
BRDA:220,16,0,0
BRDA:220,16,1,1
BRDA:220,17,0,1
BRDA:220,17,1,1
BRDA:228,18,0,0
BRDA:228,18,1,1
BRDA:245,19,0,0
BRDA:245,19,1,0
BRDA:247,20,0,0
BRDA:247,20,1,0
BRDA:250,21,0,0
BRDA:250,21,1,0
BRF:50
BRH:34
end_of_record
TN:
SF:v0/destinations/attentive_tag/util.js
FN:20,(anonymous_0)
FN:39,(anonymous_1)
FN:46,(anonymous_2)
FN:80,(anonymous_3)
FN:93,(anonymous_4)
FN:120,(anonymous_5)
FNF:6
FNH:6
FNDA:3,(anonymous_0)
FNDA:8,(anonymous_1)
FNDA:15,(anonymous_2)
FNDA:9,(anonymous_3)
FNDA:6,(anonymous_4)
FNDA:6,(anonymous_5)
DA:2,1
DA:3,1
DA:10,1
DA:11,1
DA:20,1
DA:21,3
DA:22,3
DA:23,3
DA:24,9
DA:25,70
DA:26,2
DA:30,1
DA:39,1
DA:42,8
DA:43,8
DA:44,8
DA:45,8
DA:46,5
DA:47,15
DA:48,15
DA:49,15
DA:50,15
DA:64,8
DA:66,8
DA:67,1
DA:69,8
DA:70,6
DA:72,2
DA:80,1
DA:81,9
DA:82,9
DA:83,9
DA:85,9
DA:86,9
DA:87,0
DA:90,9
DA:93,1
DA:95,6
DA:96,6
DA:97,0
DA:98,0
DA:99,0
DA:100,0
DA:101,0
DA:105,0
DA:106,0
DA:107,0
DA:108,0
DA:109,0
DA:110,0
DA:112,6
DA:113,0
DA:118,6
DA:119,6
DA:120,6
DA:121,6
DA:125,4
DA:126,4
DA:127,4
DA:128,4
DA:129,4
DA:130,4
DA:135,0
DA:140,4
DA:141,4
DA:143,0
DA:144,0
DA:146,4
DA:149,1
LF:69
LH:53
BRDA:25,0,0,2
BRDA:25,0,1,68
BRDA:45,1,0,5
BRDA:45,1,1,3
BRDA:45,2,0,8
BRDA:45,2,1,5
BRDA:49,3,0,15
BRDA:49,3,1,0
BRDA:49,4,0,15
BRDA:49,4,1,15
BRDA:64,5,0,8
BRDA:64,5,1,8
BRDA:66,6,0,1
BRDA:66,6,1,7
BRDA:66,7,0,8
BRDA:66,7,1,1
BRDA:69,8,0,6
BRDA:69,8,1,2
BRDA:81,9,0,9
BRDA:81,9,1,0
BRDA:86,10,0,0
BRDA:86,10,1,9
BRDA:96,11,0,0
BRDA:96,11,1,6
BRDA:112,12,0,0
BRDA:112,12,1,6
BRDA:112,13,0,6
BRDA:112,13,1,0
BRDA:112,13,2,6
BRDA:112,13,3,6
BRDA:118,14,0,6
BRDA:118,14,1,0
BRDA:118,15,0,6
BRDA:118,15,1,6
BRDA:130,16,0,0
BRDA:130,16,1,4
BRDA:131,17,0,4
BRDA:131,17,1,4
BRDA:131,17,2,4
BRDA:143,18,0,0
BRDA:143,18,1,0
BRDA:143,19,0,0
BRDA:143,19,1,0
BRF:43
BRH:31
end_of_record
TN:
SF:v0/destinations/attribution/config.js
FNF:0
FNH:0
DA:1,1
DA:3,1
LF:2
LH:2
BRF:0
BRH:0
end_of_record
TN:
SF:v0/destinations/attribution/transform.js
FN:10,responseBuilderSimple
FN:29,getTransformedJSON
FN:47,getAttributionConfig
FN:56,processSingleMessage
FN:66,process
FNF:5
FNH:5
FNDA:5,responseBuilderSimple
FNDA:5,getTransformedJSON
FNDA:5,getAttributionConfig
FNDA:5,processSingleMessage
FNDA:5,process
DA:1,1
DA:2,1
DA:8,1
DA:11,5
DA:15,5
DA:16,5
DA:20,5
DA:21,5
DA:22,5
DA:23,5
DA:24,5
DA:26,5
DA:30,5
DA:31,0
DA:34,5
DA:35,5
DA:36,0
DA:38,5
DA:44,5
DA:48,5
DA:49,5
DA:50,0
DA:53,5
DA:57,5
DA:58,5
DA:59,5
DA:62,5
DA:63,5
DA:67,5
DA:70,1
LF:30
LH:27
BRDA:30,0,0,0
BRDA:30,0,1,5
BRDA:35,1,0,0
BRDA:35,1,1,5
BRDA:35,2,0,5
BRDA:35,2,1,2
BRDA:49,3,0,0
BRDA:49,3,1,5
BRF:8
BRH:5
end_of_record
TN:
SF:v0/destinations/autopilot/config.js
FNF:0
FNH:0
DA:1,1
DA:3,1
DA:4,1
DA:9,1
DA:13,1
DA:14,1
DA:16,1
LF:7
LH:7
BRF:0
BRH:0
end_of_record
TN:
SF:v0/destinations/autopilot/transform.js
FN:29,responseBuilderSimple
FN:45,(anonymous_1)
FN:92,(anonymous_2)
FN:116,(anonymous_3)
FN:119,(anonymous_4)
FN:126,(anonymous_5)
FNF:6
FNH:6
FNDA:2,responseBuilderSimple
FNDA:9,(anonymous_1)
FNDA:2,(anonymous_2)
FNDA:2,(anonymous_3)
FNDA:3,(anonymous_4)
FNDA:2,(anonymous_5)
DA:1,1
DA:2,1
DA:3,1
DA:14,1
DA:15,1
DA:17,1
DA:30,2
DA:31,2
DA:32,2
DA:33,2
DA:41,2
DA:44,1
DA:45,1
DA:46,9
DA:48,1
DA:49,1
DA:53,0
DA:57,1
DA:58,1
DA:60,1
DA:61,1
DA:62,1
DA:63,1
DA:65,0
DA:79,1
DA:81,0
DA:83,2
DA:84,2
DA:85,2
DA:86,2
DA:89,0
DA:92,1
DA:93,2
DA:94,0
DA:96,2
DA:98,2
DA:100,1
DA:101,1
DA:103,1
DA:104,1
DA:106,0
DA:113,2
DA:116,1
DA:117,2
DA:119,1
DA:120,3
DA:121,1
DA:122,1
DA:125,2
DA:127,2
DA:128,2
DA:130,0
DA:137,2
DA:143,0
DA:155,2
DA:158,1
LF:56
LH:48
BRDA:31,0,0,2
BRDA:31,0,1,0
BRDA:41,1,0,1
BRDA:41,1,1,1
BRDA:41,1,2,0
BRDA:44,2,0,1
BRDA:44,2,1,0
BRDA:44,2,2,0
BRDA:48,3,0,1
BRDA:48,3,1,0
BRDA:62,4,0,1
BRDA:62,4,1,0
BRDA:93,5,0,0
BRDA:93,5,1,2
BRDA:98,6,0,1
BRDA:98,6,1,1
BRDA:98,6,2,0
BRDA:120,7,0,1
BRDA:120,7,1,2
BRDA:120,8,0,3
BRDA:120,8,1,2
BRDA:128,9,0,0
BRDA:128,9,1,2
BRDA:145,10,0,0
BRDA:145,10,1,0
BRDA:147,11,0,0
BRDA:147,11,1,0
BRDA:150,12,0,0
BRDA:150,12,1,0
BRF:29
BRH:14
end_of_record
TN:
SF:v0/destinations/azure_event_hub/transform.js
FN:1,process
FNF:1
FNH:1
FNDA:5,process
DA:2,5
DA:6,5
DA:9,1
LF:3
LH:3
BRDA:4,0,0,5
BRDA:4,0,1,0
BRF:2
BRH:1
end_of_record
TN:
SF:v0/destinations/azure_synapse/transform.js
FN:5,processSingleMessage
FN:9,getDataTypeOverride
FN:11,process
FNF:3
FNH:3
FNDA:124,processSingleMessage
FNDA:2919,getDataTypeOverride
FNDA:124,process
DA:1,3
DA:3,3
DA:6,124
DA:12,124
DA:13,124
DA:14,124
DA:15,124
DA:25,3
LF:8
LH:8
BRDA:12,0,0,124
BRDA:12,0,1,0
BRDA:21,1,0,6
BRDA:21,1,1,118
BRF:4
BRH:3
end_of_record
TN:
SF:v0/destinations/blueshift/config.js
FNF:0
FNH:0
DA:1,1
DA:3,1
DA:4,1
DA:6,1
DA:20,1
DA:32,1
DA:47,1
DA:48,1
LF:8
LH:8
BRF:0
BRH:0
end_of_record
TN:
SF:v0/destinations/blueshift/transform.js
FN:24,checkValidEventName
FN:30,(anonymous_1)
FN:42,(anonymous_2)
FN:91,(anonymous_3)
FN:125,(anonymous_4)
FN:156,(anonymous_5)
FN:184,(anonymous_6)
FN:191,(anonymous_7)
FNF:8
FNH:8
FNDA:8,checkValidEventName
FNDA:12,(anonymous_1)
FNDA:9,(anonymous_2)
FNDA:5,(anonymous_3)
FNDA:5,(anonymous_4)
FNDA:21,(anonymous_5)
FNDA:1,(anonymous_6)
FNDA:3,(anonymous_7)
DA:1,1
DA:13,1
DA:22,1
DA:25,8
DA:26,2
DA:27,6
DA:30,1
DA:32,12
DA:34,4
DA:35,4
DA:37,8
DA:39,12
DA:42,1
DA:43,9
DA:44,9
DA:45,0
DA:51,9
DA:52,1
DA:57,8
DA:59,8
DA:61,0
DA:64,8
DA:65,8
DA:66,3
DA:68,8
DA:69,8
DA:70,2
DA:75,6
DA:77,6
DA:78,6
DA:79,6
DA:81,6
DA:82,6
DA:83,6
DA:87,6
DA:88,6
DA:91,1
DA:92,5
DA:93,1
DA:98,4
DA:100,3
DA:102,0
DA:105,3
DA:111,3
DA:112,3
DA:113,3
DA:115,3
DA:116,3
DA:117,3
DA:121,3
DA:122,3
DA:125,1
DA:126,5
DA:127,1
DA:133,4
DA:135,3
DA:137,0
DA:139,3
DA:140,3
DA:142,3
DA:143,3
DA:144,3
DA:146,3
DA:147,3
DA:148,3
DA:152,3
DA:153,3
DA:156,1
DA:157,21
DA:158,21
DA:159,1
DA:165,20
DA:166,20
DA:168,20
DA:170,9
DA:171,6
DA:173,5
DA:174,3
DA:176,5
DA:177,3
DA:179,1
DA:181,12
DA:184,1
DA:185,1
DA:186,0
DA:187,0
DA:190,1
DA:192,3
DA:193,3
DA:195,0
DA:202,3
DA:208,0
DA:220,1
DA:223,1
LF:94
LH:86
BRDA:25,0,0,2
BRDA:25,0,1,6
BRDA:25,1,0,8
BRDA:25,1,1,7
BRDA:25,1,2,6
BRDA:32,2,0,4
BRDA:32,2,1,8
BRDA:44,3,0,0
BRDA:44,3,1,9
BRDA:51,4,0,1
BRDA:51,4,1,8
BRDA:59,5,0,0
BRDA:59,5,1,8
BRDA:65,6,0,3
BRDA:65,6,1,5
BRDA:69,7,0,2
BRDA:69,7,1,6
BRDA:92,8,0,1
BRDA:92,8,1,4
BRDA:100,9,0,0
BRDA:100,9,1,3
BRDA:126,10,0,1
BRDA:126,10,1,4
BRDA:135,11,0,0
BRDA:135,11,1,3
BRDA:158,12,0,1
BRDA:158,12,1,20
BRDA:168,13,0,9
BRDA:168,13,1,5
BRDA:168,13,2,5
BRDA:168,13,3,1
BRDA:185,14,0,0
BRDA:185,14,1,1
BRDA:185,15,0,1
BRDA:185,15,1,1
BRDA:193,16,0,0
BRDA:193,16,1,3
BRDA:210,17,0,0
BRDA:210,17,1,0
BRDA:212,18,0,0
BRDA:212,18,1,0
BRDA:215,19,0,0
BRDA:215,19,1,0
BRF:43
BRH:31
end_of_record
TN:
SF:v0/destinations/bq/transform.js
FN:5,processSingleMessage
FN:9,getDataTypeOverride
FN:11,process
FNF:3
FNH:3
FNDA:124,processSingleMessage
FNDA:2970,getDataTypeOverride
FNDA:124,process
DA:1,4
DA:3,4
DA:6,124
DA:12,124
DA:13,124
DA:14,124
DA:15,124
DA:16,124
DA:17,124
DA:29,4
LF:10
LH:10
BRDA:12,0,0,124
BRDA:12,0,1,0
BRDA:13,1,0,124
BRDA:13,1,1,124
BRDA:15,2,0,124
BRDA:15,2,1,123
BRDA:24,3,0,6
BRDA:24,3,1,118
BRF:8
BRH:7
end_of_record
TN:
SF:v0/destinations/bqstream/transform.js
FN:5,(anonymous_0)
FN:17,(anonymous_1)
FNF:2
FNH:2
FNDA:2,(anonymous_0)
FNDA:2,(anonymous_1)
DA:2,1
DA:3,1
DA:5,1
DA:6,2
DA:12,1
DA:14,1
DA:17,1
DA:18,2
DA:19,2
DA:21,2
DA:22,0
DA:24,2
DA:25,0
DA:31,2
DA:32,2
DA:33,2
DA:34,2
DA:35,1
DA:37,2
DA:45,1
LF:20
LH:18
BRDA:6,0,0,1
BRDA:6,0,1,1
BRDA:7,1,0,2
BRDA:7,1,1,1
BRDA:7,1,2,1
BRDA:7,1,3,1
BRDA:21,2,0,0
BRDA:21,2,1,2
BRDA:24,3,0,0
BRDA:24,3,1,2
BRDA:24,4,0,2
BRDA:24,4,1,2
BRDA:34,5,0,1
BRDA:34,5,1,1
BRF:14
BRH:12
end_of_record
TN:
SF:v0/destinations/branch/config.js
FNF:0
FNH:0
DA:1,1
DA:2,1
DA:7,1
LF:3
LH:3
BRF:0
BRH:0
end_of_record
TN:
SF:v0/destinations/branch/transform.js
FN:17,responseBuilder
FN:42,getCategoryAndName
FN:48,(anonymous_2)
FN:61,getUserData
FN:110,mapPayload
FN:117,(anonymous_5)
FN:130,(anonymous_6)
FN:151,getCommonPayload
FN:172,(anonymous_8)
FN:178,(anonymous_9)
FN:207,(anonymous_10)
FN:227,processMessage
FN:245,process
FN:250,(anonymous_13)
FN:257,(anonymous_14)
FNF:15
FNH:13
FNDA:12,responseBuilder
FNDA:12,getCategoryAndName
FNDA:180,(anonymous_2)
FNDA:12,getUserData
FNDA:13,mapPayload
FNDA:50,(anonymous_5)
FNDA:0,(anonymous_6)
FNDA:12,getCommonPayload
FNDA:13,(anonymous_8)
FNDA:0,(anonymous_9)
FNDA:27,(anonymous_10)
FNDA:14,processMessage
FNDA:14,process
FNDA:1,(anonymous_13)
FNDA:2,(anonymous_14)
DA:1,1
DA:2,1
DA:3,1
DA:4,1
DA:15,1
DA:18,12
DA:20,12
DA:21,4
DA:23,8
DA:25,12
DA:27,12
DA:32,12
DA:43,12
DA:44,20
DA:45,20
DA:46,20
DA:48,20
DA:49,180
DA:50,8
DA:51,8
DA:54,20
DA:55,8
DA:58,4
DA:64,12
DA:66,12
DA:79,12
DA:80,11
DA:81,9
DA:85,9
DA:87,2
DA:88,2
DA:90,2
DA:96,12
DA:97,12
DA:98,10
DA:99,7
DA:100,3
DA:101,3
DA:105,12
DA:107,12
DA:111,13
DA:112,13
DA:113,13
DA:115,13
DA:116,13
DA:117,5
DA:118,50
DA:119,5
DA:120,5
DA:121,5
DA:122,5
DA:124,45
DA:128,13
DA:129,8
DA:130,0
DA:131,0
DA:132,0
DA:133,0
DA:134,0
DA:136,0
DA:141,13
DA:142,8
DA:144,13
DA:152,12
DA:154,12
DA:155,12
DA:156,12
DA:157,12
DA:160,12
DA:162,8
DA:165,8
DA:167,4
DA:168,4
DA:171,12
DA:172,9
DA:173,13
DA:174,0
DA:175,0
DA:176,0
DA:178,0
DA:179,0
DA:184,0
DA:185,0
DA:186,0
DA:188,0
DA:189,0
DA:192,13
DA:197,13
DA:198,13
DA:199,13
DA:202,9
DA:203,9
DA:204,9
DA:205,9
DA:207,9
DA:208,27
DA:209,14
DA:213,12
DA:214,12
DA:216,12
DA:228,14
DA:230,9
DA:231,1
DA:233,8
DA:234,8
DA:236,4
DA:237,4
DA:239,1
DA:241,12
DA:242,12
DA:246,14
DA:247,14
DA:250,1
DA:251,1
DA:252,0
DA:253,0
DA:256,1
DA:258,2
DA:259,2
DA:261,0
DA:268,2
DA:274,0
DA:286,1
DA:289,1
LF:124
LH:104
BRDA:20,0,0,4
BRDA:20,0,1,8
BRDA:49,1,0,8
BRDA:49,1,1,172
BRDA:54,2,0,8
BRDA:54,2,1,12
BRDA:54,3,0,20
BRDA:54,3,1,8
BRDA:79,4,0,11
BRDA:79,4,1,1
BRDA:80,5,0,9
BRDA:80,5,1,2
BRDA:82,6,0,9
BRDA:82,6,1,9
BRDA:86,7,0,9
BRDA:86,7,1,9
BRDA:87,8,0,2
BRDA:87,8,1,0
BRDA:89,9,0,2
BRDA:89,9,1,2
BRDA:91,10,0,2
BRDA:91,10,1,2
BRDA:97,11,0,10
BRDA:97,11,1,2
BRDA:98,12,0,7
BRDA:98,12,1,3
BRDA:100,13,0,3
BRDA:100,13,1,0
BRDA:116,14,0,5
BRDA:116,14,1,8
BRDA:118,15,0,5
BRDA:118,15,1,45
BRDA:128,16,0,8
BRDA:128,16,1,5
BRDA:129,17,0,0
BRDA:129,17,1,8
BRDA:131,18,0,0
BRDA:131,18,1,0
BRDA:141,19,0,8
BRDA:141,19,1,5
BRDA:160,20,0,8
BRDA:160,20,1,4
BRDA:162,21,0,5
BRDA:162,21,1,3
BRDA:171,22,0,9
BRDA:171,22,1,3
BRDA:173,23,0,0
BRDA:173,23,1,13
BRDA:208,24,0,14
BRDA:208,24,1,13
BRDA:228,25,0,9
BRDA:228,25,1,4
BRDA:228,25,2,1
BRDA:230,26,0,1
BRDA:230,26,1,8
BRDA:251,27,0,0
BRDA:251,27,1,1
BRDA:251,28,0,1
BRDA:251,28,1,1
BRDA:259,29,0,0
BRDA:259,29,1,2
BRDA:276,30,0,0
BRDA:276,30,1,0
BRDA:278,31,0,0
BRDA:278,31,1,0
BRDA:281,32,0,0
BRDA:281,32,1,0
BRF:67
BRH:53
end_of_record
TN:
SF:v0/destinations/branch/data/eventMapping.js
FNF:0
FNH:0
DA:1,1
DA:32,1
DA:59,1
DA:73,1
DA:87,1
DA:93,1
LF:6
LH:6
BRF:0
BRH:0
end_of_record
TN:
SF:v0/destinations/braze/config.js
FN:12,getIdentifyEndpoint
FN:16,getTrackEndPoint
FNF:2
FNH:2
FNDA:6,getIdentifyEndpoint
FNDA:14,getTrackEndPoint
DA:1,2
DA:3,2
DA:13,6
DA:17,14
DA:20,2
DA:22,2
DA:26,2
DA:27,2
DA:29,2
DA:31,2
LF:10
LH:10
BRF:0
BRH:0
end_of_record
TN:
SF:v0/destinations/braze/transform.js
FN:31,formatGender
FN:50,buildResponse
FN:66,setAliasObjectWithAnonId
FN:76,setExternalId
FN:85,setExternalIdOrAliasObject
FN:95,getIdentifyPayload
FN:103,getUserAttributesObject
FN:115,(anonymous_7)
FN:140,(anonymous_8)
FN:154,processIdentify
FN:169,processTrackWithUserAttributes
FN:183,handleReservedProperties
FN:195,(anonymous_12)
FN:201,addMandatoryEventProperties
FN:207,addMandatoryPurchaseProperties
FN:226,getPurchaseObjs
FN:234,(anonymous_16)
FN:259,processTrackEvent
FN:337,processGroup
FN:365,process
FN:469,formatBatchResponse
FN:477,batch
FN:669,(anonymous_22)
FN:676,(anonymous_23)
FNF:24
FNH:24
FNDA:1,formatGender
FNDA:20,buildResponse
FNDA:23,setAliasObjectWithAnonId
FNDA:13,setExternalId
FNDA:23,setExternalIdOrAliasObject
FNDA:6,getIdentifyPayload
FNDA:15,getUserAttributesObject
FNDA:126,(anonymous_7)
FNDA:36,(anonymous_8)
FNDA:6,processIdentify
FNDA:6,processTrackWithUserAttributes
FNDA:6,handleReservedProperties
FNDA:36,(anonymous_12)
FNDA:6,addMandatoryEventProperties
FNDA:5,addMandatoryPurchaseProperties
FNDA:3,getPurchaseObjs
FNDA:6,(anonymous_16)
FNDA:9,processTrackEvent
FNDA:1,processGroup
FNDA:16,process
FNDA:6,formatBatchResponse
FNDA:3,batch
FNDA:1,(anonymous_22)
FNDA:2,(anonymous_23)
DA:2,2
DA:4,2
DA:16,2
DA:17,2
DA:18,2
DA:29,2
DA:33,1
DA:34,1
DA:38,0
DA:39,0
DA:43,0
DA:44,0
DA:47,0
DA:51,20
DA:52,20
DA:53,20
DA:54,20
DA:55,20
DA:67,23
DA:68,23
DA:73,23
DA:78,13
DA:79,13
DA:80,10
DA:82,13
DA:86,23
DA:87,23
DA:88,6
DA:91,17
DA:92,17
DA:96,6
DA:97,6
DA:98,6
DA:99,6
DA:105,15
DA:107,15
DA:110,15
DA:111,1
DA:115,14
DA:116,126
DA:117,126
DA:119,12
DA:120,1
DA:122,12
DA:127,14
DA:138,14
DA:140,12
DA:142,36
DA:143,24
DA:144,24
DA:145,24
DA:151,14
DA:156,6
DA:157,6
DA:158,1
DA:161,6
DA:170,6
DA:171,6
DA:172,5
DA:173,5
DA:180,1
DA:186,6
DA:195,6
DA:196,36
DA:198,6
DA:202,6
DA:203,6
DA:204,6
DA:214,5
DA:215,4
DA:223,1
DA:227,3
DA:228,3
DA:230,3
DA:232,3
DA:234,3
DA:235,6
DA:236,6
DA:237,6
DA:238,5
DA:239,0
DA:241,5
DA:248,5
DA:249,4
DA:250,4
DA:256,3
DA:260,9
DA:262,9
DA:263,0
DA:265,9
DA:266,9
DA:270,9
DA:271,9
DA:272,6
DA:273,6
DA:276,9
DA:280,3
DA:282,3
DA:284,2
DA:285,2
DA:287,2
DA:288,2
DA:290,2
DA:291,2
DA:302,1
DA:313,6
DA:314,6
DA:317,6
DA:318,6
DA:320,6
DA:321,6
DA:322,6
DA:324,6
DA:338,1
DA:339,1
DA:340,1
DA:341,0
DA:352,1
DA:353,1
DA:354,1
DA:366,16
DA:368,16
DA:369,16
DA:372,16
DA:375,16
DA:376,8
DA:377,8
DA:378,2
DA:380,6
DA:384,16
DA:385,16
DA:387,7
DA:393,6
DA:394,6
DA:396,2
DA:398,2
DA:404,2
DA:405,2
DA:407,0
DA:409,0
DA:415,0
DA:416,0
DA:418,6
DA:419,6
DA:420,6
DA:421,6
DA:424,6
DA:430,6
DA:431,5
DA:433,6
DA:435,1
DA:436,1
DA:437,1
DA:439,0
DA:452,15
DA:470,6
DA:471,6
DA:472,6
DA:473,6
DA:474,6
DA:478,3
DA:484,3
DA:485,3
DA:486,3
DA:487,3
DA:488,3
DA:489,3
DA:490,3
DA:492,3
DA:494,181
DA:495,181
DA:498,181
DA:501,181
DA:502,181
DA:504,181
DA:508,181
DA:510,160
DA:511,3
DA:515,160
DA:518,160
DA:524,160
DA:525,1
DA:530,1
DA:531,1
DA:532,1
DA:533,1
DA:536,1
DA:537,1
DA:539,1
DA:540,1
DA:542,1
DA:543,0
DA:545,1
DA:547,1
DA:548,1
DA:553,1
DA:554,1
DA:555,1
DA:556,1
DA:561,160
DA:562,159
DA:565,160
DA:566,114
DA:569,160
DA:570,1
DA:574,160
DA:577,21
DA:578,2
DA:580,21
DA:582,21
DA:584,21
DA:586,0
DA:587,0
DA:588,0
DA:589,0
DA:592,0
DA:593,0
DA:595,0
DA:596,0
DA:601,0
DA:602,0
DA:607,21
DA:608,21
DA:611,21
DA:616,3
DA:617,3
DA:618,3
DA:619,2
DA:620,2
DA:621,2
DA:624,2
DA:625,2
DA:627,2
DA:628,2
DA:638,3
DA:643,3
DA:644,3
DA:645,3
DA:646,3
DA:649,3
DA:650,3
DA:652,3
DA:653,3
DA:655,3
DA:656,1
DA:658,3
DA:660,3
DA:661,3
DA:666,3
DA:669,2
DA:670,1
DA:671,0
DA:672,0
DA:675,1
DA:677,2
DA:678,2
DA:680,0
DA:687,2
DA:693,0
DA:698,0
DA:707,1
DA:710,2
LF:262
LH:233
BRDA:33,0,0,1
BRDA:33,0,1,0
BRDA:38,1,0,0
BRDA:38,1,1,0
BRDA:43,2,0,0
BRDA:43,2,1,0
BRDA:53,3,0,20
BRDA:53,3,1,12
BRDA:62,4,0,20
BRDA:62,4,1,12
BRDA:67,5,0,23
BRDA:67,5,1,0
BRDA:78,6,0,13
BRDA:78,6,1,13
BRDA:79,7,0,10
BRDA:79,7,1,3
BRDA:87,8,0,6
BRDA:87,8,1,17
BRDA:87,9,0,23
BRDA:87,9,1,17
BRDA:110,10,0,1
BRDA:110,10,1,14
BRDA:117,11,0,12
BRDA:117,11,1,114
BRDA:119,12,0,1
BRDA:119,12,1,11
BRDA:138,13,0,12
BRDA:138,13,1,2
BRDA:142,14,0,24
BRDA:142,14,1,12
BRDA:144,15,0,24
BRDA:144,15,1,0
BRDA:157,16,0,1
BRDA:157,16,1,5
BRDA:171,17,0,5
BRDA:171,17,1,1
BRDA:171,18,0,6
BRDA:171,18,1,6
BRDA:214,19,0,4
BRDA:214,19,1,1
BRDA:232,20,0,3
BRDA:232,20,1,0
BRDA:235,21,0,6
BRDA:235,21,1,0
BRDA:237,22,0,5
BRDA:237,22,1,1
BRDA:237,23,0,6
BRDA:237,23,1,6
BRDA:237,23,2,5
BRDA:238,24,0,0
BRDA:238,24,1,5
BRDA:238,25,0,5
BRDA:238,25,1,5
BRDA:244,26,0,5
BRDA:244,26,1,1
BRDA:248,27,0,4
BRDA:248,27,1,1
BRDA:256,28,0,1
BRDA:256,28,1,2
BRDA:262,29,0,0
BRDA:262,29,1,9
BRDA:271,30,0,6
BRDA:271,30,1,3
BRDA:271,31,0,9
BRDA:271,31,1,9
BRDA:276,32,0,3
BRDA:276,32,1,6
BRDA:277,33,0,9
BRDA:277,33,1,7
BRDA:282,34,0,2
BRDA:282,34,1,1
BRDA:321,35,0,6
BRDA:321,35,1,0
BRDA:340,36,0,0
BRDA:340,36,1,1
BRDA:375,37,0,8
BRDA:375,37,1,8
BRDA:377,38,0,2
BRDA:377,38,1,6
BRDA:385,39,0,7
BRDA:385,39,1,2
BRDA:385,39,2,0
BRDA:385,39,3,6
BRDA:385,39,4,1
BRDA:385,39,5,0
BRDA:397,40,0,2
BRDA:397,40,1,2
BRDA:397,40,2,2
BRDA:408,41,0,0
BRDA:408,41,1,0
BRDA:408,41,2,0
BRDA:419,42,0,6
BRDA:419,42,1,0
BRDA:430,43,0,5
BRDA:430,43,1,1
BRDA:502,44,0,160
BRDA:502,44,1,21
BRDA:502,45,0,181
BRDA:502,45,1,181
BRDA:508,46,0,160
BRDA:508,46,1,21
BRDA:510,47,0,3
BRDA:510,47,1,157
BRDA:519,48,0,159
BRDA:519,48,1,1
BRDA:520,49,0,114
BRDA:520,49,1,46
BRDA:521,50,0,1
BRDA:521,50,1,159
BRDA:524,51,0,1
BRDA:524,51,1,159
BRDA:525,52,0,1
BRDA:525,52,1,0
BRDA:526,53,0,1
BRDA:526,53,1,0
BRDA:526,53,2,0
BRDA:536,54,0,1
BRDA:536,54,1,0
BRDA:539,55,0,1
BRDA:539,55,1,0
BRDA:542,56,0,0
BRDA:542,56,1,1
BRDA:561,57,0,159
BRDA:561,57,1,1
BRDA:565,58,0,114
BRDA:565,58,1,46
BRDA:569,59,0,1
BRDA:569,59,1,159
BRDA:577,60,0,2
BRDA:577,60,1,19
BRDA:582,61,0,21
BRDA:582,61,1,0
BRDA:584,62,0,0
BRDA:584,62,1,21
BRDA:592,63,0,0
BRDA:592,63,1,0
BRDA:607,64,0,21
BRDA:607,64,1,0
BRDA:618,65,0,2
BRDA:618,65,1,1
BRDA:638,66,0,3
BRDA:638,66,1,0
BRDA:639,67,0,3
BRDA:639,67,1,0
BRDA:639,67,2,0
BRDA:649,68,0,3
BRDA:649,68,1,0
BRDA:652,69,0,3
BRDA:652,69,1,0
BRDA:655,70,0,1
BRDA:655,70,1,2
BRDA:670,71,0,0
BRDA:670,71,1,1
BRDA:670,72,0,1
BRDA:670,72,1,1
BRDA:678,73,0,0
BRDA:678,73,1,2
BRDA:700,74,0,0
BRDA:700,74,1,0
BRDA:701,75,0,0
BRDA:701,75,1,0
BRF:161
BRH:120
end_of_record
TN:
SF:v0/destinations/candu/config.js
FNF:0
FNH:0
DA:1,1
DA:2,1
DA:4,1
DA:9,1
DA:11,1
LF:5
LH:5
BRF:0
BRH:0
end_of_record
TN:
SF:v0/destinations/candu/transform.js
FN:11,(anonymous_0)
FN:30,(anonymous_1)
FN:59,(anonymous_2)
FN:62,(anonymous_3)
FNF:4
FNH:4
FNDA:6,(anonymous_0)
FNDA:10,(anonymous_1)
FNDA:10,(anonymous_2)
FNDA:1,(anonymous_3)
DA:1,1
DA:8,1
DA:9,1
DA:11,1
DA:12,6
DA:13,6
DA:16,6
DA:17,5
DA:19,6
DA:20,6
DA:21,6
DA:22,6
DA:23,6
DA:27,6
DA:30,1
DA:31,10
DA:32,1
DA:33,9
DA:34,1
DA:39,8
[...]
BRDA:123,10,3,38
BRDA:123,10,4,14
BRDA:123,10,5,30
BRDA:123,10,6,12
BRDA:137,11,0,365
BRDA:138,12,0,365
BRDA:139,13,0,420
BRDA:142,14,0,518
BRDA:142,14,1,131
BRDA:144,15,0,89
BRDA:144,15,1,1037
BRDA:145,16,0,664
BRDA:145,16,1,373
BRDA:163,17,0,37
BRDA:164,18,0,37
BRDA:165,19,0,37
BRDA:168,20,0,29
BRDA:168,20,1,25
BRDA:170,21,0,0
BRDA:170,21,1,57
BRDA:171,22,0,26
BRDA:171,22,1,31
BRDA:175,23,0,13
BRDA:175,23,1,44
BRDA:195,24,0,0
BRDA:196,25,0,0
BRDA:199,26,0,8
BRDA:199,26,1,0
BRDA:201,27,0,0
BRDA:201,27,1,104
BRDA:203,28,0,0
BRDA:203,28,1,104
BRDA:213,29,0,0
BRDA:213,29,1,0
BRDA:219,30,0,0
BRDA:219,30,1,0
BRDA:219,31,0,0
BRDA:219,31,1,0
BRDA:222,32,0,0
BRDA:222,32,1,0
BRDA:226,33,0,0
BRDA:226,33,1,0
BRDA:228,34,0,0
BRDA:228,34,1,0
BRDA:248,35,0,28
BRDA:248,35,1,11
BRDA:252,36,0,135
BRDA:259,37,0,1452
BRDA:259,37,1,408
BRDA:261,38,0,49
BRDA:261,38,1,359
BRDA:265,39,0,4
BRDA:265,39,1,45
BRDA:272,40,0,646
BRDA:272,40,1,966
BRDA:274,41,0,14
BRDA:274,41,1,345
BRDA:274,42,0,359
BRDA:274,42,1,17
BRDA:286,43,0,3
BRDA:286,43,1,2
BRDA:295,44,0,0
BRDA:295,44,1,3
BRDA:309,45,0,0
BRDA:309,45,1,0
BRDA:310,46,0,0
BRDA:310,46,1,0
BRDA:320,47,0,21
BRDA:320,47,1,173
BRDA:334,48,0,3
BRDA:334,48,1,0
BRDA:335,49,0,3
BRDA:335,49,1,0
BRDA:335,49,2,0
BRDA:341,50,0,0
BRDA:341,50,1,0
BRDA:342,51,0,0
BRDA:342,51,1,0
BRDA:342,51,2,0
BRDA:433,52,0,156
BRDA:451,53,0,36
BRDA:475,54,0,41
BRDA:475,54,1,137
BRDA:475,55,0,178
BRDA:475,55,1,178
BRDA:499,56,0,0
BRDA:499,56,1,0
BRDA:534,57,0,13
BRDA:534,57,1,5
BRDA:534,58,0,18
BRDA:534,58,1,5
BRDA:534,58,2,5
BRDA:546,59,0,1
BRDA:546,59,1,8
BRDA:552,60,0,6
BRDA:552,60,1,1
BRDA:552,60,2,1
BRDA:557,61,0,10
BRDA:557,61,1,1
BRDA:570,62,0,2
BRDA:570,62,1,0
BRDA:585,63,0,9164
BRDA:585,63,1,7377
BRDA:585,64,0,16541
BRDA:585,64,1,9164
BRDA:586,65,0,20
BRDA:586,65,1,9144
BRDA:596,66,0,3
BRDA:596,66,1,21091
BRDA:604,67,0,5319
BRDA:604,67,1,15775
BRDA:604,68,0,21094
BRDA:604,68,1,15787
BRDA:604,68,2,15775
BRDA:610,69,0,7377
BRDA:610,69,1,0
BRDA:614,70,0,0
BRDA:614,70,1,0
BRDA:634,71,0,3650
BRDA:634,71,1,25
BRDA:650,72,0,0
BRDA:652,73,0,11494
BRDA:652,73,1,1610
BRDA:670,74,0,737
BRDA:670,74,1,873
BRDA:671,75,0,737
BRDA:671,75,1,667
BRDA:679,76,0,73
BRDA:679,76,1,800
BRDA:693,77,0,0
BRDA:693,77,1,0
BRDA:693,77,2,73
BRDA:693,77,3,0
BRDA:713,78,0,1
BRDA:713,78,1,72
BRDA:719,79,0,1
BRDA:719,79,1,71
BRDA:720,80,0,0
BRDA:720,80,1,1
BRDA:720,80,2,0
BRDA:720,80,3,0
BRDA:740,81,0,1
BRDA:740,81,1,0
BRDA:749,82,0,649
BRDA:749,82,1,222
BRDA:750,83,0,59
BRDA:750,83,1,121
BRDA:750,83,2,71
BRDA:750,83,3,5
BRDA:750,83,4,0
BRDA:750,83,5,0
BRDA:750,83,6,0
BRDA:750,83,7,1
BRDA:750,83,8,8
BRDA:750,83,9,15
BRDA:750,83,10,98
BRDA:750,83,11,112
BRDA:750,83,12,5
BRDA:750,83,13,2
BRDA:750,83,14,48
BRDA:750,83,15,92
BRDA:750,83,16,3
BRDA:750,83,17,5
BRDA:750,83,18,0
BRDA:750,83,19,4
BRDA:750,83,20,0
BRDA:750,83,21,0
BRDA:784,84,0,0
BRDA:784,84,1,8
BRDA:789,85,0,3
BRDA:789,85,1,12
BRDA:790,86,0,15
BRDA:790,86,1,10
BRDA:790,86,2,5
BRDA:796,87,0,15
BRDA:796,87,1,0
BRDA:797,88,0,1
BRDA:797,88,1,14
BRDA:818,89,0,0
BRDA:818,89,1,92
BRDA:818,90,0,92
BRDA:818,90,1,0
BRDA:839,91,0,0
BRDA:839,91,1,0
BRDA:849,92,0,12
BRDA:849,92,1,858
BRDA:855,93,0,53
BRDA:855,93,1,817
BRDA:856,94,0,53
BRDA:856,94,1,0
BRDA:883,95,0,111
BRDA:883,95,1,759
BRDA:883,96,0,870
BRDA:883,96,1,786
BRDA:884,97,0,111
BRDA:884,97,1,27
BRDA:886,98,0,111
BRDA:886,98,1,0
BRDA:888,99,0,0
BRDA:888,99,1,211
BRDA:889,100,0,211
BRDA:889,100,1,211
BRDA:889,100,2,211
BRDA:900,101,0,104
BRDA:900,101,1,107
BRDA:909,102,0,7
BRDA:909,102,1,104
BRDA:910,103,0,5
BRDA:910,103,1,2
BRDA:918,104,0,0
BRDA:918,104,1,865
BRDA:920,105,0,0
BRDA:920,105,1,0
BRDA:922,106,0,0
BRDA:922,106,1,0
BRDA:922,106,2,0
BRDA:932,107,0,0
BRDA:932,107,1,0
BRDA:938,108,0,0
BRDA:938,108,1,0
BRDA:949,109,0,0
BRDA:950,110,0,1265
BRDA:950,110,1,0
BRDA:957,111,0,63
BRDA:957,111,1,5808
BRDA:966,112,0,1481
BRDA:968,113,0,1569
BRDA:968,113,1,0
BRDA:968,114,0,1569
BRDA:968,114,1,1569
BRDA:1017,115,0,1108
BRDA:1017,115,1,11996
BRDA:1021,116,0,1659
BRDA:1021,116,1,11445
BRDA:1029,117,0,6681
BRDA:1029,117,1,6415
BRDA:1029,118,0,13096
BRDA:1029,118,1,6441
BRDA:1029,118,2,6434
BRDA:1030,119,0,6665
BRDA:1030,119,1,16
BRDA:1037,120,0,32
BRDA:1037,120,1,6383
BRDA:1067,121,0,210
BRDA:1067,121,1,435
BRDA:1067,122,0,645
BRDA:1067,122,1,637
BRDA:1070,123,0,210
BRDA:1070,123,1,435
BRDA:1072,124,0,183
BRDA:1072,124,1,140
BRDA:1087,125,0,51
BRDA:1087,125,1,27
BRDA:1087,126,0,78
BRDA:1087,126,1,78
BRDA:1090,127,0,78
BRDA:1090,127,1,0
BRDA:1093,128,0,51
BRDA:1093,128,1,0
BRDA:1105,129,0,7
BRDA:1105,129,1,11
BRDA:1105,130,0,18
BRDA:1105,130,1,18
BRDA:1109,131,0,18
BRDA:1109,131,1,0
BRDA:1113,132,0,7
BRDA:1113,132,1,0
BRDA:1126,133,0,79
BRDA:1126,133,1,72
BRDA:1126,133,2,43
BRDA:1126,133,3,29
BRDA:1134,134,0,0
BRDA:1134,134,1,0
BRDA:1134,134,2,0
BRDA:1144,135,0,7
BRDA:1144,135,1,0
BRDA:1145,136,0,7
BRDA:1145,136,1,0
BRDA:1151,137,0,7
BRDA:1151,137,1,0
BRDA:1151,138,0,7
BRDA:1151,138,1,7
BRDA:1174,139,0,2
BRDA:1174,139,1,1
BRDA:1174,140,0,3
BRDA:1174,140,1,2
BRDA:1174,140,2,2
BRDA:1178,141,0,2
BRDA:1178,141,1,0
BRDA:1210,142,0,0
BRDA:1212,143,0,7
BRDA:1212,143,1,2
BRDA:1217,144,0,9
BRDA:1217,144,1,9
BRDA:1218,145,0,7
BRDA:1218,145,1,2
BRDA:1218,146,0,9
BRDA:1218,146,1,7
BRDA:1220,147,0,9
BRDA:1220,147,1,9
BRDA:1221,148,0,7
BRDA:1221,148,1,2
BRDA:1221,149,0,9
BRDA:1221,149,1,7
BRDA:1235,150,0,8
BRDA:1235,150,1,7
BRDA:1235,151,0,15
BRDA:1235,151,1,15
BRDA:1235,151,2,12
BRDA:1272,152,0,308
BRDA:1272,152,1,8
BRDA:1275,153,0,236
BRDA:1275,153,1,147
BRDA:1277,154,0,763
BRDA:1277,154,1,826
BRDA:1280,155,0,764
BRDA:1280,155,1,10
BRDA:1286,156,0,8
BRDA:1286,156,1,0
BRDA:1288,157,0,137
BRDA:1288,157,1,47
BRDA:1291,158,0,137
BRDA:1291,158,1,0
BRDA:1305,159,0,6
BRDA:1305,159,1,10
BRDA:1305,160,0,16
BRDA:1305,160,1,16
BRDA:1308,161,0,10
BRDA:1308,161,1,0
BRDA:1314,162,0,0
BRDA:1314,162,1,0
BRDA:1355,163,0,14
BRDA:1355,163,1,0
BRDA:1399,164,0,4
BRDA:1399,164,1,0
BRDA:1423,165,0,24
BRDA:1425,166,0,1
BRDA:1425,166,1,26
BRDA:1431,167,0,27
BRDA:1431,167,1,6
BRDA:1447,168,0,0
BRDA:1450,169,0,17
BRDA:1450,169,1,3
BRDA:1459,170,0,0
BRDA:1459,170,1,20
BRDA:1463,171,0,20
BRDA:1463,171,1,0
BRDA:1469,172,0,20
BRDA:1469,172,1,0
BRDA:1474,173,0,0
BRDA:1474,173,1,20
BRDA:1475,174,0,0
BRDA:1475,174,1,0
BRDA:1485,175,0,27
BRDA:1485,175,1,27
BRDA:1494,176,0,1
BRDA:1494,176,1,0
BRDA:1504,177,0,0
BRDA:1504,177,1,20
BRDA:1505,178,0,20
BRDA:1505,178,1,0
BRDA:1513,179,0,600
BRDA:1513,179,1,20
BRDA:1519,180,0,0
BRDA:1519,180,1,0
BRDA:1519,180,2,0
BRDA:1524,181,0,0
BRDA:1524,181,1,0
BRDA:1524,181,2,0
BRDA:1548,182,0,0
BRDA:1548,182,1,0
BRDA:1548,182,2,0
BRDA:1548,182,3,0
BRDA:1592,183,0,53
BRDA:1592,183,1,35
BRDA:1592,183,2,52
BRDA:1592,183,3,34
BRDA:1596,184,0,1
BRDA:1596,184,1,52
BRDA:1647,185,0,0
BRDA:1647,185,1,40
BRDA:1650,186,0,1
BRDA:1650,186,1,39
BRDA:1650,187,0,40
BRDA:1650,187,1,39
BRDA:1675,188,0,1
BRDA:1675,188,1,20
BRDA:1684,189,0,51
BRDA:1684,189,1,0
BRDA:1721,190,0,18
BRDA:1721,190,1,1
BRDA:1723,191,0,12
BRDA:1723,191,1,40
BRDA:1723,192,0,52
BRDA:1723,192,1,12
BRF:420
BRH:299
end_of_record
TN:
SF:warehouse/identity.js
FN:10,getMergePropColumns
FN:35,getMergeRulesTableName
FN:56,getMergeRuleEvent
FNF:3
FNH:1
FNDA:0,getMergePropColumns
FNDA:0,getMergeRulesTableName
FNDA:952,getMergeRuleEvent
DA:1,11
DA:2,11
DA:4,11
DA:5,11
DA:6,11
DA:11,0
DA:12,0
DA:16,0
DA:19,0
DA:20,0
DA:23,0
DA:24,0
DA:30,0
DA:36,0
DA:37,0
DA:41,0
DA:44,0
DA:45,0
DA:47,0
DA:48,0
DA:52,0
DA:57,952
DA:58,952
DA:59,952
DA:62,0
DA:63,0
DA:65,0
DA:66,0
DA:67,0
DA:68,0
DA:72,0
DA:75,0
DA:81,0
DA:86,0
DA:90,0
DA:94,0
DA:95,0
DA:96,0
DA:97,0
DA:99,0
DA:101,0
DA:102,0
DA:105,0
DA:106,0
DA:109,0
DA:112,0
DA:116,0
DA:122,0
DA:123,0
DA:124,0
DA:125,0
DA:126,0
DA:129,0
DA:137,0
DA:140,11
LF:55
LH:9
BRDA:12,0,0,0
BRDA:12,0,1,0
BRDA:13,1,0,0
BRDA:13,1,1,0
BRDA:19,2,0,0
BRDA:19,2,1,0
BRDA:37,3,0,0
BRDA:37,3,1,0
BRDA:38,4,0,0
BRDA:38,4,1,0
BRDA:44,5,0,0
BRDA:44,5,1,0
BRDA:56,6,0,0
BRDA:58,7,0,952
BRDA:58,7,1,0
BRDA:62,8,0,0
BRDA:62,8,1,0
BRDA:67,9,0,0
BRDA:67,9,1,0
BRDA:68,10,0,0
BRDA:68,10,1,0
BRDA:69,11,0,0
BRDA:69,11,1,0
BRDA:75,12,0,0
BRDA:75,12,1,0
BRDA:76,13,0,0
BRDA:76,13,1,0
BRDA:76,13,2,0
BRDA:76,13,3,0
BRDA:94,14,0,0
BRDA:94,14,1,0
BRDA:97,15,0,0
BRDA:97,15,1,0
BRDA:105,16,0,0
BRDA:105,16,1,0
BRDA:122,17,0,0
BRDA:122,17,1,0
BRDA:135,18,0,0
BRDA:135,18,1,0
BRF:39
BRH:1
end_of_record
TN:
SF:warehouse/index.js
FN:36,(anonymous_0)
FN:83,excludeRudderCreatedTableNames
FN:97,appendColumnNameAndType
FN:153,setDataFromColumnMappingAndComputeColumnTypes
FN:162,(anonymous_4)
FN:216,setDataFromInputAndComputeColumnTypes
FN:227,(anonymous_6)
FN:290,getColumns
FN:299,(anonymous_8)
FN:332,storeRudderEvent
FN:342,addJsonKeysToOptions
FN:537,enhanceContextWithSourceDestInfo
FN:553,processWarehouseMessage
FNF:13
FNH:13
FNDA:49383,(anonymous_0)
FNDA:287,excludeRudderCreatedTableNames
FNDA:37368,appendColumnNameAndType
FNDA:2586,setDataFromColumnMappingAndComputeColumnTypes
FNDA:12784,(anonymous_4)
FNDA:7467,setDataFromInputAndComputeColumnTypes
FNDA:45377,(anonymous_6)
FNDA:1412,getColumns
FNDA:59464,(anonymous_8)
FNDA:981,storeRudderEvent
FNDA:991,addJsonKeysToOptions
FNDA:991,enhanceContextWithSourceDestInfo
FNDA:991,processWarehouseMessage
DA:2,11
DA:3,11
DA:4,11
DA:14,11
DA:15,11
DA:17,11
DA:18,11
DA:19,11
DA:20,11
DA:21,11
DA:22,11
DA:23,11
DA:24,11
DA:25,11
DA:26,11
DA:28,11
DA:34,11
DA:36,11
DA:37,49383
DA:38,49383
DA:40,5917
DA:42,16087
DA:44,27379
DA:46,27379
DA:47,3874
DA:49,23505
DA:53,23496
DA:55,9
DA:58,11
DA:67,11
DA:69,11
DA:87,287
DA:92,5
DA:94,282
DA:107,37368
DA:109,37368
DA:110,3
DA:113,37368
DA:114,37368
DA:115,37368
DA:117,37368
DA:121,1711
DA:124,35657
DA:126,35657
DA:161,2586
DA:162,2586
DA:163,12784
DA:165,12784
DA:166,2019
DA:168,10765
DA:171,12776
DA:173,12776
DA:177,997
DA:179,997
DA:180,997
DA:182,11779
DA:183,11779
DA:184,3868
DA:187,11779
DA:189,11779
DA:226,7467
DA:227,6828
DA:228,45377
DA:231,62
DA:232,9
DA:235,53
DA:236,53
DA:246,45315
DA:250,4915
DA:261,40400
DA:263,40400
DA:264,3085
DA:266,37315
DA:271,14
DA:273,37315
DA:291,1412
DA:292,1412
DA:293,1412
DA:295,1412
DA:296,177
DA:297,177
DA:299,1412
DA:300,59464
DA:306,1412
DA:311,7
DA:315,1405
DA:318,11
DA:333,981
DA:334,48
DA:336,48
DA:338,48
DA:344,991
DA:347,991
DA:348,3
DA:350,991
DA:538,991
DA:539,0
DA:541,991
DA:542,943
DA:544,48
DA:545,48
DA:546,48
DA:547,48
DA:548,48
DA:550,48
DA:554,991
DA:555,991
DA:569,991
DA:573,991
DA:574,991
DA:575,991
DA:577,991
DA:579,991
DA:581,991
DA:582,6
DA:583,6
DA:587,991
DA:589,991
DA:590,6
DA:597,991
DA:600,319
DA:601,319
DA:603,319
DA:612,319
DA:620,319
DA:630,319
DA:631,319
DA:635,319
DA:638,319
DA:639,317
DA:641,317
DA:643,317
DA:651,309
DA:658,309
DA:666,309
DA:677,311
DA:678,24
DA:680,287
DA:681,287
DA:683,287
DA:691,287
DA:699,287
DA:709,287
DA:713,287
DA:727,280
DA:733,280
DA:734,280
DA:735,0
DA:739,280
DA:743,144
DA:744,144
DA:745,144
DA:753,144
DA:761,144
DA:772,144
DA:783,144
DA:784,144
DA:785,0
DA:786,0
DA:787,0
DA:788,0
DA:789,0
DA:793,144
DA:794,144
DA:795,144
DA:803,144
DA:810,144
DA:818,144
DA:825,144
DA:826,144
DA:827,0
DA:833,144
DA:834,0
DA:836,144
DA:837,144
DA:838,144
DA:847,144
DA:848,144
DA:854,144
DA:859,144
DA:862,144
DA:870,144
DA:875,144
DA:879,280
DA:880,280
DA:881,280
DA:890,280
DA:899,280
DA:907,280
DA:909,280
DA:910,144
DA:918,136
DA:919,136
DA:929,280
DA:934,280
DA:937,280
DA:938,280
DA:939,0
DA:943,280
DA:946,120
DA:947,120
DA:948,120
DA:956,120
DA:965,120
DA:973,120
DA:981,120
DA:983,120
DA:988,120
DA:991,120
DA:992,120
DA:993,0
DA:997,120
DA:1000,128
DA:1001,128
DA:1002,128
DA:1010,128
DA:1019,128
DA:1027,128
DA:1035,128
DA:1037,128
DA:1042,128
DA:1045,128
DA:1046,128
DA:1047,0
DA:1051,128
DA:1054,0
DA:1055,0
DA:1056,0
DA:1058,0
DA:1061,0
DA:1063,976
DA:1066,11
LF:232
LH:215
BRDA:29,0,0,11
BRDA:29,0,1,10
BRDA:34,1,0,11
BRDA:34,1,1,11
BRDA:36,2,0,12015
BRDA:38,3,0,5917
BRDA:38,3,1,16087
BRDA:38,3,2,27379
BRDA:40,4,0,5836
BRDA:40,4,1,81
BRDA:46,5,0,3874
BRDA:46,5,1,23505
BRDA:49,6,0,23496
BRDA:49,6,1,9
BRDA:50,7,0,23505
BRDA:50,7,1,23496
BRDA:53,8,0,23496
BRDA:53,8,1,11705
BRDA:85,9,0,0
BRDA:87,10,0,5
BRDA:87,10,1,282
BRDA:88,11,0,287
BRDA:88,11,1,287
BRDA:88,11,2,7
BRDA:105,12,0,37315
BRDA:109,13,0,3
BRDA:109,13,1,37365
BRDA:114,14,0,37368
BRDA:114,14,1,0
BRDA:117,15,0,1711
BRDA:117,15,1,35657
BRDA:118,16,0,37368
BRDA:118,16,1,37368
BRDA:161,17,0,0
BRDA:161,17,1,2586
BRDA:165,18,0,2019
BRDA:165,18,1,10765
BRDA:173,19,0,997
BRDA:173,19,1,11779
BRDA:173,20,0,12776
BRDA:173,20,1,12331
BRDA:183,21,0,3868
BRDA:183,21,1,7911
BRDA:223,22,0,1417
BRDA:224,23,0,2552
BRDA:226,24,0,639
BRDA:226,24,1,6828
BRDA:226,25,0,7467
BRDA:226,25,1,6876
BRDA:228,26,0,62
BRDA:228,26,1,45315
BRDA:231,27,0,9
BRDA:231,27,1,53
BRDA:246,28,0,4915
BRDA:246,28,1,40400
BRDA:247,29,0,45315
BRDA:247,29,1,4929
BRDA:247,29,2,281
BRDA:263,30,0,3085
BRDA:263,30,1,37315
BRDA:266,31,0,14
BRDA:266,31,1,37301
BRDA:267,32,0,37315
BRDA:267,32,1,720
BRDA:267,32,2,31
BRDA:292,33,0,176
BRDA:292,33,1,1236
BRDA:295,34,0,177
BRDA:295,34,1,1235
BRDA:300,35,0,59464
BRDA:300,35,1,0
BRDA:306,36,0,7
BRDA:306,36,1,1405
BRDA:307,37,0,1412
BRDA:307,37,1,22
BRDA:307,37,2,14
BRDA:333,38,0,48
BRDA:333,38,1,933
BRDA:344,39,0,2
BRDA:344,39,1,989
BRDA:347,40,0,3
BRDA:347,40,1,988
BRDA:538,41,0,0
BRDA:538,41,1,991
BRDA:541,42,0,943
BRDA:541,42,1,48
BRDA:544,43,0,48
BRDA:544,43,1,0
BRDA:570,44,0,4
BRDA:570,44,1,987
BRDA:570,45,0,991
BRDA:570,45,1,991
BRDA:575,46,0,991
BRDA:575,46,1,989
BRDA:577,47,0,991
BRDA:577,47,1,989
BRDA:581,48,0,6
BRDA:581,48,1,985
BRDA:589,49,0,6
BRDA:589,49,1,985
BRDA:589,50,0,991
BRDA:589,50,1,985
BRDA:591,51,0,0
BRDA:591,51,1,6
BRDA:591,52,0,6
BRDA:591,52,1,0
BRDA:597,53,0,319
BRDA:597,53,1,144
BRDA:597,53,2,144
BRDA:597,53,3,280
BRDA:597,53,4,120
BRDA:597,53,5,128
BRDA:597,53,6,0
BRDA:597,53,7,0
BRDA:638,54,0,317
BRDA:638,54,1,2
BRDA:677,55,0,24
BRDA:677,55,1,287
BRDA:734,56,0,0
BRDA:734,56,1,280
BRDA:757,57,0,144
BRDA:757,57,1,0
BRDA:784,58,0,0
BRDA:784,58,1,144
BRDA:826,59,0,0
BRDA:826,59,1,144
BRDA:833,60,0,0
BRDA:833,60,1,144
BRDA:856,61,0,144
BRDA:856,61,1,0
BRDA:909,62,0,144
BRDA:909,62,1,136
BRDA:918,63,0,136
BRDA:918,63,1,0
BRDA:938,64,0,0
BRDA:938,64,1,280
BRDA:992,65,0,0
BRDA:992,65,1,120
BRDA:1046,66,0,0
BRDA:1046,66,1,128
BRDA:1055,67,0,0
BRDA:1055,67,1,0
BRF:142
BRH:120
end_of_record
TN:
SF:warehouse/util.js
FN:12,(anonymous_0)
FN:21,(anonymous_1)
FN:25,(anonymous_2)
FN:32,(anonymous_3)
FN:34,(anonymous_4)
FN:51,validTimestamp
FN:62,getVersionedUtils
FN:73,isRudderSourcesEvent
FN:77,(anonymous_8)
FNF:9
FNH:9
FNDA:54808,(anonymous_0)
FNDA:45377,(anonymous_1)
FNDA:54815,(anonymous_2)
FNDA:991,(anonymous_3)
FNDA:8,(anonymous_4)
FNDA:28364,validTimestamp
FNDA:992,getVersionedUtils
FNDA:22,isRudderSourcesEvent
FNDA:72,(anonymous_8)
DA:1,11
DA:2,11
DA:4,11
DA:5,11
DA:7,11
DA:8,11
DA:10,11
DA:12,11
DA:13,54808
DA:14,54808
DA:21,11
DA:22,45377
DA:25,11
DA:26,54815
DA:32,11
DA:33,991
DA:34,991
DA:35,8
DA:36,8
DA:37,8
DA:40,991
DA:46,11
DA:52,28364
DA:54,4859
DA:55,4859
DA:56,4859
DA:59,23505
DA:63,992
DA:65,0
DA:67,992
DA:69,0
DA:74,22
DA:77,11
DA:78,72
DA:79,40
DA:80,40
DA:81,8
DA:83,32
DA:85,32
DA:88,11
LF:40
LH:38
BRDA:15,0,0,54808
BRDA:15,0,1,54499
BRDA:15,0,2,40041
BRDA:15,0,3,14458
BRDA:21,1,0,93
BRDA:22,2,0,45377
BRDA:22,2,1,16375
BRDA:35,3,0,8
BRDA:35,3,1,0
BRDA:52,4,0,4859
BRDA:52,4,1,23505
BRDA:55,5,0,4859
BRDA:55,5,1,0
BRDA:55,6,0,4859
BRDA:55,6,1,4859
BRDA:63,7,0,0
BRDA:63,7,1,992
BRDA:63,7,2,0
BRDA:74,8,0,22
BRDA:74,8,1,15
BRDA:78,9,0,40
BRDA:78,9,1,32
BRDA:80,10,0,8
BRDA:80,10,1,32
BRDA:80,11,0,40
BRDA:80,11,1,40
BRDA:85,12,0,32
BRDA:85,12,1,16
BRF:28
BRH:24
end_of_record
TN:
SF:warehouse/config/WHAliasConfig.js
FNF:0
FNH:0
DA:1,11
DA:5,11
LF:2
LH:2
BRF:0
BRH:0
end_of_record
TN:
SF:warehouse/config/WHDefaultConfig.js
FN:12,(anonymous_0)
FNF:1
FNH:1
FNDA:991,(anonymous_0)
DA:1,11
DA:3,11
DA:13,991
DA:18,11
LF:4
LH:4
BRF:0
BRH:0
end_of_record
TN:
SF:warehouse/config/WHGroupConfig.js
FNF:0
FNH:0
DA:1,11
DA:5,11
LF:2
LH:2
BRF:0
BRH:0
end_of_record
TN:
SF:warehouse/config/WHPageConfig.js
FN:4,(anonymous_0)
FNF:1
FNH:1
FNDA:144,(anonymous_0)
DA:1,11
DA:3,11
DA:4,144
DA:7,11
LF:4
LH:4
BRF:0
BRH:0
end_of_record
TN:
SF:warehouse/config/WHScreenConfig.js
FN:4,(anonymous_0)
FNF:1
FNH:1
FNDA:136,(anonymous_0)
DA:1,11
DA:3,11
DA:4,136
DA:7,11
LF:4
LH:4
BRF:0
BRH:0
end_of_record
TN:
SF:warehouse/config/WHTrackConfig.js
FNF:0
FNH:0
DA:1,11
DA:5,11
LF:2
LH:2
BRF:0
BRH:0
end_of_record
TN:
SF:warehouse/config/WHTrackEventTableConfig.js
FN:4,(anonymous_0)
FNF:1
FNH:1
FNDA:287,(anonymous_0)
DA:1,11
DA:3,11
DA:5,287
DA:12,11
LF:4
LH:4
BRDA:5,0,0,32
BRDA:5,0,1,255
BRDA:5,1,0,287
BRDA:5,1,1,287
BRF:4
BRH:4
end_of_record
TN:
SF:warehouse/config/WHTracksTableConfig.js
FN:5,(anonymous_0)
FNF:1
FNH:1
FNDA:317,(anonymous_0)
DA:1,11
DA:2,11
DA:4,11
DA:6,317
DA:12,11
LF:5
LH:5
BRDA:6,0,0,40
BRDA:6,0,1,277
BRDA:6,1,0,317
BRDA:6,1,1,317
BRF:4
BRH:4
end_of_record
TN:
SF:warehouse/config/WHUserConfig.js
FN:4,(anonymous_0)
FNF:1
FNH:1
FNDA:144,(anonymous_0)
DA:1,11
DA:3,11
DA:5,144
DA:10,11
LF:4
LH:4
BRF:0
BRH:0
end_of_record
TN:
SF:warehouse/config/helpers.js
FN:4,(anonymous_0)
FN:8,(anonymous_1)
FN:12,(anonymous_2)
FN:24,isDataLakeProvider
FNF:4
FNH:3
FNDA:0,(anonymous_0)
FNDA:1599,(anonymous_1)
FNDA:1415,(anonymous_2)
FNDA:53120,isDataLakeProvider
DA:1,11
DA:2,11
DA:4,11
DA:5,0
DA:8,11
DA:9,1599
DA:12,11
DA:13,1415
DA:14,1415
DA:15,1599
DA:16,1599
DA:17,1351
DA:21,1415
DA:25,53120
DA:32,11
LF:15
LH:14
BRDA:5,0,0,0
BRDA:5,0,1,0
BRDA:16,1,0,1351
BRDA:16,1,1,248
BRDA:26,2,0,53120
BRDA:26,2,1,45311
BRDA:26,2,2,45311
BRF:7
BRH:5
end_of_record
TN:
SF:warehouse/v1/util.js
FN:6,safeTableName
FN:36,safeColumnName
FN:84,transformName
FN:133,transformNameToBlendoCase
FN:146,toBlendoCase
FN:150,transformTableName
FN:155,transformColumnName
FNF:7
FNH:7
FNDA:1412,safeTableName
FNDA:51694,safeColumnName
FNDA:37925,transformName
FNDA:47,transformNameToBlendoCase
FNDA:2,toBlendoCase
FNDA:319,transformTableName
FNDA:37655,transformColumnName
DA:1,11
DA:3,11
DA:4,11
DA:7,1412
DA:9,1412
DA:10,1412
DA:11,1412
DA:12,0
DA:14,1412
DA:15,176
DA:16,1236
DA:17,177
DA:18,177
DA:20,1059
DA:22,1412
DA:26,16
DA:28,1412
DA:30,175
DA:33,1237
DA:37,51694
DA:39,51694
DA:40,51694
DA:41,51694
DA:42,0
DA:44,51694
DA:45,5801
DA:46,45893
DA:47,5729
DA:48,5729
DA:50,40164
DA:52,51694
DA:56,9206
DA:58,51694
DA:60,7627
DA:62,44067
DA:85,37925
DA:86,37925
DA:87,37925
DA:88,431840
DA:89,431840
DA:90,431840
DA:95,402974
DA:97,28866
DA:98,26693
DA:100,28866
DA:103,37925
DA:104,37469
DA:106,37925
DA:107,37925
DA:111,55
DA:113,37870
DA:116,37925
DA:117,349
DA:119,37925
DA:120,3972
DA:122,37925
DA:134,47
DA:136,47
DA:137,47
DA:138,2
DA:140,47
DA:141,0
DA:143,47
DA:147,2
DA:151,319
DA:152,319
DA:156,37655
DA:157,37655
DA:158,37655
DA:163,11
LF:70
LH:67
BRDA:6,0,0,0
BRDA:9,1,0,1412
BRDA:9,1,1,1409
BRDA:11,2,0,0
BRDA:11,2,1,1412
BRDA:14,3,0,176
BRDA:14,3,1,1236
BRDA:16,4,0,177
BRDA:16,4,1,1059
BRDA:22,5,0,16
BRDA:22,5,1,1396
BRDA:23,6,0,1412
BRDA:23,6,1,1409
BRDA:28,7,0,175
BRDA:28,7,1,1237
BRDA:36,8,0,0
BRDA:39,9,0,51694
BRDA:39,9,1,51617
BRDA:41,10,0,0
BRDA:41,10,1,51694
BRDA:44,11,0,5801
BRDA:44,11,1,45893
BRDA:46,12,0,5729
BRDA:46,12,1,40164
BRDA:52,13,0,9206
BRDA:52,13,1,42488
BRDA:53,14,0,51694
BRDA:53,14,1,51617
BRDA:58,15,0,7627
BRDA:58,15,1,44067
BRDA:84,16,0,0
BRDA:90,17,0,402974
BRDA:90,17,1,28866
BRDA:91,18,0,431840
BRDA:91,18,1,413293
BRDA:91,18,2,322330
BRDA:91,18,3,276333
BRDA:91,18,4,46221
BRDA:91,18,5,45029
BRDA:97,19,0,26693
BRDA:97,19,1,2173
BRDA:103,20,0,37469
BRDA:103,20,1,456
BRDA:107,21,0,55
BRDA:107,21,1,37870
BRDA:116,22,0,349
BRDA:116,22,1,37576
BRDA:116,23,0,37925
BRDA:116,23,1,37901
BRDA:116,23,2,37901
BRDA:119,24,0,3972
BRDA:119,24,1,33953
BRDA:133,25,0,0
BRDA:137,26,0,2
BRDA:137,26,1,45
BRDA:140,27,0,0
BRDA:140,27,1,47
BRDA:146,28,0,0
BRDA:150,29,0,24
BRDA:151,30,0,319
BRDA:151,30,1,317
BRDA:152,31,0,2
BRDA:152,31,1,317
BRDA:155,32,0,0
BRDA:157,33,0,37655
BRDA:157,33,1,37608
BRDA:158,34,0,47
BRDA:158,34,1,37608
BRF:68
BRH:59
end_of_record
